[0.094s] Invoking command in '/home/ubuntu/ros2_ws/build/turtlebot3_fake_node': CMAKE_PREFIX_PATH=/opt/ros/humble /usr/bin/cmake /home/ubuntu/ros2_ws/src/turtlebot3_simulations/turtlebot3_fake_node -DAMENT_CMAKE_SYMLINK_INSTALL=1 -DCMAKE_INSTALL_PREFIX=/home/ubuntu/ros2_ws/install/turtlebot3_fake_node
[0.427s] -- The C compiler identification is GNU 11.4.0
[0.764s] -- The CXX compiler identification is GNU 11.4.0
[0.772s] -- Detecting C compiler ABI info
[0.825s] -- Detecting C compiler ABI info - done
[0.829s] -- Check for working C compiler: /usr/bin/cc - skipped
[0.829s] -- Detecting C compile features
[0.833s] -- Detecting C compile features - done
[0.835s] -- Detecting CXX compiler ABI info
[0.887s] -- Detecting CXX compiler ABI info - done
[0.892s] -- Check for working CXX compiler: /usr/bin/c++ - skipped
[0.892s] -- Detecting CXX compile features
[0.892s] -- Detecting CXX compile features - done
[0.899s] -- Found ament_cmake: 1.3.7 (/opt/ros/humble/share/ament_cmake/cmake)
[1.007s] -- Found Python3: /usr/bin/python3.10 (found version "3.10.12") found components: Interpreter 
[1.044s] -- Override CMake install command with custom implementation using symlinks instead of copying resources
[1.059s] -- Found geometry_msgs: 4.2.3 (/opt/ros/humble/share/geometry_msgs/cmake)
[1.084s] -- Found rosidl_generator_c: 3.1.5 (/opt/ros/humble/share/rosidl_generator_c/cmake)
[1.087s] -- Found rosidl_adapter: 3.1.5 (/opt/ros/humble/share/rosidl_adapter/cmake)
[1.092s] -- Found rosidl_generator_cpp: 3.1.5 (/opt/ros/humble/share/rosidl_generator_cpp/cmake)
[1.100s] -- Using all available rosidl_typesupport_c: rosidl_typesupport_fastrtps_c;rosidl_typesupport_introspection_c
[1.111s] -- Using all available rosidl_typesupport_cpp: rosidl_typesupport_fastrtps_cpp;rosidl_typesupport_introspection_cpp
[1.183s] -- Found nav_msgs: 4.2.3 (/opt/ros/humble/share/nav_msgs/cmake)
[1.446s] -- Found rclcpp: 16.0.8 (/opt/ros/humble/share/rclcpp/cmake)
[1.483s] -- Found rmw_implementation_cmake: 6.1.1 (/opt/ros/humble/share/rmw_implementation_cmake/cmake)
[1.484s] -- Found rmw_fastrtps_cpp: 6.2.6 (/opt/ros/humble/share/rmw_fastrtps_cpp/cmake)
[1.546s] -- Found OpenSSL: /usr/lib/x86_64-linux-gnu/libcrypto.so (found version "3.0.2")  
[1.567s] -- Found FastRTPS: /opt/ros/humble/include  
[1.605s] -- Using RMW implementation 'rmw_fastrtps_cpp' as default
[1.611s] -- Looking for pthread.h
[1.676s] -- Looking for pthread.h - found
[1.676s] -- Performing Test CMAKE_HAVE_LIBC_PTHREAD
[1.714s] -- Performing Test CMAKE_HAVE_LIBC_PTHREAD - Success
[1.715s] -- Found Threads: TRUE  
[1.782s] -- Found sensor_msgs: 4.2.3 (/opt/ros/humble/share/sensor_msgs/cmake)
[1.838s] -- Found tf2: 0.25.5 (/opt/ros/humble/share/tf2/cmake)
[1.853s] -- Found tf2_msgs: 0.25.5 (/opt/ros/humble/share/tf2_msgs/cmake)
[1.936s] -- Found turtlebot3_msgs: 2.2.3 (/opt/ros/humble/share/turtlebot3_msgs/cmake)
[2.019s] -- Configuring done
[2.025s] -- Generating done
[2.026s] -- Build files have been written to: /home/ubuntu/ros2_ws/build/turtlebot3_fake_node
