[0.168s] Invoking command in '/home/ubuntu/ros2_ws/build/turtlesim': CMAKE_PREFIX_PATH=/opt/ros/humble /usr/bin/cmake /home/ubuntu/ros2_ws/src/ros_tutorials/turtlesim -DCMAKE_INSTALL_PREFIX=/home/ubuntu/ros2_ws/install/turtlesim
[0.314s] -- The C compiler identification is GNU 11.4.0
[0.346s] -- The CXX compiler identification is GNU 11.4.0
[0.350s] -- Detecting C compiler ABI info
[0.402s] -- Detecting C compiler ABI info - done
[0.406s] -- Check for working C compiler: /usr/bin/cc - skipped
[0.406s] -- Detecting C compile features
[0.406s] -- Detecting C compile features - done
[0.408s] -- Detecting CXX compiler ABI info
[0.450s] -- Detecting CXX compiler ABI info - done
[0.454s] -- Check for working CXX compiler: /usr/bin/c++ - skipped
[0.454s] -- Detecting CXX compile features
[0.454s] -- Detecting CXX compile features - done
[0.455s] -- Found ament_cmake: 1.3.7 (/opt/ros/humble/share/ament_cmake/cmake)
[0.553s] -- Found Python3: /usr/bin/python3.10 (found version "3.10.12") found components: Interpreter 
[0.598s] -- Found ament_index_cpp: 1.4.0 (/opt/ros/humble/share/ament_index_cpp/cmake)
[0.598s] -- Found geometry_msgs: 4.2.3 (/opt/ros/humble/share/geometry_msgs/cmake)
[0.619s] -- Found rosidl_generator_c: 3.1.5 (/opt/ros/humble/share/rosidl_generator_c/cmake)
[0.621s] -- Found rosidl_adapter: 3.1.5 (/opt/ros/humble/share/rosidl_adapter/cmake)
[0.625s] -- Found rosidl_generator_cpp: 3.1.5 (/opt/ros/humble/share/rosidl_generator_cpp/cmake)
[0.631s] -- Using all available rosidl_typesupport_c: rosidl_typesupport_fastrtps_c;rosidl_typesupport_introspection_c
[0.640s] -- Using all available rosidl_typesupport_cpp: rosidl_typesupport_fastrtps_cpp;rosidl_typesupport_introspection_cpp
[0.706s] -- Found rclcpp: 16.0.8 (/opt/ros/humble/share/rclcpp/cmake)
[0.734s] -- Found rmw_implementation_cmake: 6.1.1 (/opt/ros/humble/share/rmw_implementation_cmake/cmake)
[0.735s] -- Found rmw_fastrtps_cpp: 6.2.6 (/opt/ros/humble/share/rmw_fastrtps_cpp/cmake)
[0.787s] -- Found OpenSSL: /usr/lib/x86_64-linux-gnu/libcrypto.so (found version "3.0.2")  
[0.807s] -- Found FastRTPS: /opt/ros/humble/include  
[0.839s] -- Using RMW implementation 'rmw_fastrtps_cpp' as default
[0.843s] -- Looking for pthread.h
[0.883s] -- Looking for pthread.h - found
[0.883s] -- Performing Test CMAKE_HAVE_LIBC_PTHREAD
[0.945s] -- Performing Test CMAKE_HAVE_LIBC_PTHREAD - Success
[0.946s] -- Found Threads: TRUE  
[1.014s] -- Found rclcpp_action: 16.0.8 (/opt/ros/humble/share/rclcpp_action/cmake)
[1.061s] -- Found rosidl_default_generators: 1.2.0 (/opt/ros/humble/share/rosidl_default_generators/cmake)
[1.065s] -- Found std_srvs: 4.2.3 (/opt/ros/humble/share/std_srvs/cmake)
[1.235s] -- Found ament_cmake_ros: 0.10.0 (/opt/ros/humble/share/ament_cmake_ros/cmake)
[1.475s] -- Using all available rosidl_typesupport_c: rosidl_typesupport_fastrtps_c;rosidl_typesupport_introspection_c
[1.563s] -- Using all available rosidl_typesupport_cpp: rosidl_typesupport_fastrtps_cpp;rosidl_typesupport_introspection_cpp
[1.577s] -- Found PythonInterp: /usr/bin/python3 (found suitable version "3.10.12", minimum required is "3.6") 
[1.577s] -- Found python_cmake_module: 0.10.0 (/opt/ros/humble/share/python_cmake_module/cmake)
[1.592s] -- Found PythonLibs: /usr/lib/x86_64-linux-gnu/libpython3.10.so (found suitable version "3.10.12", minimum required is "3.5") 
[1.592s] -- Using PYTHON_EXECUTABLE: /usr/bin/python3
[1.592s] -- Using PYTHON_INCLUDE_DIRS: /usr/include/python3.10
[1.592s] -- Using PYTHON_LIBRARIES: /usr/lib/x86_64-linux-gnu/libpython3.10.so
[1.607s] -- Found PythonExtra: .so  
[1.637s] -- Configuring done
[1.667s] -- Generating done
[1.669s] -- Build files have been written to: /home/ubuntu/ros2_ws/build/turtlesim
[1.676s] Invoked command in '/home/ubuntu/ros2_ws/build/turtlesim' returned '0': CMAKE_PREFIX_PATH=/opt/ros/humble /usr/bin/cmake /home/ubuntu/ros2_ws/src/ros_tutorials/turtlesim -DCMAKE_INSTALL_PREFIX=/home/ubuntu/ros2_ws/install/turtlesim
[1.677s] Invoking command in '/home/ubuntu/ros2_ws/build/turtlesim': CMAKE_PREFIX_PATH=/opt/ros/humble /usr/bin/cmake --build /home/ubuntu/ros2_ws/build/turtlesim -- -j16 -l16
[1.703s] [  1%] [34m[1mGenerating C code for ROS interfaces[0m
[1.708s] [  2%] [34m[1mGenerating C++ code for ROS interfaces[0m
[1.713s] [  2%] Built target ament_cmake_python_copy_turtlesim
[1.844s] running egg_info
[1.845s] creating turtlesim.egg-info
[1.845s] writing turtlesim.egg-info/PKG-INFO
[1.845s] writing dependency_links to turtlesim.egg-info/dependency_links.txt
[1.845s] writing top-level names to turtlesim.egg-info/top_level.txt
[1.845s] writing manifest file 'turtlesim.egg-info/SOURCES.txt'
[1.846s] reading manifest file 'turtlesim.egg-info/SOURCES.txt'
[1.846s] writing manifest file 'turtlesim.egg-info/SOURCES.txt'
[1.861s] [  2%] Built target ament_cmake_python_build_turtlesim_egg
[2.257s] [  2%] Built target turtlesim__cpp
[2.265s] [  3%] [34m[1mGenerating C++ type support dispatch for ROS interfaces[0m
[2.267s] [  4%] [34m[1mGenerating C++ introspection for ROS interfaces[0m
[2.269s] [  5%] [34m[1mGenerating C++ type support for eProsima Fast-RTPS[0m
[2.278s] [  6%] [32mBuilding C object CMakeFiles/turtlesim__rosidl_generator_c.dir/rosidl_generator_c/turtlesim/action/detail/rotate_absolute__functions.c.o[0m
[2.281s] [ 12%] [32mBuilding C object CMakeFiles/turtlesim__rosidl_generator_c.dir/rosidl_generator_c/turtlesim/msg/detail/pose__functions.c.o[0m
[2.281s] [ 12%] [32mBuilding C object CMakeFiles/turtlesim__rosidl_generator_c.dir/rosidl_generator_c/turtlesim/srv/detail/set_pen__functions.c.o[0m
[2.281s] [ 12%] [32mBuilding C object CMakeFiles/turtlesim__rosidl_generator_c.dir/rosidl_generator_c/turtlesim/srv/detail/teleport_absolute__functions.c.o[0m
[2.281s] [ 12%] [32mBuilding C object CMakeFiles/turtlesim__rosidl_generator_c.dir/rosidl_generator_c/turtlesim/msg/detail/color__functions.c.o[0m
[2.281s] [ 12%] [32mBuilding C object CMakeFiles/turtlesim__rosidl_generator_c.dir/rosidl_generator_c/turtlesim/srv/detail/spawn__functions.c.o[0m
[2.281s] [ 12%] [32mBuilding C object CMakeFiles/turtlesim__rosidl_generator_c.dir/rosidl_generator_c/turtlesim/srv/detail/kill__functions.c.o[0m
[2.281s] [ 13%] [32mBuilding C object CMakeFiles/turtlesim__rosidl_generator_c.dir/rosidl_generator_c/turtlesim/srv/detail/teleport_relative__functions.c.o[0m
[2.407s] [ 14%] [32m[1mLinking C shared library libturtlesim__rosidl_generator_c.so[0m
[2.431s] [ 14%] Built target turtlesim__rosidl_generator_c
[2.436s] [ 15%] [34m[1mGenerating C type support for eProsima Fast-RTPS[0m
[2.439s] [ 17%] [34m[1mGenerating C introspection for ROS interfaces[0m
[2.439s] [ 17%] [34m[1mGenerating C type support dispatch for ROS interfaces[0m
[2.601s] [ 19%] [32mBuilding CXX object CMakeFiles/turtlesim__rosidl_typesupport_cpp.dir/rosidl_typesupport_cpp/turtlesim/msg/pose__type_support.cpp.o[0m
[2.601s] [ 19%] [32mBuilding CXX object CMakeFiles/turtlesim__rosidl_typesupport_cpp.dir/rosidl_typesupport_cpp/turtlesim/srv/spawn__type_support.cpp.o[0m
[2.601s] [ 20%] [32mBuilding CXX object CMakeFiles/turtlesim__rosidl_typesupport_cpp.dir/rosidl_typesupport_cpp/turtlesim/srv/set_pen__type_support.cpp.o[0m
[2.601s] [ 22%] [32mBuilding CXX object CMakeFiles/turtlesim__rosidl_typesupport_cpp.dir/rosidl_typesupport_cpp/turtlesim/action/rotate_absolute__type_support.cpp.o[0m
[2.601s] [ 22%] [32mBuilding CXX object CMakeFiles/turtlesim__rosidl_typesupport_cpp.dir/rosidl_typesupport_cpp/turtlesim/msg/color__type_support.cpp.o[0m
[2.601s] [ 23%] [32mBuilding CXX object CMakeFiles/turtlesim__rosidl_typesupport_cpp.dir/rosidl_typesupport_cpp/turtlesim/srv/kill__type_support.cpp.o[0m
[2.601s] [ 24%] [32mBuilding CXX object CMakeFiles/turtlesim__rosidl_typesupport_cpp.dir/rosidl_typesupport_cpp/turtlesim/srv/teleport_absolute__type_support.cpp.o[0m
[2.602s] [ 25%] [32mBuilding CXX object CMakeFiles/turtlesim__rosidl_typesupport_cpp.dir/rosidl_typesupport_cpp/turtlesim/srv/teleport_relative__type_support.cpp.o[0m
[2.732s] [ 27%] [32mBuilding CXX object CMakeFiles/turtlesim__rosidl_typesupport_introspection_cpp.dir/rosidl_typesupport_introspection_cpp/turtlesim/msg/detail/pose__type_support.cpp.o[0m
[2.732s] [ 27%] [32mBuilding CXX object CMakeFiles/turtlesim__rosidl_typesupport_introspection_cpp.dir/rosidl_typesupport_introspection_cpp/turtlesim/action/detail/rotate_absolute__type_support.cpp.o[0m
[2.732s] [ 28%] [32mBuilding CXX object CMakeFiles/turtlesim__rosidl_typesupport_introspection_cpp.dir/rosidl_typesupport_introspection_cpp/turtlesim/msg/detail/color__type_support.cpp.o[0m
[2.732s] [ 29%] [32mBuilding CXX object CMakeFiles/turtlesim__rosidl_typesupport_introspection_cpp.dir/rosidl_typesupport_introspection_cpp/turtlesim/srv/detail/kill__type_support.cpp.o[0m
[2.913s] [ 30%] [32mBuilding CXX object CMakeFiles/turtlesim__rosidl_typesupport_introspection_cpp.dir/rosidl_typesupport_introspection_cpp/turtlesim/srv/detail/set_pen__type_support.cpp.o[0m
[2.956s] [ 31%] [32mBuilding CXX object CMakeFiles/turtlesim__rosidl_typesupport_introspection_cpp.dir/rosidl_typesupport_introspection_cpp/turtlesim/srv/detail/spawn__type_support.cpp.o[0m
[2.979s] [ 32%] [32mBuilding CXX object CMakeFiles/turtlesim__rosidl_typesupport_fastrtps_cpp.dir/rosidl_typesupport_fastrtps_cpp/turtlesim/action/detail/dds_fastrtps/rotate_absolute__type_support.cpp.o[0m
[2.994s] [ 34%] [32mBuilding CXX object CMakeFiles/turtlesim__rosidl_typesupport_fastrtps_cpp.dir/rosidl_typesupport_fastrtps_cpp/turtlesim/srv/detail/dds_fastrtps/kill__type_support.cpp.o[0m
[2.995s] [ 34%] [32mBuilding CXX object CMakeFiles/turtlesim__rosidl_typesupport_fastrtps_cpp.dir/rosidl_typesupport_fastrtps_cpp/turtlesim/msg/detail/dds_fastrtps/pose__type_support.cpp.o[0m
[2.995s] [ 35%] [32mBuilding CXX object CMakeFiles/turtlesim__rosidl_typesupport_fastrtps_cpp.dir/rosidl_typesupport_fastrtps_cpp/turtlesim/srv/detail/dds_fastrtps/set_pen__type_support.cpp.o[0m
[2.998s] [ 36%] [32mBuilding CXX object CMakeFiles/turtlesim__rosidl_typesupport_fastrtps_cpp.dir/rosidl_typesupport_fastrtps_cpp/turtlesim/msg/detail/dds_fastrtps/color__type_support.cpp.o[0m
[3.006s] [ 37%] [32mBuilding CXX object CMakeFiles/turtlesim__rosidl_typesupport_introspection_cpp.dir/rosidl_typesupport_introspection_cpp/turtlesim/srv/detail/teleport_absolute__type_support.cpp.o[0m
[3.156s] [ 38%] [32mBuilding CXX object CMakeFiles/turtlesim__rosidl_typesupport_c.dir/rosidl_typesupport_c/turtlesim/action/rotate_absolute__type_support.cpp.o[0m
[3.159s] [ 39%] [32mBuilding CXX object CMakeFiles/turtlesim__rosidl_typesupport_introspection_cpp.dir/rosidl_typesupport_introspection_cpp/turtlesim/srv/detail/teleport_relative__type_support.cpp.o[0m
[3.182s] [ 40%] [32mBuilding CXX object CMakeFiles/turtlesim__rosidl_typesupport_c.dir/rosidl_typesupport_c/turtlesim/msg/color__type_support.cpp.o[0m
[3.277s] [ 41%] [32mBuilding CXX object CMakeFiles/turtlesim__rosidl_typesupport_c.dir/rosidl_typesupport_c/turtlesim/msg/pose__type_support.cpp.o[0m
[3.291s] [ 43%] [32mBuilding CXX object CMakeFiles/turtlesim__rosidl_typesupport_fastrtps_cpp.dir/rosidl_typesupport_fastrtps_cpp/turtlesim/srv/detail/dds_fastrtps/spawn__type_support.cpp.o[0m
[3.291s] [ 43%] [32mBuilding CXX object CMakeFiles/turtlesim__rosidl_typesupport_c.dir/rosidl_typesupport_c/turtlesim/srv/kill__type_support.cpp.o[0m
[3.296s] [ 44%] [32m[1mLinking CXX shared library libturtlesim__rosidl_typesupport_cpp.so[0m
[3.311s] [ 45%] [32mBuilding CXX object CMakeFiles/turtlesim__rosidl_typesupport_c.dir/rosidl_typesupport_c/turtlesim/srv/set_pen__type_support.cpp.o[0m
[3.332s] [ 46%] [32mBuilding CXX object CMakeFiles/turtlesim__rosidl_typesupport_c.dir/rosidl_typesupport_c/turtlesim/srv/spawn__type_support.cpp.o[0m
[3.349s] [ 47%] [32mBuilding CXX object CMakeFiles/turtlesim__rosidl_typesupport_c.dir/rosidl_typesupport_c/turtlesim/srv/teleport_absolute__type_support.cpp.o[0m
[3.350s] [ 47%] Built target turtlesim__rosidl_typesupport_cpp
[3.358s] [ 48%] [32mBuilding CXX object CMakeFiles/turtlesim__rosidl_typesupport_c.dir/rosidl_typesupport_c/turtlesim/srv/teleport_relative__type_support.cpp.o[0m
[3.361s] [ 49%] [32mBuilding C object CMakeFiles/turtlesim__rosidl_typesupport_introspection_c.dir/rosidl_typesupport_introspection_c/turtlesim/action/detail/rotate_absolute__type_support.c.o[0m
[3.388s] [ 50%] [32mBuilding C object CMakeFiles/turtlesim__rosidl_typesupport_introspection_c.dir/rosidl_typesupport_introspection_c/turtlesim/msg/detail/color__type_support.c.o[0m
[3.396s] [ 51%] [32mBuilding C object CMakeFiles/turtlesim__rosidl_typesupport_introspection_c.dir/rosidl_typesupport_introspection_c/turtlesim/msg/detail/pose__type_support.c.o[0m
[3.398s] [ 52%] [32m[1mLinking CXX shared library libturtlesim__rosidl_typesupport_c.so[0m
[3.424s] [ 53%] [32mBuilding CXX object CMakeFiles/turtlesim__rosidl_typesupport_fastrtps_cpp.dir/rosidl_typesupport_fastrtps_cpp/turtlesim/srv/detail/dds_fastrtps/teleport_absolute__type_support.cpp.o[0m
[3.431s] [ 54%] [32mBuilding C object CMakeFiles/turtlesim__rosidl_typesupport_introspection_c.dir/rosidl_typesupport_introspection_c/turtlesim/srv/detail/set_pen__type_support.c.o[0m
[3.431s] [ 55%] [32mBuilding C object CMakeFiles/turtlesim__rosidl_typesupport_introspection_c.dir/rosidl_typesupport_introspection_c/turtlesim/srv/detail/kill__type_support.c.o[0m
[3.442s] [ 55%] Built target turtlesim__rosidl_typesupport_c
[3.444s] [ 56%] [32mBuilding CXX object CMakeFiles/turtlesim__rosidl_typesupport_fastrtps_cpp.dir/rosidl_typesupport_fastrtps_cpp/turtlesim/srv/detail/dds_fastrtps/teleport_relative__type_support.cpp.o[0m
[3.454s] [ 57%] [34m[1mGenerating include/turtlesim/moc_turtle_frame.cpp[0m
[3.472s] [ 58%] [32mBuilding C object CMakeFiles/turtlesim__rosidl_typesupport_introspection_c.dir/rosidl_typesupport_introspection_c/turtlesim/srv/detail/spawn__type_support.c.o[0m
[3.472s] [ 59%] [32mBuilding C object CMakeFiles/turtlesim__rosidl_typesupport_introspection_c.dir/rosidl_typesupport_introspection_c/turtlesim/srv/detail/teleport_absolute__type_support.c.o[0m
[3.547s] [ 60%] [32mBuilding C object CMakeFiles/turtlesim__rosidl_typesupport_introspection_c.dir/rosidl_typesupport_introspection_c/turtlesim/srv/detail/teleport_relative__type_support.c.o[0m
[3.612s] [ 61%] [32mBuilding CXX object CMakeFiles/turtle_teleop_key.dir/tutorials/teleop_turtle_key.cpp.o[0m
[3.613s] [ 62%] [32mBuilding CXX object CMakeFiles/turtlesim_node.dir/src/turtle.cpp.o[0m
[3.613s] [ 63%] [32mBuilding CXX object CMakeFiles/turtlesim_node.dir/src/turtlesim.cpp.o[0m
[3.613s] [ 64%] [32mBuilding CXX object CMakeFiles/draw_square.dir/tutorials/draw_square.cpp.o[0m
[3.616s] [ 65%] [32mBuilding CXX object CMakeFiles/turtlesim__rosidl_typesupport_fastrtps_c.dir/rosidl_typesupport_fastrtps_c/turtlesim/action/detail/rotate_absolute__type_support_c.cpp.o[0m
[3.625s] [ 66%] [32m[1mLinking C shared library libturtlesim__rosidl_typesupport_introspection_c.so[0m
[3.625s] [ 67%] [32mBuilding CXX object CMakeFiles/mimic.dir/tutorials/mimic.cpp.o[0m
[3.672s] [ 69%] [32mBuilding CXX object CMakeFiles/turtlesim_node.dir/src/turtle_frame.cpp.o[0m
[3.672s] [ 69%] [32mBuilding CXX object CMakeFiles/turtlesim__rosidl_typesupport_fastrtps_c.dir/rosidl_typesupport_fastrtps_c/turtlesim/msg/detail/color__type_support_c.cpp.o[0m
[3.678s] [ 70%] [32mBuilding CXX object CMakeFiles/turtlesim__rosidl_typesupport_fastrtps_c.dir/rosidl_typesupport_fastrtps_c/turtlesim/msg/detail/pose__type_support_c.cpp.o[0m
[3.683s] [ 70%] Built target turtlesim__rosidl_typesupport_introspection_c
[3.689s] [ 71%] [32m[1mLinking CXX shared library libturtlesim__rosidl_typesupport_introspection_cpp.so[0m
[3.690s] [ 72%] [32mBuilding CXX object CMakeFiles/turtlesim__rosidl_typesupport_fastrtps_c.dir/rosidl_typesupport_fastrtps_c/turtlesim/srv/detail/set_pen__type_support_c.cpp.o[0m
[3.701s] [ 73%] [32mBuilding CXX object CMakeFiles/turtlesim__rosidl_typesupport_fastrtps_c.dir/rosidl_typesupport_fastrtps_c/turtlesim/srv/detail/kill__type_support_c.cpp.o[0m
[3.848s] [ 73%] Built target turtlesim__rosidl_typesupport_introspection_cpp
[3.856s] [ 74%] [32mBuilding CXX object CMakeFiles/turtlesim__rosidl_typesupport_fastrtps_c.dir/rosidl_typesupport_fastrtps_c/turtlesim/srv/detail/spawn__type_support_c.cpp.o[0m
[3.889s] [ 75%] [32mBuilding CXX object CMakeFiles/turtlesim_node.dir/include/turtlesim/moc_turtle_frame.cpp.o[0m
[3.921s] [ 76%] [32mBuilding CXX object CMakeFiles/turtlesim__rosidl_typesupport_fastrtps_c.dir/rosidl_typesupport_fastrtps_c/turtlesim/srv/detail/teleport_absolute__type_support_c.cpp.o[0m
[4.053s] [ 77%] [32mBuilding CXX object CMakeFiles/turtlesim__rosidl_typesupport_fastrtps_c.dir/rosidl_typesupport_fastrtps_c/turtlesim/srv/detail/teleport_relative__type_support_c.cpp.o[0m
[4.088s] [ 78%] [32m[1mLinking CXX shared library libturtlesim__rosidl_typesupport_fastrtps_cpp.so[0m
[4.259s] [ 78%] Built target turtlesim__rosidl_typesupport_fastrtps_cpp
[4.509s] [ 79%] [32m[1mLinking CXX shared library libturtlesim__rosidl_typesupport_fastrtps_c.so[0m
[4.588s] [ 79%] Built target turtlesim__rosidl_typesupport_fastrtps_c
[4.601s] [ 79%] Built target turtlesim
[4.614s] [ 80%] [34m[1mGenerating Python code for ROS interfaces[0m
[6.203s] [ 80%] Built target turtlesim__py
[6.218s] [ 81%] [32mBuilding C object CMakeFiles/turtlesim__rosidl_generator_py.dir/rosidl_generator_py/turtlesim/action/_rotate_absolute_s.c.o[0m
[6.218s] [ 83%] [32mBuilding C object CMakeFiles/turtlesim__rosidl_generator_py.dir/rosidl_generator_py/turtlesim/srv/_set_pen_s.c.o[0m
[6.218s] [ 83%] [32mBuilding C object CMakeFiles/turtlesim__rosidl_generator_py.dir/rosidl_generator_py/turtlesim/msg/_color_s.c.o[0m
[6.218s] [ 84%] [32mBuilding C object CMakeFiles/turtlesim__rosidl_generator_py.dir/rosidl_generator_py/turtlesim/msg/_pose_s.c.o[0m
[6.219s] [ 85%] [32mBuilding C object CMakeFiles/turtlesim__rosidl_generator_py.dir/rosidl_generator_py/turtlesim/srv/_kill_s.c.o[0m
[6.219s] [ 86%] [32mBuilding C object CMakeFiles/turtlesim__rosidl_generator_py.dir/rosidl_generator_py/turtlesim/srv/_teleport_absolute_s.c.o[0m
[6.219s] [ 87%] [32mBuilding C object CMakeFiles/turtlesim__rosidl_generator_py.dir/rosidl_generator_py/turtlesim/srv/_spawn_s.c.o[0m
[6.221s] [ 88%] [32mBuilding C object CMakeFiles/turtlesim__rosidl_generator_py.dir/rosidl_generator_py/turtlesim/srv/_teleport_relative_s.c.o[0m
[6.365s] [ 89%] [32m[1mLinking C shared library rosidl_generator_py/turtlesim/libturtlesim__rosidl_generator_py.so[0m
[6.409s] [ 89%] Built target turtlesim__rosidl_generator_py
[6.431s] [ 92%] [32mBuilding C object CMakeFiles/turtlesim__rosidl_typesupport_c__pyext.dir/rosidl_generator_py/turtlesim/_turtlesim_s.ep.rosidl_typesupport_c.c.o[0m
[6.432s] [ 92%] [32mBuilding C object CMakeFiles/turtlesim__rosidl_typesupport_introspection_c__pyext.dir/rosidl_generator_py/turtlesim/_turtlesim_s.ep.rosidl_typesupport_introspection_c.c.o[0m
[6.432s] [ 92%] [32mBuilding C object CMakeFiles/turtlesim__rosidl_typesupport_fastrtps_c__pyext.dir/rosidl_generator_py/turtlesim/_turtlesim_s.ep.rosidl_typesupport_fastrtps_c.c.o[0m
[6.593s] [ 94%] [32m[1mLinking C shared library rosidl_generator_py/turtlesim/turtlesim_s__rosidl_typesupport_introspection_c.cpython-310-x86_64-linux-gnu.so[0m
[6.593s] [ 94%] [32m[1mLinking C shared library rosidl_generator_py/turtlesim/turtlesim_s__rosidl_typesupport_fastrtps_c.cpython-310-x86_64-linux-gnu.so[0m
[6.598s] [ 95%] [32m[1mLinking C shared library rosidl_generator_py/turtlesim/turtlesim_s__rosidl_typesupport_c.cpython-310-x86_64-linux-gnu.so[0m
[6.638s] [ 95%] Built target turtlesim__rosidl_typesupport_introspection_c__pyext
[6.638s] [ 95%] Built target turtlesim__rosidl_typesupport_fastrtps_c__pyext
[6.642s] [ 95%] Built target turtlesim__rosidl_typesupport_c__pyext
[8.753s] [ 96%] [32m[1mLinking CXX executable turtle_teleop_key[0m
[8.980s] [ 96%] Built target turtle_teleop_key
[10.986s] [ 97%] [32m[1mLinking CXX executable mimic[0m
[11.029s] [ 98%] [32m[1mLinking CXX executable draw_square[0m
[11.247s] [ 98%] Built target mimic
[11.352s] [ 98%] Built target draw_square
[12.544s] [100%] [32m[1mLinking CXX executable turtlesim_node[0m
[13.709s] [100%] Built target turtlesim_node
[13.716s] Invoked command in '/home/ubuntu/ros2_ws/build/turtlesim' returned '0': CMAKE_PREFIX_PATH=/opt/ros/humble /usr/bin/cmake --build /home/ubuntu/ros2_ws/build/turtlesim -- -j16 -l16
[13.900s] Invoking command in '/home/ubuntu/ros2_ws/build/turtlesim': CMAKE_PREFIX_PATH=/opt/ros/humble /usr/bin/cmake --install /home/ubuntu/ros2_ws/build/turtlesim
[13.907s] -- Install configuration: ""
[13.907s] -- Installing: /home/ubuntu/ros2_ws/install/turtlesim/share/ament_index/resource_index/rosidl_interfaces/turtlesim
[13.907s] -- Installing: /home/ubuntu/ros2_ws/install/turtlesim/include/turtlesim/turtlesim
[13.907s] -- Installing: /home/ubuntu/ros2_ws/install/turtlesim/include/turtlesim/turtlesim/msg
[13.908s] -- Installing: /home/ubuntu/ros2_ws/install/turtlesim/include/turtlesim/turtlesim/msg/color.h
[13.908s] -- Installing: /home/ubuntu/ros2_ws/install/turtlesim/include/turtlesim/turtlesim/msg/rosidl_generator_c__visibility_control.h
[13.908s] -- Installing: /home/ubuntu/ros2_ws/install/turtlesim/include/turtlesim/turtlesim/msg/pose.h
[13.908s] -- Installing: /home/ubuntu/ros2_ws/install/turtlesim/include/turtlesim/turtlesim/msg/detail
[13.908s] -- Installing: /home/ubuntu/ros2_ws/install/turtlesim/include/turtlesim/turtlesim/msg/detail/pose__functions.c
[13.908s] -- Installing: /home/ubuntu/ros2_ws/install/turtlesim/include/turtlesim/turtlesim/msg/detail/color__type_support.h
[13.908s] -- Installing: /home/ubuntu/ros2_ws/install/turtlesim/include/turtlesim/turtlesim/msg/detail/pose__functions.h
[13.908s] -- Installing: /home/ubuntu/ros2_ws/install/turtlesim/include/turtlesim/turtlesim/msg/detail/color__functions.h
[13.908s] -- Installing: /home/ubuntu/ros2_ws/install/turtlesim/include/turtlesim/turtlesim/msg/detail/pose__type_support.h
[13.908s] -- Installing: /home/ubuntu/ros2_ws/install/turtlesim/include/turtlesim/turtlesim/msg/detail/color__functions.c
[13.908s] -- Installing: /home/ubuntu/ros2_ws/install/turtlesim/include/turtlesim/turtlesim/msg/detail/pose__struct.h
[13.908s] -- Installing: /home/ubuntu/ros2_ws/install/turtlesim/include/turtlesim/turtlesim/msg/detail/color__struct.h
[13.909s] -- Installing: /home/ubuntu/ros2_ws/install/turtlesim/include/turtlesim/turtlesim/srv
[13.909s] -- Installing: /home/ubuntu/ros2_ws/install/turtlesim/include/turtlesim/turtlesim/srv/kill.h
[13.909s] -- Installing: /home/ubuntu/ros2_ws/install/turtlesim/include/turtlesim/turtlesim/srv/set_pen.h
[13.909s] -- Installing: /home/ubuntu/ros2_ws/install/turtlesim/include/turtlesim/turtlesim/srv/teleport_relative.h
[13.909s] -- Installing: /home/ubuntu/ros2_ws/install/turtlesim/include/turtlesim/turtlesim/srv/teleport_absolute.h
[13.909s] -- Installing: /home/ubuntu/ros2_ws/install/turtlesim/include/turtlesim/turtlesim/srv/detail
[13.909s] -- Installing: /home/ubuntu/ros2_ws/install/turtlesim/include/turtlesim/turtlesim/srv/detail/set_pen__functions.h
[13.909s] -- Installing: /home/ubuntu/ros2_ws/install/turtlesim/include/turtlesim/turtlesim/srv/detail/spawn__functions.h
[13.909s] -- Installing: /home/ubuntu/ros2_ws/install/turtlesim/include/turtlesim/turtlesim/srv/detail/set_pen__type_support.h
[13.909s] -- Installing: /home/ubuntu/ros2_ws/install/turtlesim/include/turtlesim/turtlesim/srv/detail/kill__functions.h
[13.909s] -- Installing: /home/ubuntu/ros2_ws/install/turtlesim/include/turtlesim/turtlesim/srv/detail/teleport_absolute__type_support.h
[13.909s] -- Installing: /home/ubuntu/ros2_ws/install/turtlesim/include/turtlesim/turtlesim/srv/detail/teleport_relative__functions.c
[13.909s] -- Installing: /home/ubuntu/ros2_ws/install/turtlesim/include/turtlesim/turtlesim/srv/detail/teleport_absolute__functions.c
[13.909s] -- Installing: /home/ubuntu/ros2_ws/install/turtlesim/include/turtlesim/turtlesim/srv/detail/teleport_relative__struct.h
[13.910s] -- Installing: /home/ubuntu/ros2_ws/install/turtlesim/include/turtlesim/turtlesim/srv/detail/set_pen__functions.c
[13.910s] -- Installing: /home/ubuntu/ros2_ws/install/turtlesim/include/turtlesim/turtlesim/srv/detail/spawn__type_support.h
[13.910s] -- Installing: /home/ubuntu/ros2_ws/install/turtlesim/include/turtlesim/turtlesim/srv/detail/spawn__struct.h
[13.910s] -- Installing: /home/ubuntu/ros2_ws/install/turtlesim/include/turtlesim/turtlesim/srv/detail/set_pen__struct.h
[13.910s] -- Installing: /home/ubuntu/ros2_ws/install/turtlesim/include/turtlesim/turtlesim/srv/detail/teleport_absolute__struct.h
[13.910s] -- Installing: /home/ubuntu/ros2_ws/install/turtlesim/include/turtlesim/turtlesim/srv/detail/kill__struct.h
[13.910s] -- Installing: /home/ubuntu/ros2_ws/install/turtlesim/include/turtlesim/turtlesim/srv/detail/kill__functions.c
[13.910s] -- Installing: /home/ubuntu/ros2_ws/install/turtlesim/include/turtlesim/turtlesim/srv/detail/kill__type_support.h
[13.910s] -- Installing: /home/ubuntu/ros2_ws/install/turtlesim/include/turtlesim/turtlesim/srv/detail/teleport_absolute__functions.h
[13.910s] -- Installing: /home/ubuntu/ros2_ws/install/turtlesim/include/turtlesim/turtlesim/srv/detail/teleport_relative__functions.h
[13.910s] -- Installing: /home/ubuntu/ros2_ws/install/turtlesim/include/turtlesim/turtlesim/srv/detail/teleport_relative__type_support.h
[13.910s] -- Installing: /home/ubuntu/ros2_ws/install/turtlesim/include/turtlesim/turtlesim/srv/detail/spawn__functions.c
[13.910s] -- Installing: /home/ubuntu/ros2_ws/install/turtlesim/include/turtlesim/turtlesim/srv/spawn.h
[13.910s] -- Installing: /home/ubuntu/ros2_ws/install/turtlesim/include/turtlesim/turtlesim/action
[13.910s] -- Installing: /home/ubuntu/ros2_ws/install/turtlesim/include/turtlesim/turtlesim/action/rotate_absolute.h
[13.910s] -- Installing: /home/ubuntu/ros2_ws/install/turtlesim/include/turtlesim/turtlesim/action/detail
[13.911s] -- Installing: /home/ubuntu/ros2_ws/install/turtlesim/include/turtlesim/turtlesim/action/detail/rotate_absolute__functions.h
[13.911s] -- Installing: /home/ubuntu/ros2_ws/install/turtlesim/include/turtlesim/turtlesim/action/detail/rotate_absolute__type_support.h
[13.911s] -- Installing: /home/ubuntu/ros2_ws/install/turtlesim/include/turtlesim/turtlesim/action/detail/rotate_absolute__struct.h
[13.911s] -- Installing: /home/ubuntu/ros2_ws/install/turtlesim/include/turtlesim/turtlesim/action/detail/rotate_absolute__functions.c
[13.911s] -- Installing: /home/ubuntu/ros2_ws/install/turtlesim/share/turtlesim/environment/library_path.sh
[13.911s] -- Installing: /home/ubuntu/ros2_ws/install/turtlesim/share/turtlesim/environment/library_path.dsv
[13.911s] -- Installing: /home/ubuntu/ros2_ws/install/turtlesim/lib/libturtlesim__rosidl_generator_c.so
[13.911s] -- Set runtime path of "/home/ubuntu/ros2_ws/install/turtlesim/lib/libturtlesim__rosidl_generator_c.so" to ""
[13.911s] -- Up-to-date: /home/ubuntu/ros2_ws/install/turtlesim/include/turtlesim/turtlesim
[13.911s] -- Up-to-date: /home/ubuntu/ros2_ws/install/turtlesim/include/turtlesim/turtlesim/msg
[13.911s] -- Installing: /home/ubuntu/ros2_ws/install/turtlesim/include/turtlesim/turtlesim/msg/rosidl_typesupport_fastrtps_c__visibility_control.h
[13.911s] -- Up-to-date: /home/ubuntu/ros2_ws/install/turtlesim/include/turtlesim/turtlesim/msg/detail
[13.911s] -- Installing: /home/ubuntu/ros2_ws/install/turtlesim/include/turtlesim/turtlesim/msg/detail/pose__rosidl_typesupport_fastrtps_c.h
[13.911s] -- Installing: /home/ubuntu/ros2_ws/install/turtlesim/include/turtlesim/turtlesim/msg/detail/color__rosidl_typesupport_fastrtps_c.h
[13.911s] -- Up-to-date: /home/ubuntu/ros2_ws/install/turtlesim/include/turtlesim/turtlesim/srv
[13.912s] -- Up-to-date: /home/ubuntu/ros2_ws/install/turtlesim/include/turtlesim/turtlesim/srv/detail
[13.912s] -- Installing: /home/ubuntu/ros2_ws/install/turtlesim/include/turtlesim/turtlesim/srv/detail/kill__rosidl_typesupport_fastrtps_c.h
[13.912s] -- Installing: /home/ubuntu/ros2_ws/install/turtlesim/include/turtlesim/turtlesim/srv/detail/spawn__rosidl_typesupport_fastrtps_c.h
[13.912s] -- Installing: /home/ubuntu/ros2_ws/install/turtlesim/include/turtlesim/turtlesim/srv/detail/teleport_absolute__rosidl_typesupport_fastrtps_c.h
[13.912s] -- Installing: /home/ubuntu/ros2_ws/install/turtlesim/include/turtlesim/turtlesim/srv/detail/teleport_relative__rosidl_typesupport_fastrtps_c.h
[13.912s] -- Installing: /home/ubuntu/ros2_ws/install/turtlesim/include/turtlesim/turtlesim/srv/detail/set_pen__rosidl_typesupport_fastrtps_c.h
[13.912s] -- Up-to-date: /home/ubuntu/ros2_ws/install/turtlesim/include/turtlesim/turtlesim/action
[13.912s] -- Up-to-date: /home/ubuntu/ros2_ws/install/turtlesim/include/turtlesim/turtlesim/action/detail
[13.912s] -- Installing: /home/ubuntu/ros2_ws/install/turtlesim/include/turtlesim/turtlesim/action/detail/rotate_absolute__rosidl_typesupport_fastrtps_c.h
[13.912s] -- Installing: /home/ubuntu/ros2_ws/install/turtlesim/lib/libturtlesim__rosidl_typesupport_fastrtps_c.so
[13.912s] -- Set runtime path of "/home/ubuntu/ros2_ws/install/turtlesim/lib/libturtlesim__rosidl_typesupport_fastrtps_c.so" to ""
[13.912s] -- Up-to-date: /home/ubuntu/ros2_ws/install/turtlesim/include/turtlesim/turtlesim
[13.912s] -- Up-to-date: /home/ubuntu/ros2_ws/install/turtlesim/include/turtlesim/turtlesim/msg
[13.912s] -- Installing: /home/ubuntu/ros2_ws/install/turtlesim/include/turtlesim/turtlesim/msg/color.hpp
[13.912s] -- Up-to-date: /home/ubuntu/ros2_ws/install/turtlesim/include/turtlesim/turtlesim/msg/detail
[13.913s] -- Installing: /home/ubuntu/ros2_ws/install/turtlesim/include/turtlesim/turtlesim/msg/detail/pose__builder.hpp
[13.913s] -- Installing: /home/ubuntu/ros2_ws/install/turtlesim/include/turtlesim/turtlesim/msg/detail/color__builder.hpp
[13.913s] -- Installing: /home/ubuntu/ros2_ws/install/turtlesim/include/turtlesim/turtlesim/msg/detail/pose__traits.hpp
[13.913s] -- Installing: /home/ubuntu/ros2_ws/install/turtlesim/include/turtlesim/turtlesim/msg/detail/color__struct.hpp
[13.913s] -- Installing: /home/ubuntu/ros2_ws/install/turtlesim/include/turtlesim/turtlesim/msg/detail/pose__struct.hpp
[13.913s] -- Installing: /home/ubuntu/ros2_ws/install/turtlesim/include/turtlesim/turtlesim/msg/detail/color__traits.hpp
[13.913s] -- Installing: /home/ubuntu/ros2_ws/install/turtlesim/include/turtlesim/turtlesim/msg/pose.hpp
[13.913s] -- Up-to-date: /home/ubuntu/ros2_ws/install/turtlesim/include/turtlesim/turtlesim/srv
[13.913s] -- Installing: /home/ubuntu/ros2_ws/install/turtlesim/include/turtlesim/turtlesim/srv/kill.hpp
[13.913s] -- Installing: /home/ubuntu/ros2_ws/install/turtlesim/include/turtlesim/turtlesim/srv/set_pen.hpp
[13.913s] -- Installing: /home/ubuntu/ros2_ws/install/turtlesim/include/turtlesim/turtlesim/srv/teleport_absolute.hpp
[13.913s] -- Up-to-date: /home/ubuntu/ros2_ws/install/turtlesim/include/turtlesim/turtlesim/srv/detail
[13.913s] -- Installing: /home/ubuntu/ros2_ws/install/turtlesim/include/turtlesim/turtlesim/srv/detail/kill__struct.hpp
[13.913s] -- Installing: /home/ubuntu/ros2_ws/install/turtlesim/include/turtlesim/turtlesim/srv/detail/teleport_relative__traits.hpp
[13.913s] -- Installing: /home/ubuntu/ros2_ws/install/turtlesim/include/turtlesim/turtlesim/srv/detail/set_pen__builder.hpp
[13.914s] -- Installing: /home/ubuntu/ros2_ws/install/turtlesim/include/turtlesim/turtlesim/srv/detail/teleport_absolute__struct.hpp
[13.914s] -- Installing: /home/ubuntu/ros2_ws/install/turtlesim/include/turtlesim/turtlesim/srv/detail/teleport_relative__struct.hpp
[13.914s] -- Installing: /home/ubuntu/ros2_ws/install/turtlesim/include/turtlesim/turtlesim/srv/detail/kill__traits.hpp
[13.914s] -- Installing: /home/ubuntu/ros2_ws/install/turtlesim/include/turtlesim/turtlesim/srv/detail/teleport_relative__builder.hpp
[13.914s] -- Installing: /home/ubuntu/ros2_ws/install/turtlesim/include/turtlesim/turtlesim/srv/detail/teleport_absolute__traits.hpp
[13.914s] -- Installing: /home/ubuntu/ros2_ws/install/turtlesim/include/turtlesim/turtlesim/srv/detail/set_pen__struct.hpp
[13.914s] -- Installing: /home/ubuntu/ros2_ws/install/turtlesim/include/turtlesim/turtlesim/srv/detail/teleport_absolute__builder.hpp
[13.914s] -- Installing: /home/ubuntu/ros2_ws/install/turtlesim/include/turtlesim/turtlesim/srv/detail/spawn__struct.hpp
[13.914s] -- Installing: /home/ubuntu/ros2_ws/install/turtlesim/include/turtlesim/turtlesim/srv/detail/kill__builder.hpp
[13.914s] -- Installing: /home/ubuntu/ros2_ws/install/turtlesim/include/turtlesim/turtlesim/srv/detail/spawn__builder.hpp
[13.914s] -- Installing: /home/ubuntu/ros2_ws/install/turtlesim/include/turtlesim/turtlesim/srv/detail/set_pen__traits.hpp
[13.914s] -- Installing: /home/ubuntu/ros2_ws/install/turtlesim/include/turtlesim/turtlesim/srv/detail/spawn__traits.hpp
[13.914s] -- Installing: /home/ubuntu/ros2_ws/install/turtlesim/include/turtlesim/turtlesim/srv/teleport_relative.hpp
[13.914s] -- Installing: /home/ubuntu/ros2_ws/install/turtlesim/include/turtlesim/turtlesim/srv/spawn.hpp
[13.914s] -- Up-to-date: /home/ubuntu/ros2_ws/install/turtlesim/include/turtlesim/turtlesim/action
[13.914s] -- Installing: /home/ubuntu/ros2_ws/install/turtlesim/include/turtlesim/turtlesim/action/rotate_absolute.hpp
[13.915s] -- Up-to-date: /home/ubuntu/ros2_ws/install/turtlesim/include/turtlesim/turtlesim/action/detail
[13.915s] -- Installing: /home/ubuntu/ros2_ws/install/turtlesim/include/turtlesim/turtlesim/action/detail/rotate_absolute__traits.hpp
[13.915s] -- Installing: /home/ubuntu/ros2_ws/install/turtlesim/include/turtlesim/turtlesim/action/detail/rotate_absolute__struct.hpp
[13.915s] -- Installing: /home/ubuntu/ros2_ws/install/turtlesim/include/turtlesim/turtlesim/action/detail/rotate_absolute__builder.hpp
[13.915s] -- Up-to-date: /home/ubuntu/ros2_ws/install/turtlesim/include/turtlesim/turtlesim
[13.915s] -- Up-to-date: /home/ubuntu/ros2_ws/install/turtlesim/include/turtlesim/turtlesim/msg
[13.915s] -- Up-to-date: /home/ubuntu/ros2_ws/install/turtlesim/include/turtlesim/turtlesim/msg/detail
[13.915s] -- Installing: /home/ubuntu/ros2_ws/install/turtlesim/include/turtlesim/turtlesim/msg/detail/dds_fastrtps
[13.915s] -- Installing: /home/ubuntu/ros2_ws/install/turtlesim/include/turtlesim/turtlesim/msg/detail/color__rosidl_typesupport_fastrtps_cpp.hpp
[13.915s] -- Installing: /home/ubuntu/ros2_ws/install/turtlesim/include/turtlesim/turtlesim/msg/detail/pose__rosidl_typesupport_fastrtps_cpp.hpp
[13.915s] -- Installing: /home/ubuntu/ros2_ws/install/turtlesim/include/turtlesim/turtlesim/msg/rosidl_typesupport_fastrtps_cpp__visibility_control.h
[13.915s] -- Up-to-date: /home/ubuntu/ros2_ws/install/turtlesim/include/turtlesim/turtlesim/srv
[13.915s] -- Up-to-date: /home/ubuntu/ros2_ws/install/turtlesim/include/turtlesim/turtlesim/srv/detail
[13.915s] -- Installing: /home/ubuntu/ros2_ws/install/turtlesim/include/turtlesim/turtlesim/srv/detail/dds_fastrtps
[13.915s] -- Installing: /home/ubuntu/ros2_ws/install/turtlesim/include/turtlesim/turtlesim/srv/detail/set_pen__rosidl_typesupport_fastrtps_cpp.hpp
[13.915s] -- Installing: /home/ubuntu/ros2_ws/install/turtlesim/include/turtlesim/turtlesim/srv/detail/teleport_relative__rosidl_typesupport_fastrtps_cpp.hpp
[13.915s] -- Installing: /home/ubuntu/ros2_ws/install/turtlesim/include/turtlesim/turtlesim/srv/detail/teleport_absolute__rosidl_typesupport_fastrtps_cpp.hpp
[13.915s] -- Installing: /home/ubuntu/ros2_ws/install/turtlesim/include/turtlesim/turtlesim/srv/detail/kill__rosidl_typesupport_fastrtps_cpp.hpp
[13.915s] -- Installing: /home/ubuntu/ros2_ws/install/turtlesim/include/turtlesim/turtlesim/srv/detail/spawn__rosidl_typesupport_fastrtps_cpp.hpp
[13.915s] -- Up-to-date: /home/ubuntu/ros2_ws/install/turtlesim/include/turtlesim/turtlesim/action
[13.915s] -- Up-to-date: /home/ubuntu/ros2_ws/install/turtlesim/include/turtlesim/turtlesim/action/detail
[13.915s] -- Installing: /home/ubuntu/ros2_ws/install/turtlesim/include/turtlesim/turtlesim/action/detail/dds_fastrtps
[13.915s] -- Installing: /home/ubuntu/ros2_ws/install/turtlesim/include/turtlesim/turtlesim/action/detail/rotate_absolute__rosidl_typesupport_fastrtps_cpp.hpp
[13.915s] -- Installing: /home/ubuntu/ros2_ws/install/turtlesim/lib/libturtlesim__rosidl_typesupport_fastrtps_cpp.so
[13.915s] -- Set runtime path of "/home/ubuntu/ros2_ws/install/turtlesim/lib/libturtlesim__rosidl_typesupport_fastrtps_cpp.so" to ""
[13.915s] -- Up-to-date: /home/ubuntu/ros2_ws/install/turtlesim/include/turtlesim/turtlesim
[13.915s] -- Up-to-date: /home/ubuntu/ros2_ws/install/turtlesim/include/turtlesim/turtlesim/msg
[13.915s] -- Installing: /home/ubuntu/ros2_ws/install/turtlesim/include/turtlesim/turtlesim/msg/rosidl_typesupport_introspection_c__visibility_control.h
[13.915s] -- Up-to-date: /home/ubuntu/ros2_ws/install/turtlesim/include/turtlesim/turtlesim/msg/detail
[13.915s] -- Installing: /home/ubuntu/ros2_ws/install/turtlesim/include/turtlesim/turtlesim/msg/detail/pose__rosidl_typesupport_introspection_c.h
[13.916s] -- Installing: /home/ubuntu/ros2_ws/install/turtlesim/include/turtlesim/turtlesim/msg/detail/pose__type_support.c
[13.916s] -- Installing: /home/ubuntu/ros2_ws/install/turtlesim/include/turtlesim/turtlesim/msg/detail/color__rosidl_typesupport_introspection_c.h
[13.916s] -- Installing: /home/ubuntu/ros2_ws/install/turtlesim/include/turtlesim/turtlesim/msg/detail/color__type_support.c
[13.916s] -- Up-to-date: /home/ubuntu/ros2_ws/install/turtlesim/include/turtlesim/turtlesim/srv
[13.916s] -- Up-to-date: /home/ubuntu/ros2_ws/install/turtlesim/include/turtlesim/turtlesim/srv/detail
[13.916s] -- Installing: /home/ubuntu/ros2_ws/install/turtlesim/include/turtlesim/turtlesim/srv/detail/kill__rosidl_typesupport_introspection_c.h
[13.916s] -- Installing: /home/ubuntu/ros2_ws/install/turtlesim/include/turtlesim/turtlesim/srv/detail/spawn__type_support.c
[13.916s] -- Installing: /home/ubuntu/ros2_ws/install/turtlesim/include/turtlesim/turtlesim/srv/detail/set_pen__type_support.c
[13.916s] -- Installing: /home/ubuntu/ros2_ws/install/turtlesim/include/turtlesim/turtlesim/srv/detail/set_pen__rosidl_typesupport_introspection_c.h
[13.916s] -- Installing: /home/ubuntu/ros2_ws/install/turtlesim/include/turtlesim/turtlesim/srv/detail/teleport_absolute__type_support.c
[13.916s] -- Installing: /home/ubuntu/ros2_ws/install/turtlesim/include/turtlesim/turtlesim/srv/detail/spawn__rosidl_typesupport_introspection_c.h
[13.916s] -- Installing: /home/ubuntu/ros2_ws/install/turtlesim/include/turtlesim/turtlesim/srv/detail/teleport_absolute__rosidl_typesupport_introspection_c.h
[13.916s] -- Installing: /home/ubuntu/ros2_ws/install/turtlesim/include/turtlesim/turtlesim/srv/detail/teleport_relative__rosidl_typesupport_introspection_c.h
[13.916s] -- Installing: /home/ubuntu/ros2_ws/install/turtlesim/include/turtlesim/turtlesim/srv/detail/kill__type_support.c
[13.916s] -- Installing: /home/ubuntu/ros2_ws/install/turtlesim/include/turtlesim/turtlesim/srv/detail/teleport_relative__type_support.c
[13.916s] -- Up-to-date: /home/ubuntu/ros2_ws/install/turtlesim/include/turtlesim/turtlesim/action
[13.916s] -- Up-to-date: /home/ubuntu/ros2_ws/install/turtlesim/include/turtlesim/turtlesim/action/detail
[13.916s] -- Installing: /home/ubuntu/ros2_ws/install/turtlesim/include/turtlesim/turtlesim/action/detail/rotate_absolute__rosidl_typesupport_introspection_c.h
[13.916s] -- Installing: /home/ubuntu/ros2_ws/install/turtlesim/include/turtlesim/turtlesim/action/detail/rotate_absolute__type_support.c
[13.916s] -- Installing: /home/ubuntu/ros2_ws/install/turtlesim/lib/libturtlesim__rosidl_typesupport_introspection_c.so
[13.916s] -- Set runtime path of "/home/ubuntu/ros2_ws/install/turtlesim/lib/libturtlesim__rosidl_typesupport_introspection_c.so" to ""
[13.916s] -- Installing: /home/ubuntu/ros2_ws/install/turtlesim/lib/libturtlesim__rosidl_typesupport_c.so
[13.916s] -- Set runtime path of "/home/ubuntu/ros2_ws/install/turtlesim/lib/libturtlesim__rosidl_typesupport_c.so" to ""
[13.916s] -- Up-to-date: /home/ubuntu/ros2_ws/install/turtlesim/include/turtlesim/turtlesim
[13.916s] -- Up-to-date: /home/ubuntu/ros2_ws/install/turtlesim/include/turtlesim/turtlesim/msg
[13.916s] -- Up-to-date: /home/ubuntu/ros2_ws/install/turtlesim/include/turtlesim/turtlesim/msg/detail
[13.916s] -- Installing: /home/ubuntu/ros2_ws/install/turtlesim/include/turtlesim/turtlesim/msg/detail/pose__rosidl_typesupport_introspection_cpp.hpp
[13.916s] -- Installing: /home/ubuntu/ros2_ws/install/turtlesim/include/turtlesim/turtlesim/msg/detail/pose__type_support.cpp
[13.916s] -- Installing: /home/ubuntu/ros2_ws/install/turtlesim/include/turtlesim/turtlesim/msg/detail/color__rosidl_typesupport_introspection_cpp.hpp
[13.916s] -- Installing: /home/ubuntu/ros2_ws/install/turtlesim/include/turtlesim/turtlesim/msg/detail/color__type_support.cpp
[13.916s] -- Up-to-date: /home/ubuntu/ros2_ws/install/turtlesim/include/turtlesim/turtlesim/srv
[13.916s] -- Up-to-date: /home/ubuntu/ros2_ws/install/turtlesim/include/turtlesim/turtlesim/srv/detail
[13.916s] -- Installing: /home/ubuntu/ros2_ws/install/turtlesim/include/turtlesim/turtlesim/srv/detail/teleport_absolute__type_support.cpp
[13.916s] -- Installing: /home/ubuntu/ros2_ws/install/turtlesim/include/turtlesim/turtlesim/srv/detail/teleport_relative__rosidl_typesupport_introspection_cpp.hpp
[13.916s] -- Installing: /home/ubuntu/ros2_ws/install/turtlesim/include/turtlesim/turtlesim/srv/detail/spawn__rosidl_typesupport_introspection_cpp.hpp
[13.916s] -- Installing: /home/ubuntu/ros2_ws/install/turtlesim/include/turtlesim/turtlesim/srv/detail/set_pen__type_support.cpp
[13.916s] -- Installing: /home/ubuntu/ros2_ws/install/turtlesim/include/turtlesim/turtlesim/srv/detail/kill__type_support.cpp
[13.916s] -- Installing: /home/ubuntu/ros2_ws/install/turtlesim/include/turtlesim/turtlesim/srv/detail/kill__rosidl_typesupport_introspection_cpp.hpp
[13.916s] -- Installing: /home/ubuntu/ros2_ws/install/turtlesim/include/turtlesim/turtlesim/srv/detail/set_pen__rosidl_typesupport_introspection_cpp.hpp
[13.917s] -- Installing: /home/ubuntu/ros2_ws/install/turtlesim/include/turtlesim/turtlesim/srv/detail/teleport_relative__type_support.cpp
[13.917s] -- Installing: /home/ubuntu/ros2_ws/install/turtlesim/include/turtlesim/turtlesim/srv/detail/spawn__type_support.cpp
[13.917s] -- Installing: /home/ubuntu/ros2_ws/install/turtlesim/include/turtlesim/turtlesim/srv/detail/teleport_absolute__rosidl_typesupport_introspection_cpp.hpp
[13.917s] -- Up-to-date: /home/ubuntu/ros2_ws/install/turtlesim/include/turtlesim/turtlesim/action
[13.917s] -- Up-to-date: /home/ubuntu/ros2_ws/install/turtlesim/include/turtlesim/turtlesim/action/detail
[13.917s] -- Installing: /home/ubuntu/ros2_ws/install/turtlesim/include/turtlesim/turtlesim/action/detail/rotate_absolute__rosidl_typesupport_introspection_cpp.hpp
[13.917s] -- Installing: /home/ubuntu/ros2_ws/install/turtlesim/include/turtlesim/turtlesim/action/detail/rotate_absolute__type_support.cpp
[13.917s] -- Installing: /home/ubuntu/ros2_ws/install/turtlesim/lib/libturtlesim__rosidl_typesupport_introspection_cpp.so
[13.917s] -- Set runtime path of "/home/ubuntu/ros2_ws/install/turtlesim/lib/libturtlesim__rosidl_typesupport_introspection_cpp.so" to ""
[13.917s] -- Installing: /home/ubuntu/ros2_ws/install/turtlesim/lib/libturtlesim__rosidl_typesupport_cpp.so
[13.917s] -- Set runtime path of "/home/ubuntu/ros2_ws/install/turtlesim/lib/libturtlesim__rosidl_typesupport_cpp.so" to ""
[13.917s] -- Installing: /home/ubuntu/ros2_ws/install/turtlesim/share/turtlesim/environment/pythonpath.sh
[13.917s] -- Installing: /home/ubuntu/ros2_ws/install/turtlesim/share/turtlesim/environment/pythonpath.dsv
[13.917s] -- Installing: /home/ubuntu/ros2_ws/install/turtlesim/local/lib/python3.10/dist-packages/turtlesim-1.4.2-py3.10.egg-info
[13.917s] -- Installing: /home/ubuntu/ros2_ws/install/turtlesim/local/lib/python3.10/dist-packages/turtlesim-1.4.2-py3.10.egg-info/SOURCES.txt
[13.917s] -- Installing: /home/ubuntu/ros2_ws/install/turtlesim/local/lib/python3.10/dist-packages/turtlesim-1.4.2-py3.10.egg-info/top_level.txt
[13.917s] -- Installing: /home/ubuntu/ros2_ws/install/turtlesim/local/lib/python3.10/dist-packages/turtlesim-1.4.2-py3.10.egg-info/dependency_links.txt
[13.917s] -- Installing: /home/ubuntu/ros2_ws/install/turtlesim/local/lib/python3.10/dist-packages/turtlesim-1.4.2-py3.10.egg-info/PKG-INFO
[13.917s] -- Installing: /home/ubuntu/ros2_ws/install/turtlesim/local/lib/python3.10/dist-packages/turtlesim
[13.917s] -- Installing: /home/ubuntu/ros2_ws/install/turtlesim/local/lib/python3.10/dist-packages/turtlesim/msg
[13.917s] -- Installing: /home/ubuntu/ros2_ws/install/turtlesim/local/lib/python3.10/dist-packages/turtlesim/msg/_color_s.c
[13.917s] -- Installing: /home/ubuntu/ros2_ws/install/turtlesim/local/lib/python3.10/dist-packages/turtlesim/msg/_pose_s.c
[13.917s] -- Installing: /home/ubuntu/ros2_ws/install/turtlesim/local/lib/python3.10/dist-packages/turtlesim/msg/_pose.py
[13.917s] -- Installing: /home/ubuntu/ros2_ws/install/turtlesim/local/lib/python3.10/dist-packages/turtlesim/msg/__init__.py
[13.917s] -- Installing: /home/ubuntu/ros2_ws/install/turtlesim/local/lib/python3.10/dist-packages/turtlesim/msg/_color.py
[13.917s] -- Installing: /home/ubuntu/ros2_ws/install/turtlesim/local/lib/python3.10/dist-packages/turtlesim/libturtlesim__rosidl_generator_py.so
[13.917s] -- Installing: /home/ubuntu/ros2_ws/install/turtlesim/local/lib/python3.10/dist-packages/turtlesim/_turtlesim_s.ep.rosidl_typesupport_fastrtps_c.c
[13.917s] -- Installing: /home/ubuntu/ros2_ws/install/turtlesim/local/lib/python3.10/dist-packages/turtlesim/__init__.py
[13.917s] -- Installing: /home/ubuntu/ros2_ws/install/turtlesim/local/lib/python3.10/dist-packages/turtlesim/turtlesim_s__rosidl_typesupport_c.cpython-310-x86_64-linux-gnu.so
[13.917s] -- Installing: /home/ubuntu/ros2_ws/install/turtlesim/local/lib/python3.10/dist-packages/turtlesim/_turtlesim_s.ep.rosidl_typesupport_introspection_c.c
[13.917s] -- Installing: /home/ubuntu/ros2_ws/install/turtlesim/local/lib/python3.10/dist-packages/turtlesim/_turtlesim_s.ep.rosidl_typesupport_c.c
[13.918s] -- Installing: /home/ubuntu/ros2_ws/install/turtlesim/local/lib/python3.10/dist-packages/turtlesim/turtlesim_s__rosidl_typesupport_fastrtps_c.cpython-310-x86_64-linux-gnu.so
[13.918s] -- Installing: /home/ubuntu/ros2_ws/install/turtlesim/local/lib/python3.10/dist-packages/turtlesim/turtlesim_s__rosidl_typesupport_introspection_c.cpython-310-x86_64-linux-gnu.so
[13.918s] -- Installing: /home/ubuntu/ros2_ws/install/turtlesim/local/lib/python3.10/dist-packages/turtlesim/srv
[13.918s] -- Installing: /home/ubuntu/ros2_ws/install/turtlesim/local/lib/python3.10/dist-packages/turtlesim/srv/_teleport_relative.py
[13.918s] -- Installing: /home/ubuntu/ros2_ws/install/turtlesim/local/lib/python3.10/dist-packages/turtlesim/srv/_spawn.py
[13.918s] -- Installing: /home/ubuntu/ros2_ws/install/turtlesim/local/lib/python3.10/dist-packages/turtlesim/srv/_kill.py
[13.918s] -- Installing: /home/ubuntu/ros2_ws/install/turtlesim/local/lib/python3.10/dist-packages/turtlesim/srv/_spawn_s.c
[13.918s] -- Installing: /home/ubuntu/ros2_ws/install/turtlesim/local/lib/python3.10/dist-packages/turtlesim/srv/__init__.py
[13.918s] -- Installing: /home/ubuntu/ros2_ws/install/turtlesim/local/lib/python3.10/dist-packages/turtlesim/srv/_teleport_absolute.py
[13.918s] -- Installing: /home/ubuntu/ros2_ws/install/turtlesim/local/lib/python3.10/dist-packages/turtlesim/srv/_teleport_absolute_s.c
[13.918s] -- Installing: /home/ubuntu/ros2_ws/install/turtlesim/local/lib/python3.10/dist-packages/turtlesim/srv/_set_pen_s.c
[13.918s] -- Installing: /home/ubuntu/ros2_ws/install/turtlesim/local/lib/python3.10/dist-packages/turtlesim/srv/_kill_s.c
[13.918s] -- Installing: /home/ubuntu/ros2_ws/install/turtlesim/local/lib/python3.10/dist-packages/turtlesim/srv/_teleport_relative_s.c
[13.918s] -- Installing: /home/ubuntu/ros2_ws/install/turtlesim/local/lib/python3.10/dist-packages/turtlesim/srv/_set_pen.py
[13.918s] -- Installing: /home/ubuntu/ros2_ws/install/turtlesim/local/lib/python3.10/dist-packages/turtlesim/action
[13.918s] -- Installing: /home/ubuntu/ros2_ws/install/turtlesim/local/lib/python3.10/dist-packages/turtlesim/action/__init__.py
[13.918s] -- Installing: /home/ubuntu/ros2_ws/install/turtlesim/local/lib/python3.10/dist-packages/turtlesim/action/_rotate_absolute_s.c
[13.919s] -- Installing: /home/ubuntu/ros2_ws/install/turtlesim/local/lib/python3.10/dist-packages/turtlesim/action/_rotate_absolute.py
[13.944s] Listing '/home/ubuntu/ros2_ws/install/turtlesim/local/lib/python3.10/dist-packages/turtlesim'...
[13.944s] Compiling '/home/ubuntu/ros2_ws/install/turtlesim/local/lib/python3.10/dist-packages/turtlesim/__init__.py'...
[13.944s] Listing '/home/ubuntu/ros2_ws/install/turtlesim/local/lib/python3.10/dist-packages/turtlesim/action'...
[13.944s] Compiling '/home/ubuntu/ros2_ws/install/turtlesim/local/lib/python3.10/dist-packages/turtlesim/action/__init__.py'...
[13.944s] Compiling '/home/ubuntu/ros2_ws/install/turtlesim/local/lib/python3.10/dist-packages/turtlesim/action/_rotate_absolute.py'...
[13.945s] Listing '/home/ubuntu/ros2_ws/install/turtlesim/local/lib/python3.10/dist-packages/turtlesim/msg'...
[13.945s] Compiling '/home/ubuntu/ros2_ws/install/turtlesim/local/lib/python3.10/dist-packages/turtlesim/msg/__init__.py'...
[13.945s] Compiling '/home/ubuntu/ros2_ws/install/turtlesim/local/lib/python3.10/dist-packages/turtlesim/msg/_color.py'...
[13.945s] Compiling '/home/ubuntu/ros2_ws/install/turtlesim/local/lib/python3.10/dist-packages/turtlesim/msg/_pose.py'...
[13.945s] Listing '/home/ubuntu/ros2_ws/install/turtlesim/local/lib/python3.10/dist-packages/turtlesim/srv'...
[13.945s] Compiling '/home/ubuntu/ros2_ws/install/turtlesim/local/lib/python3.10/dist-packages/turtlesim/srv/__init__.py'...
[13.945s] Compiling '/home/ubuntu/ros2_ws/install/turtlesim/local/lib/python3.10/dist-packages/turtlesim/srv/_kill.py'...
[13.945s] Compiling '/home/ubuntu/ros2_ws/install/turtlesim/local/lib/python3.10/dist-packages/turtlesim/srv/_set_pen.py'...
[13.945s] Compiling '/home/ubuntu/ros2_ws/install/turtlesim/local/lib/python3.10/dist-packages/turtlesim/srv/_spawn.py'...
[13.945s] Compiling '/home/ubuntu/ros2_ws/install/turtlesim/local/lib/python3.10/dist-packages/turtlesim/srv/_teleport_absolute.py'...
[13.945s] Compiling '/home/ubuntu/ros2_ws/install/turtlesim/local/lib/python3.10/dist-packages/turtlesim/srv/_teleport_relative.py'...
[13.947s] -- Installing: /home/ubuntu/ros2_ws/install/turtlesim/local/lib/python3.10/dist-packages/turtlesim/turtlesim_s__rosidl_typesupport_fastrtps_c.cpython-310-x86_64-linux-gnu.so
[13.947s] -- Set runtime path of "/home/ubuntu/ros2_ws/install/turtlesim/local/lib/python3.10/dist-packages/turtlesim/turtlesim_s__rosidl_typesupport_fastrtps_c.cpython-310-x86_64-linux-gnu.so" to ""
[13.947s] -- Installing: /home/ubuntu/ros2_ws/install/turtlesim/local/lib/python3.10/dist-packages/turtlesim/turtlesim_s__rosidl_typesupport_introspection_c.cpython-310-x86_64-linux-gnu.so
[13.948s] -- Set runtime path of "/home/ubuntu/ros2_ws/install/turtlesim/local/lib/python3.10/dist-packages/turtlesim/turtlesim_s__rosidl_typesupport_introspection_c.cpython-310-x86_64-linux-gnu.so" to ""
[13.948s] -- Installing: /home/ubuntu/ros2_ws/install/turtlesim/local/lib/python3.10/dist-packages/turtlesim/turtlesim_s__rosidl_typesupport_c.cpython-310-x86_64-linux-gnu.so
[13.948s] -- Set runtime path of "/home/ubuntu/ros2_ws/install/turtlesim/local/lib/python3.10/dist-packages/turtlesim/turtlesim_s__rosidl_typesupport_c.cpython-310-x86_64-linux-gnu.so" to ""
[13.948s] -- Installing: /home/ubuntu/ros2_ws/install/turtlesim/lib/libturtlesim__rosidl_generator_py.so
[13.948s] -- Set runtime path of "/home/ubuntu/ros2_ws/install/turtlesim/lib/libturtlesim__rosidl_generator_py.so" to ""
[13.948s] -- Installing: /home/ubuntu/ros2_ws/install/turtlesim/share/turtlesim/action/RotateAbsolute.idl
[13.948s] -- Installing: /home/ubuntu/ros2_ws/install/turtlesim/share/turtlesim/msg/Color.idl
[13.948s] -- Installing: /home/ubuntu/ros2_ws/install/turtlesim/share/turtlesim/msg/Pose.idl
[13.948s] -- Installing: /home/ubuntu/ros2_ws/install/turtlesim/share/turtlesim/srv/Kill.idl
[13.948s] -- Installing: /home/ubuntu/ros2_ws/install/turtlesim/share/turtlesim/srv/SetPen.idl
[13.948s] -- Installing: /home/ubuntu/ros2_ws/install/turtlesim/share/turtlesim/srv/Spawn.idl
[13.948s] -- Installing: /home/ubuntu/ros2_ws/install/turtlesim/share/turtlesim/srv/TeleportAbsolute.idl
[13.948s] -- Installing: /home/ubuntu/ros2_ws/install/turtlesim/share/turtlesim/srv/TeleportRelative.idl
[13.948s] -- Installing: /home/ubuntu/ros2_ws/install/turtlesim/share/turtlesim/action/RotateAbsolute.action
[13.948s] -- Installing: /home/ubuntu/ros2_ws/install/turtlesim/share/turtlesim/msg/Color.msg
[13.948s] -- Installing: /home/ubuntu/ros2_ws/install/turtlesim/share/turtlesim/msg/Pose.msg
[13.948s] -- Installing: /home/ubuntu/ros2_ws/install/turtlesim/share/turtlesim/srv/Kill.srv
[13.949s] -- Installing: /home/ubuntu/ros2_ws/install/turtlesim/share/turtlesim/srv/Kill_Request.msg
[13.949s] -- Installing: /home/ubuntu/ros2_ws/install/turtlesim/share/turtlesim/srv/Kill_Response.msg
[13.949s] -- Installing: /home/ubuntu/ros2_ws/install/turtlesim/share/turtlesim/srv/SetPen.srv
[13.949s] -- Installing: /home/ubuntu/ros2_ws/install/turtlesim/share/turtlesim/srv/SetPen_Request.msg
[13.949s] -- Installing: /home/ubuntu/ros2_ws/install/turtlesim/share/turtlesim/srv/SetPen_Response.msg
[13.949s] -- Installing: /home/ubuntu/ros2_ws/install/turtlesim/share/turtlesim/srv/Spawn.srv
[13.949s] -- Installing: /home/ubuntu/ros2_ws/install/turtlesim/share/turtlesim/srv/Spawn_Request.msg
[13.949s] -- Installing: /home/ubuntu/ros2_ws/install/turtlesim/share/turtlesim/srv/Spawn_Response.msg
[13.949s] -- Installing: /home/ubuntu/ros2_ws/install/turtlesim/share/turtlesim/srv/TeleportAbsolute.srv
[13.949s] -- Installing: /home/ubuntu/ros2_ws/install/turtlesim/share/turtlesim/srv/TeleportAbsolute_Request.msg
[13.949s] -- Installing: /home/ubuntu/ros2_ws/install/turtlesim/share/turtlesim/srv/TeleportAbsolute_Response.msg
[13.949s] -- Installing: /home/ubuntu/ros2_ws/install/turtlesim/share/turtlesim/srv/TeleportRelative.srv
[13.949s] -- Installing: /home/ubuntu/ros2_ws/install/turtlesim/share/turtlesim/srv/TeleportRelative_Request.msg
[13.949s] -- Installing: /home/ubuntu/ros2_ws/install/turtlesim/share/turtlesim/srv/TeleportRelative_Response.msg
[13.949s] -- Installing: /home/ubuntu/ros2_ws/install/turtlesim/lib/turtlesim/turtlesim_node
[13.954s] -- Set runtime path of "/home/ubuntu/ros2_ws/install/turtlesim/lib/turtlesim/turtlesim_node" to ""
[13.954s] -- Installing: /home/ubuntu/ros2_ws/install/turtlesim/lib/turtlesim/turtle_teleop_key
[13.955s] -- Set runtime path of "/home/ubuntu/ros2_ws/install/turtlesim/lib/turtlesim/turtle_teleop_key" to ""
[13.955s] -- Installing: /home/ubuntu/ros2_ws/install/turtlesim/lib/turtlesim/draw_square
[13.958s] -- Set runtime path of "/home/ubuntu/ros2_ws/install/turtlesim/lib/turtlesim/draw_square" to ""
[13.958s] -- Installing: /home/ubuntu/ros2_ws/install/turtlesim/lib/turtlesim/mimic
[13.960s] -- Set runtime path of "/home/ubuntu/ros2_ws/install/turtlesim/lib/turtlesim/mimic" to ""
[13.961s] -- Installing: /home/ubuntu/ros2_ws/install/turtlesim/share/turtlesim/images
[13.961s] -- Installing: /home/ubuntu/ros2_ws/install/turtlesim/share/turtlesim/images/eloquent.png
[13.961s] -- Installing: /home/ubuntu/ros2_ws/install/turtlesim/share/turtlesim/images/dashing.png
[13.961s] -- Installing: /home/ubuntu/ros2_ws/install/turtlesim/share/turtlesim/images/bouncy.png
[13.961s] -- Installing: /home/ubuntu/ros2_ws/install/turtlesim/share/turtlesim/images/crystal.png
[13.961s] -- Installing: /home/ubuntu/ros2_ws/install/turtlesim/share/turtlesim/images/foxy.png
[13.961s] -- Installing: /home/ubuntu/ros2_ws/install/turtlesim/share/turtlesim/images/humble.png
[13.961s] -- Installing: /home/ubuntu/ros2_ws/install/turtlesim/share/turtlesim/images/ardent.png
[13.961s] -- Installing: /home/ubuntu/ros2_ws/install/turtlesim/share/turtlesim/images/galactic.png
[13.961s] -- Installing: /home/ubuntu/ros2_ws/install/turtlesim/share/turtlesim/images/rolling.png
[13.961s] -- Installing: /home/ubuntu/ros2_ws/install/turtlesim/share/turtlesim/launch
[13.961s] -- Installing: /home/ubuntu/ros2_ws/install/turtlesim/share/turtlesim/launch/multisim.launch.py
[13.961s] -- Installing: /home/ubuntu/ros2_ws/install/turtlesim/share/ament_index/resource_index/package_run_dependencies/turtlesim
[13.961s] -- Installing: /home/ubuntu/ros2_ws/install/turtlesim/share/ament_index/resource_index/parent_prefix_path/turtlesim
[13.962s] -- Installing: /home/ubuntu/ros2_ws/install/turtlesim/share/turtlesim/environment/ament_prefix_path.sh
[13.962s] -- Installing: /home/ubuntu/ros2_ws/install/turtlesim/share/turtlesim/environment/ament_prefix_path.dsv
[13.962s] -- Installing: /home/ubuntu/ros2_ws/install/turtlesim/share/turtlesim/environment/path.sh
[13.962s] -- Installing: /home/ubuntu/ros2_ws/install/turtlesim/share/turtlesim/environment/path.dsv
[13.962s] -- Installing: /home/ubuntu/ros2_ws/install/turtlesim/share/turtlesim/local_setup.bash
[13.962s] -- Installing: /home/ubuntu/ros2_ws/install/turtlesim/share/turtlesim/local_setup.sh
[13.962s] -- Installing: /home/ubuntu/ros2_ws/install/turtlesim/share/turtlesim/local_setup.zsh
[13.962s] -- Installing: /home/ubuntu/ros2_ws/install/turtlesim/share/turtlesim/local_setup.dsv
[13.962s] -- Installing: /home/ubuntu/ros2_ws/install/turtlesim/share/turtlesim/package.dsv
[13.962s] -- Installing: /home/ubuntu/ros2_ws/install/turtlesim/share/ament_index/resource_index/packages/turtlesim
[13.962s] -- Installing: /home/ubuntu/ros2_ws/install/turtlesim/share/turtlesim/cmake/export_turtlesim__rosidl_generator_cExport.cmake
[13.962s] -- Installing: /home/ubuntu/ros2_ws/install/turtlesim/share/turtlesim/cmake/export_turtlesim__rosidl_generator_cExport-noconfig.cmake
[13.962s] -- Installing: /home/ubuntu/ros2_ws/install/turtlesim/share/turtlesim/cmake/export_turtlesim__rosidl_typesupport_fastrtps_cExport.cmake
[13.962s] -- Installing: /home/ubuntu/ros2_ws/install/turtlesim/share/turtlesim/cmake/export_turtlesim__rosidl_typesupport_fastrtps_cExport-noconfig.cmake
[13.962s] -- Installing: /home/ubuntu/ros2_ws/install/turtlesim/share/turtlesim/cmake/export_turtlesim__rosidl_generator_cppExport.cmake
[13.962s] -- Installing: /home/ubuntu/ros2_ws/install/turtlesim/share/turtlesim/cmake/export_turtlesim__rosidl_typesupport_fastrtps_cppExport.cmake
[13.963s] -- Installing: /home/ubuntu/ros2_ws/install/turtlesim/share/turtlesim/cmake/export_turtlesim__rosidl_typesupport_fastrtps_cppExport-noconfig.cmake
[13.963s] -- Installing: /home/ubuntu/ros2_ws/install/turtlesim/share/turtlesim/cmake/turtlesim__rosidl_typesupport_introspection_cExport.cmake
[13.963s] -- Installing: /home/ubuntu/ros2_ws/install/turtlesim/share/turtlesim/cmake/turtlesim__rosidl_typesupport_introspection_cExport-noconfig.cmake
[13.963s] -- Installing: /home/ubuntu/ros2_ws/install/turtlesim/share/turtlesim/cmake/turtlesim__rosidl_typesupport_cExport.cmake
[13.963s] -- Installing: /home/ubuntu/ros2_ws/install/turtlesim/share/turtlesim/cmake/turtlesim__rosidl_typesupport_cExport-noconfig.cmake
[13.963s] -- Installing: /home/ubuntu/ros2_ws/install/turtlesim/share/turtlesim/cmake/turtlesim__rosidl_typesupport_introspection_cppExport.cmake
[13.963s] -- Installing: /home/ubuntu/ros2_ws/install/turtlesim/share/turtlesim/cmake/turtlesim__rosidl_typesupport_introspection_cppExport-noconfig.cmake
[13.963s] -- Installing: /home/ubuntu/ros2_ws/install/turtlesim/share/turtlesim/cmake/turtlesim__rosidl_typesupport_cppExport.cmake
[13.963s] -- Installing: /home/ubuntu/ros2_ws/install/turtlesim/share/turtlesim/cmake/turtlesim__rosidl_typesupport_cppExport-noconfig.cmake
[13.963s] -- Installing: /home/ubuntu/ros2_ws/install/turtlesim/share/turtlesim/cmake/export_turtlesim__rosidl_generator_pyExport.cmake
[13.963s] -- Installing: /home/ubuntu/ros2_ws/install/turtlesim/share/turtlesim/cmake/export_turtlesim__rosidl_generator_pyExport-noconfig.cmake
[13.963s] -- Installing: /home/ubuntu/ros2_ws/install/turtlesim/share/turtlesim/cmake/rosidl_cmake-extras.cmake
[13.963s] -- Installing: /home/ubuntu/ros2_ws/install/turtlesim/share/turtlesim/cmake/ament_cmake_export_dependencies-extras.cmake
[13.963s] -- Installing: /home/ubuntu/ros2_ws/install/turtlesim/share/turtlesim/cmake/ament_cmake_export_include_directories-extras.cmake
[13.963s] -- Installing: /home/ubuntu/ros2_ws/install/turtlesim/share/turtlesim/cmake/ament_cmake_export_libraries-extras.cmake
[13.963s] -- Installing: /home/ubuntu/ros2_ws/install/turtlesim/share/turtlesim/cmake/ament_cmake_export_targets-extras.cmake
[13.963s] -- Installing: /home/ubuntu/ros2_ws/install/turtlesim/share/turtlesim/cmake/rosidl_cmake_export_typesupport_targets-extras.cmake
[13.963s] -- Installing: /home/ubuntu/ros2_ws/install/turtlesim/share/turtlesim/cmake/rosidl_cmake_export_typesupport_libraries-extras.cmake
[13.963s] -- Installing: /home/ubuntu/ros2_ws/install/turtlesim/share/turtlesim/cmake/turtlesimConfig.cmake
[13.963s] -- Installing: /home/ubuntu/ros2_ws/install/turtlesim/share/turtlesim/cmake/turtlesimConfig-version.cmake
[13.963s] -- Installing: /home/ubuntu/ros2_ws/install/turtlesim/share/turtlesim/package.xml
[13.965s] Invoked command in '/home/ubuntu/ros2_ws/build/turtlesim' returned '0': CMAKE_PREFIX_PATH=/opt/ros/humble /usr/bin/cmake --install /home/ubuntu/ros2_ws/build/turtlesim
