[0.354s] Invoking command in '/home/ubuntu/ros2_ws/src/rob599hw_2': CMAKE_PREFIX_PATH=/home/ubuntu/ros2_ws/src/install/rob599_msgs:/home/ubuntu/ros2_ws/src/install/turtlesim LD_LIBRARY_PATH=/home/ubuntu/ros2_ws/src/install/rob599_msgs/lib:${LD_LIBRARY_PATH} PYTHONPATH=/home/ubuntu/ros2_ws/src/build/rob599hw_2/prefix_override:/home/ubuntu/ros2_ws/src/install/rob599hw_2/lib/python3.10/site-packages:/home/ubuntu/ros2_ws/src/install/rob599_msgs/local/lib/python3.10/dist-packages:${PYTHONPATH} /usr/bin/python3 setup.py egg_info --egg-base ../build/rob599hw_2 build --build-base /home/ubuntu/ros2_ws/src/build/rob599hw_2/build install --record /home/ubuntu/ros2_ws/src/build/rob599hw_2/install.log --single-version-externally-managed
[0.471s] running egg_info
[0.471s] writing ../build/rob599hw_2/rob599hw_2.egg-info/PKG-INFO
[0.471s] writing dependency_links to ../build/rob599hw_2/rob599hw_2.egg-info/dependency_links.txt
[0.471s] writing entry points to ../build/rob599hw_2/rob599hw_2.egg-info/entry_points.txt
[0.471s] writing requirements to ../build/rob599hw_2/rob599hw_2.egg-info/requires.txt
[0.471s] writing top-level names to ../build/rob599hw_2/rob599hw_2.egg-info/top_level.txt
[0.472s] reading manifest file '../build/rob599hw_2/rob599hw_2.egg-info/SOURCES.txt'
[0.472s] adding license file 'LICENSE'
[0.472s] writing manifest file '../build/rob599hw_2/rob599hw_2.egg-info/SOURCES.txt'
[0.472s] running build
[0.472s] running build_py
[0.473s] /usr/lib/python3/dist-packages/setuptools/command/install.py:34: SetuptoolsDeprecationWarning: setup.py install is deprecated. Use build and pip and other standards-based tools.
[0.473s]   warnings.warn(
[0.473s] running install
[0.473s] running install_lib
[0.474s] running install_data
[0.474s] copying package.xml -> /home/ubuntu/ros2_ws/src/install/rob599hw_2/share/rob599hw_2
[0.474s] running install_egg_info
[0.475s] removing '/home/ubuntu/ros2_ws/src/install/rob599hw_2/lib/python3.10/site-packages/rob599hw_2-0.0.0-py3.10.egg-info' (and everything under it)
[0.475s] Copying ../build/rob599hw_2/rob599hw_2.egg-info to /home/ubuntu/ros2_ws/src/install/rob599hw_2/lib/python3.10/site-packages/rob599hw_2-0.0.0-py3.10.egg-info
[0.475s] running install_scripts
[0.488s] Installing check_twist script to /home/ubuntu/ros2_ws/src/install/rob599hw_2/lib/rob599hw_2
[0.488s] Installing rotation_limiter script to /home/ubuntu/ros2_ws/src/install/rob599hw_2/lib/rob599hw_2
[0.488s] Installing twist_generator script to /home/ubuntu/ros2_ws/src/install/rob599hw_2/lib/rob599hw_2
[0.488s] writing list of installed files to '/home/ubuntu/ros2_ws/src/build/rob599hw_2/install.log'
[0.503s] Invoked command in '/home/ubuntu/ros2_ws/src/rob599hw_2' returned '0': CMAKE_PREFIX_PATH=/home/ubuntu/ros2_ws/src/install/rob599_msgs:/home/ubuntu/ros2_ws/src/install/turtlesim LD_LIBRARY_PATH=/home/ubuntu/ros2_ws/src/install/rob599_msgs/lib:${LD_LIBRARY_PATH} PYTHONPATH=/home/ubuntu/ros2_ws/src/build/rob599hw_2/prefix_override:/home/ubuntu/ros2_ws/src/install/rob599hw_2/lib/python3.10/site-packages:/home/ubuntu/ros2_ws/src/install/rob599_msgs/local/lib/python3.10/dist-packages:${PYTHONPATH} /usr/bin/python3 setup.py egg_info --egg-base ../build/rob599hw_2 build --build-base /home/ubuntu/ros2_ws/src/build/rob599hw_2/build install --record /home/ubuntu/ros2_ws/src/build/rob599hw_2/install.log --single-version-externally-managed
