[0.171s] Invoking command in '/home/ubuntu/ros2_ws/src/build/turtlesim': CMAKE_PREFIX_PATH=/opt/ros/humble /usr/bin/cmake /home/ubuntu/ros2_ws/src/ros_tutorials/turtlesim -DCMAKE_INSTALL_PREFIX=/home/ubuntu/ros2_ws/src/install/turtlesim
[0.459s] -- The C compiler identification is GNU 11.4.0
[0.668s] -- The CXX compiler identification is GNU 11.4.0
[0.678s] -- Detecting C compiler ABI info
[0.728s] -- Detecting C compiler ABI info - done
[0.732s] -- Check for working C compiler: /usr/bin/cc - skipped
[0.732s] -- Detecting C compile features
[0.733s] -- Detecting C compile features - done
[0.736s] -- Detecting CXX compiler ABI info
[0.785s] -- Detecting CXX compiler ABI info - done
[0.788s] -- Check for working CXX compiler: /usr/bin/c++ - skipped
[0.788s] -- Detecting CXX compile features
[0.789s] -- Detecting CXX compile features - done
[0.800s] -- Found ament_cmake: 1.3.7 (/opt/ros/humble/share/ament_cmake/cmake)
[0.904s] -- Found Python3: /usr/bin/python3.10 (found version "3.10.12") found components: Interpreter 
[0.987s] -- Found ament_index_cpp: 1.4.0 (/opt/ros/humble/share/ament_index_cpp/cmake)
[0.991s] -- Found geometry_msgs: 4.2.3 (/opt/ros/humble/share/geometry_msgs/cmake)
[1.039s] -- Found rosidl_generator_c: 3.1.5 (/opt/ros/humble/share/rosidl_generator_c/cmake)
[1.045s] -- Found rosidl_adapter: 3.1.5 (/opt/ros/humble/share/rosidl_adapter/cmake)
[1.055s] -- Found rosidl_generator_cpp: 3.1.5 (/opt/ros/humble/share/rosidl_generator_cpp/cmake)
[1.070s] -- Using all available rosidl_typesupport_c: rosidl_typesupport_fastrtps_c;rosidl_typesupport_introspection_c
[1.089s] -- Using all available rosidl_typesupport_cpp: rosidl_typesupport_fastrtps_cpp;rosidl_typesupport_introspection_cpp
[1.213s] -- Found rclcpp: 16.0.8 (/opt/ros/humble/share/rclcpp/cmake)
[1.266s] -- Found rmw_implementation_cmake: 6.1.1 (/opt/ros/humble/share/rmw_implementation_cmake/cmake)
[1.269s] -- Found rmw_fastrtps_cpp: 6.2.6 (/opt/ros/humble/share/rmw_fastrtps_cpp/cmake)
[1.354s] -- Found OpenSSL: /usr/lib/x86_64-linux-gnu/libcrypto.so (found version "3.0.2")  
[1.374s] -- Found FastRTPS: /opt/ros/humble/include  
[1.407s] -- Using RMW implementation 'rmw_fastrtps_cpp' as default
[1.418s] -- Looking for pthread.h
[1.491s] -- Looking for pthread.h - found
[1.491s] -- Performing Test CMAKE_HAVE_LIBC_PTHREAD
[1.557s] -- Performing Test CMAKE_HAVE_LIBC_PTHREAD - Success
[1.558s] -- Found Threads: TRUE  
[1.652s] -- Found rclcpp_action: 16.0.8 (/opt/ros/humble/share/rclcpp_action/cmake)
[1.718s] -- Found rosidl_default_generators: 1.2.0 (/opt/ros/humble/share/rosidl_default_generators/cmake)
[1.726s] -- Found std_srvs: 4.2.3 (/opt/ros/humble/share/std_srvs/cmake)
[1.919s] -- Found ament_cmake_ros: 0.10.0 (/opt/ros/humble/share/ament_cmake_ros/cmake)
[2.158s] -- Using all available rosidl_typesupport_c: rosidl_typesupport_fastrtps_c;rosidl_typesupport_introspection_c
[2.244s] -- Using all available rosidl_typesupport_cpp: rosidl_typesupport_fastrtps_cpp;rosidl_typesupport_introspection_cpp
[2.264s] -- Found PythonInterp: /usr/bin/python3 (found suitable version "3.10.12", minimum required is "3.6") 
[2.265s] -- Found python_cmake_module: 0.10.0 (/opt/ros/humble/share/python_cmake_module/cmake)
[2.283s] -- Found PythonLibs: /usr/lib/x86_64-linux-gnu/libpython3.10.so (found suitable version "3.10.12", minimum required is "3.5") 
[2.283s] -- Using PYTHON_EXECUTABLE: /usr/bin/python3
[2.283s] -- Using PYTHON_INCLUDE_DIRS: /usr/include/python3.10
[2.283s] -- Using PYTHON_LIBRARIES: /usr/lib/x86_64-linux-gnu/libpython3.10.so
[2.294s] -- Found PythonExtra: .so  
[2.334s] -- Configuring done
[2.373s] -- Generating done
[2.374s] -- Build files have been written to: /home/ubuntu/ros2_ws/src/build/turtlesim
[2.381s] Invoked command in '/home/ubuntu/ros2_ws/src/build/turtlesim' returned '0': CMAKE_PREFIX_PATH=/opt/ros/humble /usr/bin/cmake /home/ubuntu/ros2_ws/src/ros_tutorials/turtlesim -DCMAKE_INSTALL_PREFIX=/home/ubuntu/ros2_ws/src/install/turtlesim
[2.382s] Invoking command in '/home/ubuntu/ros2_ws/src/build/turtlesim': CMAKE_PREFIX_PATH=/opt/ros/humble /usr/bin/cmake --build /home/ubuntu/ros2_ws/src/build/turtlesim -- -j16 -l16
[2.406s] [  1%] [34m[1mGenerating C code for ROS interfaces[0m
[2.414s] [  2%] [34m[1mGenerating C++ code for ROS interfaces[0m
[2.419s] [  2%] Built target ament_cmake_python_copy_turtlesim
[2.550s] running egg_info
[2.550s] creating turtlesim.egg-info
[2.550s] writing turtlesim.egg-info/PKG-INFO
[2.550s] writing dependency_links to turtlesim.egg-info/dependency_links.txt
[2.550s] writing top-level names to turtlesim.egg-info/top_level.txt
[2.551s] writing manifest file 'turtlesim.egg-info/SOURCES.txt'
[2.552s] reading manifest file 'turtlesim.egg-info/SOURCES.txt'
[2.552s] writing manifest file 'turtlesim.egg-info/SOURCES.txt'
[2.568s] [  2%] Built target ament_cmake_python_build_turtlesim_egg
[2.832s] [  2%] Built target turtlesim__cpp
[2.842s] [  5%] [34m[1mGenerating C++ type support dispatch for ROS interfaces[0m
[2.842s] [  5%] [34m[1mGenerating C++ introspection for ROS interfaces[0m
[2.842s] [  5%] [34m[1mGenerating C++ type support for eProsima Fast-RTPS[0m
[2.859s] [  6%] [32mBuilding C object CMakeFiles/turtlesim__rosidl_generator_c.dir/rosidl_generator_c/turtlesim/action/detail/rotate_absolute__functions.c.o[0m
[2.862s] [  7%] [32mBuilding C object CMakeFiles/turtlesim__rosidl_generator_c.dir/rosidl_generator_c/turtlesim/srv/detail/set_pen__functions.c.o[0m
[2.862s] [ 11%] [32mBuilding C object CMakeFiles/turtlesim__rosidl_generator_c.dir/rosidl_generator_c/turtlesim/srv/detail/spawn__functions.c.o[0m
[2.862s] [ 11%] [32mBuilding C object CMakeFiles/turtlesim__rosidl_generator_c.dir/rosidl_generator_c/turtlesim/msg/detail/pose__functions.c.o[0m
[2.862s] [ 11%] [32mBuilding C object CMakeFiles/turtlesim__rosidl_generator_c.dir/rosidl_generator_c/turtlesim/srv/detail/kill__functions.c.o[0m
[2.862s] [ 11%] [32mBuilding C object CMakeFiles/turtlesim__rosidl_generator_c.dir/rosidl_generator_c/turtlesim/msg/detail/color__functions.c.o[0m
[2.862s] [ 13%] [32mBuilding C object CMakeFiles/turtlesim__rosidl_generator_c.dir/rosidl_generator_c/turtlesim/srv/detail/teleport_absolute__functions.c.o[0m
[2.862s] [ 13%] [32mBuilding C object CMakeFiles/turtlesim__rosidl_generator_c.dir/rosidl_generator_c/turtlesim/srv/detail/teleport_relative__functions.c.o[0m
[2.968s] [ 14%] [32m[1mLinking C shared library libturtlesim__rosidl_generator_c.so[0m
[2.993s] [ 14%] Built target turtlesim__rosidl_generator_c
[2.999s] [ 15%] [34m[1mGenerating C introspection for ROS interfaces[0m
[3.002s] [ 17%] [34m[1mGenerating C type support for eProsima Fast-RTPS[0m
[3.002s] [ 17%] [34m[1mGenerating C type support dispatch for ROS interfaces[0m
[3.122s] [ 18%] [32mBuilding CXX object CMakeFiles/turtlesim__rosidl_typesupport_cpp.dir/rosidl_typesupport_cpp/turtlesim/msg/pose__type_support.cpp.o[0m
[3.122s] [ 19%] [32mBuilding CXX object CMakeFiles/turtlesim__rosidl_typesupport_cpp.dir/rosidl_typesupport_cpp/turtlesim/action/rotate_absolute__type_support.cpp.o[0m
[3.124s] [ 20%] [32mBuilding CXX object CMakeFiles/turtlesim__rosidl_typesupport_cpp.dir/rosidl_typesupport_cpp/turtlesim/msg/color__type_support.cpp.o[0m
[3.124s] [ 22%] [32mBuilding CXX object CMakeFiles/turtlesim__rosidl_typesupport_cpp.dir/rosidl_typesupport_cpp/turtlesim/srv/kill__type_support.cpp.o[0m
[3.124s] [ 22%] [32mBuilding CXX object CMakeFiles/turtlesim__rosidl_typesupport_cpp.dir/rosidl_typesupport_cpp/turtlesim/srv/teleport_relative__type_support.cpp.o[0m
[3.124s] [ 23%] [32mBuilding CXX object CMakeFiles/turtlesim__rosidl_typesupport_cpp.dir/rosidl_typesupport_cpp/turtlesim/srv/spawn__type_support.cpp.o[0m
[3.125s] [ 25%] [32mBuilding CXX object CMakeFiles/turtlesim__rosidl_typesupport_cpp.dir/rosidl_typesupport_cpp/turtlesim/srv/teleport_absolute__type_support.cpp.o[0m
[3.125s] [ 25%] [32mBuilding CXX object CMakeFiles/turtlesim__rosidl_typesupport_cpp.dir/rosidl_typesupport_cpp/turtlesim/srv/set_pen__type_support.cpp.o[0m
[3.228s] [ 26%] [32mBuilding CXX object CMakeFiles/turtlesim__rosidl_typesupport_introspection_cpp.dir/rosidl_typesupport_introspection_cpp/turtlesim/action/detail/rotate_absolute__type_support.cpp.o[0m
[3.229s] [ 29%] [32mBuilding CXX object CMakeFiles/turtlesim__rosidl_typesupport_introspection_cpp.dir/rosidl_typesupport_introspection_cpp/turtlesim/msg/detail/color__type_support.cpp.o[0m
[3.229s] [ 29%] [32mBuilding CXX object CMakeFiles/turtlesim__rosidl_typesupport_introspection_cpp.dir/rosidl_typesupport_introspection_cpp/turtlesim/msg/detail/pose__type_support.cpp.o[0m
[3.229s] [ 29%] [32mBuilding CXX object CMakeFiles/turtlesim__rosidl_typesupport_introspection_cpp.dir/rosidl_typesupport_introspection_cpp/turtlesim/srv/detail/kill__type_support.cpp.o[0m
[3.408s] [ 30%] [32mBuilding CXX object CMakeFiles/turtlesim__rosidl_typesupport_fastrtps_cpp.dir/rosidl_typesupport_fastrtps_cpp/turtlesim/action/detail/dds_fastrtps/rotate_absolute__type_support.cpp.o[0m
[3.472s] [ 31%] [32mBuilding CXX object CMakeFiles/turtlesim__rosidl_typesupport_c.dir/rosidl_typesupport_c/turtlesim/action/rotate_absolute__type_support.cpp.o[0m
[3.493s] [ 33%] [32mBuilding CXX object CMakeFiles/turtlesim__rosidl_typesupport_c.dir/rosidl_typesupport_c/turtlesim/msg/color__type_support.cpp.o[0m
[3.494s] [ 33%] [32mBuilding CXX object CMakeFiles/turtlesim__rosidl_typesupport_introspection_cpp.dir/rosidl_typesupport_introspection_cpp/turtlesim/srv/detail/set_pen__type_support.cpp.o[0m
[3.506s] [ 34%] [32mBuilding CXX object CMakeFiles/turtlesim__rosidl_typesupport_c.dir/rosidl_typesupport_c/turtlesim/msg/pose__type_support.cpp.o[0m
[3.507s] [ 35%] [32mBuilding CXX object CMakeFiles/turtlesim__rosidl_typesupport_introspection_cpp.dir/rosidl_typesupport_introspection_cpp/turtlesim/srv/detail/spawn__type_support.cpp.o[0m
[3.511s] [ 37%] [32mBuilding CXX object CMakeFiles/turtlesim__rosidl_typesupport_introspection_cpp.dir/rosidl_typesupport_introspection_cpp/turtlesim/srv/detail/teleport_absolute__type_support.cpp.o[0m
[3.511s] [ 37%] [32mBuilding CXX object CMakeFiles/turtlesim__rosidl_typesupport_fastrtps_cpp.dir/rosidl_typesupport_fastrtps_cpp/turtlesim/msg/detail/dds_fastrtps/color__type_support.cpp.o[0m
[3.514s] [ 38%] [32mBuilding CXX object CMakeFiles/turtlesim__rosidl_typesupport_fastrtps_cpp.dir/rosidl_typesupport_fastrtps_cpp/turtlesim/msg/detail/dds_fastrtps/pose__type_support.cpp.o[0m
[3.526s] [ 39%] [32mBuilding CXX object CMakeFiles/turtlesim__rosidl_typesupport_fastrtps_cpp.dir/rosidl_typesupport_fastrtps_cpp/turtlesim/srv/detail/dds_fastrtps/kill__type_support.cpp.o[0m
[3.529s] [ 40%] [32mBuilding CXX object CMakeFiles/turtlesim__rosidl_typesupport_c.dir/rosidl_typesupport_c/turtlesim/srv/kill__type_support.cpp.o[0m
[3.538s] [ 41%] [32mBuilding CXX object CMakeFiles/turtlesim__rosidl_typesupport_c.dir/rosidl_typesupport_c/turtlesim/srv/set_pen__type_support.cpp.o[0m
[3.562s] [ 42%] [32mBuilding CXX object CMakeFiles/turtlesim__rosidl_typesupport_c.dir/rosidl_typesupport_c/turtlesim/srv/spawn__type_support.cpp.o[0m
[3.571s] [ 43%] [32mBuilding CXX object CMakeFiles/turtlesim__rosidl_typesupport_c.dir/rosidl_typesupport_c/turtlesim/srv/teleport_absolute__type_support.cpp.o[0m
[3.602s] [ 44%] [32mBuilding CXX object CMakeFiles/turtlesim__rosidl_typesupport_c.dir/rosidl_typesupport_c/turtlesim/srv/teleport_relative__type_support.cpp.o[0m
[3.611s] [ 45%] [32mBuilding CXX object CMakeFiles/turtlesim__rosidl_typesupport_fastrtps_cpp.dir/rosidl_typesupport_fastrtps_cpp/turtlesim/srv/detail/dds_fastrtps/set_pen__type_support.cpp.o[0m
[3.626s] [ 46%] [32mBuilding CXX object CMakeFiles/turtlesim__rosidl_typesupport_introspection_cpp.dir/rosidl_typesupport_introspection_cpp/turtlesim/srv/detail/teleport_relative__type_support.cpp.o[0m
[3.638s] [ 47%] [32m[1mLinking CXX shared library libturtlesim__rosidl_typesupport_c.so[0m
[3.645s] [ 48%] [32mBuilding CXX object CMakeFiles/turtlesim__rosidl_typesupport_fastrtps_cpp.dir/rosidl_typesupport_fastrtps_cpp/turtlesim/srv/detail/dds_fastrtps/spawn__type_support.cpp.o[0m
[3.691s] [ 48%] Built target turtlesim__rosidl_typesupport_c
[3.700s] [ 49%] [32mBuilding CXX object CMakeFiles/turtlesim__rosidl_typesupport_fastrtps_cpp.dir/rosidl_typesupport_fastrtps_cpp/turtlesim/srv/detail/dds_fastrtps/teleport_absolute__type_support.cpp.o[0m
[3.718s] [ 50%] [32mBuilding CXX object CMakeFiles/turtlesim__rosidl_typesupport_fastrtps_cpp.dir/rosidl_typesupport_fastrtps_cpp/turtlesim/srv/detail/dds_fastrtps/teleport_relative__type_support.cpp.o[0m
[3.729s] [ 51%] [32mBuilding C object CMakeFiles/turtlesim__rosidl_typesupport_introspection_c.dir/rosidl_typesupport_introspection_c/turtlesim/action/detail/rotate_absolute__type_support.c.o[0m
[3.744s] [ 52%] [32mBuilding CXX object CMakeFiles/turtlesim__rosidl_typesupport_fastrtps_c.dir/rosidl_typesupport_fastrtps_c/turtlesim/action/detail/rotate_absolute__type_support_c.cpp.o[0m
[3.782s] [ 53%] [32mBuilding C object CMakeFiles/turtlesim__rosidl_typesupport_introspection_c.dir/rosidl_typesupport_introspection_c/turtlesim/msg/detail/color__type_support.c.o[0m
[3.803s] [ 54%] [32m[1mLinking CXX shared library libturtlesim__rosidl_typesupport_cpp.so[0m
[3.811s] [ 55%] [32mBuilding C object CMakeFiles/turtlesim__rosidl_typesupport_introspection_c.dir/rosidl_typesupport_introspection_c/turtlesim/msg/detail/pose__type_support.c.o[0m
[3.825s] [ 56%] [32mBuilding CXX object CMakeFiles/turtlesim__rosidl_typesupport_fastrtps_c.dir/rosidl_typesupport_fastrtps_c/turtlesim/msg/detail/color__type_support_c.cpp.o[0m
[3.857s] [ 57%] [32mBuilding C object CMakeFiles/turtlesim__rosidl_typesupport_introspection_c.dir/rosidl_typesupport_introspection_c/turtlesim/srv/detail/kill__type_support.c.o[0m
[3.864s] [ 58%] [32mBuilding CXX object CMakeFiles/turtlesim__rosidl_typesupport_fastrtps_c.dir/rosidl_typesupport_fastrtps_c/turtlesim/msg/detail/pose__type_support_c.cpp.o[0m
[3.871s] [ 59%] [32mBuilding C object CMakeFiles/turtlesim__rosidl_typesupport_introspection_c.dir/rosidl_typesupport_introspection_c/turtlesim/srv/detail/set_pen__type_support.c.o[0m
[3.876s] [ 59%] Built target turtlesim__rosidl_typesupport_cpp
[3.895s] [ 60%] [32mBuilding C object CMakeFiles/turtlesim__rosidl_typesupport_introspection_c.dir/rosidl_typesupport_introspection_c/turtlesim/srv/detail/spawn__type_support.c.o[0m
[3.900s] [ 61%] [34m[1mGenerating include/turtlesim/moc_turtle_frame.cpp[0m
[3.909s] [ 62%] [32mBuilding C object CMakeFiles/turtlesim__rosidl_typesupport_introspection_c.dir/rosidl_typesupport_introspection_c/turtlesim/srv/detail/teleport_absolute__type_support.c.o[0m
[3.937s] [ 63%] [32mBuilding C object CMakeFiles/turtlesim__rosidl_typesupport_introspection_c.dir/rosidl_typesupport_introspection_c/turtlesim/srv/detail/teleport_relative__type_support.c.o[0m
[3.945s] [ 64%] [32mBuilding CXX object CMakeFiles/turtlesim__rosidl_typesupport_fastrtps_c.dir/rosidl_typesupport_fastrtps_c/turtlesim/srv/detail/kill__type_support_c.cpp.o[0m
[3.951s] [ 65%] [32mBuilding CXX object CMakeFiles/turtle_teleop_key.dir/tutorials/teleop_turtle_key.cpp.o[0m
[3.959s] [ 66%] [32mBuilding CXX object CMakeFiles/turtlesim__rosidl_typesupport_fastrtps_c.dir/rosidl_typesupport_fastrtps_c/turtlesim/srv/detail/set_pen__type_support_c.cpp.o[0m
[3.968s] [ 67%] [32mBuilding CXX object CMakeFiles/turtlesim__rosidl_typesupport_fastrtps_c.dir/rosidl_typesupport_fastrtps_c/turtlesim/srv/detail/spawn__type_support_c.cpp.o[0m
[3.975s] [ 68%] [32mBuilding CXX object CMakeFiles/turtlesim__rosidl_typesupport_fastrtps_c.dir/rosidl_typesupport_fastrtps_c/turtlesim/srv/detail/teleport_absolute__type_support_c.cpp.o[0m
[3.976s] [ 70%] [32mBuilding CXX object CMakeFiles/draw_square.dir/tutorials/draw_square.cpp.o[0m
[3.976s] [ 70%] [32m[1mLinking C shared library libturtlesim__rosidl_typesupport_introspection_c.so[0m
[4.031s] [ 70%] Built target turtlesim__rosidl_typesupport_introspection_c
[4.060s] [ 71%] [32mBuilding CXX object CMakeFiles/turtlesim_node.dir/src/turtlesim.cpp.o[0m
[4.067s] [ 72%] [32mBuilding CXX object CMakeFiles/mimic.dir/tutorials/mimic.cpp.o[0m
[4.067s] [ 73%] [32m[1mLinking CXX shared library libturtlesim__rosidl_typesupport_introspection_cpp.so[0m
[4.077s] [ 74%] [32mBuilding CXX object CMakeFiles/turtlesim_node.dir/src/turtle.cpp.o[0m
[4.085s] [ 75%] [32mBuilding CXX object CMakeFiles/turtlesim__rosidl_typesupport_fastrtps_c.dir/rosidl_typesupport_fastrtps_c/turtlesim/srv/detail/teleport_relative__type_support_c.cpp.o[0m
[4.126s] [ 76%] [32mBuilding CXX object CMakeFiles/turtlesim_node.dir/src/turtle_frame.cpp.o[0m
[4.131s] [ 77%] [32mBuilding CXX object CMakeFiles/turtlesim_node.dir/include/turtlesim/moc_turtle_frame.cpp.o[0m
[4.172s] [ 77%] Built target turtlesim__rosidl_typesupport_introspection_cpp
[4.190s] [ 78%] [32m[1mLinking CXX shared library libturtlesim__rosidl_typesupport_fastrtps_cpp.so[0m
[4.288s] [ 78%] Built target turtlesim__rosidl_typesupport_fastrtps_cpp
[4.360s] [ 79%] [32m[1mLinking CXX shared library libturtlesim__rosidl_typesupport_fastrtps_c.so[0m
[4.406s] [ 79%] Built target turtlesim__rosidl_typesupport_fastrtps_c
[4.416s] [ 79%] Built target turtlesim
[4.427s] [ 80%] [34m[1mGenerating Python code for ROS interfaces[0m
[5.995s] [ 80%] Built target turtlesim__py
[6.016s] [ 84%] [32mBuilding C object CMakeFiles/turtlesim__rosidl_generator_py.dir/rosidl_generator_py/turtlesim/srv/_set_pen_s.c.o[0m
[6.016s] [ 85%] [32mBuilding C object CMakeFiles/turtlesim__rosidl_generator_py.dir/rosidl_generator_py/turtlesim/srv/_kill_s.c.o[0m
[6.016s] [ 85%] [32mBuilding C object CMakeFiles/turtlesim__rosidl_generator_py.dir/rosidl_generator_py/turtlesim/action/_rotate_absolute_s.c.o[0m
[6.016s] [ 85%] [32mBuilding C object CMakeFiles/turtlesim__rosidl_generator_py.dir/rosidl_generator_py/turtlesim/msg/_color_s.c.o[0m
[6.016s] [ 85%] [32mBuilding C object CMakeFiles/turtlesim__rosidl_generator_py.dir/rosidl_generator_py/turtlesim/msg/_pose_s.c.o[0m
[6.017s] [ 88%] [32mBuilding C object CMakeFiles/turtlesim__rosidl_generator_py.dir/rosidl_generator_py/turtlesim/srv/_teleport_relative_s.c.o[0m
[6.017s] [ 88%] [32mBuilding C object CMakeFiles/turtlesim__rosidl_generator_py.dir/rosidl_generator_py/turtlesim/srv/_spawn_s.c.o[0m
[6.017s] [ 88%] [32mBuilding C object CMakeFiles/turtlesim__rosidl_generator_py.dir/rosidl_generator_py/turtlesim/srv/_teleport_absolute_s.c.o[0m
[6.214s] [ 89%] [32m[1mLinking C shared library rosidl_generator_py/turtlesim/libturtlesim__rosidl_generator_py.so[0m
[6.259s] [ 89%] Built target turtlesim__rosidl_generator_py
[6.282s] [ 92%] [32mBuilding C object CMakeFiles/turtlesim__rosidl_typesupport_fastrtps_c__pyext.dir/rosidl_generator_py/turtlesim/_turtlesim_s.ep.rosidl_typesupport_fastrtps_c.c.o[0m
[6.282s] [ 92%] [32mBuilding C object CMakeFiles/turtlesim__rosidl_typesupport_c__pyext.dir/rosidl_generator_py/turtlesim/_turtlesim_s.ep.rosidl_typesupport_c.c.o[0m
[6.282s] [ 92%] [32mBuilding C object CMakeFiles/turtlesim__rosidl_typesupport_introspection_c__pyext.dir/rosidl_generator_py/turtlesim/_turtlesim_s.ep.rosidl_typesupport_introspection_c.c.o[0m
[6.434s] [ 93%] [32m[1mLinking C shared library rosidl_generator_py/turtlesim/turtlesim_s__rosidl_typesupport_fastrtps_c.cpython-310-x86_64-linux-gnu.so[0m
[6.446s] [ 94%] [32m[1mLinking C shared library rosidl_generator_py/turtlesim/turtlesim_s__rosidl_typesupport_c.cpython-310-x86_64-linux-gnu.so[0m
[6.448s] [ 95%] [32m[1mLinking C shared library rosidl_generator_py/turtlesim/turtlesim_s__rosidl_typesupport_introspection_c.cpython-310-x86_64-linux-gnu.so[0m
[6.460s] [ 95%] Built target turtlesim__rosidl_typesupport_fastrtps_c__pyext
[6.487s] [ 95%] Built target turtlesim__rosidl_typesupport_c__pyext
[6.487s] [ 95%] Built target turtlesim__rosidl_typesupport_introspection_c__pyext
[9.765s] [ 96%] [32m[1mLinking CXX executable turtle_teleop_key[0m
[10.059s] [ 96%] Built target turtle_teleop_key
[10.071s] [ 97%] [32m[1mLinking CXX executable draw_square[0m
[10.263s] [ 98%] [32m[1mLinking CXX executable mimic[0m
[10.370s] [ 98%] Built target draw_square
[10.508s] [ 98%] Built target mimic
[12.281s] [100%] [32m[1mLinking CXX executable turtlesim_node[0m
[13.505s] [100%] Built target turtlesim_node
[13.512s] Invoked command in '/home/ubuntu/ros2_ws/src/build/turtlesim' returned '0': CMAKE_PREFIX_PATH=/opt/ros/humble /usr/bin/cmake --build /home/ubuntu/ros2_ws/src/build/turtlesim -- -j16 -l16
[13.751s] Invoking command in '/home/ubuntu/ros2_ws/src/build/turtlesim': CMAKE_PREFIX_PATH=/opt/ros/humble /usr/bin/cmake --install /home/ubuntu/ros2_ws/src/build/turtlesim
[13.760s] -- Install configuration: ""
[13.761s] -- Installing: /home/ubuntu/ros2_ws/src/install/turtlesim/share/ament_index/resource_index/rosidl_interfaces/turtlesim
[13.761s] -- Installing: /home/ubuntu/ros2_ws/src/install/turtlesim/include/turtlesim/turtlesim
[13.761s] -- Installing: /home/ubuntu/ros2_ws/src/install/turtlesim/include/turtlesim/turtlesim/msg
[13.762s] -- Installing: /home/ubuntu/ros2_ws/src/install/turtlesim/include/turtlesim/turtlesim/msg/color.h
[13.762s] -- Installing: /home/ubuntu/ros2_ws/src/install/turtlesim/include/turtlesim/turtlesim/msg/rosidl_generator_c__visibility_control.h
[13.762s] -- Installing: /home/ubuntu/ros2_ws/src/install/turtlesim/include/turtlesim/turtlesim/msg/pose.h
[13.762s] -- Installing: /home/ubuntu/ros2_ws/src/install/turtlesim/include/turtlesim/turtlesim/msg/detail
[13.763s] -- Installing: /home/ubuntu/ros2_ws/src/install/turtlesim/include/turtlesim/turtlesim/msg/detail/pose__functions.c
[13.763s] -- Installing: /home/ubuntu/ros2_ws/src/install/turtlesim/include/turtlesim/turtlesim/msg/detail/color__type_support.h
[13.763s] -- Installing: /home/ubuntu/ros2_ws/src/install/turtlesim/include/turtlesim/turtlesim/msg/detail/pose__functions.h
[13.763s] -- Installing: /home/ubuntu/ros2_ws/src/install/turtlesim/include/turtlesim/turtlesim/msg/detail/color__functions.h
[13.763s] -- Installing: /home/ubuntu/ros2_ws/src/install/turtlesim/include/turtlesim/turtlesim/msg/detail/pose__type_support.h
[13.763s] -- Installing: /home/ubuntu/ros2_ws/src/install/turtlesim/include/turtlesim/turtlesim/msg/detail/color__functions.c
[13.763s] -- Installing: /home/ubuntu/ros2_ws/src/install/turtlesim/include/turtlesim/turtlesim/msg/detail/pose__struct.h
[13.764s] -- Installing: /home/ubuntu/ros2_ws/src/install/turtlesim/include/turtlesim/turtlesim/msg/detail/color__struct.h
[13.764s] -- Installing: /home/ubuntu/ros2_ws/src/install/turtlesim/include/turtlesim/turtlesim/srv
[13.764s] -- Installing: /home/ubuntu/ros2_ws/src/install/turtlesim/include/turtlesim/turtlesim/srv/kill.h
[13.764s] -- Installing: /home/ubuntu/ros2_ws/src/install/turtlesim/include/turtlesim/turtlesim/srv/set_pen.h
[13.764s] -- Installing: /home/ubuntu/ros2_ws/src/install/turtlesim/include/turtlesim/turtlesim/srv/teleport_relative.h
[13.764s] -- Installing: /home/ubuntu/ros2_ws/src/install/turtlesim/include/turtlesim/turtlesim/srv/teleport_absolute.h
[13.764s] -- Installing: /home/ubuntu/ros2_ws/src/install/turtlesim/include/turtlesim/turtlesim/srv/detail
[13.765s] -- Installing: /home/ubuntu/ros2_ws/src/install/turtlesim/include/turtlesim/turtlesim/srv/detail/set_pen__functions.h
[13.765s] -- Installing: /home/ubuntu/ros2_ws/src/install/turtlesim/include/turtlesim/turtlesim/srv/detail/spawn__functions.h
[13.765s] -- Installing: /home/ubuntu/ros2_ws/src/install/turtlesim/include/turtlesim/turtlesim/srv/detail/set_pen__type_support.h
[13.765s] -- Installing: /home/ubuntu/ros2_ws/src/install/turtlesim/include/turtlesim/turtlesim/srv/detail/kill__functions.h
[13.765s] -- Installing: /home/ubuntu/ros2_ws/src/install/turtlesim/include/turtlesim/turtlesim/srv/detail/teleport_absolute__type_support.h
[13.765s] -- Installing: /home/ubuntu/ros2_ws/src/install/turtlesim/include/turtlesim/turtlesim/srv/detail/teleport_relative__functions.c
[13.765s] -- Installing: /home/ubuntu/ros2_ws/src/install/turtlesim/include/turtlesim/turtlesim/srv/detail/teleport_absolute__functions.c
[13.765s] -- Installing: /home/ubuntu/ros2_ws/src/install/turtlesim/include/turtlesim/turtlesim/srv/detail/teleport_relative__struct.h
[13.765s] -- Installing: /home/ubuntu/ros2_ws/src/install/turtlesim/include/turtlesim/turtlesim/srv/detail/set_pen__functions.c
[13.765s] -- Installing: /home/ubuntu/ros2_ws/src/install/turtlesim/include/turtlesim/turtlesim/srv/detail/spawn__type_support.h
[13.766s] -- Installing: /home/ubuntu/ros2_ws/src/install/turtlesim/include/turtlesim/turtlesim/srv/detail/spawn__struct.h
[13.766s] -- Installing: /home/ubuntu/ros2_ws/src/install/turtlesim/include/turtlesim/turtlesim/srv/detail/set_pen__struct.h
[13.766s] -- Installing: /home/ubuntu/ros2_ws/src/install/turtlesim/include/turtlesim/turtlesim/srv/detail/teleport_absolute__struct.h
[13.766s] -- Installing: /home/ubuntu/ros2_ws/src/install/turtlesim/include/turtlesim/turtlesim/srv/detail/kill__struct.h
[13.766s] -- Installing: /home/ubuntu/ros2_ws/src/install/turtlesim/include/turtlesim/turtlesim/srv/detail/kill__functions.c
[13.766s] -- Installing: /home/ubuntu/ros2_ws/src/install/turtlesim/include/turtlesim/turtlesim/srv/detail/kill__type_support.h
[13.766s] -- Installing: /home/ubuntu/ros2_ws/src/install/turtlesim/include/turtlesim/turtlesim/srv/detail/teleport_absolute__functions.h
[13.766s] -- Installing: /home/ubuntu/ros2_ws/src/install/turtlesim/include/turtlesim/turtlesim/srv/detail/teleport_relative__functions.h
[13.766s] -- Installing: /home/ubuntu/ros2_ws/src/install/turtlesim/include/turtlesim/turtlesim/srv/detail/teleport_relative__type_support.h
[13.766s] -- Installing: /home/ubuntu/ros2_ws/src/install/turtlesim/include/turtlesim/turtlesim/srv/detail/spawn__functions.c
[13.766s] -- Installing: /home/ubuntu/ros2_ws/src/install/turtlesim/include/turtlesim/turtlesim/srv/spawn.h
[13.766s] -- Installing: /home/ubuntu/ros2_ws/src/install/turtlesim/include/turtlesim/turtlesim/action
[13.767s] -- Installing: /home/ubuntu/ros2_ws/src/install/turtlesim/include/turtlesim/turtlesim/action/rotate_absolute.h
[13.767s] -- Installing: /home/ubuntu/ros2_ws/src/install/turtlesim/include/turtlesim/turtlesim/action/detail
[13.767s] -- Installing: /home/ubuntu/ros2_ws/src/install/turtlesim/include/turtlesim/turtlesim/action/detail/rotate_absolute__functions.h
[13.767s] -- Installing: /home/ubuntu/ros2_ws/src/install/turtlesim/include/turtlesim/turtlesim/action/detail/rotate_absolute__type_support.h
[13.767s] -- Installing: /home/ubuntu/ros2_ws/src/install/turtlesim/include/turtlesim/turtlesim/action/detail/rotate_absolute__struct.h
[13.767s] -- Installing: /home/ubuntu/ros2_ws/src/install/turtlesim/include/turtlesim/turtlesim/action/detail/rotate_absolute__functions.c
[13.767s] -- Installing: /home/ubuntu/ros2_ws/src/install/turtlesim/share/turtlesim/environment/library_path.sh
[13.767s] -- Installing: /home/ubuntu/ros2_ws/src/install/turtlesim/share/turtlesim/environment/library_path.dsv
[13.767s] -- Installing: /home/ubuntu/ros2_ws/src/install/turtlesim/lib/libturtlesim__rosidl_generator_c.so
[13.767s] -- Set runtime path of "/home/ubuntu/ros2_ws/src/install/turtlesim/lib/libturtlesim__rosidl_generator_c.so" to ""
[13.767s] -- Up-to-date: /home/ubuntu/ros2_ws/src/install/turtlesim/include/turtlesim/turtlesim
[13.767s] -- Up-to-date: /home/ubuntu/ros2_ws/src/install/turtlesim/include/turtlesim/turtlesim/msg
[13.767s] -- Installing: /home/ubuntu/ros2_ws/src/install/turtlesim/include/turtlesim/turtlesim/msg/rosidl_typesupport_fastrtps_c__visibility_control.h
[13.767s] -- Up-to-date: /home/ubuntu/ros2_ws/src/install/turtlesim/include/turtlesim/turtlesim/msg/detail
[13.767s] -- Installing: /home/ubuntu/ros2_ws/src/install/turtlesim/include/turtlesim/turtlesim/msg/detail/pose__rosidl_typesupport_fastrtps_c.h
[13.768s] -- Installing: /home/ubuntu/ros2_ws/src/install/turtlesim/include/turtlesim/turtlesim/msg/detail/color__rosidl_typesupport_fastrtps_c.h
[13.768s] -- Up-to-date: /home/ubuntu/ros2_ws/src/install/turtlesim/include/turtlesim/turtlesim/srv
[13.768s] -- Up-to-date: /home/ubuntu/ros2_ws/src/install/turtlesim/include/turtlesim/turtlesim/srv/detail
[13.768s] -- Installing: /home/ubuntu/ros2_ws/src/install/turtlesim/include/turtlesim/turtlesim/srv/detail/kill__rosidl_typesupport_fastrtps_c.h
[13.768s] -- Installing: /home/ubuntu/ros2_ws/src/install/turtlesim/include/turtlesim/turtlesim/srv/detail/spawn__rosidl_typesupport_fastrtps_c.h
[13.768s] -- Installing: /home/ubuntu/ros2_ws/src/install/turtlesim/include/turtlesim/turtlesim/srv/detail/teleport_absolute__rosidl_typesupport_fastrtps_c.h
[13.768s] -- Installing: /home/ubuntu/ros2_ws/src/install/turtlesim/include/turtlesim/turtlesim/srv/detail/teleport_relative__rosidl_typesupport_fastrtps_c.h
[13.768s] -- Installing: /home/ubuntu/ros2_ws/src/install/turtlesim/include/turtlesim/turtlesim/srv/detail/set_pen__rosidl_typesupport_fastrtps_c.h
[13.768s] -- Up-to-date: /home/ubuntu/ros2_ws/src/install/turtlesim/include/turtlesim/turtlesim/action
[13.768s] -- Up-to-date: /home/ubuntu/ros2_ws/src/install/turtlesim/include/turtlesim/turtlesim/action/detail
[13.768s] -- Installing: /home/ubuntu/ros2_ws/src/install/turtlesim/include/turtlesim/turtlesim/action/detail/rotate_absolute__rosidl_typesupport_fastrtps_c.h
[13.768s] -- Installing: /home/ubuntu/ros2_ws/src/install/turtlesim/lib/libturtlesim__rosidl_typesupport_fastrtps_c.so
[13.768s] -- Set runtime path of "/home/ubuntu/ros2_ws/src/install/turtlesim/lib/libturtlesim__rosidl_typesupport_fastrtps_c.so" to ""
[13.768s] -- Up-to-date: /home/ubuntu/ros2_ws/src/install/turtlesim/include/turtlesim/turtlesim
[13.768s] -- Up-to-date: /home/ubuntu/ros2_ws/src/install/turtlesim/include/turtlesim/turtlesim/msg
[13.769s] -- Installing: /home/ubuntu/ros2_ws/src/install/turtlesim/include/turtlesim/turtlesim/msg/color.hpp
[13.769s] -- Up-to-date: /home/ubuntu/ros2_ws/src/install/turtlesim/include/turtlesim/turtlesim/msg/detail
[13.769s] -- Installing: /home/ubuntu/ros2_ws/src/install/turtlesim/include/turtlesim/turtlesim/msg/detail/pose__builder.hpp
[13.769s] -- Installing: /home/ubuntu/ros2_ws/src/install/turtlesim/include/turtlesim/turtlesim/msg/detail/color__builder.hpp
[13.769s] -- Installing: /home/ubuntu/ros2_ws/src/install/turtlesim/include/turtlesim/turtlesim/msg/detail/pose__traits.hpp
[13.769s] -- Installing: /home/ubuntu/ros2_ws/src/install/turtlesim/include/turtlesim/turtlesim/msg/detail/color__struct.hpp
[13.769s] -- Installing: /home/ubuntu/ros2_ws/src/install/turtlesim/include/turtlesim/turtlesim/msg/detail/pose__struct.hpp
[13.769s] -- Installing: /home/ubuntu/ros2_ws/src/install/turtlesim/include/turtlesim/turtlesim/msg/detail/color__traits.hpp
[13.769s] -- Installing: /home/ubuntu/ros2_ws/src/install/turtlesim/include/turtlesim/turtlesim/msg/pose.hpp
[13.769s] -- Up-to-date: /home/ubuntu/ros2_ws/src/install/turtlesim/include/turtlesim/turtlesim/srv
[13.769s] -- Installing: /home/ubuntu/ros2_ws/src/install/turtlesim/include/turtlesim/turtlesim/srv/kill.hpp
[13.769s] -- Installing: /home/ubuntu/ros2_ws/src/install/turtlesim/include/turtlesim/turtlesim/srv/set_pen.hpp
[13.769s] -- Installing: /home/ubuntu/ros2_ws/src/install/turtlesim/include/turtlesim/turtlesim/srv/teleport_absolute.hpp
[13.770s] -- Up-to-date: /home/ubuntu/ros2_ws/src/install/turtlesim/include/turtlesim/turtlesim/srv/detail
[13.770s] -- Installing: /home/ubuntu/ros2_ws/src/install/turtlesim/include/turtlesim/turtlesim/srv/detail/kill__struct.hpp
[13.770s] -- Installing: /home/ubuntu/ros2_ws/src/install/turtlesim/include/turtlesim/turtlesim/srv/detail/teleport_relative__traits.hpp
[13.770s] -- Installing: /home/ubuntu/ros2_ws/src/install/turtlesim/include/turtlesim/turtlesim/srv/detail/set_pen__builder.hpp
[13.770s] -- Installing: /home/ubuntu/ros2_ws/src/install/turtlesim/include/turtlesim/turtlesim/srv/detail/teleport_absolute__struct.hpp
[13.770s] -- Installing: /home/ubuntu/ros2_ws/src/install/turtlesim/include/turtlesim/turtlesim/srv/detail/teleport_relative__struct.hpp
[13.770s] -- Installing: /home/ubuntu/ros2_ws/src/install/turtlesim/include/turtlesim/turtlesim/srv/detail/kill__traits.hpp
[13.770s] -- Installing: /home/ubuntu/ros2_ws/src/install/turtlesim/include/turtlesim/turtlesim/srv/detail/teleport_relative__builder.hpp
[13.770s] -- Installing: /home/ubuntu/ros2_ws/src/install/turtlesim/include/turtlesim/turtlesim/srv/detail/teleport_absolute__traits.hpp
[13.770s] -- Installing: /home/ubuntu/ros2_ws/src/install/turtlesim/include/turtlesim/turtlesim/srv/detail/set_pen__struct.hpp
[13.770s] -- Installing: /home/ubuntu/ros2_ws/src/install/turtlesim/include/turtlesim/turtlesim/srv/detail/teleport_absolute__builder.hpp
[13.770s] -- Installing: /home/ubuntu/ros2_ws/src/install/turtlesim/include/turtlesim/turtlesim/srv/detail/spawn__struct.hpp
[13.770s] -- Installing: /home/ubuntu/ros2_ws/src/install/turtlesim/include/turtlesim/turtlesim/srv/detail/kill__builder.hpp
[13.770s] -- Installing: /home/ubuntu/ros2_ws/src/install/turtlesim/include/turtlesim/turtlesim/srv/detail/spawn__builder.hpp
[13.770s] -- Installing: /home/ubuntu/ros2_ws/src/install/turtlesim/include/turtlesim/turtlesim/srv/detail/set_pen__traits.hpp
[13.770s] -- Installing: /home/ubuntu/ros2_ws/src/install/turtlesim/include/turtlesim/turtlesim/srv/detail/spawn__traits.hpp
[13.770s] -- Installing: /home/ubuntu/ros2_ws/src/install/turtlesim/include/turtlesim/turtlesim/srv/teleport_relative.hpp
[13.770s] -- Installing: /home/ubuntu/ros2_ws/src/install/turtlesim/include/turtlesim/turtlesim/srv/spawn.hpp
[13.770s] -- Up-to-date: /home/ubuntu/ros2_ws/src/install/turtlesim/include/turtlesim/turtlesim/action
[13.770s] -- Installing: /home/ubuntu/ros2_ws/src/install/turtlesim/include/turtlesim/turtlesim/action/rotate_absolute.hpp
[13.770s] -- Up-to-date: /home/ubuntu/ros2_ws/src/install/turtlesim/include/turtlesim/turtlesim/action/detail
[13.770s] -- Installing: /home/ubuntu/ros2_ws/src/install/turtlesim/include/turtlesim/turtlesim/action/detail/rotate_absolute__traits.hpp
[13.771s] -- Installing: /home/ubuntu/ros2_ws/src/install/turtlesim/include/turtlesim/turtlesim/action/detail/rotate_absolute__struct.hpp
[13.771s] -- Installing: /home/ubuntu/ros2_ws/src/install/turtlesim/include/turtlesim/turtlesim/action/detail/rotate_absolute__builder.hpp
[13.771s] -- Up-to-date: /home/ubuntu/ros2_ws/src/install/turtlesim/include/turtlesim/turtlesim
[13.771s] -- Up-to-date: /home/ubuntu/ros2_ws/src/install/turtlesim/include/turtlesim/turtlesim/msg
[13.771s] -- Up-to-date: /home/ubuntu/ros2_ws/src/install/turtlesim/include/turtlesim/turtlesim/msg/detail
[13.771s] -- Installing: /home/ubuntu/ros2_ws/src/install/turtlesim/include/turtlesim/turtlesim/msg/detail/dds_fastrtps
[13.771s] -- Installing: /home/ubuntu/ros2_ws/src/install/turtlesim/include/turtlesim/turtlesim/msg/detail/color__rosidl_typesupport_fastrtps_cpp.hpp
[13.771s] -- Installing: /home/ubuntu/ros2_ws/src/install/turtlesim/include/turtlesim/turtlesim/msg/detail/pose__rosidl_typesupport_fastrtps_cpp.hpp
[13.771s] -- Installing: /home/ubuntu/ros2_ws/src/install/turtlesim/include/turtlesim/turtlesim/msg/rosidl_typesupport_fastrtps_cpp__visibility_control.h
[13.771s] -- Up-to-date: /home/ubuntu/ros2_ws/src/install/turtlesim/include/turtlesim/turtlesim/srv
[13.771s] -- Up-to-date: /home/ubuntu/ros2_ws/src/install/turtlesim/include/turtlesim/turtlesim/srv/detail
[13.771s] -- Installing: /home/ubuntu/ros2_ws/src/install/turtlesim/include/turtlesim/turtlesim/srv/detail/dds_fastrtps
[13.771s] -- Installing: /home/ubuntu/ros2_ws/src/install/turtlesim/include/turtlesim/turtlesim/srv/detail/set_pen__rosidl_typesupport_fastrtps_cpp.hpp
[13.771s] -- Installing: /home/ubuntu/ros2_ws/src/install/turtlesim/include/turtlesim/turtlesim/srv/detail/teleport_relative__rosidl_typesupport_fastrtps_cpp.hpp
[13.771s] -- Installing: /home/ubuntu/ros2_ws/src/install/turtlesim/include/turtlesim/turtlesim/srv/detail/teleport_absolute__rosidl_typesupport_fastrtps_cpp.hpp
[13.771s] -- Installing: /home/ubuntu/ros2_ws/src/install/turtlesim/include/turtlesim/turtlesim/srv/detail/kill__rosidl_typesupport_fastrtps_cpp.hpp
[13.771s] -- Installing: /home/ubuntu/ros2_ws/src/install/turtlesim/include/turtlesim/turtlesim/srv/detail/spawn__rosidl_typesupport_fastrtps_cpp.hpp
[13.771s] -- Up-to-date: /home/ubuntu/ros2_ws/src/install/turtlesim/include/turtlesim/turtlesim/action
[13.771s] -- Up-to-date: /home/ubuntu/ros2_ws/src/install/turtlesim/include/turtlesim/turtlesim/action/detail
[13.771s] -- Installing: /home/ubuntu/ros2_ws/src/install/turtlesim/include/turtlesim/turtlesim/action/detail/dds_fastrtps
[13.771s] -- Installing: /home/ubuntu/ros2_ws/src/install/turtlesim/include/turtlesim/turtlesim/action/detail/rotate_absolute__rosidl_typesupport_fastrtps_cpp.hpp
[13.771s] -- Installing: /home/ubuntu/ros2_ws/src/install/turtlesim/lib/libturtlesim__rosidl_typesupport_fastrtps_cpp.so
[13.772s] -- Set runtime path of "/home/ubuntu/ros2_ws/src/install/turtlesim/lib/libturtlesim__rosidl_typesupport_fastrtps_cpp.so" to ""
[13.772s] -- Up-to-date: /home/ubuntu/ros2_ws/src/install/turtlesim/include/turtlesim/turtlesim
[13.772s] -- Up-to-date: /home/ubuntu/ros2_ws/src/install/turtlesim/include/turtlesim/turtlesim/msg
[13.772s] -- Installing: /home/ubuntu/ros2_ws/src/install/turtlesim/include/turtlesim/turtlesim/msg/rosidl_typesupport_introspection_c__visibility_control.h
[13.772s] -- Up-to-date: /home/ubuntu/ros2_ws/src/install/turtlesim/include/turtlesim/turtlesim/msg/detail
[13.772s] -- Installing: /home/ubuntu/ros2_ws/src/install/turtlesim/include/turtlesim/turtlesim/msg/detail/pose__rosidl_typesupport_introspection_c.h
[13.772s] -- Installing: /home/ubuntu/ros2_ws/src/install/turtlesim/include/turtlesim/turtlesim/msg/detail/pose__type_support.c
[13.772s] -- Installing: /home/ubuntu/ros2_ws/src/install/turtlesim/include/turtlesim/turtlesim/msg/detail/color__rosidl_typesupport_introspection_c.h
[13.772s] -- Installing: /home/ubuntu/ros2_ws/src/install/turtlesim/include/turtlesim/turtlesim/msg/detail/color__type_support.c
[13.772s] -- Up-to-date: /home/ubuntu/ros2_ws/src/install/turtlesim/include/turtlesim/turtlesim/srv
[13.772s] -- Up-to-date: /home/ubuntu/ros2_ws/src/install/turtlesim/include/turtlesim/turtlesim/srv/detail
[13.772s] -- Installing: /home/ubuntu/ros2_ws/src/install/turtlesim/include/turtlesim/turtlesim/srv/detail/kill__rosidl_typesupport_introspection_c.h
[13.772s] -- Installing: /home/ubuntu/ros2_ws/src/install/turtlesim/include/turtlesim/turtlesim/srv/detail/spawn__type_support.c
[13.772s] -- Installing: /home/ubuntu/ros2_ws/src/install/turtlesim/include/turtlesim/turtlesim/srv/detail/set_pen__type_support.c
[13.772s] -- Installing: /home/ubuntu/ros2_ws/src/install/turtlesim/include/turtlesim/turtlesim/srv/detail/set_pen__rosidl_typesupport_introspection_c.h
[13.772s] -- Installing: /home/ubuntu/ros2_ws/src/install/turtlesim/include/turtlesim/turtlesim/srv/detail/teleport_absolute__type_support.c
[13.772s] -- Installing: /home/ubuntu/ros2_ws/src/install/turtlesim/include/turtlesim/turtlesim/srv/detail/spawn__rosidl_typesupport_introspection_c.h
[13.772s] -- Installing: /home/ubuntu/ros2_ws/src/install/turtlesim/include/turtlesim/turtlesim/srv/detail/teleport_absolute__rosidl_typesupport_introspection_c.h
[13.772s] -- Installing: /home/ubuntu/ros2_ws/src/install/turtlesim/include/turtlesim/turtlesim/srv/detail/teleport_relative__rosidl_typesupport_introspection_c.h
[13.772s] -- Installing: /home/ubuntu/ros2_ws/src/install/turtlesim/include/turtlesim/turtlesim/srv/detail/kill__type_support.c
[13.772s] -- Installing: /home/ubuntu/ros2_ws/src/install/turtlesim/include/turtlesim/turtlesim/srv/detail/teleport_relative__type_support.c
[13.772s] -- Up-to-date: /home/ubuntu/ros2_ws/src/install/turtlesim/include/turtlesim/turtlesim/action
[13.772s] -- Up-to-date: /home/ubuntu/ros2_ws/src/install/turtlesim/include/turtlesim/turtlesim/action/detail
[13.772s] -- Installing: /home/ubuntu/ros2_ws/src/install/turtlesim/include/turtlesim/turtlesim/action/detail/rotate_absolute__rosidl_typesupport_introspection_c.h
[13.773s] -- Installing: /home/ubuntu/ros2_ws/src/install/turtlesim/include/turtlesim/turtlesim/action/detail/rotate_absolute__type_support.c
[13.773s] -- Installing: /home/ubuntu/ros2_ws/src/install/turtlesim/lib/libturtlesim__rosidl_typesupport_introspection_c.so
[13.773s] -- Set runtime path of "/home/ubuntu/ros2_ws/src/install/turtlesim/lib/libturtlesim__rosidl_typesupport_introspection_c.so" to ""
[13.773s] -- Installing: /home/ubuntu/ros2_ws/src/install/turtlesim/lib/libturtlesim__rosidl_typesupport_c.so
[13.773s] -- Set runtime path of "/home/ubuntu/ros2_ws/src/install/turtlesim/lib/libturtlesim__rosidl_typesupport_c.so" to ""
[13.773s] -- Up-to-date: /home/ubuntu/ros2_ws/src/install/turtlesim/include/turtlesim/turtlesim
[13.773s] -- Up-to-date: /home/ubuntu/ros2_ws/src/install/turtlesim/include/turtlesim/turtlesim/msg
[13.773s] -- Up-to-date: /home/ubuntu/ros2_ws/src/install/turtlesim/include/turtlesim/turtlesim/msg/detail
[13.773s] -- Installing: /home/ubuntu/ros2_ws/src/install/turtlesim/include/turtlesim/turtlesim/msg/detail/pose__rosidl_typesupport_introspection_cpp.hpp
[13.773s] -- Installing: /home/ubuntu/ros2_ws/src/install/turtlesim/include/turtlesim/turtlesim/msg/detail/pose__type_support.cpp
[13.773s] -- Installing: /home/ubuntu/ros2_ws/src/install/turtlesim/include/turtlesim/turtlesim/msg/detail/color__rosidl_typesupport_introspection_cpp.hpp
[13.773s] -- Installing: /home/ubuntu/ros2_ws/src/install/turtlesim/include/turtlesim/turtlesim/msg/detail/color__type_support.cpp
[13.773s] -- Up-to-date: /home/ubuntu/ros2_ws/src/install/turtlesim/include/turtlesim/turtlesim/srv
[13.773s] -- Up-to-date: /home/ubuntu/ros2_ws/src/install/turtlesim/include/turtlesim/turtlesim/srv/detail
[13.773s] -- Installing: /home/ubuntu/ros2_ws/src/install/turtlesim/include/turtlesim/turtlesim/srv/detail/teleport_absolute__type_support.cpp
[13.773s] -- Installing: /home/ubuntu/ros2_ws/src/install/turtlesim/include/turtlesim/turtlesim/srv/detail/teleport_relative__rosidl_typesupport_introspection_cpp.hpp
[13.773s] -- Installing: /home/ubuntu/ros2_ws/src/install/turtlesim/include/turtlesim/turtlesim/srv/detail/spawn__rosidl_typesupport_introspection_cpp.hpp
[13.773s] -- Installing: /home/ubuntu/ros2_ws/src/install/turtlesim/include/turtlesim/turtlesim/srv/detail/set_pen__type_support.cpp
[13.773s] -- Installing: /home/ubuntu/ros2_ws/src/install/turtlesim/include/turtlesim/turtlesim/srv/detail/kill__type_support.cpp
[13.774s] -- Installing: /home/ubuntu/ros2_ws/src/install/turtlesim/include/turtlesim/turtlesim/srv/detail/kill__rosidl_typesupport_introspection_cpp.hpp
[13.774s] -- Installing: /home/ubuntu/ros2_ws/src/install/turtlesim/include/turtlesim/turtlesim/srv/detail/set_pen__rosidl_typesupport_introspection_cpp.hpp
[13.774s] -- Installing: /home/ubuntu/ros2_ws/src/install/turtlesim/include/turtlesim/turtlesim/srv/detail/teleport_relative__type_support.cpp
[13.774s] -- Installing: /home/ubuntu/ros2_ws/src/install/turtlesim/include/turtlesim/turtlesim/srv/detail/spawn__type_support.cpp
[13.774s] -- Installing: /home/ubuntu/ros2_ws/src/install/turtlesim/include/turtlesim/turtlesim/srv/detail/teleport_absolute__rosidl_typesupport_introspection_cpp.hpp
[13.774s] -- Up-to-date: /home/ubuntu/ros2_ws/src/install/turtlesim/include/turtlesim/turtlesim/action
[13.774s] -- Up-to-date: /home/ubuntu/ros2_ws/src/install/turtlesim/include/turtlesim/turtlesim/action/detail
[13.774s] -- Installing: /home/ubuntu/ros2_ws/src/install/turtlesim/include/turtlesim/turtlesim/action/detail/rotate_absolute__rosidl_typesupport_introspection_cpp.hpp
[13.774s] -- Installing: /home/ubuntu/ros2_ws/src/install/turtlesim/include/turtlesim/turtlesim/action/detail/rotate_absolute__type_support.cpp
[13.774s] -- Installing: /home/ubuntu/ros2_ws/src/install/turtlesim/lib/libturtlesim__rosidl_typesupport_introspection_cpp.so
[13.774s] -- Set runtime path of "/home/ubuntu/ros2_ws/src/install/turtlesim/lib/libturtlesim__rosidl_typesupport_introspection_cpp.so" to ""
[13.774s] -- Installing: /home/ubuntu/ros2_ws/src/install/turtlesim/lib/libturtlesim__rosidl_typesupport_cpp.so
[13.774s] -- Set runtime path of "/home/ubuntu/ros2_ws/src/install/turtlesim/lib/libturtlesim__rosidl_typesupport_cpp.so" to ""
[13.774s] -- Installing: /home/ubuntu/ros2_ws/src/install/turtlesim/share/turtlesim/environment/pythonpath.sh
[13.775s] -- Installing: /home/ubuntu/ros2_ws/src/install/turtlesim/share/turtlesim/environment/pythonpath.dsv
[13.775s] -- Installing: /home/ubuntu/ros2_ws/src/install/turtlesim/local/lib/python3.10/dist-packages/turtlesim-1.4.2-py3.10.egg-info
[13.775s] -- Installing: /home/ubuntu/ros2_ws/src/install/turtlesim/local/lib/python3.10/dist-packages/turtlesim-1.4.2-py3.10.egg-info/SOURCES.txt
[13.775s] -- Installing: /home/ubuntu/ros2_ws/src/install/turtlesim/local/lib/python3.10/dist-packages/turtlesim-1.4.2-py3.10.egg-info/top_level.txt
[13.775s] -- Installing: /home/ubuntu/ros2_ws/src/install/turtlesim/local/lib/python3.10/dist-packages/turtlesim-1.4.2-py3.10.egg-info/dependency_links.txt
[13.775s] -- Installing: /home/ubuntu/ros2_ws/src/install/turtlesim/local/lib/python3.10/dist-packages/turtlesim-1.4.2-py3.10.egg-info/PKG-INFO
[13.775s] -- Installing: /home/ubuntu/ros2_ws/src/install/turtlesim/local/lib/python3.10/dist-packages/turtlesim
[13.775s] -- Installing: /home/ubuntu/ros2_ws/src/install/turtlesim/local/lib/python3.10/dist-packages/turtlesim/msg
[13.775s] -- Installing: /home/ubuntu/ros2_ws/src/install/turtlesim/local/lib/python3.10/dist-packages/turtlesim/msg/_color_s.c
[13.775s] -- Installing: /home/ubuntu/ros2_ws/src/install/turtlesim/local/lib/python3.10/dist-packages/turtlesim/msg/_pose_s.c
[13.775s] -- Installing: /home/ubuntu/ros2_ws/src/install/turtlesim/local/lib/python3.10/dist-packages/turtlesim/msg/_pose.py
[13.775s] -- Installing: /home/ubuntu/ros2_ws/src/install/turtlesim/local/lib/python3.10/dist-packages/turtlesim/msg/__init__.py
[13.775s] -- Installing: /home/ubuntu/ros2_ws/src/install/turtlesim/local/lib/python3.10/dist-packages/turtlesim/msg/_color.py
[13.775s] -- Installing: /home/ubuntu/ros2_ws/src/install/turtlesim/local/lib/python3.10/dist-packages/turtlesim/libturtlesim__rosidl_generator_py.so
[13.775s] -- Installing: /home/ubuntu/ros2_ws/src/install/turtlesim/local/lib/python3.10/dist-packages/turtlesim/_turtlesim_s.ep.rosidl_typesupport_fastrtps_c.c
[13.775s] -- Installing: /home/ubuntu/ros2_ws/src/install/turtlesim/local/lib/python3.10/dist-packages/turtlesim/__init__.py
[13.775s] -- Installing: /home/ubuntu/ros2_ws/src/install/turtlesim/local/lib/python3.10/dist-packages/turtlesim/turtlesim_s__rosidl_typesupport_c.cpython-310-x86_64-linux-gnu.so
[13.775s] -- Installing: /home/ubuntu/ros2_ws/src/install/turtlesim/local/lib/python3.10/dist-packages/turtlesim/_turtlesim_s.ep.rosidl_typesupport_introspection_c.c
[13.776s] -- Installing: /home/ubuntu/ros2_ws/src/install/turtlesim/local/lib/python3.10/dist-packages/turtlesim/_turtlesim_s.ep.rosidl_typesupport_c.c
[13.776s] -- Installing: /home/ubuntu/ros2_ws/src/install/turtlesim/local/lib/python3.10/dist-packages/turtlesim/turtlesim_s__rosidl_typesupport_fastrtps_c.cpython-310-x86_64-linux-gnu.so
[13.776s] -- Installing: /home/ubuntu/ros2_ws/src/install/turtlesim/local/lib/python3.10/dist-packages/turtlesim/turtlesim_s__rosidl_typesupport_introspection_c.cpython-310-x86_64-linux-gnu.so
[13.776s] -- Installing: /home/ubuntu/ros2_ws/src/install/turtlesim/local/lib/python3.10/dist-packages/turtlesim/srv
[13.776s] -- Installing: /home/ubuntu/ros2_ws/src/install/turtlesim/local/lib/python3.10/dist-packages/turtlesim/srv/_teleport_relative.py
[13.776s] -- Installing: /home/ubuntu/ros2_ws/src/install/turtlesim/local/lib/python3.10/dist-packages/turtlesim/srv/_spawn.py
[13.776s] -- Installing: /home/ubuntu/ros2_ws/src/install/turtlesim/local/lib/python3.10/dist-packages/turtlesim/srv/_kill.py
[13.776s] -- Installing: /home/ubuntu/ros2_ws/src/install/turtlesim/local/lib/python3.10/dist-packages/turtlesim/srv/_spawn_s.c
[13.776s] -- Installing: /home/ubuntu/ros2_ws/src/install/turtlesim/local/lib/python3.10/dist-packages/turtlesim/srv/__init__.py
[13.776s] -- Installing: /home/ubuntu/ros2_ws/src/install/turtlesim/local/lib/python3.10/dist-packages/turtlesim/srv/_teleport_absolute.py
[13.776s] -- Installing: /home/ubuntu/ros2_ws/src/install/turtlesim/local/lib/python3.10/dist-packages/turtlesim/srv/_teleport_absolute_s.c
[13.776s] -- Installing: /home/ubuntu/ros2_ws/src/install/turtlesim/local/lib/python3.10/dist-packages/turtlesim/srv/_set_pen_s.c
[13.776s] -- Installing: /home/ubuntu/ros2_ws/src/install/turtlesim/local/lib/python3.10/dist-packages/turtlesim/srv/_kill_s.c
[13.776s] -- Installing: /home/ubuntu/ros2_ws/src/install/turtlesim/local/lib/python3.10/dist-packages/turtlesim/srv/_teleport_relative_s.c
[13.776s] -- Installing: /home/ubuntu/ros2_ws/src/install/turtlesim/local/lib/python3.10/dist-packages/turtlesim/srv/_set_pen.py
[13.776s] -- Installing: /home/ubuntu/ros2_ws/src/install/turtlesim/local/lib/python3.10/dist-packages/turtlesim/action
[13.777s] -- Installing: /home/ubuntu/ros2_ws/src/install/turtlesim/local/lib/python3.10/dist-packages/turtlesim/action/__init__.py
[13.777s] -- Installing: /home/ubuntu/ros2_ws/src/install/turtlesim/local/lib/python3.10/dist-packages/turtlesim/action/_rotate_absolute_s.c
[13.777s] -- Installing: /home/ubuntu/ros2_ws/src/install/turtlesim/local/lib/python3.10/dist-packages/turtlesim/action/_rotate_absolute.py
[13.804s] Listing '/home/ubuntu/ros2_ws/src/install/turtlesim/local/lib/python3.10/dist-packages/turtlesim'...
[13.804s] Compiling '/home/ubuntu/ros2_ws/src/install/turtlesim/local/lib/python3.10/dist-packages/turtlesim/__init__.py'...
[13.804s] Listing '/home/ubuntu/ros2_ws/src/install/turtlesim/local/lib/python3.10/dist-packages/turtlesim/action'...
[13.804s] Compiling '/home/ubuntu/ros2_ws/src/install/turtlesim/local/lib/python3.10/dist-packages/turtlesim/action/__init__.py'...
[13.804s] Compiling '/home/ubuntu/ros2_ws/src/install/turtlesim/local/lib/python3.10/dist-packages/turtlesim/action/_rotate_absolute.py'...
[13.804s] Listing '/home/ubuntu/ros2_ws/src/install/turtlesim/local/lib/python3.10/dist-packages/turtlesim/msg'...
[13.804s] Compiling '/home/ubuntu/ros2_ws/src/install/turtlesim/local/lib/python3.10/dist-packages/turtlesim/msg/__init__.py'...
[13.804s] Compiling '/home/ubuntu/ros2_ws/src/install/turtlesim/local/lib/python3.10/dist-packages/turtlesim/msg/_color.py'...
[13.804s] Compiling '/home/ubuntu/ros2_ws/src/install/turtlesim/local/lib/python3.10/dist-packages/turtlesim/msg/_pose.py'...
[13.804s] Listing '/home/ubuntu/ros2_ws/src/install/turtlesim/local/lib/python3.10/dist-packages/turtlesim/srv'...
[13.804s] Compiling '/home/ubuntu/ros2_ws/src/install/turtlesim/local/lib/python3.10/dist-packages/turtlesim/srv/__init__.py'...
[13.804s] Compiling '/home/ubuntu/ros2_ws/src/install/turtlesim/local/lib/python3.10/dist-packages/turtlesim/srv/_kill.py'...
[13.804s] Compiling '/home/ubuntu/ros2_ws/src/install/turtlesim/local/lib/python3.10/dist-packages/turtlesim/srv/_set_pen.py'...
[13.804s] Compiling '/home/ubuntu/ros2_ws/src/install/turtlesim/local/lib/python3.10/dist-packages/turtlesim/srv/_spawn.py'...
[13.804s] Compiling '/home/ubuntu/ros2_ws/src/install/turtlesim/local/lib/python3.10/dist-packages/turtlesim/srv/_teleport_absolute.py'...
[13.804s] Compiling '/home/ubuntu/ros2_ws/src/install/turtlesim/local/lib/python3.10/dist-packages/turtlesim/srv/_teleport_relative.py'...
[13.806s] -- Installing: /home/ubuntu/ros2_ws/src/install/turtlesim/local/lib/python3.10/dist-packages/turtlesim/turtlesim_s__rosidl_typesupport_fastrtps_c.cpython-310-x86_64-linux-gnu.so
[13.806s] -- Set runtime path of "/home/ubuntu/ros2_ws/src/install/turtlesim/local/lib/python3.10/dist-packages/turtlesim/turtlesim_s__rosidl_typesupport_fastrtps_c.cpython-310-x86_64-linux-gnu.so" to ""
[13.807s] -- Installing: /home/ubuntu/ros2_ws/src/install/turtlesim/local/lib/python3.10/dist-packages/turtlesim/turtlesim_s__rosidl_typesupport_introspection_c.cpython-310-x86_64-linux-gnu.so
[13.807s] -- Set runtime path of "/home/ubuntu/ros2_ws/src/install/turtlesim/local/lib/python3.10/dist-packages/turtlesim/turtlesim_s__rosidl_typesupport_introspection_c.cpython-310-x86_64-linux-gnu.so" to ""
[13.807s] -- Installing: /home/ubuntu/ros2_ws/src/install/turtlesim/local/lib/python3.10/dist-packages/turtlesim/turtlesim_s__rosidl_typesupport_c.cpython-310-x86_64-linux-gnu.so
[13.807s] -- Set runtime path of "/home/ubuntu/ros2_ws/src/install/turtlesim/local/lib/python3.10/dist-packages/turtlesim/turtlesim_s__rosidl_typesupport_c.cpython-310-x86_64-linux-gnu.so" to ""
[13.807s] -- Installing: /home/ubuntu/ros2_ws/src/install/turtlesim/lib/libturtlesim__rosidl_generator_py.so
[13.807s] -- Set runtime path of "/home/ubuntu/ros2_ws/src/install/turtlesim/lib/libturtlesim__rosidl_generator_py.so" to ""
[13.807s] -- Installing: /home/ubuntu/ros2_ws/src/install/turtlesim/share/turtlesim/action/RotateAbsolute.idl
[13.807s] -- Installing: /home/ubuntu/ros2_ws/src/install/turtlesim/share/turtlesim/msg/Color.idl
[13.807s] -- Installing: /home/ubuntu/ros2_ws/src/install/turtlesim/share/turtlesim/msg/Pose.idl
[13.807s] -- Installing: /home/ubuntu/ros2_ws/src/install/turtlesim/share/turtlesim/srv/Kill.idl
[13.807s] -- Installing: /home/ubuntu/ros2_ws/src/install/turtlesim/share/turtlesim/srv/SetPen.idl
[13.807s] -- Installing: /home/ubuntu/ros2_ws/src/install/turtlesim/share/turtlesim/srv/Spawn.idl
[13.807s] -- Installing: /home/ubuntu/ros2_ws/src/install/turtlesim/share/turtlesim/srv/TeleportAbsolute.idl
[13.807s] -- Installing: /home/ubuntu/ros2_ws/src/install/turtlesim/share/turtlesim/srv/TeleportRelative.idl
[13.807s] -- Installing: /home/ubuntu/ros2_ws/src/install/turtlesim/share/turtlesim/action/RotateAbsolute.action
[13.807s] -- Installing: /home/ubuntu/ros2_ws/src/install/turtlesim/share/turtlesim/msg/Color.msg
[13.808s] -- Installing: /home/ubuntu/ros2_ws/src/install/turtlesim/share/turtlesim/msg/Pose.msg
[13.808s] -- Installing: /home/ubuntu/ros2_ws/src/install/turtlesim/share/turtlesim/srv/Kill.srv
[13.808s] -- Installing: /home/ubuntu/ros2_ws/src/install/turtlesim/share/turtlesim/srv/Kill_Request.msg
[13.808s] -- Installing: /home/ubuntu/ros2_ws/src/install/turtlesim/share/turtlesim/srv/Kill_Response.msg
[13.808s] -- Installing: /home/ubuntu/ros2_ws/src/install/turtlesim/share/turtlesim/srv/SetPen.srv
[13.808s] -- Installing: /home/ubuntu/ros2_ws/src/install/turtlesim/share/turtlesim/srv/SetPen_Request.msg
[13.808s] -- Installing: /home/ubuntu/ros2_ws/src/install/turtlesim/share/turtlesim/srv/SetPen_Response.msg
[13.808s] -- Installing: /home/ubuntu/ros2_ws/src/install/turtlesim/share/turtlesim/srv/Spawn.srv
[13.808s] -- Installing: /home/ubuntu/ros2_ws/src/install/turtlesim/share/turtlesim/srv/Spawn_Request.msg
[13.808s] -- Installing: /home/ubuntu/ros2_ws/src/install/turtlesim/share/turtlesim/srv/Spawn_Response.msg
[13.808s] -- Installing: /home/ubuntu/ros2_ws/src/install/turtlesim/share/turtlesim/srv/TeleportAbsolute.srv
[13.808s] -- Installing: /home/ubuntu/ros2_ws/src/install/turtlesim/share/turtlesim/srv/TeleportAbsolute_Request.msg
[13.808s] -- Installing: /home/ubuntu/ros2_ws/src/install/turtlesim/share/turtlesim/srv/TeleportAbsolute_Response.msg
[13.808s] -- Installing: /home/ubuntu/ros2_ws/src/install/turtlesim/share/turtlesim/srv/TeleportRelative.srv
[13.808s] -- Installing: /home/ubuntu/ros2_ws/src/install/turtlesim/share/turtlesim/srv/TeleportRelative_Request.msg
[13.808s] -- Installing: /home/ubuntu/ros2_ws/src/install/turtlesim/share/turtlesim/srv/TeleportRelative_Response.msg
[13.808s] -- Installing: /home/ubuntu/ros2_ws/src/install/turtlesim/lib/turtlesim/turtlesim_node
[13.814s] -- Set runtime path of "/home/ubuntu/ros2_ws/src/install/turtlesim/lib/turtlesim/turtlesim_node" to ""
[13.814s] -- Installing: /home/ubuntu/ros2_ws/src/install/turtlesim/lib/turtlesim/turtle_teleop_key
[13.815s] -- Set runtime path of "/home/ubuntu/ros2_ws/src/install/turtlesim/lib/turtlesim/turtle_teleop_key" to ""
[13.815s] -- Installing: /home/ubuntu/ros2_ws/src/install/turtlesim/lib/turtlesim/draw_square
[13.818s] -- Set runtime path of "/home/ubuntu/ros2_ws/src/install/turtlesim/lib/turtlesim/draw_square" to ""
[13.818s] -- Installing: /home/ubuntu/ros2_ws/src/install/turtlesim/lib/turtlesim/mimic
[13.821s] -- Set runtime path of "/home/ubuntu/ros2_ws/src/install/turtlesim/lib/turtlesim/mimic" to ""
[13.821s] -- Installing: /home/ubuntu/ros2_ws/src/install/turtlesim/share/turtlesim/images
[13.821s] -- Installing: /home/ubuntu/ros2_ws/src/install/turtlesim/share/turtlesim/images/eloquent.png
[13.821s] -- Installing: /home/ubuntu/ros2_ws/src/install/turtlesim/share/turtlesim/images/dashing.png
[13.821s] -- Installing: /home/ubuntu/ros2_ws/src/install/turtlesim/share/turtlesim/images/bouncy.png
[13.821s] -- Installing: /home/ubuntu/ros2_ws/src/install/turtlesim/share/turtlesim/images/crystal.png
[13.821s] -- Installing: /home/ubuntu/ros2_ws/src/install/turtlesim/share/turtlesim/images/foxy.png
[13.821s] -- Installing: /home/ubuntu/ros2_ws/src/install/turtlesim/share/turtlesim/images/humble.png
[13.821s] -- Installing: /home/ubuntu/ros2_ws/src/install/turtlesim/share/turtlesim/images/ardent.png
[13.822s] -- Installing: /home/ubuntu/ros2_ws/src/install/turtlesim/share/turtlesim/images/galactic.png
[13.822s] -- Installing: /home/ubuntu/ros2_ws/src/install/turtlesim/share/turtlesim/images/rolling.png
[13.822s] -- Installing: /home/ubuntu/ros2_ws/src/install/turtlesim/share/turtlesim/launch
[13.822s] -- Installing: /home/ubuntu/ros2_ws/src/install/turtlesim/share/turtlesim/launch/multisim.launch.py
[13.822s] -- Installing: /home/ubuntu/ros2_ws/src/install/turtlesim/share/ament_index/resource_index/package_run_dependencies/turtlesim
[13.822s] -- Installing: /home/ubuntu/ros2_ws/src/install/turtlesim/share/ament_index/resource_index/parent_prefix_path/turtlesim
[13.822s] -- Installing: /home/ubuntu/ros2_ws/src/install/turtlesim/share/turtlesim/environment/ament_prefix_path.sh
[13.822s] -- Installing: /home/ubuntu/ros2_ws/src/install/turtlesim/share/turtlesim/environment/ament_prefix_path.dsv
[13.822s] -- Installing: /home/ubuntu/ros2_ws/src/install/turtlesim/share/turtlesim/environment/path.sh
[13.822s] -- Installing: /home/ubuntu/ros2_ws/src/install/turtlesim/share/turtlesim/environment/path.dsv
[13.822s] -- Installing: /home/ubuntu/ros2_ws/src/install/turtlesim/share/turtlesim/local_setup.bash
[13.822s] -- Installing: /home/ubuntu/ros2_ws/src/install/turtlesim/share/turtlesim/local_setup.sh
[13.822s] -- Installing: /home/ubuntu/ros2_ws/src/install/turtlesim/share/turtlesim/local_setup.zsh
[13.822s] -- Installing: /home/ubuntu/ros2_ws/src/install/turtlesim/share/turtlesim/local_setup.dsv
[13.822s] -- Installing: /home/ubuntu/ros2_ws/src/install/turtlesim/share/turtlesim/package.dsv
[13.822s] -- Installing: /home/ubuntu/ros2_ws/src/install/turtlesim/share/ament_index/resource_index/packages/turtlesim
[13.822s] -- Installing: /home/ubuntu/ros2_ws/src/install/turtlesim/share/turtlesim/cmake/export_turtlesim__rosidl_generator_cExport.cmake
[13.822s] -- Installing: /home/ubuntu/ros2_ws/src/install/turtlesim/share/turtlesim/cmake/export_turtlesim__rosidl_generator_cExport-noconfig.cmake
[13.822s] -- Installing: /home/ubuntu/ros2_ws/src/install/turtlesim/share/turtlesim/cmake/export_turtlesim__rosidl_typesupport_fastrtps_cExport.cmake
[13.822s] -- Installing: /home/ubuntu/ros2_ws/src/install/turtlesim/share/turtlesim/cmake/export_turtlesim__rosidl_typesupport_fastrtps_cExport-noconfig.cmake
[13.822s] -- Installing: /home/ubuntu/ros2_ws/src/install/turtlesim/share/turtlesim/cmake/export_turtlesim__rosidl_generator_cppExport.cmake
[13.822s] -- Installing: /home/ubuntu/ros2_ws/src/install/turtlesim/share/turtlesim/cmake/export_turtlesim__rosidl_typesupport_fastrtps_cppExport.cmake
[13.822s] -- Installing: /home/ubuntu/ros2_ws/src/install/turtlesim/share/turtlesim/cmake/export_turtlesim__rosidl_typesupport_fastrtps_cppExport-noconfig.cmake
[13.823s] -- Installing: /home/ubuntu/ros2_ws/src/install/turtlesim/share/turtlesim/cmake/turtlesim__rosidl_typesupport_introspection_cExport.cmake
[13.823s] -- Installing: /home/ubuntu/ros2_ws/src/install/turtlesim/share/turtlesim/cmake/turtlesim__rosidl_typesupport_introspection_cExport-noconfig.cmake
[13.823s] -- Installing: /home/ubuntu/ros2_ws/src/install/turtlesim/share/turtlesim/cmake/turtlesim__rosidl_typesupport_cExport.cmake
[13.823s] -- Installing: /home/ubuntu/ros2_ws/src/install/turtlesim/share/turtlesim/cmake/turtlesim__rosidl_typesupport_cExport-noconfig.cmake
[13.823s] -- Installing: /home/ubuntu/ros2_ws/src/install/turtlesim/share/turtlesim/cmake/turtlesim__rosidl_typesupport_introspection_cppExport.cmake
[13.823s] -- Installing: /home/ubuntu/ros2_ws/src/install/turtlesim/share/turtlesim/cmake/turtlesim__rosidl_typesupport_introspection_cppExport-noconfig.cmake
[13.823s] -- Installing: /home/ubuntu/ros2_ws/src/install/turtlesim/share/turtlesim/cmake/turtlesim__rosidl_typesupport_cppExport.cmake
[13.823s] -- Installing: /home/ubuntu/ros2_ws/src/install/turtlesim/share/turtlesim/cmake/turtlesim__rosidl_typesupport_cppExport-noconfig.cmake
[13.823s] -- Installing: /home/ubuntu/ros2_ws/src/install/turtlesim/share/turtlesim/cmake/export_turtlesim__rosidl_generator_pyExport.cmake
[13.823s] -- Installing: /home/ubuntu/ros2_ws/src/install/turtlesim/share/turtlesim/cmake/export_turtlesim__rosidl_generator_pyExport-noconfig.cmake
[13.823s] -- Installing: /home/ubuntu/ros2_ws/src/install/turtlesim/share/turtlesim/cmake/rosidl_cmake-extras.cmake
[13.823s] -- Installing: /home/ubuntu/ros2_ws/src/install/turtlesim/share/turtlesim/cmake/ament_cmake_export_dependencies-extras.cmake
[13.823s] -- Installing: /home/ubuntu/ros2_ws/src/install/turtlesim/share/turtlesim/cmake/ament_cmake_export_include_directories-extras.cmake
[13.823s] -- Installing: /home/ubuntu/ros2_ws/src/install/turtlesim/share/turtlesim/cmake/ament_cmake_export_libraries-extras.cmake
[13.823s] -- Installing: /home/ubuntu/ros2_ws/src/install/turtlesim/share/turtlesim/cmake/ament_cmake_export_targets-extras.cmake
[13.823s] -- Installing: /home/ubuntu/ros2_ws/src/install/turtlesim/share/turtlesim/cmake/rosidl_cmake_export_typesupport_targets-extras.cmake
[13.823s] -- Installing: /home/ubuntu/ros2_ws/src/install/turtlesim/share/turtlesim/cmake/rosidl_cmake_export_typesupport_libraries-extras.cmake
[13.824s] -- Installing: /home/ubuntu/ros2_ws/src/install/turtlesim/share/turtlesim/cmake/turtlesimConfig.cmake
[13.824s] -- Installing: /home/ubuntu/ros2_ws/src/install/turtlesim/share/turtlesim/cmake/turtlesimConfig-version.cmake
[13.824s] -- Installing: /home/ubuntu/ros2_ws/src/install/turtlesim/share/turtlesim/package.xml
[13.825s] Invoked command in '/home/ubuntu/ros2_ws/src/build/turtlesim' returned '0': CMAKE_PREFIX_PATH=/opt/ros/humble /usr/bin/cmake --install /home/ubuntu/ros2_ws/src/build/turtlesim
