-- Found ament_cmake: 1.3.7 (/opt/ros/humble/share/ament_cmake/cmake)
-- Found rosidl_default_generators: 1.2.0 (/opt/ros/humble/share/rosidl_default_generators/cmake)
-- Using all available rosidl_typesupport_c: rosidl_typesupport_fastrtps_c;rosidl_typesupport_introspection_c
-- Found rosidl_adapter: 3.1.5 (/opt/ros/humble/share/rosidl_adapter/cmake)
-- Using all available rosidl_typesupport_cpp: rosidl_typesupport_fastrtps_cpp;rosidl_typesupport_introspection_cpp
-- Found ament_cmake_ros: 0.10.0 (/opt/ros/humble/share/ament_cmake_ros/cmake)
-- Using all available rosidl_typesupport_c: rosidl_typesupport_fastrtps_c;rosidl_typesupport_introspection_c
-- Using all available rosidl_typesupport_cpp: rosidl_typesupport_fastrtps_cpp;rosidl_typesupport_introspection_cpp
-- Found python_cmake_module: 0.10.0 (/opt/ros/humble/share/python_cmake_module/cmake)
-- Using PYTHON_EXECUTABLE: /usr/bin/python3
-- Using PYTHON_INCLUDE_DIRS: /usr/include/python3.10
-- Using PYTHON_LIBRARIES: /usr/lib/x86_64-linux-gnu/libpython3.10.so
-- Found ament_lint_auto: 0.12.10 (/opt/ros/humble/share/ament_lint_auto/cmake)
-- Added test 'lint_cmake' to check CMake code style
-- Added test 'xmllint' to check XML markup files
-- Configuring done
-- Generating done
-- Build files have been written to: /home/ubuntu/ros2_ws/build/rob599_msgs
[  2%] [34m[1mGenerating C code for ROS interfaces[0m
[  5%] [34m[1mGenerating C++ code for ROS interfaces[0m
[  5%] Built target ament_cmake_python_copy_rob599_msgs
running egg_info
writing rob599_msgs.egg-info/PKG-INFO
writing dependency_links to rob599_msgs.egg-info/dependency_links.txt
writing top-level names to rob599_msgs.egg-info/top_level.txt
reading manifest file 'rob599_msgs.egg-info/SOURCES.txt'
writing manifest file 'rob599_msgs.egg-info/SOURCES.txt'
[  5%] Built target ament_cmake_python_build_rob599_msgs_egg
[  5%] Built target rob599_msgs__cpp
[35m[1mConsolidate compiler generated dependencies of target rob599_msgs__rosidl_generator_c[0m
[ 10%] [34m[1mGenerating C++ type support for eProsima Fast-RTPS[0m
[ 10%] [34m[1mGenerating C++ type support dispatch for ROS interfaces[0m
[ 12%] [34m[1mGenerating C++ introspection for ROS interfaces[0m
[ 15%] [32mBuilding C object CMakeFiles/rob599_msgs__rosidl_generator_c.dir/rosidl_generator_c/rob599_msgs/srv/detail/brakes__functions.c.o[0m
[ 17%] [32mBuilding C object CMakeFiles/rob599_msgs__rosidl_generator_c.dir/rosidl_generator_c/rob599_msgs/action/detail/launch_rocket__functions.c.o[0m
[35m[1mConsolidate compiler generated dependencies of target rob599_msgs__rosidl_typesupport_cpp[0m
[ 23%] [32mBuilding CXX object CMakeFiles/rob599_msgs__rosidl_typesupport_cpp.dir/rosidl_typesupport_cpp/rob599_msgs/srv/brakes__type_support.cpp.o[0m
[ 23%] [32mBuilding CXX object CMakeFiles/rob599_msgs__rosidl_typesupport_cpp.dir/rosidl_typesupport_cpp/rob599_msgs/action/launch_rocket__type_support.cpp.o[0m
[ 25%] [32m[1mLinking C shared library librob599_msgs__rosidl_generator_c.so[0m
[35m[1mConsolidate compiler generated dependencies of target rob599_msgs__rosidl_typesupport_introspection_cpp[0m
[ 30%] [32mBuilding CXX object CMakeFiles/rob599_msgs__rosidl_typesupport_introspection_cpp.dir/rosidl_typesupport_introspection_cpp/rob599_msgs/action/detail/launch_rocket__type_support.cpp.o[0m
[ 30%] [32mBuilding CXX object CMakeFiles/rob599_msgs__rosidl_typesupport_introspection_cpp.dir/rosidl_typesupport_introspection_cpp/rob599_msgs/srv/detail/brakes__type_support.cpp.o[0m
[35m[1mConsolidate compiler generated dependencies of target rob599_msgs__rosidl_typesupport_fastrtps_cpp[0m
[ 33%] [32mBuilding CXX object CMakeFiles/rob599_msgs__rosidl_typesupport_fastrtps_cpp.dir/rosidl_typesupport_fastrtps_cpp/rob599_msgs/srv/detail/dds_fastrtps/brakes__type_support.cpp.o[0m
[ 35%] [32mBuilding CXX object CMakeFiles/rob599_msgs__rosidl_typesupport_fastrtps_cpp.dir/rosidl_typesupport_fastrtps_cpp/rob599_msgs/action/detail/dds_fastrtps/launch_rocket__type_support.cpp.o[0m
[ 35%] Built target rob599_msgs__rosidl_generator_c
[ 43%] [34m[1mGenerating C type support dispatch for ROS interfaces[0m
[ 43%] [34m[1mGenerating C introspection for ROS interfaces[0m
[ 43%] [34m[1mGenerating C type support for eProsima Fast-RTPS[0m
[35m[1mConsolidate compiler generated dependencies of target rob599_msgs__rosidl_typesupport_c[0m
[ 46%] [32mBuilding CXX object CMakeFiles/rob599_msgs__rosidl_typesupport_c.dir/rosidl_typesupport_c/rob599_msgs/srv/brakes__type_support.cpp.o[0m
[ 48%] [32mBuilding CXX object CMakeFiles/rob599_msgs__rosidl_typesupport_c.dir/rosidl_typesupport_c/rob599_msgs/action/launch_rocket__type_support.cpp.o[0m
[35m[1mConsolidate compiler generated dependencies of target rob599_msgs__rosidl_typesupport_introspection_c[0m
[ 53%] [32mBuilding C object CMakeFiles/rob599_msgs__rosidl_typesupport_introspection_c.dir/rosidl_typesupport_introspection_c/rob599_msgs/action/detail/launch_rocket__type_support.c.o[0m
[ 53%] [32mBuilding C object CMakeFiles/rob599_msgs__rosidl_typesupport_introspection_c.dir/rosidl_typesupport_introspection_c/rob599_msgs/srv/detail/brakes__type_support.c.o[0m
[35m[1mConsolidate compiler generated dependencies of target rob599_msgs__rosidl_typesupport_fastrtps_c[0m
[ 56%] [32mBuilding CXX object CMakeFiles/rob599_msgs__rosidl_typesupport_fastrtps_c.dir/rosidl_typesupport_fastrtps_c/rob599_msgs/srv/detail/brakes__type_support_c.cpp.o[0m
[ 58%] [32mBuilding CXX object CMakeFiles/rob599_msgs__rosidl_typesupport_fastrtps_c.dir/rosidl_typesupport_fastrtps_c/rob599_msgs/action/detail/launch_rocket__type_support_c.cpp.o[0m
[ 61%] [32m[1mLinking CXX shared library librob599_msgs__rosidl_typesupport_c.so[0m
[ 64%] [32m[1mLinking C shared library librob599_msgs__rosidl_typesupport_introspection_c.so[0m
[ 64%] Built target rob599_msgs__rosidl_typesupport_c
[ 64%] Built target rob599_msgs__rosidl_typesupport_introspection_c
[ 66%] [32m[1mLinking CXX shared library librob599_msgs__rosidl_typesupport_fastrtps_c.so[0m
[ 69%] [32m[1mLinking CXX shared library librob599_msgs__rosidl_typesupport_cpp.so[0m
[ 69%] Built target rob599_msgs__rosidl_typesupport_fastrtps_c
[ 69%] Built target rob599_msgs__rosidl_typesupport_cpp
[ 71%] [32m[1mLinking CXX shared library librob599_msgs__rosidl_typesupport_fastrtps_cpp.so[0m
[ 74%] [32m[1mLinking CXX shared library librob599_msgs__rosidl_typesupport_introspection_cpp.so[0m
[ 74%] Built target rob599_msgs__rosidl_typesupport_fastrtps_cpp
[ 74%] Built target rob599_msgs__rosidl_typesupport_introspection_cpp
[ 74%] Built target rob599_msgs
[ 76%] [34m[1mGenerating Python code for ROS interfaces[0m
[ 76%] Built target rob599_msgs__py
[35m[1mConsolidate compiler generated dependencies of target rob599_msgs__rosidl_generator_py[0m
[ 79%] [32mBuilding C object CMakeFiles/rob599_msgs__rosidl_generator_py.dir/rosidl_generator_py/rob599_msgs/srv/_brakes_s.c.o[0m
[ 82%] [32mBuilding C object CMakeFiles/rob599_msgs__rosidl_generator_py.dir/rosidl_generator_py/rob599_msgs/action/_launch_rocket_s.c.o[0m
[ 84%] [32m[1mLinking C shared library rosidl_generator_py/rob599_msgs/librob599_msgs__rosidl_generator_py.so[0m
[ 84%] Built target rob599_msgs__rosidl_generator_py
[35m[1mConsolidate compiler generated dependencies of target rob599_msgs__rosidl_typesupport_fastrtps_c__pyext[0m
[35m[1mConsolidate compiler generated dependencies of target rob599_msgs__rosidl_typesupport_introspection_c__pyext[0m
[35m[1mConsolidate compiler generated dependencies of target rob599_msgs__rosidl_typesupport_c__pyext[0m
[ 89%] [32mBuilding C object CMakeFiles/rob599_msgs__rosidl_typesupport_introspection_c__pyext.dir/rosidl_generator_py/rob599_msgs/_rob599_msgs_s.ep.rosidl_typesupport_introspection_c.c.o[0m
[ 89%] [32mBuilding C object CMakeFiles/rob599_msgs__rosidl_typesupport_fastrtps_c__pyext.dir/rosidl_generator_py/rob599_msgs/_rob599_msgs_s.ep.rosidl_typesupport_fastrtps_c.c.o[0m
[ 92%] [32mBuilding C object CMakeFiles/rob599_msgs__rosidl_typesupport_c__pyext.dir/rosidl_generator_py/rob599_msgs/_rob599_msgs_s.ep.rosidl_typesupport_c.c.o[0m
[100%] [32m[1mLinking C shared library rosidl_generator_py/rob599_msgs/rob599_msgs_s__rosidl_typesupport_introspection_c.cpython-310-x86_64-linux-gnu.so[0m
[100%] [32m[1mLinking C shared library rosidl_generator_py/rob599_msgs/rob599_msgs_s__rosidl_typesupport_fastrtps_c.cpython-310-x86_64-linux-gnu.so[0m
[100%] [32m[1mLinking C shared library rosidl_generator_py/rob599_msgs/rob599_msgs_s__rosidl_typesupport_c.cpython-310-x86_64-linux-gnu.so[0m
[100%] Built target rob599_msgs__rosidl_typesupport_fastrtps_c__pyext
[100%] Built target rob599_msgs__rosidl_typesupport_introspection_c__pyext
[100%] Built target rob599_msgs__rosidl_typesupport_c__pyext
-- Install configuration: ""
-- Installing: /home/ubuntu/ros2_ws/install/rob599_msgs/share/ament_index/resource_index/rosidl_interfaces/rob599_msgs
-- Up-to-date: /home/ubuntu/ros2_ws/install/rob599_msgs/include/rob599_msgs/rob599_msgs
-- Up-to-date: /home/ubuntu/ros2_ws/install/rob599_msgs/include/rob599_msgs/rob599_msgs/msg
-- Up-to-date: /home/ubuntu/ros2_ws/install/rob599_msgs/include/rob599_msgs/rob599_msgs/msg/rosidl_generator_c__visibility_control.h
-- Up-to-date: /home/ubuntu/ros2_ws/install/rob599_msgs/include/rob599_msgs/rob599_msgs/srv
-- Installing: /home/ubuntu/ros2_ws/install/rob599_msgs/include/rob599_msgs/rob599_msgs/srv/brakes.h
-- Up-to-date: /home/ubuntu/ros2_ws/install/rob599_msgs/include/rob599_msgs/rob599_msgs/srv/detail
-- Installing: /home/ubuntu/ros2_ws/install/rob599_msgs/include/rob599_msgs/rob599_msgs/srv/detail/brakes__functions.h
-- Installing: /home/ubuntu/ros2_ws/install/rob599_msgs/include/rob599_msgs/rob599_msgs/srv/detail/brakes__type_support.h
-- Installing: /home/ubuntu/ros2_ws/install/rob599_msgs/include/rob599_msgs/rob599_msgs/srv/detail/brakes__functions.c
-- Installing: /home/ubuntu/ros2_ws/install/rob599_msgs/include/rob599_msgs/rob599_msgs/srv/detail/brakes__struct.h
-- Installing: /home/ubuntu/ros2_ws/install/rob599_msgs/include/rob599_msgs/rob599_msgs/action
-- Installing: /home/ubuntu/ros2_ws/install/rob599_msgs/include/rob599_msgs/rob599_msgs/action/launch_rocket.h
-- Installing: /home/ubuntu/ros2_ws/install/rob599_msgs/include/rob599_msgs/rob599_msgs/action/detail
-- Installing: /home/ubuntu/ros2_ws/install/rob599_msgs/include/rob599_msgs/rob599_msgs/action/detail/launch_rocket__functions.c
-- Installing: /home/ubuntu/ros2_ws/install/rob599_msgs/include/rob599_msgs/rob599_msgs/action/detail/launch_rocket__functions.h
-- Installing: /home/ubuntu/ros2_ws/install/rob599_msgs/include/rob599_msgs/rob599_msgs/action/detail/launch_rocket__type_support.h
-- Installing: /home/ubuntu/ros2_ws/install/rob599_msgs/include/rob599_msgs/rob599_msgs/action/detail/launch_rocket__struct.h
-- Up-to-date: /home/ubuntu/ros2_ws/install/rob599_msgs/share/rob599_msgs/environment/library_path.sh
-- Installing: /home/ubuntu/ros2_ws/install/rob599_msgs/share/rob599_msgs/environment/library_path.dsv
-- Installing: /home/ubuntu/ros2_ws/install/rob599_msgs/lib/librob599_msgs__rosidl_generator_c.so
-- Set runtime path of "/home/ubuntu/ros2_ws/install/rob599_msgs/lib/librob599_msgs__rosidl_generator_c.so" to ""
-- Up-to-date: /home/ubuntu/ros2_ws/install/rob599_msgs/include/rob599_msgs/rob599_msgs
-- Up-to-date: /home/ubuntu/ros2_ws/install/rob599_msgs/include/rob599_msgs/rob599_msgs/msg
-- Up-to-date: /home/ubuntu/ros2_ws/install/rob599_msgs/include/rob599_msgs/rob599_msgs/msg/rosidl_typesupport_fastrtps_c__visibility_control.h
-- Up-to-date: /home/ubuntu/ros2_ws/install/rob599_msgs/include/rob599_msgs/rob599_msgs/srv
-- Up-to-date: /home/ubuntu/ros2_ws/install/rob599_msgs/include/rob599_msgs/rob599_msgs/srv/detail
-- Installing: /home/ubuntu/ros2_ws/install/rob599_msgs/include/rob599_msgs/rob599_msgs/srv/detail/brakes__rosidl_typesupport_fastrtps_c.h
-- Up-to-date: /home/ubuntu/ros2_ws/install/rob599_msgs/include/rob599_msgs/rob599_msgs/action
-- Up-to-date: /home/ubuntu/ros2_ws/install/rob599_msgs/include/rob599_msgs/rob599_msgs/action/detail
-- Installing: /home/ubuntu/ros2_ws/install/rob599_msgs/include/rob599_msgs/rob599_msgs/action/detail/launch_rocket__rosidl_typesupport_fastrtps_c.h
-- Installing: /home/ubuntu/ros2_ws/install/rob599_msgs/lib/librob599_msgs__rosidl_typesupport_fastrtps_c.so
-- Set runtime path of "/home/ubuntu/ros2_ws/install/rob599_msgs/lib/librob599_msgs__rosidl_typesupport_fastrtps_c.so" to ""
-- Up-to-date: /home/ubuntu/ros2_ws/install/rob599_msgs/include/rob599_msgs/rob599_msgs
-- Up-to-date: /home/ubuntu/ros2_ws/install/rob599_msgs/include/rob599_msgs/rob599_msgs/msg
-- Up-to-date: /home/ubuntu/ros2_ws/install/rob599_msgs/include/rob599_msgs/rob599_msgs/msg/rosidl_typesupport_introspection_c__visibility_control.h
-- Up-to-date: /home/ubuntu/ros2_ws/install/rob599_msgs/include/rob599_msgs/rob599_msgs/srv
-- Up-to-date: /home/ubuntu/ros2_ws/install/rob599_msgs/include/rob599_msgs/rob599_msgs/srv/detail
-- Installing: /home/ubuntu/ros2_ws/install/rob599_msgs/include/rob599_msgs/rob599_msgs/srv/detail/brakes__rosidl_typesupport_introspection_c.h
-- Installing: /home/ubuntu/ros2_ws/install/rob599_msgs/include/rob599_msgs/rob599_msgs/srv/detail/brakes__type_support.c
-- Up-to-date: /home/ubuntu/ros2_ws/install/rob599_msgs/include/rob599_msgs/rob599_msgs/action
-- Up-to-date: /home/ubuntu/ros2_ws/install/rob599_msgs/include/rob599_msgs/rob599_msgs/action/detail
-- Installing: /home/ubuntu/ros2_ws/install/rob599_msgs/include/rob599_msgs/rob599_msgs/action/detail/launch_rocket__rosidl_typesupport_introspection_c.h
-- Installing: /home/ubuntu/ros2_ws/install/rob599_msgs/include/rob599_msgs/rob599_msgs/action/detail/launch_rocket__type_support.c
-- Installing: /home/ubuntu/ros2_ws/install/rob599_msgs/lib/librob599_msgs__rosidl_typesupport_introspection_c.so
-- Set runtime path of "/home/ubuntu/ros2_ws/install/rob599_msgs/lib/librob599_msgs__rosidl_typesupport_introspection_c.so" to ""
-- Installing: /home/ubuntu/ros2_ws/install/rob599_msgs/lib/librob599_msgs__rosidl_typesupport_c.so
-- Set runtime path of "/home/ubuntu/ros2_ws/install/rob599_msgs/lib/librob599_msgs__rosidl_typesupport_c.so" to ""
-- Up-to-date: /home/ubuntu/ros2_ws/install/rob599_msgs/include/rob599_msgs/rob599_msgs
-- Up-to-date: /home/ubuntu/ros2_ws/install/rob599_msgs/include/rob599_msgs/rob599_msgs/srv
-- Installing: /home/ubuntu/ros2_ws/install/rob599_msgs/include/rob599_msgs/rob599_msgs/srv/brakes.hpp
-- Up-to-date: /home/ubuntu/ros2_ws/install/rob599_msgs/include/rob599_msgs/rob599_msgs/srv/detail
-- Installing: /home/ubuntu/ros2_ws/install/rob599_msgs/include/rob599_msgs/rob599_msgs/srv/detail/brakes__struct.hpp
-- Installing: /home/ubuntu/ros2_ws/install/rob599_msgs/include/rob599_msgs/rob599_msgs/srv/detail/brakes__builder.hpp
-- Installing: /home/ubuntu/ros2_ws/install/rob599_msgs/include/rob599_msgs/rob599_msgs/srv/detail/brakes__traits.hpp
-- Up-to-date: /home/ubuntu/ros2_ws/install/rob599_msgs/include/rob599_msgs/rob599_msgs/action
-- Installing: /home/ubuntu/ros2_ws/install/rob599_msgs/include/rob599_msgs/rob599_msgs/action/launch_rocket.hpp
-- Up-to-date: /home/ubuntu/ros2_ws/install/rob599_msgs/include/rob599_msgs/rob599_msgs/action/detail
-- Installing: /home/ubuntu/ros2_ws/install/rob599_msgs/include/rob599_msgs/rob599_msgs/action/detail/launch_rocket__struct.hpp
-- Installing: /home/ubuntu/ros2_ws/install/rob599_msgs/include/rob599_msgs/rob599_msgs/action/detail/launch_rocket__builder.hpp
-- Installing: /home/ubuntu/ros2_ws/install/rob599_msgs/include/rob599_msgs/rob599_msgs/action/detail/launch_rocket__traits.hpp
-- Up-to-date: /home/ubuntu/ros2_ws/install/rob599_msgs/include/rob599_msgs/rob599_msgs
-- Up-to-date: /home/ubuntu/ros2_ws/install/rob599_msgs/include/rob599_msgs/rob599_msgs/msg
-- Up-to-date: /home/ubuntu/ros2_ws/install/rob599_msgs/include/rob599_msgs/rob599_msgs/msg/rosidl_typesupport_fastrtps_cpp__visibility_control.h
-- Up-to-date: /home/ubuntu/ros2_ws/install/rob599_msgs/include/rob599_msgs/rob599_msgs/srv
-- Up-to-date: /home/ubuntu/ros2_ws/install/rob599_msgs/include/rob599_msgs/rob599_msgs/srv/detail
-- Up-to-date: /home/ubuntu/ros2_ws/install/rob599_msgs/include/rob599_msgs/rob599_msgs/srv/detail/dds_fastrtps
-- Installing: /home/ubuntu/ros2_ws/install/rob599_msgs/include/rob599_msgs/rob599_msgs/srv/detail/brakes__rosidl_typesupport_fastrtps_cpp.hpp
-- Up-to-date: /home/ubuntu/ros2_ws/install/rob599_msgs/include/rob599_msgs/rob599_msgs/action
-- Up-to-date: /home/ubuntu/ros2_ws/install/rob599_msgs/include/rob599_msgs/rob599_msgs/action/detail
-- Installing: /home/ubuntu/ros2_ws/install/rob599_msgs/include/rob599_msgs/rob599_msgs/action/detail/dds_fastrtps
-- Installing: /home/ubuntu/ros2_ws/install/rob599_msgs/include/rob599_msgs/rob599_msgs/action/detail/launch_rocket__rosidl_typesupport_fastrtps_cpp.hpp
-- Installing: /home/ubuntu/ros2_ws/install/rob599_msgs/lib/librob599_msgs__rosidl_typesupport_fastrtps_cpp.so
-- Set runtime path of "/home/ubuntu/ros2_ws/install/rob599_msgs/lib/librob599_msgs__rosidl_typesupport_fastrtps_cpp.so" to ""
-- Up-to-date: /home/ubuntu/ros2_ws/install/rob599_msgs/include/rob599_msgs/rob599_msgs
-- Up-to-date: /home/ubuntu/ros2_ws/install/rob599_msgs/include/rob599_msgs/rob599_msgs/srv
-- Up-to-date: /home/ubuntu/ros2_ws/install/rob599_msgs/include/rob599_msgs/rob599_msgs/srv/detail
-- Installing: /home/ubuntu/ros2_ws/install/rob599_msgs/include/rob599_msgs/rob599_msgs/srv/detail/brakes__type_support.cpp
-- Installing: /home/ubuntu/ros2_ws/install/rob599_msgs/include/rob599_msgs/rob599_msgs/srv/detail/brakes__rosidl_typesupport_introspection_cpp.hpp
-- Up-to-date: /home/ubuntu/ros2_ws/install/rob599_msgs/include/rob599_msgs/rob599_msgs/action
-- Up-to-date: /home/ubuntu/ros2_ws/install/rob599_msgs/include/rob599_msgs/rob599_msgs/action/detail
-- Installing: /home/ubuntu/ros2_ws/install/rob599_msgs/include/rob599_msgs/rob599_msgs/action/detail/launch_rocket__type_support.cpp
-- Installing: /home/ubuntu/ros2_ws/install/rob599_msgs/include/rob599_msgs/rob599_msgs/action/detail/launch_rocket__rosidl_typesupport_introspection_cpp.hpp
-- Installing: /home/ubuntu/ros2_ws/install/rob599_msgs/lib/librob599_msgs__rosidl_typesupport_introspection_cpp.so
-- Set runtime path of "/home/ubuntu/ros2_ws/install/rob599_msgs/lib/librob599_msgs__rosidl_typesupport_introspection_cpp.so" to ""
-- Installing: /home/ubuntu/ros2_ws/install/rob599_msgs/lib/librob599_msgs__rosidl_typesupport_cpp.so
-- Set runtime path of "/home/ubuntu/ros2_ws/install/rob599_msgs/lib/librob599_msgs__rosidl_typesupport_cpp.so" to ""
-- Up-to-date: /home/ubuntu/ros2_ws/install/rob599_msgs/share/rob599_msgs/environment/pythonpath.sh
-- Installing: /home/ubuntu/ros2_ws/install/rob599_msgs/share/rob599_msgs/environment/pythonpath.dsv
-- Up-to-date: /home/ubuntu/ros2_ws/install/rob599_msgs/local/lib/python3.10/dist-packages/rob599_msgs-0.0.0-py3.10.egg-info
-- Installing: /home/ubuntu/ros2_ws/install/rob599_msgs/local/lib/python3.10/dist-packages/rob599_msgs-0.0.0-py3.10.egg-info/SOURCES.txt
-- Installing: /home/ubuntu/ros2_ws/install/rob599_msgs/local/lib/python3.10/dist-packages/rob599_msgs-0.0.0-py3.10.egg-info/top_level.txt
-- Installing: /home/ubuntu/ros2_ws/install/rob599_msgs/local/lib/python3.10/dist-packages/rob599_msgs-0.0.0-py3.10.egg-info/dependency_links.txt
-- Installing: /home/ubuntu/ros2_ws/install/rob599_msgs/local/lib/python3.10/dist-packages/rob599_msgs-0.0.0-py3.10.egg-info/PKG-INFO
-- Up-to-date: /home/ubuntu/ros2_ws/install/rob599_msgs/local/lib/python3.10/dist-packages/rob599_msgs
-- Installing: /home/ubuntu/ros2_ws/install/rob599_msgs/local/lib/python3.10/dist-packages/rob599_msgs/rob599_msgs_s__rosidl_typesupport_fastrtps_c.cpython-310-x86_64-linux-gnu.so
-- Installing: /home/ubuntu/ros2_ws/install/rob599_msgs/local/lib/python3.10/dist-packages/rob599_msgs/__init__.py
-- Installing: /home/ubuntu/ros2_ws/install/rob599_msgs/local/lib/python3.10/dist-packages/rob599_msgs/_rob599_msgs_s.ep.rosidl_typesupport_c.c
-- Installing: /home/ubuntu/ros2_ws/install/rob599_msgs/local/lib/python3.10/dist-packages/rob599_msgs/rob599_msgs_s__rosidl_typesupport_c.cpython-310-x86_64-linux-gnu.so
-- Up-to-date: /home/ubuntu/ros2_ws/install/rob599_msgs/local/lib/python3.10/dist-packages/rob599_msgs/srv
-- Installing: /home/ubuntu/ros2_ws/install/rob599_msgs/local/lib/python3.10/dist-packages/rob599_msgs/srv/_brakes_s.c
-- Installing: /home/ubuntu/ros2_ws/install/rob599_msgs/local/lib/python3.10/dist-packages/rob599_msgs/srv/__init__.py
-- Installing: /home/ubuntu/ros2_ws/install/rob599_msgs/local/lib/python3.10/dist-packages/rob599_msgs/srv/_brakes.py
-- Installing: /home/ubuntu/ros2_ws/install/rob599_msgs/local/lib/python3.10/dist-packages/rob599_msgs/action
-- Installing: /home/ubuntu/ros2_ws/install/rob599_msgs/local/lib/python3.10/dist-packages/rob599_msgs/action/_launch_rocket.py
-- Installing: /home/ubuntu/ros2_ws/install/rob599_msgs/local/lib/python3.10/dist-packages/rob599_msgs/action/__init__.py
-- Installing: /home/ubuntu/ros2_ws/install/rob599_msgs/local/lib/python3.10/dist-packages/rob599_msgs/action/_launch_rocket_s.c
-- Installing: /home/ubuntu/ros2_ws/install/rob599_msgs/local/lib/python3.10/dist-packages/rob599_msgs/rob599_msgs_s__rosidl_typesupport_introspection_c.cpython-310-x86_64-linux-gnu.so
-- Installing: /home/ubuntu/ros2_ws/install/rob599_msgs/local/lib/python3.10/dist-packages/rob599_msgs/_rob599_msgs_s.ep.rosidl_typesupport_fastrtps_c.c
-- Installing: /home/ubuntu/ros2_ws/install/rob599_msgs/local/lib/python3.10/dist-packages/rob599_msgs/_rob599_msgs_s.ep.rosidl_typesupport_introspection_c.c
-- Installing: /home/ubuntu/ros2_ws/install/rob599_msgs/local/lib/python3.10/dist-packages/rob599_msgs/librob599_msgs__rosidl_generator_py.so
Listing '/home/ubuntu/ros2_ws/install/rob599_msgs/local/lib/python3.10/dist-packages/rob599_msgs'...
Compiling '/home/ubuntu/ros2_ws/install/rob599_msgs/local/lib/python3.10/dist-packages/rob599_msgs/__init__.py'...
Listing '/home/ubuntu/ros2_ws/install/rob599_msgs/local/lib/python3.10/dist-packages/rob599_msgs/action'...
Compiling '/home/ubuntu/ros2_ws/install/rob599_msgs/local/lib/python3.10/dist-packages/rob599_msgs/action/__init__.py'...
Compiling '/home/ubuntu/ros2_ws/install/rob599_msgs/local/lib/python3.10/dist-packages/rob599_msgs/action/_launch_rocket.py'...
Listing '/home/ubuntu/ros2_ws/install/rob599_msgs/local/lib/python3.10/dist-packages/rob599_msgs/srv'...
Compiling '/home/ubuntu/ros2_ws/install/rob599_msgs/local/lib/python3.10/dist-packages/rob599_msgs/srv/__init__.py'...
Compiling '/home/ubuntu/ros2_ws/install/rob599_msgs/local/lib/python3.10/dist-packages/rob599_msgs/srv/_brakes.py'...
-- Installing: /home/ubuntu/ros2_ws/install/rob599_msgs/local/lib/python3.10/dist-packages/rob599_msgs/rob599_msgs_s__rosidl_typesupport_fastrtps_c.cpython-310-x86_64-linux-gnu.so
-- Set runtime path of "/home/ubuntu/ros2_ws/install/rob599_msgs/local/lib/python3.10/dist-packages/rob599_msgs/rob599_msgs_s__rosidl_typesupport_fastrtps_c.cpython-310-x86_64-linux-gnu.so" to ""
-- Installing: /home/ubuntu/ros2_ws/install/rob599_msgs/local/lib/python3.10/dist-packages/rob599_msgs/rob599_msgs_s__rosidl_typesupport_introspection_c.cpython-310-x86_64-linux-gnu.so
-- Set runtime path of "/home/ubuntu/ros2_ws/install/rob599_msgs/local/lib/python3.10/dist-packages/rob599_msgs/rob599_msgs_s__rosidl_typesupport_introspection_c.cpython-310-x86_64-linux-gnu.so" to ""
-- Installing: /home/ubuntu/ros2_ws/install/rob599_msgs/local/lib/python3.10/dist-packages/rob599_msgs/rob599_msgs_s__rosidl_typesupport_c.cpython-310-x86_64-linux-gnu.so
-- Set runtime path of "/home/ubuntu/ros2_ws/install/rob599_msgs/local/lib/python3.10/dist-packages/rob599_msgs/rob599_msgs_s__rosidl_typesupport_c.cpython-310-x86_64-linux-gnu.so" to ""
-- Installing: /home/ubuntu/ros2_ws/install/rob599_msgs/lib/librob599_msgs__rosidl_generator_py.so
-- Set runtime path of "/home/ubuntu/ros2_ws/install/rob599_msgs/lib/librob599_msgs__rosidl_generator_py.so" to ""
-- Up-to-date: /home/ubuntu/ros2_ws/install/rob599_msgs/share/rob599_msgs/srv/Brakes.idl
-- Installing: /home/ubuntu/ros2_ws/install/rob599_msgs/share/rob599_msgs/action/LaunchRocket.idl
-- Up-to-date: /home/ubuntu/ros2_ws/install/rob599_msgs/share/rob599_msgs/srv/Brakes.srv
-- Up-to-date: /home/ubuntu/ros2_ws/install/rob599_msgs/share/rob599_msgs/srv/Brakes_Request.msg
-- Up-to-date: /home/ubuntu/ros2_ws/install/rob599_msgs/share/rob599_msgs/srv/Brakes_Response.msg
-- Installing: /home/ubuntu/ros2_ws/install/rob599_msgs/share/rob599_msgs/action/LaunchRocket.action
-- Up-to-date: /home/ubuntu/ros2_ws/install/rob599_msgs/share/ament_index/resource_index/package_run_dependencies/rob599_msgs
-- Installing: /home/ubuntu/ros2_ws/install/rob599_msgs/share/ament_index/resource_index/parent_prefix_path/rob599_msgs
-- Up-to-date: /home/ubuntu/ros2_ws/install/rob599_msgs/share/rob599_msgs/environment/ament_prefix_path.sh
-- Installing: /home/ubuntu/ros2_ws/install/rob599_msgs/share/rob599_msgs/environment/ament_prefix_path.dsv
-- Up-to-date: /home/ubuntu/ros2_ws/install/rob599_msgs/share/rob599_msgs/environment/path.sh
-- Installing: /home/ubuntu/ros2_ws/install/rob599_msgs/share/rob599_msgs/environment/path.dsv
-- Up-to-date: /home/ubuntu/ros2_ws/install/rob599_msgs/share/rob599_msgs/local_setup.bash
-- Up-to-date: /home/ubuntu/ros2_ws/install/rob599_msgs/share/rob599_msgs/local_setup.sh
-- Up-to-date: /home/ubuntu/ros2_ws/install/rob599_msgs/share/rob599_msgs/local_setup.zsh
-- Installing: /home/ubuntu/ros2_ws/install/rob599_msgs/share/rob599_msgs/local_setup.dsv
-- Installing: /home/ubuntu/ros2_ws/install/rob599_msgs/share/rob599_msgs/package.dsv
-- Up-to-date: /home/ubuntu/ros2_ws/install/rob599_msgs/share/ament_index/resource_index/packages/rob599_msgs
-- Old export file "/home/ubuntu/ros2_ws/install/rob599_msgs/share/rob599_msgs/cmake/export_rob599_msgs__rosidl_generator_cExport.cmake" will be replaced.  Removing files [/home/ubuntu/ros2_ws/install/rob599_msgs/share/rob599_msgs/cmake/export_rob599_msgs__rosidl_generator_cExport-noconfig.cmake].
-- Installing: /home/ubuntu/ros2_ws/install/rob599_msgs/share/rob599_msgs/cmake/export_rob599_msgs__rosidl_generator_cExport.cmake
-- Installing: /home/ubuntu/ros2_ws/install/rob599_msgs/share/rob599_msgs/cmake/export_rob599_msgs__rosidl_generator_cExport-noconfig.cmake
-- Old export file "/home/ubuntu/ros2_ws/install/rob599_msgs/share/rob599_msgs/cmake/export_rob599_msgs__rosidl_typesupport_fastrtps_cExport.cmake" will be replaced.  Removing files [/home/ubuntu/ros2_ws/install/rob599_msgs/share/rob599_msgs/cmake/export_rob599_msgs__rosidl_typesupport_fastrtps_cExport-noconfig.cmake].
-- Installing: /home/ubuntu/ros2_ws/install/rob599_msgs/share/rob599_msgs/cmake/export_rob599_msgs__rosidl_typesupport_fastrtps_cExport.cmake
-- Installing: /home/ubuntu/ros2_ws/install/rob599_msgs/share/rob599_msgs/cmake/export_rob599_msgs__rosidl_typesupport_fastrtps_cExport-noconfig.cmake
-- Old export file "/home/ubuntu/ros2_ws/install/rob599_msgs/share/rob599_msgs/cmake/rob599_msgs__rosidl_typesupport_introspection_cExport.cmake" will be replaced.  Removing files [/home/ubuntu/ros2_ws/install/rob599_msgs/share/rob599_msgs/cmake/rob599_msgs__rosidl_typesupport_introspection_cExport-noconfig.cmake].
-- Installing: /home/ubuntu/ros2_ws/install/rob599_msgs/share/rob599_msgs/cmake/rob599_msgs__rosidl_typesupport_introspection_cExport.cmake
-- Installing: /home/ubuntu/ros2_ws/install/rob599_msgs/share/rob599_msgs/cmake/rob599_msgs__rosidl_typesupport_introspection_cExport-noconfig.cmake
-- Old export file "/home/ubuntu/ros2_ws/install/rob599_msgs/share/rob599_msgs/cmake/rob599_msgs__rosidl_typesupport_cExport.cmake" will be replaced.  Removing files [/home/ubuntu/ros2_ws/install/rob599_msgs/share/rob599_msgs/cmake/rob599_msgs__rosidl_typesupport_cExport-noconfig.cmake].
-- Installing: /home/ubuntu/ros2_ws/install/rob599_msgs/share/rob599_msgs/cmake/rob599_msgs__rosidl_typesupport_cExport.cmake
-- Installing: /home/ubuntu/ros2_ws/install/rob599_msgs/share/rob599_msgs/cmake/rob599_msgs__rosidl_typesupport_cExport-noconfig.cmake
-- Installing: /home/ubuntu/ros2_ws/install/rob599_msgs/share/rob599_msgs/cmake/export_rob599_msgs__rosidl_generator_cppExport.cmake
-- Old export file "/home/ubuntu/ros2_ws/install/rob599_msgs/share/rob599_msgs/cmake/export_rob599_msgs__rosidl_typesupport_fastrtps_cppExport.cmake" will be replaced.  Removing files [/home/ubuntu/ros2_ws/install/rob599_msgs/share/rob599_msgs/cmake/export_rob599_msgs__rosidl_typesupport_fastrtps_cppExport-noconfig.cmake].
-- Installing: /home/ubuntu/ros2_ws/install/rob599_msgs/share/rob599_msgs/cmake/export_rob599_msgs__rosidl_typesupport_fastrtps_cppExport.cmake
-- Installing: /home/ubuntu/ros2_ws/install/rob599_msgs/share/rob599_msgs/cmake/export_rob599_msgs__rosidl_typesupport_fastrtps_cppExport-noconfig.cmake
-- Old export file "/home/ubuntu/ros2_ws/install/rob599_msgs/share/rob599_msgs/cmake/rob599_msgs__rosidl_typesupport_introspection_cppExport.cmake" will be replaced.  Removing files [/home/ubuntu/ros2_ws/install/rob599_msgs/share/rob599_msgs/cmake/rob599_msgs__rosidl_typesupport_introspection_cppExport-noconfig.cmake].
-- Installing: /home/ubuntu/ros2_ws/install/rob599_msgs/share/rob599_msgs/cmake/rob599_msgs__rosidl_typesupport_introspection_cppExport.cmake
-- Installing: /home/ubuntu/ros2_ws/install/rob599_msgs/share/rob599_msgs/cmake/rob599_msgs__rosidl_typesupport_introspection_cppExport-noconfig.cmake
-- Old export file "/home/ubuntu/ros2_ws/install/rob599_msgs/share/rob599_msgs/cmake/rob599_msgs__rosidl_typesupport_cppExport.cmake" will be replaced.  Removing files [/home/ubuntu/ros2_ws/install/rob599_msgs/share/rob599_msgs/cmake/rob599_msgs__rosidl_typesupport_cppExport-noconfig.cmake].
-- Installing: /home/ubuntu/ros2_ws/install/rob599_msgs/share/rob599_msgs/cmake/rob599_msgs__rosidl_typesupport_cppExport.cmake
-- Installing: /home/ubuntu/ros2_ws/install/rob599_msgs/share/rob599_msgs/cmake/rob599_msgs__rosidl_typesupport_cppExport-noconfig.cmake
-- Old export file "/home/ubuntu/ros2_ws/install/rob599_msgs/share/rob599_msgs/cmake/export_rob599_msgs__rosidl_generator_pyExport.cmake" will be replaced.  Removing files [/home/ubuntu/ros2_ws/install/rob599_msgs/share/rob599_msgs/cmake/export_rob599_msgs__rosidl_generator_pyExport-noconfig.cmake].
-- Installing: /home/ubuntu/ros2_ws/install/rob599_msgs/share/rob599_msgs/cmake/export_rob599_msgs__rosidl_generator_pyExport.cmake
-- Installing: /home/ubuntu/ros2_ws/install/rob599_msgs/share/rob599_msgs/cmake/export_rob599_msgs__rosidl_generator_pyExport-noconfig.cmake
-- Installing: /home/ubuntu/ros2_ws/install/rob599_msgs/share/rob599_msgs/cmake/rosidl_cmake-extras.cmake
-- Installing: /home/ubuntu/ros2_ws/install/rob599_msgs/share/rob599_msgs/cmake/ament_cmake_export_dependencies-extras.cmake
-- Up-to-date: /home/ubuntu/ros2_ws/install/rob599_msgs/share/rob599_msgs/cmake/ament_cmake_export_include_directories-extras.cmake
-- Up-to-date: /home/ubuntu/ros2_ws/install/rob599_msgs/share/rob599_msgs/cmake/ament_cmake_export_libraries-extras.cmake
-- Up-to-date: /home/ubuntu/ros2_ws/install/rob599_msgs/share/rob599_msgs/cmake/ament_cmake_export_targets-extras.cmake
-- Up-to-date: /home/ubuntu/ros2_ws/install/rob599_msgs/share/rob599_msgs/cmake/rosidl_cmake_export_typesupport_targets-extras.cmake
-- Up-to-date: /home/ubuntu/ros2_ws/install/rob599_msgs/share/rob599_msgs/cmake/rosidl_cmake_export_typesupport_libraries-extras.cmake
-- Installing: /home/ubuntu/ros2_ws/install/rob599_msgs/share/rob599_msgs/cmake/rob599_msgsConfig.cmake
-- Up-to-date: /home/ubuntu/ros2_ws/install/rob599_msgs/share/rob599_msgs/cmake/rob599_msgsConfig-version.cmake
-- Up-to-date: /home/ubuntu/ros2_ws/install/rob599_msgs/share/rob599_msgs/package.xml
