[0.056s] Invoking command in '/home/ubuntu/ros2_ws/build/rob599_msgs': CMAKE_PREFIX_PATH=${CMAKE_PREFIX_PATH}:/home/ubuntu/ros2_ws/install/rob599hw_2:/opt/ros/humble /usr/bin/cmake --build /home/ubuntu/ros2_ws/build/rob599_msgs -- -j16 -l16
[0.083s] [  3%] Built target rob599_msgs__cpp
[0.084s] [ 12%] Built target rob599_msgs__rosidl_generator_c
[0.091s] [ 12%] Built target ament_cmake_python_copy_rob599_msgs
[0.101s] [ 22%] Built target rob599_msgs__rosidl_typesupport_introspection_cpp
[0.105s] [ 32%] Built target rob599_msgs__rosidl_typesupport_cpp
[0.110s] [ 41%] Built target rob599_msgs__rosidl_typesupport_c
[0.110s] [ 51%] Built target rob599_msgs__rosidl_typesupport_fastrtps_c
[0.112s] [ 61%] Built target rob599_msgs__rosidl_typesupport_fastrtps_cpp
[0.112s] [ 70%] Built target rob599_msgs__rosidl_typesupport_introspection_c
[0.125s] [ 70%] Built target rob599_msgs
[0.139s] [ 74%] Built target rob599_msgs__py
[0.152s] [ 80%] Built target rob599_msgs__rosidl_generator_py
[0.164s] [ 87%] Built target rob599_msgs__rosidl_typesupport_fastrtps_c__pyext
[0.166s] [ 93%] Built target rob599_msgs__rosidl_typesupport_introspection_c__pyext
[0.168s] [100%] Built target rob599_msgs__rosidl_typesupport_c__pyext
[0.238s] running egg_info
[0.239s] writing rob599_msgs.egg-info/PKG-INFO
[0.239s] writing dependency_links to rob599_msgs.egg-info/dependency_links.txt
[0.239s] writing top-level names to rob599_msgs.egg-info/top_level.txt
[0.240s] reading manifest file 'rob599_msgs.egg-info/SOURCES.txt'
[0.240s] writing manifest file 'rob599_msgs.egg-info/SOURCES.txt'
[0.254s] [100%] Built target ament_cmake_python_build_rob599_msgs_egg
[0.261s] Invoked command in '/home/ubuntu/ros2_ws/build/rob599_msgs' returned '0': CMAKE_PREFIX_PATH=${CMAKE_PREFIX_PATH}:/home/ubuntu/ros2_ws/install/rob599hw_2:/opt/ros/humble /usr/bin/cmake --build /home/ubuntu/ros2_ws/build/rob599_msgs -- -j16 -l16
[0.292s] Invoking command in '/home/ubuntu/ros2_ws/build/rob599_msgs': CMAKE_PREFIX_PATH=${CMAKE_PREFIX_PATH}:/home/ubuntu/ros2_ws/install/rob599hw_2:/opt/ros/humble /usr/bin/cmake --install /home/ubuntu/ros2_ws/build/rob599_msgs
[0.296s] -- Install configuration: ""
[0.296s] -- Up-to-date: /home/ubuntu/ros2_ws/install/rob599_msgs/share/ament_index/resource_index/rosidl_interfaces/rob599_msgs
[0.296s] -- Up-to-date: /home/ubuntu/ros2_ws/install/rob599_msgs/include/rob599_msgs/rob599_msgs
[0.297s] -- Up-to-date: /home/ubuntu/ros2_ws/install/rob599_msgs/include/rob599_msgs/rob599_msgs/msg
[0.297s] -- Up-to-date: /home/ubuntu/ros2_ws/install/rob599_msgs/include/rob599_msgs/rob599_msgs/msg/rosidl_generator_c__visibility_control.h
[0.297s] -- Up-to-date: /home/ubuntu/ros2_ws/install/rob599_msgs/include/rob599_msgs/rob599_msgs/srv
[0.297s] -- Up-to-date: /home/ubuntu/ros2_ws/install/rob599_msgs/include/rob599_msgs/rob599_msgs/srv/brakes.h
[0.297s] -- Up-to-date: /home/ubuntu/ros2_ws/install/rob599_msgs/include/rob599_msgs/rob599_msgs/srv/detail
[0.297s] -- Up-to-date: /home/ubuntu/ros2_ws/install/rob599_msgs/include/rob599_msgs/rob599_msgs/srv/detail/brakes__functions.h
[0.297s] -- Up-to-date: /home/ubuntu/ros2_ws/install/rob599_msgs/include/rob599_msgs/rob599_msgs/srv/detail/brakes__type_support.h
[0.297s] -- Up-to-date: /home/ubuntu/ros2_ws/install/rob599_msgs/include/rob599_msgs/rob599_msgs/srv/detail/brakes__functions.c
[0.297s] -- Up-to-date: /home/ubuntu/ros2_ws/install/rob599_msgs/include/rob599_msgs/rob599_msgs/srv/detail/brakes__struct.h
[0.297s] -- Up-to-date: /home/ubuntu/ros2_ws/install/rob599_msgs/share/rob599_msgs/environment/library_path.sh
[0.297s] -- Up-to-date: /home/ubuntu/ros2_ws/install/rob599_msgs/share/rob599_msgs/environment/library_path.dsv
[0.298s] -- Up-to-date: /home/ubuntu/ros2_ws/install/rob599_msgs/lib/librob599_msgs__rosidl_generator_c.so
[0.298s] -- Up-to-date: /home/ubuntu/ros2_ws/install/rob599_msgs/include/rob599_msgs/rob599_msgs
[0.298s] -- Up-to-date: /home/ubuntu/ros2_ws/install/rob599_msgs/include/rob599_msgs/rob599_msgs/msg
[0.298s] -- Up-to-date: /home/ubuntu/ros2_ws/install/rob599_msgs/include/rob599_msgs/rob599_msgs/msg/rosidl_typesupport_fastrtps_c__visibility_control.h
[0.298s] -- Up-to-date: /home/ubuntu/ros2_ws/install/rob599_msgs/include/rob599_msgs/rob599_msgs/srv
[0.298s] -- Up-to-date: /home/ubuntu/ros2_ws/install/rob599_msgs/include/rob599_msgs/rob599_msgs/srv/detail
[0.298s] -- Up-to-date: /home/ubuntu/ros2_ws/install/rob599_msgs/include/rob599_msgs/rob599_msgs/srv/detail/brakes__rosidl_typesupport_fastrtps_c.h
[0.298s] -- Up-to-date: /home/ubuntu/ros2_ws/install/rob599_msgs/lib/librob599_msgs__rosidl_typesupport_fastrtps_c.so
[0.298s] -- Up-to-date: /home/ubuntu/ros2_ws/install/rob599_msgs/include/rob599_msgs/rob599_msgs
[0.298s] -- Up-to-date: /home/ubuntu/ros2_ws/install/rob599_msgs/include/rob599_msgs/rob599_msgs/msg
[0.298s] -- Up-to-date: /home/ubuntu/ros2_ws/install/rob599_msgs/include/rob599_msgs/rob599_msgs/msg/rosidl_typesupport_introspection_c__visibility_control.h
[0.298s] -- Up-to-date: /home/ubuntu/ros2_ws/install/rob599_msgs/include/rob599_msgs/rob599_msgs/srv
[0.298s] -- Up-to-date: /home/ubuntu/ros2_ws/install/rob599_msgs/include/rob599_msgs/rob599_msgs/srv/detail
[0.299s] -- Up-to-date: /home/ubuntu/ros2_ws/install/rob599_msgs/include/rob599_msgs/rob599_msgs/srv/detail/brakes__rosidl_typesupport_introspection_c.h
[0.299s] -- Up-to-date: /home/ubuntu/ros2_ws/install/rob599_msgs/include/rob599_msgs/rob599_msgs/srv/detail/brakes__type_support.c
[0.299s] -- Up-to-date: /home/ubuntu/ros2_ws/install/rob599_msgs/lib/librob599_msgs__rosidl_typesupport_introspection_c.so
[0.299s] -- Up-to-date: /home/ubuntu/ros2_ws/install/rob599_msgs/lib/librob599_msgs__rosidl_typesupport_c.so
[0.299s] -- Up-to-date: /home/ubuntu/ros2_ws/install/rob599_msgs/include/rob599_msgs/rob599_msgs
[0.299s] -- Up-to-date: /home/ubuntu/ros2_ws/install/rob599_msgs/include/rob599_msgs/rob599_msgs/srv
[0.299s] -- Up-to-date: /home/ubuntu/ros2_ws/install/rob599_msgs/include/rob599_msgs/rob599_msgs/srv/brakes.hpp
[0.299s] -- Up-to-date: /home/ubuntu/ros2_ws/install/rob599_msgs/include/rob599_msgs/rob599_msgs/srv/detail
[0.299s] -- Up-to-date: /home/ubuntu/ros2_ws/install/rob599_msgs/include/rob599_msgs/rob599_msgs/srv/detail/brakes__struct.hpp
[0.299s] -- Up-to-date: /home/ubuntu/ros2_ws/install/rob599_msgs/include/rob599_msgs/rob599_msgs/srv/detail/brakes__builder.hpp
[0.300s] -- Up-to-date: /home/ubuntu/ros2_ws/install/rob599_msgs/include/rob599_msgs/rob599_msgs/srv/detail/brakes__traits.hpp
[0.300s] -- Up-to-date: /home/ubuntu/ros2_ws/install/rob599_msgs/include/rob599_msgs/rob599_msgs
[0.300s] -- Up-to-date: /home/ubuntu/ros2_ws/install/rob599_msgs/include/rob599_msgs/rob599_msgs/msg
[0.300s] -- Up-to-date: /home/ubuntu/ros2_ws/install/rob599_msgs/include/rob599_msgs/rob599_msgs/msg/rosidl_typesupport_fastrtps_cpp__visibility_control.h
[0.300s] -- Up-to-date: /home/ubuntu/ros2_ws/install/rob599_msgs/include/rob599_msgs/rob599_msgs/srv
[0.300s] -- Up-to-date: /home/ubuntu/ros2_ws/install/rob599_msgs/include/rob599_msgs/rob599_msgs/srv/detail
[0.300s] -- Up-to-date: /home/ubuntu/ros2_ws/install/rob599_msgs/include/rob599_msgs/rob599_msgs/srv/detail/dds_fastrtps
[0.300s] -- Up-to-date: /home/ubuntu/ros2_ws/install/rob599_msgs/include/rob599_msgs/rob599_msgs/srv/detail/brakes__rosidl_typesupport_fastrtps_cpp.hpp
[0.300s] -- Up-to-date: /home/ubuntu/ros2_ws/install/rob599_msgs/lib/librob599_msgs__rosidl_typesupport_fastrtps_cpp.so
[0.300s] -- Up-to-date: /home/ubuntu/ros2_ws/install/rob599_msgs/include/rob599_msgs/rob599_msgs
[0.300s] -- Up-to-date: /home/ubuntu/ros2_ws/install/rob599_msgs/include/rob599_msgs/rob599_msgs/srv
[0.300s] -- Up-to-date: /home/ubuntu/ros2_ws/install/rob599_msgs/include/rob599_msgs/rob599_msgs/srv/detail
[0.300s] -- Up-to-date: /home/ubuntu/ros2_ws/install/rob599_msgs/include/rob599_msgs/rob599_msgs/srv/detail/brakes__type_support.cpp
[0.300s] -- Up-to-date: /home/ubuntu/ros2_ws/install/rob599_msgs/include/rob599_msgs/rob599_msgs/srv/detail/brakes__rosidl_typesupport_introspection_cpp.hpp
[0.300s] -- Up-to-date: /home/ubuntu/ros2_ws/install/rob599_msgs/lib/librob599_msgs__rosidl_typesupport_introspection_cpp.so
[0.300s] -- Up-to-date: /home/ubuntu/ros2_ws/install/rob599_msgs/lib/librob599_msgs__rosidl_typesupport_cpp.so
[0.300s] -- Up-to-date: /home/ubuntu/ros2_ws/install/rob599_msgs/share/rob599_msgs/environment/pythonpath.sh
[0.300s] -- Up-to-date: /home/ubuntu/ros2_ws/install/rob599_msgs/share/rob599_msgs/environment/pythonpath.dsv
[0.300s] -- Up-to-date: /home/ubuntu/ros2_ws/install/rob599_msgs/local/lib/python3.10/dist-packages/rob599_msgs-0.0.0-py3.10.egg-info
[0.300s] -- Installing: /home/ubuntu/ros2_ws/install/rob599_msgs/local/lib/python3.10/dist-packages/rob599_msgs-0.0.0-py3.10.egg-info/SOURCES.txt
[0.300s] -- Installing: /home/ubuntu/ros2_ws/install/rob599_msgs/local/lib/python3.10/dist-packages/rob599_msgs-0.0.0-py3.10.egg-info/top_level.txt
[0.300s] -- Installing: /home/ubuntu/ros2_ws/install/rob599_msgs/local/lib/python3.10/dist-packages/rob599_msgs-0.0.0-py3.10.egg-info/dependency_links.txt
[0.300s] -- Installing: /home/ubuntu/ros2_ws/install/rob599_msgs/local/lib/python3.10/dist-packages/rob599_msgs-0.0.0-py3.10.egg-info/PKG-INFO
[0.300s] -- Up-to-date: /home/ubuntu/ros2_ws/install/rob599_msgs/local/lib/python3.10/dist-packages/rob599_msgs
[0.300s] -- Up-to-date: /home/ubuntu/ros2_ws/install/rob599_msgs/local/lib/python3.10/dist-packages/rob599_msgs/rob599_msgs_s__rosidl_typesupport_fastrtps_c.cpython-310-x86_64-linux-gnu.so
[0.300s] -- Up-to-date: /home/ubuntu/ros2_ws/install/rob599_msgs/local/lib/python3.10/dist-packages/rob599_msgs/__init__.py
[0.300s] -- Up-to-date: /home/ubuntu/ros2_ws/install/rob599_msgs/local/lib/python3.10/dist-packages/rob599_msgs/_rob599_msgs_s.ep.rosidl_typesupport_c.c
[0.300s] -- Up-to-date: /home/ubuntu/ros2_ws/install/rob599_msgs/local/lib/python3.10/dist-packages/rob599_msgs/rob599_msgs_s__rosidl_typesupport_c.cpython-310-x86_64-linux-gnu.so
[0.300s] -- Up-to-date: /home/ubuntu/ros2_ws/install/rob599_msgs/local/lib/python3.10/dist-packages/rob599_msgs/srv
[0.300s] -- Up-to-date: /home/ubuntu/ros2_ws/install/rob599_msgs/local/lib/python3.10/dist-packages/rob599_msgs/srv/_brakes_s.c
[0.300s] -- Up-to-date: /home/ubuntu/ros2_ws/install/rob599_msgs/local/lib/python3.10/dist-packages/rob599_msgs/srv/__init__.py
[0.300s] -- Up-to-date: /home/ubuntu/ros2_ws/install/rob599_msgs/local/lib/python3.10/dist-packages/rob599_msgs/srv/_brakes.py
[0.300s] -- Up-to-date: /home/ubuntu/ros2_ws/install/rob599_msgs/local/lib/python3.10/dist-packages/rob599_msgs/rob599_msgs_s__rosidl_typesupport_introspection_c.cpython-310-x86_64-linux-gnu.so
[0.301s] -- Up-to-date: /home/ubuntu/ros2_ws/install/rob599_msgs/local/lib/python3.10/dist-packages/rob599_msgs/_rob599_msgs_s.ep.rosidl_typesupport_fastrtps_c.c
[0.301s] -- Up-to-date: /home/ubuntu/ros2_ws/install/rob599_msgs/local/lib/python3.10/dist-packages/rob599_msgs/_rob599_msgs_s.ep.rosidl_typesupport_introspection_c.c
[0.301s] -- Up-to-date: /home/ubuntu/ros2_ws/install/rob599_msgs/local/lib/python3.10/dist-packages/rob599_msgs/librob599_msgs__rosidl_generator_py.so
[0.315s] Listing '/home/ubuntu/ros2_ws/install/rob599_msgs/local/lib/python3.10/dist-packages/rob599_msgs'...
[0.315s] Listing '/home/ubuntu/ros2_ws/install/rob599_msgs/local/lib/python3.10/dist-packages/rob599_msgs/srv'...
[0.318s] -- Up-to-date: /home/ubuntu/ros2_ws/install/rob599_msgs/local/lib/python3.10/dist-packages/rob599_msgs/rob599_msgs_s__rosidl_typesupport_fastrtps_c.cpython-310-x86_64-linux-gnu.so
[0.318s] -- Up-to-date: /home/ubuntu/ros2_ws/install/rob599_msgs/local/lib/python3.10/dist-packages/rob599_msgs/rob599_msgs_s__rosidl_typesupport_introspection_c.cpython-310-x86_64-linux-gnu.so
[0.318s] -- Up-to-date: /home/ubuntu/ros2_ws/install/rob599_msgs/local/lib/python3.10/dist-packages/rob599_msgs/rob599_msgs_s__rosidl_typesupport_c.cpython-310-x86_64-linux-gnu.so
[0.318s] -- Up-to-date: /home/ubuntu/ros2_ws/install/rob599_msgs/lib/librob599_msgs__rosidl_generator_py.so
[0.318s] -- Up-to-date: /home/ubuntu/ros2_ws/install/rob599_msgs/share/rob599_msgs/srv/Brakes.idl
[0.318s] -- Up-to-date: /home/ubuntu/ros2_ws/install/rob599_msgs/share/rob599_msgs/srv/Brakes.srv
[0.318s] -- Up-to-date: /home/ubuntu/ros2_ws/install/rob599_msgs/share/rob599_msgs/srv/Brakes_Request.msg
[0.318s] -- Up-to-date: /home/ubuntu/ros2_ws/install/rob599_msgs/share/rob599_msgs/srv/Brakes_Response.msg
[0.319s] -- Up-to-date: /home/ubuntu/ros2_ws/install/rob599_msgs/share/ament_index/resource_index/package_run_dependencies/rob599_msgs
[0.319s] -- Up-to-date: /home/ubuntu/ros2_ws/install/rob599_msgs/share/ament_index/resource_index/parent_prefix_path/rob599_msgs
[0.319s] -- Up-to-date: /home/ubuntu/ros2_ws/install/rob599_msgs/share/rob599_msgs/environment/ament_prefix_path.sh
[0.319s] -- Up-to-date: /home/ubuntu/ros2_ws/install/rob599_msgs/share/rob599_msgs/environment/ament_prefix_path.dsv
[0.319s] -- Up-to-date: /home/ubuntu/ros2_ws/install/rob599_msgs/share/rob599_msgs/environment/path.sh
[0.319s] -- Up-to-date: /home/ubuntu/ros2_ws/install/rob599_msgs/share/rob599_msgs/environment/path.dsv
[0.319s] -- Up-to-date: /home/ubuntu/ros2_ws/install/rob599_msgs/share/rob599_msgs/local_setup.bash
[0.319s] -- Up-to-date: /home/ubuntu/ros2_ws/install/rob599_msgs/share/rob599_msgs/local_setup.sh
[0.319s] -- Up-to-date: /home/ubuntu/ros2_ws/install/rob599_msgs/share/rob599_msgs/local_setup.zsh
[0.319s] -- Up-to-date: /home/ubuntu/ros2_ws/install/rob599_msgs/share/rob599_msgs/local_setup.dsv
[0.319s] -- Installing: /home/ubuntu/ros2_ws/install/rob599_msgs/share/rob599_msgs/package.dsv
[0.319s] -- Up-to-date: /home/ubuntu/ros2_ws/install/rob599_msgs/share/ament_index/resource_index/packages/rob599_msgs
[0.319s] -- Up-to-date: /home/ubuntu/ros2_ws/install/rob599_msgs/share/rob599_msgs/cmake/export_rob599_msgs__rosidl_generator_cExport.cmake
[0.319s] -- Up-to-date: /home/ubuntu/ros2_ws/install/rob599_msgs/share/rob599_msgs/cmake/export_rob599_msgs__rosidl_generator_cExport-noconfig.cmake
[0.319s] -- Up-to-date: /home/ubuntu/ros2_ws/install/rob599_msgs/share/rob599_msgs/cmake/export_rob599_msgs__rosidl_typesupport_fastrtps_cExport.cmake
[0.320s] -- Up-to-date: /home/ubuntu/ros2_ws/install/rob599_msgs/share/rob599_msgs/cmake/export_rob599_msgs__rosidl_typesupport_fastrtps_cExport-noconfig.cmake
[0.320s] -- Up-to-date: /home/ubuntu/ros2_ws/install/rob599_msgs/share/rob599_msgs/cmake/rob599_msgs__rosidl_typesupport_introspection_cExport.cmake
[0.320s] -- Up-to-date: /home/ubuntu/ros2_ws/install/rob599_msgs/share/rob599_msgs/cmake/rob599_msgs__rosidl_typesupport_introspection_cExport-noconfig.cmake
[0.320s] -- Up-to-date: /home/ubuntu/ros2_ws/install/rob599_msgs/share/rob599_msgs/cmake/rob599_msgs__rosidl_typesupport_cExport.cmake
[0.320s] -- Up-to-date: /home/ubuntu/ros2_ws/install/rob599_msgs/share/rob599_msgs/cmake/rob599_msgs__rosidl_typesupport_cExport-noconfig.cmake
[0.320s] -- Up-to-date: /home/ubuntu/ros2_ws/install/rob599_msgs/share/rob599_msgs/cmake/export_rob599_msgs__rosidl_generator_cppExport.cmake
[0.320s] -- Up-to-date: /home/ubuntu/ros2_ws/install/rob599_msgs/share/rob599_msgs/cmake/export_rob599_msgs__rosidl_typesupport_fastrtps_cppExport.cmake
[0.320s] -- Up-to-date: /home/ubuntu/ros2_ws/install/rob599_msgs/share/rob599_msgs/cmake/export_rob599_msgs__rosidl_typesupport_fastrtps_cppExport-noconfig.cmake
[0.320s] -- Up-to-date: /home/ubuntu/ros2_ws/install/rob599_msgs/share/rob599_msgs/cmake/rob599_msgs__rosidl_typesupport_introspection_cppExport.cmake
[0.320s] -- Up-to-date: /home/ubuntu/ros2_ws/install/rob599_msgs/share/rob599_msgs/cmake/rob599_msgs__rosidl_typesupport_introspection_cppExport-noconfig.cmake
[0.320s] -- Up-to-date: /home/ubuntu/ros2_ws/install/rob599_msgs/share/rob599_msgs/cmake/rob599_msgs__rosidl_typesupport_cppExport.cmake
[0.320s] -- Up-to-date: /home/ubuntu/ros2_ws/install/rob599_msgs/share/rob599_msgs/cmake/rob599_msgs__rosidl_typesupport_cppExport-noconfig.cmake
[0.320s] -- Up-to-date: /home/ubuntu/ros2_ws/install/rob599_msgs/share/rob599_msgs/cmake/export_rob599_msgs__rosidl_generator_pyExport.cmake
[0.320s] -- Up-to-date: /home/ubuntu/ros2_ws/install/rob599_msgs/share/rob599_msgs/cmake/export_rob599_msgs__rosidl_generator_pyExport-noconfig.cmake
[0.320s] -- Up-to-date: /home/ubuntu/ros2_ws/install/rob599_msgs/share/rob599_msgs/cmake/rosidl_cmake-extras.cmake
[0.320s] -- Up-to-date: /home/ubuntu/ros2_ws/install/rob599_msgs/share/rob599_msgs/cmake/ament_cmake_export_include_directories-extras.cmake
[0.320s] -- Up-to-date: /home/ubuntu/ros2_ws/install/rob599_msgs/share/rob599_msgs/cmake/ament_cmake_export_libraries-extras.cmake
[0.320s] -- Up-to-date: /home/ubuntu/ros2_ws/install/rob599_msgs/share/rob599_msgs/cmake/ament_cmake_export_targets-extras.cmake
[0.320s] -- Up-to-date: /home/ubuntu/ros2_ws/install/rob599_msgs/share/rob599_msgs/cmake/rosidl_cmake_export_typesupport_targets-extras.cmake
[0.320s] -- Up-to-date: /home/ubuntu/ros2_ws/install/rob599_msgs/share/rob599_msgs/cmake/ament_cmake_export_dependencies-extras.cmake
[0.320s] -- Up-to-date: /home/ubuntu/ros2_ws/install/rob599_msgs/share/rob599_msgs/cmake/rosidl_cmake_export_typesupport_libraries-extras.cmake
[0.320s] -- Up-to-date: /home/ubuntu/ros2_ws/install/rob599_msgs/share/rob599_msgs/cmake/rob599_msgsConfig.cmake
[0.320s] -- Up-to-date: /home/ubuntu/ros2_ws/install/rob599_msgs/share/rob599_msgs/cmake/rob599_msgsConfig-version.cmake
[0.320s] -- Up-to-date: /home/ubuntu/ros2_ws/install/rob599_msgs/share/rob599_msgs/package.xml
[0.321s] Invoked command in '/home/ubuntu/ros2_ws/build/rob599_msgs' returned '0': CMAKE_PREFIX_PATH=${CMAKE_PREFIX_PATH}:/home/ubuntu/ros2_ws/install/rob599hw_2:/opt/ros/humble /usr/bin/cmake --install /home/ubuntu/ros2_ws/build/rob599_msgs
