[0.047s] Invoking command in '/home/ubuntu/ros2_ws/build/rob599_msgs': CMAKE_PREFIX_PATH=/opt/ros/humble /usr/bin/cmake --build /home/ubuntu/ros2_ws/build/rob599_msgs -- -j16 -l16
[0.300s] [  3%] Built target rob599_msgs__cpp
[0.300s] [35m[1mConsolidate compiler generated dependencies of target rob599_msgs__rosidl_generator_c[0m
[0.341s] [  3%] Built target ament_cmake_python_copy_rob599_msgs
[0.348s] [35m[1mConsolidate compiler generated dependencies of target rob599_msgs__rosidl_typesupport_cpp[0m
[0.353s] [ 12%] Built target rob599_msgs__rosidl_generator_c
[0.354s] [35m[1mConsolidate compiler generated dependencies of target rob599_msgs__rosidl_typesupport_fastrtps_cpp[0m
[0.359s] [35m[1mConsolidate compiler generated dependencies of target rob599_msgs__rosidl_typesupport_introspection_cpp[0m
[0.400s] [35m[1mConsolidate compiler generated dependencies of target rob599_msgs__rosidl_typesupport_c[0m
[0.401s] [ 22%] Built target rob599_msgs__rosidl_typesupport_cpp
[0.403s] [35m[1mConsolidate compiler generated dependencies of target rob599_msgs__rosidl_typesupport_fastrtps_c[0m
[0.406s] [ 38%] Built target rob599_msgs__rosidl_typesupport_c
[0.406s] [ 41%] Built target rob599_msgs__rosidl_typesupport_introspection_cpp
[0.407s] [35m[1mConsolidate compiler generated dependencies of target rob599_msgs__rosidl_typesupport_introspection_c[0m
[0.413s] [ 51%] Built target rob599_msgs__rosidl_typesupport_introspection_c
[0.420s] [ 70%] Built target rob599_msgs__rosidl_typesupport_fastrtps_cpp
[0.420s] [ 70%] Built target rob599_msgs__rosidl_typesupport_fastrtps_c
[0.453s] [ 70%] Built target rob599_msgs
[0.479s] [ 74%] Built target rob599_msgs__py
[0.500s] [35m[1mConsolidate compiler generated dependencies of target rob599_msgs__rosidl_generator_py[0m
[0.509s] running egg_info
[0.509s] [ 80%] Built target rob599_msgs__rosidl_generator_py
[0.510s] writing rob599_msgs.egg-info/PKG-INFO
[0.510s] writing dependency_links to rob599_msgs.egg-info/dependency_links.txt
[0.510s] writing top-level names to rob599_msgs.egg-info/top_level.txt
[0.518s] reading manifest file 'rob599_msgs.egg-info/SOURCES.txt'
[0.520s] writing manifest file 'rob599_msgs.egg-info/SOURCES.txt'
[0.530s] [35m[1mConsolidate compiler generated dependencies of target rob599_msgs__rosidl_typesupport_c__pyext[0m
[0.537s] [ 80%] Built target ament_cmake_python_build_rob599_msgs_egg
[0.537s] [35m[1mConsolidate compiler generated dependencies of target rob599_msgs__rosidl_typesupport_fastrtps_c__pyext[0m
[0.538s] [ 87%] Built target rob599_msgs__rosidl_typesupport_c__pyext
[0.538s] [35m[1mConsolidate compiler generated dependencies of target rob599_msgs__rosidl_typesupport_introspection_c__pyext[0m
[0.544s] [ 93%] Built target rob599_msgs__rosidl_typesupport_fastrtps_c__pyext
[0.545s] [100%] Built target rob599_msgs__rosidl_typesupport_introspection_c__pyext
[0.553s] Invoked command in '/home/ubuntu/ros2_ws/build/rob599_msgs' returned '0': CMAKE_PREFIX_PATH=/opt/ros/humble /usr/bin/cmake --build /home/ubuntu/ros2_ws/build/rob599_msgs -- -j16 -l16
[0.586s] Invoking command in '/home/ubuntu/ros2_ws/build/rob599_msgs': CMAKE_PREFIX_PATH=/opt/ros/humble /usr/bin/cmake --install /home/ubuntu/ros2_ws/build/rob599_msgs
[0.592s] -- Install configuration: ""
[0.594s] -- Up-to-date: /home/ubuntu/ros2_ws/install/rob599_msgs/share/ament_index/resource_index/rosidl_interfaces/rob599_msgs
[0.595s] -- Up-to-date: /home/ubuntu/ros2_ws/install/rob599_msgs/include/rob599_msgs/rob599_msgs
[0.595s] -- Up-to-date: /home/ubuntu/ros2_ws/install/rob599_msgs/include/rob599_msgs/rob599_msgs/msg
[0.595s] -- Up-to-date: /home/ubuntu/ros2_ws/install/rob599_msgs/include/rob599_msgs/rob599_msgs/msg/rosidl_generator_c__visibility_control.h
[0.596s] -- Up-to-date: /home/ubuntu/ros2_ws/install/rob599_msgs/include/rob599_msgs/rob599_msgs/srv
[0.596s] -- Up-to-date: /home/ubuntu/ros2_ws/install/rob599_msgs/include/rob599_msgs/rob599_msgs/srv/brakes.h
[0.596s] -- Up-to-date: /home/ubuntu/ros2_ws/install/rob599_msgs/include/rob599_msgs/rob599_msgs/srv/detail
[0.596s] -- Up-to-date: /home/ubuntu/ros2_ws/install/rob599_msgs/include/rob599_msgs/rob599_msgs/srv/detail/brakes__functions.h
[0.596s] -- Up-to-date: /home/ubuntu/ros2_ws/install/rob599_msgs/include/rob599_msgs/rob599_msgs/srv/detail/brakes__type_support.h
[0.596s] -- Up-to-date: /home/ubuntu/ros2_ws/install/rob599_msgs/include/rob599_msgs/rob599_msgs/srv/detail/brakes__functions.c
[0.596s] -- Up-to-date: /home/ubuntu/ros2_ws/install/rob599_msgs/include/rob599_msgs/rob599_msgs/srv/detail/brakes__struct.h
[0.597s] -- Up-to-date: /home/ubuntu/ros2_ws/install/rob599_msgs/share/rob599_msgs/environment/library_path.sh
[0.597s] -- Up-to-date: /home/ubuntu/ros2_ws/install/rob599_msgs/share/rob599_msgs/environment/library_path.dsv
[0.598s] -- Up-to-date: /home/ubuntu/ros2_ws/install/rob599_msgs/lib/librob599_msgs__rosidl_generator_c.so
[0.598s] -- Up-to-date: /home/ubuntu/ros2_ws/install/rob599_msgs/include/rob599_msgs/rob599_msgs
[0.598s] -- Up-to-date: /home/ubuntu/ros2_ws/install/rob599_msgs/include/rob599_msgs/rob599_msgs/msg
[0.598s] -- Up-to-date: /home/ubuntu/ros2_ws/install/rob599_msgs/include/rob599_msgs/rob599_msgs/msg/rosidl_typesupport_fastrtps_c__visibility_control.h
[0.599s] -- Up-to-date: /home/ubuntu/ros2_ws/install/rob599_msgs/include/rob599_msgs/rob599_msgs/srv
[0.599s] -- Up-to-date: /home/ubuntu/ros2_ws/install/rob599_msgs/include/rob599_msgs/rob599_msgs/srv/detail
[0.599s] -- Up-to-date: /home/ubuntu/ros2_ws/install/rob599_msgs/include/rob599_msgs/rob599_msgs/srv/detail/brakes__rosidl_typesupport_fastrtps_c.h
[0.599s] -- Up-to-date: /home/ubuntu/ros2_ws/install/rob599_msgs/lib/librob599_msgs__rosidl_typesupport_fastrtps_c.so
[0.599s] -- Up-to-date: /home/ubuntu/ros2_ws/install/rob599_msgs/include/rob599_msgs/rob599_msgs
[0.599s] -- Up-to-date: /home/ubuntu/ros2_ws/install/rob599_msgs/include/rob599_msgs/rob599_msgs/msg
[0.599s] -- Up-to-date: /home/ubuntu/ros2_ws/install/rob599_msgs/include/rob599_msgs/rob599_msgs/msg/rosidl_typesupport_introspection_c__visibility_control.h
[0.599s] -- Up-to-date: /home/ubuntu/ros2_ws/install/rob599_msgs/include/rob599_msgs/rob599_msgs/srv
[0.599s] -- Up-to-date: /home/ubuntu/ros2_ws/install/rob599_msgs/include/rob599_msgs/rob599_msgs/srv/detail
[0.599s] -- Up-to-date: /home/ubuntu/ros2_ws/install/rob599_msgs/include/rob599_msgs/rob599_msgs/srv/detail/brakes__rosidl_typesupport_introspection_c.h
[0.599s] -- Up-to-date: /home/ubuntu/ros2_ws/install/rob599_msgs/include/rob599_msgs/rob599_msgs/srv/detail/brakes__type_support.c
[0.600s] -- Up-to-date: /home/ubuntu/ros2_ws/install/rob599_msgs/lib/librob599_msgs__rosidl_typesupport_introspection_c.so
[0.600s] -- Up-to-date: /home/ubuntu/ros2_ws/install/rob599_msgs/lib/librob599_msgs__rosidl_typesupport_c.so
[0.601s] -- Up-to-date: /home/ubuntu/ros2_ws/install/rob599_msgs/include/rob599_msgs/rob599_msgs
[0.601s] -- Up-to-date: /home/ubuntu/ros2_ws/install/rob599_msgs/include/rob599_msgs/rob599_msgs/srv
[0.601s] -- Up-to-date: /home/ubuntu/ros2_ws/install/rob599_msgs/include/rob599_msgs/rob599_msgs/srv/brakes.hpp
[0.601s] -- Up-to-date: /home/ubuntu/ros2_ws/install/rob599_msgs/include/rob599_msgs/rob599_msgs/srv/detail
[0.601s] -- Up-to-date: /home/ubuntu/ros2_ws/install/rob599_msgs/include/rob599_msgs/rob599_msgs/srv/detail/brakes__struct.hpp
[0.601s] -- Up-to-date: /home/ubuntu/ros2_ws/install/rob599_msgs/include/rob599_msgs/rob599_msgs/srv/detail/brakes__builder.hpp
[0.601s] -- Up-to-date: /home/ubuntu/ros2_ws/install/rob599_msgs/include/rob599_msgs/rob599_msgs/srv/detail/brakes__traits.hpp
[0.601s] -- Up-to-date: /home/ubuntu/ros2_ws/install/rob599_msgs/include/rob599_msgs/rob599_msgs
[0.601s] -- Up-to-date: /home/ubuntu/ros2_ws/install/rob599_msgs/include/rob599_msgs/rob599_msgs/msg
[0.601s] -- Up-to-date: /home/ubuntu/ros2_ws/install/rob599_msgs/include/rob599_msgs/rob599_msgs/msg/rosidl_typesupport_fastrtps_cpp__visibility_control.h
[0.601s] -- Up-to-date: /home/ubuntu/ros2_ws/install/rob599_msgs/include/rob599_msgs/rob599_msgs/srv
[0.601s] -- Up-to-date: /home/ubuntu/ros2_ws/install/rob599_msgs/include/rob599_msgs/rob599_msgs/srv/detail
[0.601s] -- Up-to-date: /home/ubuntu/ros2_ws/install/rob599_msgs/include/rob599_msgs/rob599_msgs/srv/detail/dds_fastrtps
[0.601s] -- Up-to-date: /home/ubuntu/ros2_ws/install/rob599_msgs/include/rob599_msgs/rob599_msgs/srv/detail/brakes__rosidl_typesupport_fastrtps_cpp.hpp
[0.602s] -- Up-to-date: /home/ubuntu/ros2_ws/install/rob599_msgs/lib/librob599_msgs__rosidl_typesupport_fastrtps_cpp.so
[0.602s] -- Up-to-date: /home/ubuntu/ros2_ws/install/rob599_msgs/include/rob599_msgs/rob599_msgs
[0.602s] -- Up-to-date: /home/ubuntu/ros2_ws/install/rob599_msgs/include/rob599_msgs/rob599_msgs/srv
[0.602s] -- Up-to-date: /home/ubuntu/ros2_ws/install/rob599_msgs/include/rob599_msgs/rob599_msgs/srv/detail
[0.602s] -- Up-to-date: /home/ubuntu/ros2_ws/install/rob599_msgs/include/rob599_msgs/rob599_msgs/srv/detail/brakes__type_support.cpp
[0.602s] -- Up-to-date: /home/ubuntu/ros2_ws/install/rob599_msgs/include/rob599_msgs/rob599_msgs/srv/detail/brakes__rosidl_typesupport_introspection_cpp.hpp
[0.603s] -- Up-to-date: /home/ubuntu/ros2_ws/install/rob599_msgs/lib/librob599_msgs__rosidl_typesupport_introspection_cpp.so
[0.603s] -- Up-to-date: /home/ubuntu/ros2_ws/install/rob599_msgs/lib/librob599_msgs__rosidl_typesupport_cpp.so
[0.603s] -- Up-to-date: /home/ubuntu/ros2_ws/install/rob599_msgs/share/rob599_msgs/environment/pythonpath.sh
[0.604s] -- Up-to-date: /home/ubuntu/ros2_ws/install/rob599_msgs/share/rob599_msgs/environment/pythonpath.dsv
[0.605s] -- Up-to-date: /home/ubuntu/ros2_ws/install/rob599_msgs/local/lib/python3.10/dist-packages/rob599_msgs-0.0.0-py3.10.egg-info
[0.605s] -- Installing: /home/ubuntu/ros2_ws/install/rob599_msgs/local/lib/python3.10/dist-packages/rob599_msgs-0.0.0-py3.10.egg-info/SOURCES.txt
[0.605s] -- Installing: /home/ubuntu/ros2_ws/install/rob599_msgs/local/lib/python3.10/dist-packages/rob599_msgs-0.0.0-py3.10.egg-info/top_level.txt
[0.605s] -- Installing: /home/ubuntu/ros2_ws/install/rob599_msgs/local/lib/python3.10/dist-packages/rob599_msgs-0.0.0-py3.10.egg-info/dependency_links.txt
[0.605s] -- Installing: /home/ubuntu/ros2_ws/install/rob599_msgs/local/lib/python3.10/dist-packages/rob599_msgs-0.0.0-py3.10.egg-info/PKG-INFO
[0.605s] -- Up-to-date: /home/ubuntu/ros2_ws/install/rob599_msgs/local/lib/python3.10/dist-packages/rob599_msgs
[0.605s] -- Up-to-date: /home/ubuntu/ros2_ws/install/rob599_msgs/local/lib/python3.10/dist-packages/rob599_msgs/rob599_msgs_s__rosidl_typesupport_fastrtps_c.cpython-310-x86_64-linux-gnu.so
[0.605s] -- Up-to-date: /home/ubuntu/ros2_ws/install/rob599_msgs/local/lib/python3.10/dist-packages/rob599_msgs/__init__.py
[0.605s] -- Up-to-date: /home/ubuntu/ros2_ws/install/rob599_msgs/local/lib/python3.10/dist-packages/rob599_msgs/_rob599_msgs_s.ep.rosidl_typesupport_c.c
[0.605s] -- Up-to-date: /home/ubuntu/ros2_ws/install/rob599_msgs/local/lib/python3.10/dist-packages/rob599_msgs/rob599_msgs_s__rosidl_typesupport_c.cpython-310-x86_64-linux-gnu.so
[0.605s] -- Up-to-date: /home/ubuntu/ros2_ws/install/rob599_msgs/local/lib/python3.10/dist-packages/rob599_msgs/srv
[0.606s] -- Up-to-date: /home/ubuntu/ros2_ws/install/rob599_msgs/local/lib/python3.10/dist-packages/rob599_msgs/srv/_brakes_s.c
[0.606s] -- Up-to-date: /home/ubuntu/ros2_ws/install/rob599_msgs/local/lib/python3.10/dist-packages/rob599_msgs/srv/__init__.py
[0.606s] -- Up-to-date: /home/ubuntu/ros2_ws/install/rob599_msgs/local/lib/python3.10/dist-packages/rob599_msgs/srv/_brakes.py
[0.606s] -- Up-to-date: /home/ubuntu/ros2_ws/install/rob599_msgs/local/lib/python3.10/dist-packages/rob599_msgs/rob599_msgs_s__rosidl_typesupport_introspection_c.cpython-310-x86_64-linux-gnu.so
[0.606s] -- Up-to-date: /home/ubuntu/ros2_ws/install/rob599_msgs/local/lib/python3.10/dist-packages/rob599_msgs/_rob599_msgs_s.ep.rosidl_typesupport_fastrtps_c.c
[0.606s] -- Up-to-date: /home/ubuntu/ros2_ws/install/rob599_msgs/local/lib/python3.10/dist-packages/rob599_msgs/_rob599_msgs_s.ep.rosidl_typesupport_introspection_c.c
[0.606s] -- Up-to-date: /home/ubuntu/ros2_ws/install/rob599_msgs/local/lib/python3.10/dist-packages/rob599_msgs/librob599_msgs__rosidl_generator_py.so
[0.624s] Listing '/home/ubuntu/ros2_ws/install/rob599_msgs/local/lib/python3.10/dist-packages/rob599_msgs'...
[0.624s] Listing '/home/ubuntu/ros2_ws/install/rob599_msgs/local/lib/python3.10/dist-packages/rob599_msgs/srv'...
[0.627s] -- Up-to-date: /home/ubuntu/ros2_ws/install/rob599_msgs/local/lib/python3.10/dist-packages/rob599_msgs/rob599_msgs_s__rosidl_typesupport_fastrtps_c.cpython-310-x86_64-linux-gnu.so
[0.628s] -- Up-to-date: /home/ubuntu/ros2_ws/install/rob599_msgs/local/lib/python3.10/dist-packages/rob599_msgs/rob599_msgs_s__rosidl_typesupport_introspection_c.cpython-310-x86_64-linux-gnu.so
[0.629s] -- Up-to-date: /home/ubuntu/ros2_ws/install/rob599_msgs/local/lib/python3.10/dist-packages/rob599_msgs/rob599_msgs_s__rosidl_typesupport_c.cpython-310-x86_64-linux-gnu.so
[0.630s] -- Up-to-date: /home/ubuntu/ros2_ws/install/rob599_msgs/lib/librob599_msgs__rosidl_generator_py.so
[0.630s] -- Up-to-date: /home/ubuntu/ros2_ws/install/rob599_msgs/share/rob599_msgs/srv/Brakes.idl
[0.630s] -- Up-to-date: /home/ubuntu/ros2_ws/install/rob599_msgs/share/rob599_msgs/srv/Brakes.srv
[0.630s] -- Up-to-date: /home/ubuntu/ros2_ws/install/rob599_msgs/share/rob599_msgs/srv/Brakes_Request.msg
[0.630s] -- Up-to-date: /home/ubuntu/ros2_ws/install/rob599_msgs/share/rob599_msgs/srv/Brakes_Response.msg
[0.630s] -- Up-to-date: /home/ubuntu/ros2_ws/install/rob599_msgs/share/ament_index/resource_index/package_run_dependencies/rob599_msgs
[0.630s] -- Up-to-date: /home/ubuntu/ros2_ws/install/rob599_msgs/share/ament_index/resource_index/parent_prefix_path/rob599_msgs
[0.630s] -- Up-to-date: /home/ubuntu/ros2_ws/install/rob599_msgs/share/rob599_msgs/environment/ament_prefix_path.sh
[0.630s] -- Up-to-date: /home/ubuntu/ros2_ws/install/rob599_msgs/share/rob599_msgs/environment/ament_prefix_path.dsv
[0.631s] -- Up-to-date: /home/ubuntu/ros2_ws/install/rob599_msgs/share/rob599_msgs/environment/path.sh
[0.631s] -- Up-to-date: /home/ubuntu/ros2_ws/install/rob599_msgs/share/rob599_msgs/environment/path.dsv
[0.631s] -- Up-to-date: /home/ubuntu/ros2_ws/install/rob599_msgs/share/rob599_msgs/local_setup.bash
[0.631s] -- Up-to-date: /home/ubuntu/ros2_ws/install/rob599_msgs/share/rob599_msgs/local_setup.sh
[0.631s] -- Up-to-date: /home/ubuntu/ros2_ws/install/rob599_msgs/share/rob599_msgs/local_setup.zsh
[0.631s] -- Up-to-date: /home/ubuntu/ros2_ws/install/rob599_msgs/share/rob599_msgs/local_setup.dsv
[0.631s] -- Installing: /home/ubuntu/ros2_ws/install/rob599_msgs/share/rob599_msgs/package.dsv
[0.631s] -- Up-to-date: /home/ubuntu/ros2_ws/install/rob599_msgs/share/ament_index/resource_index/packages/rob599_msgs
[0.633s] -- Up-to-date: /home/ubuntu/ros2_ws/install/rob599_msgs/share/rob599_msgs/cmake/export_rob599_msgs__rosidl_generator_cExport.cmake
[0.633s] -- Up-to-date: /home/ubuntu/ros2_ws/install/rob599_msgs/share/rob599_msgs/cmake/export_rob599_msgs__rosidl_generator_cExport-noconfig.cmake
[0.634s] -- Up-to-date: /home/ubuntu/ros2_ws/install/rob599_msgs/share/rob599_msgs/cmake/export_rob599_msgs__rosidl_typesupport_fastrtps_cExport.cmake
[0.634s] -- Up-to-date: /home/ubuntu/ros2_ws/install/rob599_msgs/share/rob599_msgs/cmake/export_rob599_msgs__rosidl_typesupport_fastrtps_cExport-noconfig.cmake
[0.634s] -- Up-to-date: /home/ubuntu/ros2_ws/install/rob599_msgs/share/rob599_msgs/cmake/rob599_msgs__rosidl_typesupport_introspection_cExport.cmake
[0.634s] -- Up-to-date: /home/ubuntu/ros2_ws/install/rob599_msgs/share/rob599_msgs/cmake/rob599_msgs__rosidl_typesupport_introspection_cExport-noconfig.cmake
[0.635s] -- Up-to-date: /home/ubuntu/ros2_ws/install/rob599_msgs/share/rob599_msgs/cmake/rob599_msgs__rosidl_typesupport_cExport.cmake
[0.635s] -- Up-to-date: /home/ubuntu/ros2_ws/install/rob599_msgs/share/rob599_msgs/cmake/rob599_msgs__rosidl_typesupport_cExport-noconfig.cmake
[0.636s] -- Up-to-date: /home/ubuntu/ros2_ws/install/rob599_msgs/share/rob599_msgs/cmake/export_rob599_msgs__rosidl_generator_cppExport.cmake
[0.636s] -- Up-to-date: /home/ubuntu/ros2_ws/install/rob599_msgs/share/rob599_msgs/cmake/export_rob599_msgs__rosidl_typesupport_fastrtps_cppExport.cmake
[0.636s] -- Up-to-date: /home/ubuntu/ros2_ws/install/rob599_msgs/share/rob599_msgs/cmake/export_rob599_msgs__rosidl_typesupport_fastrtps_cppExport-noconfig.cmake
[0.637s] -- Up-to-date: /home/ubuntu/ros2_ws/install/rob599_msgs/share/rob599_msgs/cmake/rob599_msgs__rosidl_typesupport_introspection_cppExport.cmake
[0.637s] -- Up-to-date: /home/ubuntu/ros2_ws/install/rob599_msgs/share/rob599_msgs/cmake/rob599_msgs__rosidl_typesupport_introspection_cppExport-noconfig.cmake
[0.638s] -- Up-to-date: /home/ubuntu/ros2_ws/install/rob599_msgs/share/rob599_msgs/cmake/rob599_msgs__rosidl_typesupport_cppExport.cmake
[0.638s] -- Up-to-date: /home/ubuntu/ros2_ws/install/rob599_msgs/share/rob599_msgs/cmake/rob599_msgs__rosidl_typesupport_cppExport-noconfig.cmake
[0.638s] -- Up-to-date: /home/ubuntu/ros2_ws/install/rob599_msgs/share/rob599_msgs/cmake/export_rob599_msgs__rosidl_generator_pyExport.cmake
[0.638s] -- Up-to-date: /home/ubuntu/ros2_ws/install/rob599_msgs/share/rob599_msgs/cmake/export_rob599_msgs__rosidl_generator_pyExport-noconfig.cmake
[0.638s] -- Up-to-date: /home/ubuntu/ros2_ws/install/rob599_msgs/share/rob599_msgs/cmake/rosidl_cmake-extras.cmake
[0.638s] -- Up-to-date: /home/ubuntu/ros2_ws/install/rob599_msgs/share/rob599_msgs/cmake/ament_cmake_export_include_directories-extras.cmake
[0.639s] -- Up-to-date: /home/ubuntu/ros2_ws/install/rob599_msgs/share/rob599_msgs/cmake/ament_cmake_export_libraries-extras.cmake
[0.639s] -- Up-to-date: /home/ubuntu/ros2_ws/install/rob599_msgs/share/rob599_msgs/cmake/ament_cmake_export_targets-extras.cmake
[0.639s] -- Up-to-date: /home/ubuntu/ros2_ws/install/rob599_msgs/share/rob599_msgs/cmake/rosidl_cmake_export_typesupport_targets-extras.cmake
[0.639s] -- Up-to-date: /home/ubuntu/ros2_ws/install/rob599_msgs/share/rob599_msgs/cmake/ament_cmake_export_dependencies-extras.cmake
[0.639s] -- Up-to-date: /home/ubuntu/ros2_ws/install/rob599_msgs/share/rob599_msgs/cmake/rosidl_cmake_export_typesupport_libraries-extras.cmake
[0.639s] -- Up-to-date: /home/ubuntu/ros2_ws/install/rob599_msgs/share/rob599_msgs/cmake/rob599_msgsConfig.cmake
[0.639s] -- Up-to-date: /home/ubuntu/ros2_ws/install/rob599_msgs/share/rob599_msgs/cmake/rob599_msgsConfig-version.cmake
[0.639s] -- Up-to-date: /home/ubuntu/ros2_ws/install/rob599_msgs/share/rob599_msgs/package.xml
[0.640s] Invoked command in '/home/ubuntu/ros2_ws/build/rob599_msgs' returned '0': CMAKE_PREFIX_PATH=/opt/ros/humble /usr/bin/cmake --install /home/ubuntu/ros2_ws/build/rob599_msgs
