[0.180s] Invoking command in '/home/ubuntu/ros2_ws/src/build/turtlesim': CMAKE_PREFIX_PATH=/opt/ros/humble /usr/bin/cmake --build /home/ubuntu/ros2_ws/src/build/turtlesim -- -j16 -l16
[0.278s] [  1%] Built target turtlesim__cpp
[0.345s] [ 11%] Built target turtlesim__rosidl_generator_c
[0.396s] [ 13%] Built target ament_cmake_python_copy_turtlesim
[0.396s] [ 23%] Built target turtlesim__rosidl_typesupport_cpp
[0.396s] [ 31%] Built target turtlesim__rosidl_typesupport_c
[0.396s] [ 41%] Built target turtlesim__rosidl_typesupport_introspection_cpp
[0.399s] [ 51%] Built target turtlesim__rosidl_typesupport_introspection_c
[0.400s] [ 61%] Built target turtlesim__rosidl_typesupport_fastrtps_cpp
[0.407s] [ 71%] Built target turtlesim__rosidl_typesupport_fastrtps_c
[0.424s] [ 71%] Built target turtlesim
[0.447s] [ 72%] Built target turtlesim__py
[0.506s] [ 81%] Built target turtlesim__rosidl_generator_py
[0.527s] running egg_info
[0.527s] writing turtlesim.egg-info/PKG-INFO
[0.527s] writing dependency_links to turtlesim.egg-info/dependency_links.txt
[0.527s] writing top-level names to turtlesim.egg-info/top_level.txt
[0.529s] reading manifest file 'turtlesim.egg-info/SOURCES.txt'
[0.531s] writing manifest file 'turtlesim.egg-info/SOURCES.txt'
[0.537s] [ 83%] Built target turtlesim__rosidl_typesupport_c__pyext
[0.542s] [ 85%] Built target turtlesim__rosidl_typesupport_introspection_c__pyext
[0.544s] [ 87%] Built target turtlesim__rosidl_typesupport_fastrtps_c__pyext
[0.546s] [ 89%] Built target ament_cmake_python_build_turtlesim_egg
[0.546s] [ 91%] Built target mimic
[0.546s] [ 91%] Built target turtle_teleop_key
[0.547s] [ 97%] Built target turtlesim_node
[0.548s] [100%] Built target draw_square
[0.555s] Invoked command in '/home/ubuntu/ros2_ws/src/build/turtlesim' returned '0': CMAKE_PREFIX_PATH=/opt/ros/humble /usr/bin/cmake --build /home/ubuntu/ros2_ws/src/build/turtlesim -- -j16 -l16
[0.646s] Invoking command in '/home/ubuntu/ros2_ws/src/build/turtlesim': CMAKE_PREFIX_PATH=/opt/ros/humble /usr/bin/cmake --install /home/ubuntu/ros2_ws/src/build/turtlesim
[0.656s] -- Install configuration: ""
[0.656s] -- Up-to-date: /home/ubuntu/ros2_ws/src/install/turtlesim/share/ament_index/resource_index/rosidl_interfaces/turtlesim
[0.656s] -- Up-to-date: /home/ubuntu/ros2_ws/src/install/turtlesim/include/turtlesim/turtlesim
[0.656s] -- Up-to-date: /home/ubuntu/ros2_ws/src/install/turtlesim/include/turtlesim/turtlesim/msg
[0.656s] -- Up-to-date: /home/ubuntu/ros2_ws/src/install/turtlesim/include/turtlesim/turtlesim/msg/color.h
[0.656s] -- Up-to-date: /home/ubuntu/ros2_ws/src/install/turtlesim/include/turtlesim/turtlesim/msg/rosidl_generator_c__visibility_control.h
[0.656s] -- Up-to-date: /home/ubuntu/ros2_ws/src/install/turtlesim/include/turtlesim/turtlesim/msg/pose.h
[0.657s] -- Up-to-date: /home/ubuntu/ros2_ws/src/install/turtlesim/include/turtlesim/turtlesim/msg/detail
[0.657s] -- Up-to-date: /home/ubuntu/ros2_ws/src/install/turtlesim/include/turtlesim/turtlesim/msg/detail/pose__functions.c
[0.657s] -- Up-to-date: /home/ubuntu/ros2_ws/src/install/turtlesim/include/turtlesim/turtlesim/msg/detail/color__type_support.h
[0.657s] -- Up-to-date: /home/ubuntu/ros2_ws/src/install/turtlesim/include/turtlesim/turtlesim/msg/detail/pose__functions.h
[0.657s] -- Up-to-date: /home/ubuntu/ros2_ws/src/install/turtlesim/include/turtlesim/turtlesim/msg/detail/color__functions.h
[0.657s] -- Up-to-date: /home/ubuntu/ros2_ws/src/install/turtlesim/include/turtlesim/turtlesim/msg/detail/pose__type_support.h
[0.657s] -- Up-to-date: /home/ubuntu/ros2_ws/src/install/turtlesim/include/turtlesim/turtlesim/msg/detail/color__functions.c
[0.657s] -- Up-to-date: /home/ubuntu/ros2_ws/src/install/turtlesim/include/turtlesim/turtlesim/msg/detail/pose__struct.h
[0.657s] -- Up-to-date: /home/ubuntu/ros2_ws/src/install/turtlesim/include/turtlesim/turtlesim/msg/detail/color__struct.h
[0.657s] -- Up-to-date: /home/ubuntu/ros2_ws/src/install/turtlesim/include/turtlesim/turtlesim/srv
[0.657s] -- Up-to-date: /home/ubuntu/ros2_ws/src/install/turtlesim/include/turtlesim/turtlesim/srv/kill.h
[0.657s] -- Up-to-date: /home/ubuntu/ros2_ws/src/install/turtlesim/include/turtlesim/turtlesim/srv/set_pen.h
[0.657s] -- Up-to-date: /home/ubuntu/ros2_ws/src/install/turtlesim/include/turtlesim/turtlesim/srv/teleport_relative.h
[0.657s] -- Up-to-date: /home/ubuntu/ros2_ws/src/install/turtlesim/include/turtlesim/turtlesim/srv/teleport_absolute.h
[0.657s] -- Up-to-date: /home/ubuntu/ros2_ws/src/install/turtlesim/include/turtlesim/turtlesim/srv/detail
[0.657s] -- Up-to-date: /home/ubuntu/ros2_ws/src/install/turtlesim/include/turtlesim/turtlesim/srv/detail/set_pen__functions.h
[0.657s] -- Up-to-date: /home/ubuntu/ros2_ws/src/install/turtlesim/include/turtlesim/turtlesim/srv/detail/spawn__functions.h
[0.657s] -- Up-to-date: /home/ubuntu/ros2_ws/src/install/turtlesim/include/turtlesim/turtlesim/srv/detail/set_pen__type_support.h
[0.657s] -- Up-to-date: /home/ubuntu/ros2_ws/src/install/turtlesim/include/turtlesim/turtlesim/srv/detail/kill__functions.h
[0.657s] -- Up-to-date: /home/ubuntu/ros2_ws/src/install/turtlesim/include/turtlesim/turtlesim/srv/detail/teleport_absolute__type_support.h
[0.657s] -- Up-to-date: /home/ubuntu/ros2_ws/src/install/turtlesim/include/turtlesim/turtlesim/srv/detail/teleport_relative__functions.c
[0.657s] -- Up-to-date: /home/ubuntu/ros2_ws/src/install/turtlesim/include/turtlesim/turtlesim/srv/detail/teleport_absolute__functions.c
[0.657s] -- Up-to-date: /home/ubuntu/ros2_ws/src/install/turtlesim/include/turtlesim/turtlesim/srv/detail/teleport_relative__struct.h
[0.657s] -- Up-to-date: /home/ubuntu/ros2_ws/src/install/turtlesim/include/turtlesim/turtlesim/srv/detail/set_pen__functions.c
[0.657s] -- Up-to-date: /home/ubuntu/ros2_ws/src/install/turtlesim/include/turtlesim/turtlesim/srv/detail/spawn__type_support.h
[0.657s] -- Up-to-date: /home/ubuntu/ros2_ws/src/install/turtlesim/include/turtlesim/turtlesim/srv/detail/spawn__struct.h
[0.657s] -- Up-to-date: /home/ubuntu/ros2_ws/src/install/turtlesim/include/turtlesim/turtlesim/srv/detail/set_pen__struct.h
[0.657s] -- Up-to-date: /home/ubuntu/ros2_ws/src/install/turtlesim/include/turtlesim/turtlesim/srv/detail/teleport_absolute__struct.h
[0.657s] -- Up-to-date: /home/ubuntu/ros2_ws/src/install/turtlesim/include/turtlesim/turtlesim/srv/detail/kill__struct.h
[0.657s] -- Up-to-date: /home/ubuntu/ros2_ws/src/install/turtlesim/include/turtlesim/turtlesim/srv/detail/kill__functions.c
[0.657s] -- Up-to-date: /home/ubuntu/ros2_ws/src/install/turtlesim/include/turtlesim/turtlesim/srv/detail/kill__type_support.h
[0.657s] -- Up-to-date: /home/ubuntu/ros2_ws/src/install/turtlesim/include/turtlesim/turtlesim/srv/detail/teleport_absolute__functions.h
[0.657s] -- Up-to-date: /home/ubuntu/ros2_ws/src/install/turtlesim/include/turtlesim/turtlesim/srv/detail/teleport_relative__functions.h
[0.658s] -- Up-to-date: /home/ubuntu/ros2_ws/src/install/turtlesim/include/turtlesim/turtlesim/srv/detail/teleport_relative__type_support.h
[0.658s] -- Up-to-date: /home/ubuntu/ros2_ws/src/install/turtlesim/include/turtlesim/turtlesim/srv/detail/spawn__functions.c
[0.658s] -- Up-to-date: /home/ubuntu/ros2_ws/src/install/turtlesim/include/turtlesim/turtlesim/srv/spawn.h
[0.658s] -- Up-to-date: /home/ubuntu/ros2_ws/src/install/turtlesim/include/turtlesim/turtlesim/action
[0.658s] -- Up-to-date: /home/ubuntu/ros2_ws/src/install/turtlesim/include/turtlesim/turtlesim/action/rotate_absolute.h
[0.658s] -- Up-to-date: /home/ubuntu/ros2_ws/src/install/turtlesim/include/turtlesim/turtlesim/action/detail
[0.658s] -- Up-to-date: /home/ubuntu/ros2_ws/src/install/turtlesim/include/turtlesim/turtlesim/action/detail/rotate_absolute__functions.h
[0.658s] -- Up-to-date: /home/ubuntu/ros2_ws/src/install/turtlesim/include/turtlesim/turtlesim/action/detail/rotate_absolute__type_support.h
[0.658s] -- Up-to-date: /home/ubuntu/ros2_ws/src/install/turtlesim/include/turtlesim/turtlesim/action/detail/rotate_absolute__struct.h
[0.658s] -- Up-to-date: /home/ubuntu/ros2_ws/src/install/turtlesim/include/turtlesim/turtlesim/action/detail/rotate_absolute__functions.c
[0.658s] -- Up-to-date: /home/ubuntu/ros2_ws/src/install/turtlesim/share/turtlesim/environment/library_path.sh
[0.658s] -- Up-to-date: /home/ubuntu/ros2_ws/src/install/turtlesim/share/turtlesim/environment/library_path.dsv
[0.662s] -- Up-to-date: /home/ubuntu/ros2_ws/src/install/turtlesim/lib/libturtlesim__rosidl_generator_c.so
[0.662s] -- Up-to-date: /home/ubuntu/ros2_ws/src/install/turtlesim/include/turtlesim/turtlesim
[0.663s] -- Up-to-date: /home/ubuntu/ros2_ws/src/install/turtlesim/include/turtlesim/turtlesim/msg
[0.663s] -- Up-to-date: /home/ubuntu/ros2_ws/src/install/turtlesim/include/turtlesim/turtlesim/msg/rosidl_typesupport_fastrtps_c__visibility_control.h
[0.663s] -- Up-to-date: /home/ubuntu/ros2_ws/src/install/turtlesim/include/turtlesim/turtlesim/msg/detail
[0.663s] -- Up-to-date: /home/ubuntu/ros2_ws/src/install/turtlesim/include/turtlesim/turtlesim/msg/detail/pose__rosidl_typesupport_fastrtps_c.h
[0.663s] -- Up-to-date: /home/ubuntu/ros2_ws/src/install/turtlesim/include/turtlesim/turtlesim/msg/detail/color__rosidl_typesupport_fastrtps_c.h
[0.663s] -- Up-to-date: /home/ubuntu/ros2_ws/src/install/turtlesim/include/turtlesim/turtlesim/srv
[0.663s] -- Up-to-date: /home/ubuntu/ros2_ws/src/install/turtlesim/include/turtlesim/turtlesim/srv/detail
[0.663s] -- Up-to-date: /home/ubuntu/ros2_ws/src/install/turtlesim/include/turtlesim/turtlesim/srv/detail/kill__rosidl_typesupport_fastrtps_c.h
[0.663s] -- Up-to-date: /home/ubuntu/ros2_ws/src/install/turtlesim/include/turtlesim/turtlesim/srv/detail/spawn__rosidl_typesupport_fastrtps_c.h
[0.663s] -- Up-to-date: /home/ubuntu/ros2_ws/src/install/turtlesim/include/turtlesim/turtlesim/srv/detail/teleport_absolute__rosidl_typesupport_fastrtps_c.h
[0.663s] -- Up-to-date: /home/ubuntu/ros2_ws/src/install/turtlesim/include/turtlesim/turtlesim/srv/detail/teleport_relative__rosidl_typesupport_fastrtps_c.h
[0.663s] -- Up-to-date: /home/ubuntu/ros2_ws/src/install/turtlesim/include/turtlesim/turtlesim/srv/detail/set_pen__rosidl_typesupport_fastrtps_c.h
[0.663s] -- Up-to-date: /home/ubuntu/ros2_ws/src/install/turtlesim/include/turtlesim/turtlesim/action
[0.663s] -- Up-to-date: /home/ubuntu/ros2_ws/src/install/turtlesim/include/turtlesim/turtlesim/action/detail
[0.663s] -- Up-to-date: /home/ubuntu/ros2_ws/src/install/turtlesim/include/turtlesim/turtlesim/action/detail/rotate_absolute__rosidl_typesupport_fastrtps_c.h
[0.668s] -- Up-to-date: /home/ubuntu/ros2_ws/src/install/turtlesim/lib/libturtlesim__rosidl_typesupport_fastrtps_c.so
[0.668s] -- Up-to-date: /home/ubuntu/ros2_ws/src/install/turtlesim/include/turtlesim/turtlesim
[0.668s] -- Up-to-date: /home/ubuntu/ros2_ws/src/install/turtlesim/include/turtlesim/turtlesim/msg
[0.668s] -- Up-to-date: /home/ubuntu/ros2_ws/src/install/turtlesim/include/turtlesim/turtlesim/msg/color.hpp
[0.668s] -- Up-to-date: /home/ubuntu/ros2_ws/src/install/turtlesim/include/turtlesim/turtlesim/msg/detail
[0.668s] -- Up-to-date: /home/ubuntu/ros2_ws/src/install/turtlesim/include/turtlesim/turtlesim/msg/detail/pose__builder.hpp
[0.668s] -- Up-to-date: /home/ubuntu/ros2_ws/src/install/turtlesim/include/turtlesim/turtlesim/msg/detail/color__builder.hpp
[0.668s] -- Up-to-date: /home/ubuntu/ros2_ws/src/install/turtlesim/include/turtlesim/turtlesim/msg/detail/pose__traits.hpp
[0.668s] -- Up-to-date: /home/ubuntu/ros2_ws/src/install/turtlesim/include/turtlesim/turtlesim/msg/detail/color__struct.hpp
[0.668s] -- Up-to-date: /home/ubuntu/ros2_ws/src/install/turtlesim/include/turtlesim/turtlesim/msg/detail/pose__struct.hpp
[0.669s] -- Up-to-date: /home/ubuntu/ros2_ws/src/install/turtlesim/include/turtlesim/turtlesim/msg/detail/color__traits.hpp
[0.669s] -- Up-to-date: /home/ubuntu/ros2_ws/src/install/turtlesim/include/turtlesim/turtlesim/msg/pose.hpp
[0.669s] -- Up-to-date: /home/ubuntu/ros2_ws/src/install/turtlesim/include/turtlesim/turtlesim/srv
[0.669s] -- Up-to-date: /home/ubuntu/ros2_ws/src/install/turtlesim/include/turtlesim/turtlesim/srv/kill.hpp
[0.669s] -- Up-to-date: /home/ubuntu/ros2_ws/src/install/turtlesim/include/turtlesim/turtlesim/srv/set_pen.hpp
[0.669s] -- Up-to-date: /home/ubuntu/ros2_ws/src/install/turtlesim/include/turtlesim/turtlesim/srv/teleport_absolute.hpp
[0.669s] -- Up-to-date: /home/ubuntu/ros2_ws/src/install/turtlesim/include/turtlesim/turtlesim/srv/detail
[0.669s] -- Up-to-date: /home/ubuntu/ros2_ws/src/install/turtlesim/include/turtlesim/turtlesim/srv/detail/kill__struct.hpp
[0.669s] -- Up-to-date: /home/ubuntu/ros2_ws/src/install/turtlesim/include/turtlesim/turtlesim/srv/detail/teleport_relative__traits.hpp
[0.669s] -- Up-to-date: /home/ubuntu/ros2_ws/src/install/turtlesim/include/turtlesim/turtlesim/srv/detail/set_pen__builder.hpp
[0.669s] -- Up-to-date: /home/ubuntu/ros2_ws/src/install/turtlesim/include/turtlesim/turtlesim/srv/detail/teleport_absolute__struct.hpp
[0.669s] -- Up-to-date: /home/ubuntu/ros2_ws/src/install/turtlesim/include/turtlesim/turtlesim/srv/detail/teleport_relative__struct.hpp
[0.669s] -- Up-to-date: /home/ubuntu/ros2_ws/src/install/turtlesim/include/turtlesim/turtlesim/srv/detail/kill__traits.hpp
[0.669s] -- Up-to-date: /home/ubuntu/ros2_ws/src/install/turtlesim/include/turtlesim/turtlesim/srv/detail/teleport_relative__builder.hpp
[0.669s] -- Up-to-date: /home/ubuntu/ros2_ws/src/install/turtlesim/include/turtlesim/turtlesim/srv/detail/teleport_absolute__traits.hpp
[0.669s] -- Up-to-date: /home/ubuntu/ros2_ws/src/install/turtlesim/include/turtlesim/turtlesim/srv/detail/set_pen__struct.hpp
[0.669s] -- Up-to-date: /home/ubuntu/ros2_ws/src/install/turtlesim/include/turtlesim/turtlesim/srv/detail/teleport_absolute__builder.hpp
[0.669s] -- Up-to-date: /home/ubuntu/ros2_ws/src/install/turtlesim/include/turtlesim/turtlesim/srv/detail/spawn__struct.hpp
[0.669s] -- Up-to-date: /home/ubuntu/ros2_ws/src/install/turtlesim/include/turtlesim/turtlesim/srv/detail/kill__builder.hpp
[0.669s] -- Up-to-date: /home/ubuntu/ros2_ws/src/install/turtlesim/include/turtlesim/turtlesim/srv/detail/spawn__builder.hpp
[0.669s] -- Up-to-date: /home/ubuntu/ros2_ws/src/install/turtlesim/include/turtlesim/turtlesim/srv/detail/set_pen__traits.hpp
[0.669s] -- Up-to-date: /home/ubuntu/ros2_ws/src/install/turtlesim/include/turtlesim/turtlesim/srv/detail/spawn__traits.hpp
[0.669s] -- Up-to-date: /home/ubuntu/ros2_ws/src/install/turtlesim/include/turtlesim/turtlesim/srv/teleport_relative.hpp
[0.669s] -- Up-to-date: /home/ubuntu/ros2_ws/src/install/turtlesim/include/turtlesim/turtlesim/srv/spawn.hpp
[0.669s] -- Up-to-date: /home/ubuntu/ros2_ws/src/install/turtlesim/include/turtlesim/turtlesim/action
[0.669s] -- Up-to-date: /home/ubuntu/ros2_ws/src/install/turtlesim/include/turtlesim/turtlesim/action/rotate_absolute.hpp
[0.669s] -- Up-to-date: /home/ubuntu/ros2_ws/src/install/turtlesim/include/turtlesim/turtlesim/action/detail
[0.669s] -- Up-to-date: /home/ubuntu/ros2_ws/src/install/turtlesim/include/turtlesim/turtlesim/action/detail/rotate_absolute__traits.hpp
[0.669s] -- Up-to-date: /home/ubuntu/ros2_ws/src/install/turtlesim/include/turtlesim/turtlesim/action/detail/rotate_absolute__struct.hpp
[0.669s] -- Up-to-date: /home/ubuntu/ros2_ws/src/install/turtlesim/include/turtlesim/turtlesim/action/detail/rotate_absolute__builder.hpp
[0.669s] -- Up-to-date: /home/ubuntu/ros2_ws/src/install/turtlesim/include/turtlesim/turtlesim
[0.669s] -- Up-to-date: /home/ubuntu/ros2_ws/src/install/turtlesim/include/turtlesim/turtlesim/msg
[0.669s] -- Up-to-date: /home/ubuntu/ros2_ws/src/install/turtlesim/include/turtlesim/turtlesim/msg/detail
[0.669s] -- Up-to-date: /home/ubuntu/ros2_ws/src/install/turtlesim/include/turtlesim/turtlesim/msg/detail/dds_fastrtps
[0.669s] -- Up-to-date: /home/ubuntu/ros2_ws/src/install/turtlesim/include/turtlesim/turtlesim/msg/detail/color__rosidl_typesupport_fastrtps_cpp.hpp
[0.669s] -- Up-to-date: /home/ubuntu/ros2_ws/src/install/turtlesim/include/turtlesim/turtlesim/msg/detail/pose__rosidl_typesupport_fastrtps_cpp.hpp
[0.669s] -- Up-to-date: /home/ubuntu/ros2_ws/src/install/turtlesim/include/turtlesim/turtlesim/msg/rosidl_typesupport_fastrtps_cpp__visibility_control.h
[0.669s] -- Up-to-date: /home/ubuntu/ros2_ws/src/install/turtlesim/include/turtlesim/turtlesim/srv
[0.669s] -- Up-to-date: /home/ubuntu/ros2_ws/src/install/turtlesim/include/turtlesim/turtlesim/srv/detail
[0.669s] -- Up-to-date: /home/ubuntu/ros2_ws/src/install/turtlesim/include/turtlesim/turtlesim/srv/detail/dds_fastrtps
[0.670s] -- Up-to-date: /home/ubuntu/ros2_ws/src/install/turtlesim/include/turtlesim/turtlesim/srv/detail/set_pen__rosidl_typesupport_fastrtps_cpp.hpp
[0.670s] -- Up-to-date: /home/ubuntu/ros2_ws/src/install/turtlesim/include/turtlesim/turtlesim/srv/detail/teleport_relative__rosidl_typesupport_fastrtps_cpp.hpp
[0.670s] -- Up-to-date: /home/ubuntu/ros2_ws/src/install/turtlesim/include/turtlesim/turtlesim/srv/detail/teleport_absolute__rosidl_typesupport_fastrtps_cpp.hpp
[0.670s] -- Up-to-date: /home/ubuntu/ros2_ws/src/install/turtlesim/include/turtlesim/turtlesim/srv/detail/kill__rosidl_typesupport_fastrtps_cpp.hpp
[0.670s] -- Up-to-date: /home/ubuntu/ros2_ws/src/install/turtlesim/include/turtlesim/turtlesim/srv/detail/spawn__rosidl_typesupport_fastrtps_cpp.hpp
[0.670s] -- Up-to-date: /home/ubuntu/ros2_ws/src/install/turtlesim/include/turtlesim/turtlesim/action
[0.670s] -- Up-to-date: /home/ubuntu/ros2_ws/src/install/turtlesim/include/turtlesim/turtlesim/action/detail
[0.670s] -- Up-to-date: /home/ubuntu/ros2_ws/src/install/turtlesim/include/turtlesim/turtlesim/action/detail/dds_fastrtps
[0.670s] -- Up-to-date: /home/ubuntu/ros2_ws/src/install/turtlesim/include/turtlesim/turtlesim/action/detail/rotate_absolute__rosidl_typesupport_fastrtps_cpp.hpp
[0.674s] -- Up-to-date: /home/ubuntu/ros2_ws/src/install/turtlesim/lib/libturtlesim__rosidl_typesupport_fastrtps_cpp.so
[0.674s] -- Up-to-date: /home/ubuntu/ros2_ws/src/install/turtlesim/include/turtlesim/turtlesim
[0.674s] -- Up-to-date: /home/ubuntu/ros2_ws/src/install/turtlesim/include/turtlesim/turtlesim/msg
[0.674s] -- Up-to-date: /home/ubuntu/ros2_ws/src/install/turtlesim/include/turtlesim/turtlesim/msg/rosidl_typesupport_introspection_c__visibility_control.h
[0.674s] -- Up-to-date: /home/ubuntu/ros2_ws/src/install/turtlesim/include/turtlesim/turtlesim/msg/detail
[0.674s] -- Up-to-date: /home/ubuntu/ros2_ws/src/install/turtlesim/include/turtlesim/turtlesim/msg/detail/pose__rosidl_typesupport_introspection_c.h
[0.674s] -- Up-to-date: /home/ubuntu/ros2_ws/src/install/turtlesim/include/turtlesim/turtlesim/msg/detail/pose__type_support.c
[0.674s] -- Up-to-date: /home/ubuntu/ros2_ws/src/install/turtlesim/include/turtlesim/turtlesim/msg/detail/color__rosidl_typesupport_introspection_c.h
[0.674s] -- Up-to-date: /home/ubuntu/ros2_ws/src/install/turtlesim/include/turtlesim/turtlesim/msg/detail/color__type_support.c
[0.675s] -- Up-to-date: /home/ubuntu/ros2_ws/src/install/turtlesim/include/turtlesim/turtlesim/srv
[0.675s] -- Up-to-date: /home/ubuntu/ros2_ws/src/install/turtlesim/include/turtlesim/turtlesim/srv/detail
[0.675s] -- Up-to-date: /home/ubuntu/ros2_ws/src/install/turtlesim/include/turtlesim/turtlesim/srv/detail/kill__rosidl_typesupport_introspection_c.h
[0.675s] -- Up-to-date: /home/ubuntu/ros2_ws/src/install/turtlesim/include/turtlesim/turtlesim/srv/detail/spawn__type_support.c
[0.675s] -- Up-to-date: /home/ubuntu/ros2_ws/src/install/turtlesim/include/turtlesim/turtlesim/srv/detail/set_pen__type_support.c
[0.675s] -- Up-to-date: /home/ubuntu/ros2_ws/src/install/turtlesim/include/turtlesim/turtlesim/srv/detail/set_pen__rosidl_typesupport_introspection_c.h
[0.675s] -- Up-to-date: /home/ubuntu/ros2_ws/src/install/turtlesim/include/turtlesim/turtlesim/srv/detail/teleport_absolute__type_support.c
[0.675s] -- Up-to-date: /home/ubuntu/ros2_ws/src/install/turtlesim/include/turtlesim/turtlesim/srv/detail/spawn__rosidl_typesupport_introspection_c.h
[0.675s] -- Up-to-date: /home/ubuntu/ros2_ws/src/install/turtlesim/include/turtlesim/turtlesim/srv/detail/teleport_absolute__rosidl_typesupport_introspection_c.h
[0.675s] -- Up-to-date: /home/ubuntu/ros2_ws/src/install/turtlesim/include/turtlesim/turtlesim/srv/detail/teleport_relative__rosidl_typesupport_introspection_c.h
[0.675s] -- Up-to-date: /home/ubuntu/ros2_ws/src/install/turtlesim/include/turtlesim/turtlesim/srv/detail/kill__type_support.c
[0.675s] -- Up-to-date: /home/ubuntu/ros2_ws/src/install/turtlesim/include/turtlesim/turtlesim/srv/detail/teleport_relative__type_support.c
[0.675s] -- Up-to-date: /home/ubuntu/ros2_ws/src/install/turtlesim/include/turtlesim/turtlesim/action
[0.675s] -- Up-to-date: /home/ubuntu/ros2_ws/src/install/turtlesim/include/turtlesim/turtlesim/action/detail
[0.675s] -- Up-to-date: /home/ubuntu/ros2_ws/src/install/turtlesim/include/turtlesim/turtlesim/action/detail/rotate_absolute__rosidl_typesupport_introspection_c.h
[0.675s] -- Up-to-date: /home/ubuntu/ros2_ws/src/install/turtlesim/include/turtlesim/turtlesim/action/detail/rotate_absolute__type_support.c
[0.678s] -- Up-to-date: /home/ubuntu/ros2_ws/src/install/turtlesim/lib/libturtlesim__rosidl_typesupport_introspection_c.so
[0.681s] -- Up-to-date: /home/ubuntu/ros2_ws/src/install/turtlesim/lib/libturtlesim__rosidl_typesupport_c.so
[0.681s] -- Up-to-date: /home/ubuntu/ros2_ws/src/install/turtlesim/include/turtlesim/turtlesim
[0.681s] -- Up-to-date: /home/ubuntu/ros2_ws/src/install/turtlesim/include/turtlesim/turtlesim/msg
[0.681s] -- Up-to-date: /home/ubuntu/ros2_ws/src/install/turtlesim/include/turtlesim/turtlesim/msg/detail
[0.681s] -- Up-to-date: /home/ubuntu/ros2_ws/src/install/turtlesim/include/turtlesim/turtlesim/msg/detail/pose__rosidl_typesupport_introspection_cpp.hpp
[0.681s] -- Up-to-date: /home/ubuntu/ros2_ws/src/install/turtlesim/include/turtlesim/turtlesim/msg/detail/pose__type_support.cpp
[0.681s] -- Up-to-date: /home/ubuntu/ros2_ws/src/install/turtlesim/include/turtlesim/turtlesim/msg/detail/color__rosidl_typesupport_introspection_cpp.hpp
[0.681s] -- Up-to-date: /home/ubuntu/ros2_ws/src/install/turtlesim/include/turtlesim/turtlesim/msg/detail/color__type_support.cpp
[0.681s] -- Up-to-date: /home/ubuntu/ros2_ws/src/install/turtlesim/include/turtlesim/turtlesim/srv
[0.681s] -- Up-to-date: /home/ubuntu/ros2_ws/src/install/turtlesim/include/turtlesim/turtlesim/srv/detail
[0.682s] -- Up-to-date: /home/ubuntu/ros2_ws/src/install/turtlesim/include/turtlesim/turtlesim/srv/detail/teleport_absolute__type_support.cpp
[0.682s] -- Up-to-date: /home/ubuntu/ros2_ws/src/install/turtlesim/include/turtlesim/turtlesim/srv/detail/teleport_relative__rosidl_typesupport_introspection_cpp.hpp
[0.682s] -- Up-to-date: /home/ubuntu/ros2_ws/src/install/turtlesim/include/turtlesim/turtlesim/srv/detail/spawn__rosidl_typesupport_introspection_cpp.hpp
[0.682s] -- Up-to-date: /home/ubuntu/ros2_ws/src/install/turtlesim/include/turtlesim/turtlesim/srv/detail/set_pen__type_support.cpp
[0.682s] -- Up-to-date: /home/ubuntu/ros2_ws/src/install/turtlesim/include/turtlesim/turtlesim/srv/detail/kill__type_support.cpp
[0.682s] -- Up-to-date: /home/ubuntu/ros2_ws/src/install/turtlesim/include/turtlesim/turtlesim/srv/detail/kill__rosidl_typesupport_introspection_cpp.hpp
[0.682s] -- Up-to-date: /home/ubuntu/ros2_ws/src/install/turtlesim/include/turtlesim/turtlesim/srv/detail/set_pen__rosidl_typesupport_introspection_cpp.hpp
[0.682s] -- Up-to-date: /home/ubuntu/ros2_ws/src/install/turtlesim/include/turtlesim/turtlesim/srv/detail/teleport_relative__type_support.cpp
[0.682s] -- Up-to-date: /home/ubuntu/ros2_ws/src/install/turtlesim/include/turtlesim/turtlesim/srv/detail/spawn__type_support.cpp
[0.682s] -- Up-to-date: /home/ubuntu/ros2_ws/src/install/turtlesim/include/turtlesim/turtlesim/srv/detail/teleport_absolute__rosidl_typesupport_introspection_cpp.hpp
[0.682s] -- Up-to-date: /home/ubuntu/ros2_ws/src/install/turtlesim/include/turtlesim/turtlesim/action
[0.682s] -- Up-to-date: /home/ubuntu/ros2_ws/src/install/turtlesim/include/turtlesim/turtlesim/action/detail
[0.682s] -- Up-to-date: /home/ubuntu/ros2_ws/src/install/turtlesim/include/turtlesim/turtlesim/action/detail/rotate_absolute__rosidl_typesupport_introspection_cpp.hpp
[0.682s] -- Up-to-date: /home/ubuntu/ros2_ws/src/install/turtlesim/include/turtlesim/turtlesim/action/detail/rotate_absolute__type_support.cpp
[0.683s] -- Up-to-date: /home/ubuntu/ros2_ws/src/install/turtlesim/lib/libturtlesim__rosidl_typesupport_introspection_cpp.so
[0.685s] -- Up-to-date: /home/ubuntu/ros2_ws/src/install/turtlesim/lib/libturtlesim__rosidl_typesupport_cpp.so
[0.685s] -- Up-to-date: /home/ubuntu/ros2_ws/src/install/turtlesim/share/turtlesim/environment/pythonpath.sh
[0.685s] -- Up-to-date: /home/ubuntu/ros2_ws/src/install/turtlesim/share/turtlesim/environment/pythonpath.dsv
[0.685s] -- Up-to-date: /home/ubuntu/ros2_ws/src/install/turtlesim/local/lib/python3.10/dist-packages/turtlesim-1.4.2-py3.10.egg-info
[0.685s] -- Installing: /home/ubuntu/ros2_ws/src/install/turtlesim/local/lib/python3.10/dist-packages/turtlesim-1.4.2-py3.10.egg-info/SOURCES.txt
[0.685s] -- Installing: /home/ubuntu/ros2_ws/src/install/turtlesim/local/lib/python3.10/dist-packages/turtlesim-1.4.2-py3.10.egg-info/top_level.txt
[0.685s] -- Installing: /home/ubuntu/ros2_ws/src/install/turtlesim/local/lib/python3.10/dist-packages/turtlesim-1.4.2-py3.10.egg-info/dependency_links.txt
[0.685s] -- Installing: /home/ubuntu/ros2_ws/src/install/turtlesim/local/lib/python3.10/dist-packages/turtlesim-1.4.2-py3.10.egg-info/PKG-INFO
[0.685s] -- Up-to-date: /home/ubuntu/ros2_ws/src/install/turtlesim/local/lib/python3.10/dist-packages/turtlesim
[0.685s] -- Up-to-date: /home/ubuntu/ros2_ws/src/install/turtlesim/local/lib/python3.10/dist-packages/turtlesim/msg
[0.685s] -- Up-to-date: /home/ubuntu/ros2_ws/src/install/turtlesim/local/lib/python3.10/dist-packages/turtlesim/msg/_color_s.c
[0.685s] -- Up-to-date: /home/ubuntu/ros2_ws/src/install/turtlesim/local/lib/python3.10/dist-packages/turtlesim/msg/_pose_s.c
[0.685s] -- Up-to-date: /home/ubuntu/ros2_ws/src/install/turtlesim/local/lib/python3.10/dist-packages/turtlesim/msg/_pose.py
[0.685s] -- Up-to-date: /home/ubuntu/ros2_ws/src/install/turtlesim/local/lib/python3.10/dist-packages/turtlesim/msg/__init__.py
[0.685s] -- Up-to-date: /home/ubuntu/ros2_ws/src/install/turtlesim/local/lib/python3.10/dist-packages/turtlesim/msg/_color.py
[0.686s] -- Up-to-date: /home/ubuntu/ros2_ws/src/install/turtlesim/local/lib/python3.10/dist-packages/turtlesim/libturtlesim__rosidl_generator_py.so
[0.686s] -- Up-to-date: /home/ubuntu/ros2_ws/src/install/turtlesim/local/lib/python3.10/dist-packages/turtlesim/_turtlesim_s.ep.rosidl_typesupport_fastrtps_c.c
[0.686s] -- Up-to-date: /home/ubuntu/ros2_ws/src/install/turtlesim/local/lib/python3.10/dist-packages/turtlesim/__init__.py
[0.686s] -- Up-to-date: /home/ubuntu/ros2_ws/src/install/turtlesim/local/lib/python3.10/dist-packages/turtlesim/turtlesim_s__rosidl_typesupport_c.cpython-310-x86_64-linux-gnu.so
[0.686s] -- Up-to-date: /home/ubuntu/ros2_ws/src/install/turtlesim/local/lib/python3.10/dist-packages/turtlesim/_turtlesim_s.ep.rosidl_typesupport_introspection_c.c
[0.686s] -- Up-to-date: /home/ubuntu/ros2_ws/src/install/turtlesim/local/lib/python3.10/dist-packages/turtlesim/_turtlesim_s.ep.rosidl_typesupport_c.c
[0.686s] -- Up-to-date: /home/ubuntu/ros2_ws/src/install/turtlesim/local/lib/python3.10/dist-packages/turtlesim/turtlesim_s__rosidl_typesupport_fastrtps_c.cpython-310-x86_64-linux-gnu.so
[0.686s] -- Up-to-date: /home/ubuntu/ros2_ws/src/install/turtlesim/local/lib/python3.10/dist-packages/turtlesim/turtlesim_s__rosidl_typesupport_introspection_c.cpython-310-x86_64-linux-gnu.so
[0.686s] -- Up-to-date: /home/ubuntu/ros2_ws/src/install/turtlesim/local/lib/python3.10/dist-packages/turtlesim/srv
[0.686s] -- Up-to-date: /home/ubuntu/ros2_ws/src/install/turtlesim/local/lib/python3.10/dist-packages/turtlesim/srv/_teleport_relative.py
[0.686s] -- Up-to-date: /home/ubuntu/ros2_ws/src/install/turtlesim/local/lib/python3.10/dist-packages/turtlesim/srv/_spawn.py
[0.686s] -- Up-to-date: /home/ubuntu/ros2_ws/src/install/turtlesim/local/lib/python3.10/dist-packages/turtlesim/srv/_kill.py
[0.686s] -- Up-to-date: /home/ubuntu/ros2_ws/src/install/turtlesim/local/lib/python3.10/dist-packages/turtlesim/srv/_spawn_s.c
[0.686s] -- Up-to-date: /home/ubuntu/ros2_ws/src/install/turtlesim/local/lib/python3.10/dist-packages/turtlesim/srv/__init__.py
[0.686s] -- Up-to-date: /home/ubuntu/ros2_ws/src/install/turtlesim/local/lib/python3.10/dist-packages/turtlesim/srv/_teleport_absolute.py
[0.686s] -- Up-to-date: /home/ubuntu/ros2_ws/src/install/turtlesim/local/lib/python3.10/dist-packages/turtlesim/srv/_teleport_absolute_s.c
[0.686s] -- Up-to-date: /home/ubuntu/ros2_ws/src/install/turtlesim/local/lib/python3.10/dist-packages/turtlesim/srv/_set_pen_s.c
[0.686s] -- Up-to-date: /home/ubuntu/ros2_ws/src/install/turtlesim/local/lib/python3.10/dist-packages/turtlesim/srv/_kill_s.c
[0.686s] -- Up-to-date: /home/ubuntu/ros2_ws/src/install/turtlesim/local/lib/python3.10/dist-packages/turtlesim/srv/_teleport_relative_s.c
[0.686s] -- Up-to-date: /home/ubuntu/ros2_ws/src/install/turtlesim/local/lib/python3.10/dist-packages/turtlesim/srv/_set_pen.py
[0.686s] -- Up-to-date: /home/ubuntu/ros2_ws/src/install/turtlesim/local/lib/python3.10/dist-packages/turtlesim/action
[0.686s] -- Up-to-date: /home/ubuntu/ros2_ws/src/install/turtlesim/local/lib/python3.10/dist-packages/turtlesim/action/__init__.py
[0.686s] -- Up-to-date: /home/ubuntu/ros2_ws/src/install/turtlesim/local/lib/python3.10/dist-packages/turtlesim/action/_rotate_absolute_s.c
[0.686s] -- Up-to-date: /home/ubuntu/ros2_ws/src/install/turtlesim/local/lib/python3.10/dist-packages/turtlesim/action/_rotate_absolute.py
[0.710s] Listing '/home/ubuntu/ros2_ws/src/install/turtlesim/local/lib/python3.10/dist-packages/turtlesim'...
[0.710s] Listing '/home/ubuntu/ros2_ws/src/install/turtlesim/local/lib/python3.10/dist-packages/turtlesim/action'...
[0.710s] Listing '/home/ubuntu/ros2_ws/src/install/turtlesim/local/lib/python3.10/dist-packages/turtlesim/msg'...
[0.710s] Listing '/home/ubuntu/ros2_ws/src/install/turtlesim/local/lib/python3.10/dist-packages/turtlesim/srv'...
[0.715s] -- Up-to-date: /home/ubuntu/ros2_ws/src/install/turtlesim/local/lib/python3.10/dist-packages/turtlesim/turtlesim_s__rosidl_typesupport_fastrtps_c.cpython-310-x86_64-linux-gnu.so
[0.717s] -- Up-to-date: /home/ubuntu/ros2_ws/src/install/turtlesim/local/lib/python3.10/dist-packages/turtlesim/turtlesim_s__rosidl_typesupport_introspection_c.cpython-310-x86_64-linux-gnu.so
[0.718s] -- Up-to-date: /home/ubuntu/ros2_ws/src/install/turtlesim/local/lib/python3.10/dist-packages/turtlesim/turtlesim_s__rosidl_typesupport_c.cpython-310-x86_64-linux-gnu.so
[0.720s] -- Up-to-date: /home/ubuntu/ros2_ws/src/install/turtlesim/lib/libturtlesim__rosidl_generator_py.so
[0.720s] -- Up-to-date: /home/ubuntu/ros2_ws/src/install/turtlesim/share/turtlesim/action/RotateAbsolute.idl
[0.720s] -- Up-to-date: /home/ubuntu/ros2_ws/src/install/turtlesim/share/turtlesim/msg/Color.idl
[0.720s] -- Up-to-date: /home/ubuntu/ros2_ws/src/install/turtlesim/share/turtlesim/msg/Pose.idl
[0.720s] -- Up-to-date: /home/ubuntu/ros2_ws/src/install/turtlesim/share/turtlesim/srv/Kill.idl
[0.720s] -- Up-to-date: /home/ubuntu/ros2_ws/src/install/turtlesim/share/turtlesim/srv/SetPen.idl
[0.721s] -- Up-to-date: /home/ubuntu/ros2_ws/src/install/turtlesim/share/turtlesim/srv/Spawn.idl
[0.721s] -- Up-to-date: /home/ubuntu/ros2_ws/src/install/turtlesim/share/turtlesim/srv/TeleportAbsolute.idl
[0.721s] -- Up-to-date: /home/ubuntu/ros2_ws/src/install/turtlesim/share/turtlesim/srv/TeleportRelative.idl
[0.721s] -- Up-to-date: /home/ubuntu/ros2_ws/src/install/turtlesim/share/turtlesim/action/RotateAbsolute.action
[0.721s] -- Up-to-date: /home/ubuntu/ros2_ws/src/install/turtlesim/share/turtlesim/msg/Color.msg
[0.721s] -- Up-to-date: /home/ubuntu/ros2_ws/src/install/turtlesim/share/turtlesim/msg/Pose.msg
[0.721s] -- Up-to-date: /home/ubuntu/ros2_ws/src/install/turtlesim/share/turtlesim/srv/Kill.srv
[0.721s] -- Up-to-date: /home/ubuntu/ros2_ws/src/install/turtlesim/share/turtlesim/srv/Kill_Request.msg
[0.721s] -- Up-to-date: /home/ubuntu/ros2_ws/src/install/turtlesim/share/turtlesim/srv/Kill_Response.msg
[0.721s] -- Up-to-date: /home/ubuntu/ros2_ws/src/install/turtlesim/share/turtlesim/srv/SetPen.srv
[0.721s] -- Up-to-date: /home/ubuntu/ros2_ws/src/install/turtlesim/share/turtlesim/srv/SetPen_Request.msg
[0.721s] -- Up-to-date: /home/ubuntu/ros2_ws/src/install/turtlesim/share/turtlesim/srv/SetPen_Response.msg
[0.721s] -- Up-to-date: /home/ubuntu/ros2_ws/src/install/turtlesim/share/turtlesim/srv/Spawn.srv
[0.721s] -- Up-to-date: /home/ubuntu/ros2_ws/src/install/turtlesim/share/turtlesim/srv/Spawn_Request.msg
[0.721s] -- Up-to-date: /home/ubuntu/ros2_ws/src/install/turtlesim/share/turtlesim/srv/Spawn_Response.msg
[0.721s] -- Up-to-date: /home/ubuntu/ros2_ws/src/install/turtlesim/share/turtlesim/srv/TeleportAbsolute.srv
[0.721s] -- Up-to-date: /home/ubuntu/ros2_ws/src/install/turtlesim/share/turtlesim/srv/TeleportAbsolute_Request.msg
[0.721s] -- Up-to-date: /home/ubuntu/ros2_ws/src/install/turtlesim/share/turtlesim/srv/TeleportAbsolute_Response.msg
[0.722s] -- Up-to-date: /home/ubuntu/ros2_ws/src/install/turtlesim/share/turtlesim/srv/TeleportRelative.srv
[0.722s] -- Up-to-date: /home/ubuntu/ros2_ws/src/install/turtlesim/share/turtlesim/srv/TeleportRelative_Request.msg
[0.722s] -- Up-to-date: /home/ubuntu/ros2_ws/src/install/turtlesim/share/turtlesim/srv/TeleportRelative_Response.msg
[0.723s] -- Up-to-date: /home/ubuntu/ros2_ws/src/install/turtlesim/lib/turtlesim/turtlesim_node
[0.725s] -- Up-to-date: /home/ubuntu/ros2_ws/src/install/turtlesim/lib/turtlesim/turtle_teleop_key
[0.727s] -- Up-to-date: /home/ubuntu/ros2_ws/src/install/turtlesim/lib/turtlesim/draw_square
[0.729s] -- Up-to-date: /home/ubuntu/ros2_ws/src/install/turtlesim/lib/turtlesim/mimic
[0.729s] -- Up-to-date: /home/ubuntu/ros2_ws/src/install/turtlesim/share/turtlesim/images
[0.729s] -- Up-to-date: /home/ubuntu/ros2_ws/src/install/turtlesim/share/turtlesim/images/eloquent.png
[0.729s] -- Up-to-date: /home/ubuntu/ros2_ws/src/install/turtlesim/share/turtlesim/images/dashing.png
[0.729s] -- Up-to-date: /home/ubuntu/ros2_ws/src/install/turtlesim/share/turtlesim/images/bouncy.png
[0.729s] -- Up-to-date: /home/ubuntu/ros2_ws/src/install/turtlesim/share/turtlesim/images/crystal.png
[0.729s] -- Up-to-date: /home/ubuntu/ros2_ws/src/install/turtlesim/share/turtlesim/images/foxy.png
[0.729s] -- Up-to-date: /home/ubuntu/ros2_ws/src/install/turtlesim/share/turtlesim/images/humble.png
[0.729s] -- Up-to-date: /home/ubuntu/ros2_ws/src/install/turtlesim/share/turtlesim/images/ardent.png
[0.729s] -- Up-to-date: /home/ubuntu/ros2_ws/src/install/turtlesim/share/turtlesim/images/galactic.png
[0.729s] -- Up-to-date: /home/ubuntu/ros2_ws/src/install/turtlesim/share/turtlesim/images/rolling.png
[0.729s] -- Up-to-date: /home/ubuntu/ros2_ws/src/install/turtlesim/share/turtlesim/launch
[0.729s] -- Up-to-date: /home/ubuntu/ros2_ws/src/install/turtlesim/share/turtlesim/launch/multisim.launch.py
[0.729s] -- Up-to-date: /home/ubuntu/ros2_ws/src/install/turtlesim/share/ament_index/resource_index/package_run_dependencies/turtlesim
[0.730s] -- Up-to-date: /home/ubuntu/ros2_ws/src/install/turtlesim/share/ament_index/resource_index/parent_prefix_path/turtlesim
[0.730s] -- Up-to-date: /home/ubuntu/ros2_ws/src/install/turtlesim/share/turtlesim/environment/ament_prefix_path.sh
[0.730s] -- Up-to-date: /home/ubuntu/ros2_ws/src/install/turtlesim/share/turtlesim/environment/ament_prefix_path.dsv
[0.730s] -- Up-to-date: /home/ubuntu/ros2_ws/src/install/turtlesim/share/turtlesim/environment/path.sh
[0.730s] -- Up-to-date: /home/ubuntu/ros2_ws/src/install/turtlesim/share/turtlesim/environment/path.dsv
[0.730s] -- Up-to-date: /home/ubuntu/ros2_ws/src/install/turtlesim/share/turtlesim/local_setup.bash
[0.730s] -- Up-to-date: /home/ubuntu/ros2_ws/src/install/turtlesim/share/turtlesim/local_setup.sh
[0.730s] -- Up-to-date: /home/ubuntu/ros2_ws/src/install/turtlesim/share/turtlesim/local_setup.zsh
[0.731s] -- Up-to-date: /home/ubuntu/ros2_ws/src/install/turtlesim/share/turtlesim/local_setup.dsv
[0.731s] -- Installing: /home/ubuntu/ros2_ws/src/install/turtlesim/share/turtlesim/package.dsv
[0.731s] -- Up-to-date: /home/ubuntu/ros2_ws/src/install/turtlesim/share/ament_index/resource_index/packages/turtlesim
[0.731s] -- Up-to-date: /home/ubuntu/ros2_ws/src/install/turtlesim/share/turtlesim/cmake/export_turtlesim__rosidl_generator_cExport.cmake
[0.731s] -- Up-to-date: /home/ubuntu/ros2_ws/src/install/turtlesim/share/turtlesim/cmake/export_turtlesim__rosidl_generator_cExport-noconfig.cmake
[0.732s] -- Up-to-date: /home/ubuntu/ros2_ws/src/install/turtlesim/share/turtlesim/cmake/export_turtlesim__rosidl_typesupport_fastrtps_cExport.cmake
[0.732s] -- Up-to-date: /home/ubuntu/ros2_ws/src/install/turtlesim/share/turtlesim/cmake/export_turtlesim__rosidl_typesupport_fastrtps_cExport-noconfig.cmake
[0.733s] -- Up-to-date: /home/ubuntu/ros2_ws/src/install/turtlesim/share/turtlesim/cmake/export_turtlesim__rosidl_generator_cppExport.cmake
[0.733s] -- Up-to-date: /home/ubuntu/ros2_ws/src/install/turtlesim/share/turtlesim/cmake/export_turtlesim__rosidl_typesupport_fastrtps_cppExport.cmake
[0.733s] -- Up-to-date: /home/ubuntu/ros2_ws/src/install/turtlesim/share/turtlesim/cmake/export_turtlesim__rosidl_typesupport_fastrtps_cppExport-noconfig.cmake
[0.734s] -- Up-to-date: /home/ubuntu/ros2_ws/src/install/turtlesim/share/turtlesim/cmake/turtlesim__rosidl_typesupport_introspection_cExport.cmake
[0.734s] -- Up-to-date: /home/ubuntu/ros2_ws/src/install/turtlesim/share/turtlesim/cmake/turtlesim__rosidl_typesupport_introspection_cExport-noconfig.cmake
[0.735s] -- Up-to-date: /home/ubuntu/ros2_ws/src/install/turtlesim/share/turtlesim/cmake/turtlesim__rosidl_typesupport_cExport.cmake
[0.735s] -- Up-to-date: /home/ubuntu/ros2_ws/src/install/turtlesim/share/turtlesim/cmake/turtlesim__rosidl_typesupport_cExport-noconfig.cmake
[0.736s] -- Up-to-date: /home/ubuntu/ros2_ws/src/install/turtlesim/share/turtlesim/cmake/turtlesim__rosidl_typesupport_introspection_cppExport.cmake
[0.736s] -- Up-to-date: /home/ubuntu/ros2_ws/src/install/turtlesim/share/turtlesim/cmake/turtlesim__rosidl_typesupport_introspection_cppExport-noconfig.cmake
[0.736s] -- Up-to-date: /home/ubuntu/ros2_ws/src/install/turtlesim/share/turtlesim/cmake/turtlesim__rosidl_typesupport_cppExport.cmake
[0.736s] -- Up-to-date: /home/ubuntu/ros2_ws/src/install/turtlesim/share/turtlesim/cmake/turtlesim__rosidl_typesupport_cppExport-noconfig.cmake
[0.737s] -- Up-to-date: /home/ubuntu/ros2_ws/src/install/turtlesim/share/turtlesim/cmake/export_turtlesim__rosidl_generator_pyExport.cmake
[0.737s] -- Up-to-date: /home/ubuntu/ros2_ws/src/install/turtlesim/share/turtlesim/cmake/export_turtlesim__rosidl_generator_pyExport-noconfig.cmake
[0.737s] -- Up-to-date: /home/ubuntu/ros2_ws/src/install/turtlesim/share/turtlesim/cmake/rosidl_cmake-extras.cmake
[0.737s] -- Up-to-date: /home/ubuntu/ros2_ws/src/install/turtlesim/share/turtlesim/cmake/ament_cmake_export_dependencies-extras.cmake
[0.737s] -- Up-to-date: /home/ubuntu/ros2_ws/src/install/turtlesim/share/turtlesim/cmake/ament_cmake_export_include_directories-extras.cmake
[0.737s] -- Up-to-date: /home/ubuntu/ros2_ws/src/install/turtlesim/share/turtlesim/cmake/ament_cmake_export_libraries-extras.cmake
[0.737s] -- Up-to-date: /home/ubuntu/ros2_ws/src/install/turtlesim/share/turtlesim/cmake/ament_cmake_export_targets-extras.cmake
[0.737s] -- Up-to-date: /home/ubuntu/ros2_ws/src/install/turtlesim/share/turtlesim/cmake/rosidl_cmake_export_typesupport_targets-extras.cmake
[0.737s] -- Up-to-date: /home/ubuntu/ros2_ws/src/install/turtlesim/share/turtlesim/cmake/rosidl_cmake_export_typesupport_libraries-extras.cmake
[0.737s] -- Up-to-date: /home/ubuntu/ros2_ws/src/install/turtlesim/share/turtlesim/cmake/turtlesimConfig.cmake
[0.737s] -- Up-to-date: /home/ubuntu/ros2_ws/src/install/turtlesim/share/turtlesim/cmake/turtlesimConfig-version.cmake
[0.737s] -- Up-to-date: /home/ubuntu/ros2_ws/src/install/turtlesim/share/turtlesim/package.xml
[0.739s] Invoked command in '/home/ubuntu/ros2_ws/src/build/turtlesim' returned '0': CMAKE_PREFIX_PATH=/opt/ros/humble /usr/bin/cmake --install /home/ubuntu/ros2_ws/src/build/turtlesim
