[0.056s] Invoking command in '/home/ubuntu/ros2_ws/src/build/rob599_msgs': CMAKE_PREFIX_PATH=${CMAKE_PREFIX_PATH}:/home/ubuntu/ros2_ws/src/install/rob599hw_2:/opt/ros/humble /usr/bin/cmake --build /home/ubuntu/ros2_ws/src/build/rob599_msgs -- -j16 -l16
[0.068s] -- Found ament_cmake: 1.3.7 (/opt/ros/humble/share/ament_cmake/cmake)
[0.175s] -- Found rosidl_default_generators: 1.2.0 (/opt/ros/humble/share/rosidl_default_generators/cmake)
[0.176s] -- Using all available rosidl_typesupport_c: rosidl_typesupport_fastrtps_c;rosidl_typesupport_introspection_c
[0.177s] -- Found rosidl_adapter: 3.1.5 (/opt/ros/humble/share/rosidl_adapter/cmake)
[0.196s] -- Using all available rosidl_typesupport_cpp: rosidl_typesupport_fastrtps_cpp;rosidl_typesupport_introspection_cpp
[0.349s] -- Found ament_cmake_ros: 0.10.0 (/opt/ros/humble/share/ament_cmake_ros/cmake)
[0.462s] -- Using all available rosidl_typesupport_c: rosidl_typesupport_fastrtps_c;rosidl_typesupport_introspection_c
[0.595s] -- Using all available rosidl_typesupport_cpp: rosidl_typesupport_fastrtps_cpp;rosidl_typesupport_introspection_cpp
[0.610s] -- Found PythonInterp: /usr/bin/python3 (found suitable version "3.10.12", minimum required is "3.6") 
[0.611s] -- Found python_cmake_module: 0.10.0 (/opt/ros/humble/share/python_cmake_module/cmake)
[0.628s] -- Found PythonLibs: /usr/lib/x86_64-linux-gnu/libpython3.10.so (found suitable version "3.10.12", minimum required is "3.5") 
[0.628s] -- Using PYTHON_EXECUTABLE: /usr/bin/python3
[0.628s] -- Using PYTHON_INCLUDE_DIRS: /usr/include/python3.10
[0.628s] -- Using PYTHON_LIBRARIES: /usr/lib/x86_64-linux-gnu/libpython3.10.so
[0.640s] -- Found PythonExtra: .so  
[0.659s] -- Found ament_lint_auto: 0.12.10 (/opt/ros/humble/share/ament_lint_auto/cmake)
[0.667s] -- Added test 'lint_cmake' to check CMake code style
[0.668s] -- Added test 'xmllint' to check XML markup files
[0.669s] -- Configuring done
[0.682s] -- Generating done
[0.684s] -- Build files have been written to: /home/ubuntu/ros2_ws/src/build/rob599_msgs
[0.697s] [  3%] [34m[1mGenerating C code for ROS interfaces[0m
[0.704s] [  6%] [34m[1mGenerating C++ code for ROS interfaces[0m
[0.709s] [  6%] Built target ament_cmake_python_copy_rob599_msgs
[0.864s] [  6%] Built target rob599_msgs__cpp
[0.870s] [  9%] [34m[1mGenerating C++ type support for eProsima Fast-RTPS[0m
[0.872s] [ 16%] [34m[1mGenerating C++ type support dispatch for ROS interfaces[0m
[0.872s] [ 16%] [34m[1mGenerating C++ introspection for ROS interfaces[0m
[0.874s] [ 19%] [32mBuilding C object CMakeFiles/rob599_msgs__rosidl_generator_c.dir/rosidl_generator_c/rob599_msgs/srv/detail/brakes__functions.c.o[0m
[0.891s] running egg_info
[0.892s] creating rob599_msgs.egg-info
[0.892s] writing rob599_msgs.egg-info/PKG-INFO
[0.892s] writing dependency_links to rob599_msgs.egg-info/dependency_links.txt
[0.892s] writing top-level names to rob599_msgs.egg-info/top_level.txt
[0.892s] writing manifest file 'rob599_msgs.egg-info/SOURCES.txt'
[0.893s] reading manifest file 'rob599_msgs.egg-info/SOURCES.txt'
[0.893s] writing manifest file 'rob599_msgs.egg-info/SOURCES.txt'
[0.911s] [ 19%] Built target ament_cmake_python_build_rob599_msgs_egg
[0.954s] [ 22%] [32m[1mLinking C shared library librob599_msgs__rosidl_generator_c.so[0m
[0.975s] [ 22%] Built target rob599_msgs__rosidl_generator_c
[0.981s] [ 25%] [34m[1mGenerating C type support dispatch for ROS interfaces[0m
[0.984s] [ 32%] [34m[1mGenerating C type support for eProsima Fast-RTPS[0m
[0.984s] [ 32%] [34m[1mGenerating C introspection for ROS interfaces[0m
[1.039s] [ 35%] [32mBuilding CXX object CMakeFiles/rob599_msgs__rosidl_typesupport_fastrtps_cpp.dir/rosidl_typesupport_fastrtps_cpp/rob599_msgs/srv/detail/dds_fastrtps/brakes__type_support.cpp.o[0m
[1.039s] [ 38%] [32mBuilding CXX object CMakeFiles/rob599_msgs__rosidl_typesupport_cpp.dir/rosidl_typesupport_cpp/rob599_msgs/srv/brakes__type_support.cpp.o[0m
[1.061s] [ 41%] [32mBuilding CXX object CMakeFiles/rob599_msgs__rosidl_typesupport_introspection_cpp.dir/rosidl_typesupport_introspection_cpp/rob599_msgs/srv/detail/brakes__type_support.cpp.o[0m
[1.152s] [ 45%] [32mBuilding CXX object CMakeFiles/rob599_msgs__rosidl_typesupport_c.dir/rosidl_typesupport_c/rob599_msgs/srv/brakes__type_support.cpp.o[0m
[1.156s] [ 48%] [32mBuilding C object CMakeFiles/rob599_msgs__rosidl_typesupport_introspection_c.dir/rosidl_typesupport_introspection_c/rob599_msgs/srv/detail/brakes__type_support.c.o[0m
[1.157s] [ 51%] [32mBuilding CXX object CMakeFiles/rob599_msgs__rosidl_typesupport_fastrtps_c.dir/rosidl_typesupport_fastrtps_c/rob599_msgs/srv/detail/brakes__type_support_c.cpp.o[0m
[1.184s] [ 54%] [32m[1mLinking C shared library librob599_msgs__rosidl_typesupport_introspection_c.so[0m
[1.190s] [ 58%] [32m[1mLinking CXX shared library librob599_msgs__rosidl_typesupport_c.so[0m
[1.202s] [ 58%] Built target rob599_msgs__rosidl_typesupport_introspection_c
[1.226s] [ 58%] Built target rob599_msgs__rosidl_typesupport_c
[1.301s] [ 61%] [32m[1mLinking CXX shared library librob599_msgs__rosidl_typesupport_cpp.so[0m
[1.327s] [ 61%] Built target rob599_msgs__rosidl_typesupport_cpp
[1.363s] [ 64%] [32m[1mLinking CXX shared library librob599_msgs__rosidl_typesupport_introspection_cpp.so[0m
[1.375s] [ 67%] [32m[1mLinking CXX shared library librob599_msgs__rosidl_typesupport_fastrtps_c.so[0m
[1.386s] [ 67%] Built target rob599_msgs__rosidl_typesupport_introspection_cpp
[1.394s] [ 70%] [32m[1mLinking CXX shared library librob599_msgs__rosidl_typesupport_fastrtps_cpp.so[0m
[1.418s] [ 70%] Built target rob599_msgs__rosidl_typesupport_fastrtps_c
[1.438s] [ 70%] Built target rob599_msgs__rosidl_typesupport_fastrtps_cpp
[1.451s] [ 70%] Built target rob599_msgs
[1.462s] [ 74%] [34m[1mGenerating Python code for ROS interfaces[0m
[1.661s] [ 74%] Built target rob599_msgs__py
[1.672s] [ 77%] [32mBuilding C object CMakeFiles/rob599_msgs__rosidl_generator_py.dir/rosidl_generator_py/rob599_msgs/srv/_brakes_s.c.o[0m
[1.794s] [ 80%] [32m[1mLinking C shared library rosidl_generator_py/rob599_msgs/librob599_msgs__rosidl_generator_py.so[0m
[1.834s] [ 80%] Built target rob599_msgs__rosidl_generator_py
[1.854s] [ 83%] [32mBuilding C object CMakeFiles/rob599_msgs__rosidl_typesupport_introspection_c__pyext.dir/rosidl_generator_py/rob599_msgs/_rob599_msgs_s.ep.rosidl_typesupport_introspection_c.c.o[0m
[1.854s] [ 90%] [32mBuilding C object CMakeFiles/rob599_msgs__rosidl_typesupport_fastrtps_c__pyext.dir/rosidl_generator_py/rob599_msgs/_rob599_msgs_s.ep.rosidl_typesupport_fastrtps_c.c.o[0m
[1.854s] [ 90%] [32mBuilding C object CMakeFiles/rob599_msgs__rosidl_typesupport_c__pyext.dir/rosidl_generator_py/rob599_msgs/_rob599_msgs_s.ep.rosidl_typesupport_c.c.o[0m
[1.905s] [ 96%] [32m[1mLinking C shared library rosidl_generator_py/rob599_msgs/rob599_msgs_s__rosidl_typesupport_c.cpython-310-x86_64-linux-gnu.so[0m
[1.905s] [100%] [32m[1mLinking C shared library rosidl_generator_py/rob599_msgs/rob599_msgs_s__rosidl_typesupport_fastrtps_c.cpython-310-x86_64-linux-gnu.so[0m
[1.905s] [100%] [32m[1mLinking C shared library rosidl_generator_py/rob599_msgs/rob599_msgs_s__rosidl_typesupport_introspection_c.cpython-310-x86_64-linux-gnu.so[0m
[1.923s] [100%] Built target rob599_msgs__rosidl_typesupport_introspection_c__pyext
[1.923s] [100%] Built target rob599_msgs__rosidl_typesupport_fastrtps_c__pyext
[1.923s] [100%] Built target rob599_msgs__rosidl_typesupport_c__pyext
[1.929s] Invoked command in '/home/ubuntu/ros2_ws/src/build/rob599_msgs' returned '0': CMAKE_PREFIX_PATH=${CMAKE_PREFIX_PATH}:/home/ubuntu/ros2_ws/src/install/rob599hw_2:/opt/ros/humble /usr/bin/cmake --build /home/ubuntu/ros2_ws/src/build/rob599_msgs -- -j16 -l16
[1.959s] Invoking command in '/home/ubuntu/ros2_ws/src/build/rob599_msgs': CMAKE_PREFIX_PATH=${CMAKE_PREFIX_PATH}:/home/ubuntu/ros2_ws/src/install/rob599hw_2:/opt/ros/humble /usr/bin/cmake --install /home/ubuntu/ros2_ws/src/build/rob599_msgs
[1.965s] -- Install configuration: ""
[1.965s] -- Installing: /home/ubuntu/ros2_ws/src/install/rob599_msgs/share/ament_index/resource_index/rosidl_interfaces/rob599_msgs
[1.965s] -- Installing: /home/ubuntu/ros2_ws/src/install/rob599_msgs/include/rob599_msgs/rob599_msgs
[1.965s] -- Installing: /home/ubuntu/ros2_ws/src/install/rob599_msgs/include/rob599_msgs/rob599_msgs/msg
[1.965s] -- Installing: /home/ubuntu/ros2_ws/src/install/rob599_msgs/include/rob599_msgs/rob599_msgs/msg/rosidl_generator_c__visibility_control.h
[1.965s] -- Installing: /home/ubuntu/ros2_ws/src/install/rob599_msgs/include/rob599_msgs/rob599_msgs/srv
[1.965s] -- Installing: /home/ubuntu/ros2_ws/src/install/rob599_msgs/include/rob599_msgs/rob599_msgs/srv/brakes.h
[1.965s] -- Installing: /home/ubuntu/ros2_ws/src/install/rob599_msgs/include/rob599_msgs/rob599_msgs/srv/detail
[1.965s] -- Installing: /home/ubuntu/ros2_ws/src/install/rob599_msgs/include/rob599_msgs/rob599_msgs/srv/detail/brakes__functions.h
[1.965s] -- Installing: /home/ubuntu/ros2_ws/src/install/rob599_msgs/include/rob599_msgs/rob599_msgs/srv/detail/brakes__type_support.h
[1.965s] -- Installing: /home/ubuntu/ros2_ws/src/install/rob599_msgs/include/rob599_msgs/rob599_msgs/srv/detail/brakes__functions.c
[1.966s] -- Installing: /home/ubuntu/ros2_ws/src/install/rob599_msgs/include/rob599_msgs/rob599_msgs/srv/detail/brakes__struct.h
[1.966s] -- Installing: /home/ubuntu/ros2_ws/src/install/rob599_msgs/share/rob599_msgs/environment/library_path.sh
[1.966s] -- Installing: /home/ubuntu/ros2_ws/src/install/rob599_msgs/share/rob599_msgs/environment/library_path.dsv
[1.966s] -- Installing: /home/ubuntu/ros2_ws/src/install/rob599_msgs/lib/librob599_msgs__rosidl_generator_c.so
[1.966s] -- Set runtime path of "/home/ubuntu/ros2_ws/src/install/rob599_msgs/lib/librob599_msgs__rosidl_generator_c.so" to ""
[1.966s] -- Up-to-date: /home/ubuntu/ros2_ws/src/install/rob599_msgs/include/rob599_msgs/rob599_msgs
[1.966s] -- Up-to-date: /home/ubuntu/ros2_ws/src/install/rob599_msgs/include/rob599_msgs/rob599_msgs/msg
[1.966s] -- Installing: /home/ubuntu/ros2_ws/src/install/rob599_msgs/include/rob599_msgs/rob599_msgs/msg/rosidl_typesupport_fastrtps_c__visibility_control.h
[1.966s] -- Up-to-date: /home/ubuntu/ros2_ws/src/install/rob599_msgs/include/rob599_msgs/rob599_msgs/srv
[1.966s] -- Up-to-date: /home/ubuntu/ros2_ws/src/install/rob599_msgs/include/rob599_msgs/rob599_msgs/srv/detail
[1.966s] -- Installing: /home/ubuntu/ros2_ws/src/install/rob599_msgs/include/rob599_msgs/rob599_msgs/srv/detail/brakes__rosidl_typesupport_fastrtps_c.h
[1.966s] -- Installing: /home/ubuntu/ros2_ws/src/install/rob599_msgs/lib/librob599_msgs__rosidl_typesupport_fastrtps_c.so
[1.967s] -- Set runtime path of "/home/ubuntu/ros2_ws/src/install/rob599_msgs/lib/librob599_msgs__rosidl_typesupport_fastrtps_c.so" to ""
[1.967s] -- Up-to-date: /home/ubuntu/ros2_ws/src/install/rob599_msgs/include/rob599_msgs/rob599_msgs
[1.967s] -- Up-to-date: /home/ubuntu/ros2_ws/src/install/rob599_msgs/include/rob599_msgs/rob599_msgs/msg
[1.967s] -- Installing: /home/ubuntu/ros2_ws/src/install/rob599_msgs/include/rob599_msgs/rob599_msgs/msg/rosidl_typesupport_introspection_c__visibility_control.h
[1.967s] -- Up-to-date: /home/ubuntu/ros2_ws/src/install/rob599_msgs/include/rob599_msgs/rob599_msgs/srv
[1.967s] -- Up-to-date: /home/ubuntu/ros2_ws/src/install/rob599_msgs/include/rob599_msgs/rob599_msgs/srv/detail
[1.967s] -- Installing: /home/ubuntu/ros2_ws/src/install/rob599_msgs/include/rob599_msgs/rob599_msgs/srv/detail/brakes__rosidl_typesupport_introspection_c.h
[1.967s] -- Installing: /home/ubuntu/ros2_ws/src/install/rob599_msgs/include/rob599_msgs/rob599_msgs/srv/detail/brakes__type_support.c
[1.967s] -- Installing: /home/ubuntu/ros2_ws/src/install/rob599_msgs/lib/librob599_msgs__rosidl_typesupport_introspection_c.so
[1.967s] -- Set runtime path of "/home/ubuntu/ros2_ws/src/install/rob599_msgs/lib/librob599_msgs__rosidl_typesupport_introspection_c.so" to ""
[1.967s] -- Installing: /home/ubuntu/ros2_ws/src/install/rob599_msgs/lib/librob599_msgs__rosidl_typesupport_c.so
[1.967s] -- Set runtime path of "/home/ubuntu/ros2_ws/src/install/rob599_msgs/lib/librob599_msgs__rosidl_typesupport_c.so" to ""
[1.967s] -- Up-to-date: /home/ubuntu/ros2_ws/src/install/rob599_msgs/include/rob599_msgs/rob599_msgs
[1.967s] -- Up-to-date: /home/ubuntu/ros2_ws/src/install/rob599_msgs/include/rob599_msgs/rob599_msgs/srv
[1.967s] -- Installing: /home/ubuntu/ros2_ws/src/install/rob599_msgs/include/rob599_msgs/rob599_msgs/srv/brakes.hpp
[1.968s] -- Up-to-date: /home/ubuntu/ros2_ws/src/install/rob599_msgs/include/rob599_msgs/rob599_msgs/srv/detail
[1.968s] -- Installing: /home/ubuntu/ros2_ws/src/install/rob599_msgs/include/rob599_msgs/rob599_msgs/srv/detail/brakes__struct.hpp
[1.968s] -- Installing: /home/ubuntu/ros2_ws/src/install/rob599_msgs/include/rob599_msgs/rob599_msgs/srv/detail/brakes__builder.hpp
[1.968s] -- Installing: /home/ubuntu/ros2_ws/src/install/rob599_msgs/include/rob599_msgs/rob599_msgs/srv/detail/brakes__traits.hpp
[1.968s] -- Up-to-date: /home/ubuntu/ros2_ws/src/install/rob599_msgs/include/rob599_msgs/rob599_msgs
[1.968s] -- Up-to-date: /home/ubuntu/ros2_ws/src/install/rob599_msgs/include/rob599_msgs/rob599_msgs/msg
[1.968s] -- Installing: /home/ubuntu/ros2_ws/src/install/rob599_msgs/include/rob599_msgs/rob599_msgs/msg/rosidl_typesupport_fastrtps_cpp__visibility_control.h
[1.968s] -- Up-to-date: /home/ubuntu/ros2_ws/src/install/rob599_msgs/include/rob599_msgs/rob599_msgs/srv
[1.968s] -- Up-to-date: /home/ubuntu/ros2_ws/src/install/rob599_msgs/include/rob599_msgs/rob599_msgs/srv/detail
[1.968s] -- Installing: /home/ubuntu/ros2_ws/src/install/rob599_msgs/include/rob599_msgs/rob599_msgs/srv/detail/dds_fastrtps
[1.968s] -- Installing: /home/ubuntu/ros2_ws/src/install/rob599_msgs/include/rob599_msgs/rob599_msgs/srv/detail/brakes__rosidl_typesupport_fastrtps_cpp.hpp
[1.968s] -- Installing: /home/ubuntu/ros2_ws/src/install/rob599_msgs/lib/librob599_msgs__rosidl_typesupport_fastrtps_cpp.so
[1.968s] -- Set runtime path of "/home/ubuntu/ros2_ws/src/install/rob599_msgs/lib/librob599_msgs__rosidl_typesupport_fastrtps_cpp.so" to ""
[1.968s] -- Up-to-date: /home/ubuntu/ros2_ws/src/install/rob599_msgs/include/rob599_msgs/rob599_msgs
[1.968s] -- Up-to-date: /home/ubuntu/ros2_ws/src/install/rob599_msgs/include/rob599_msgs/rob599_msgs/srv
[1.968s] -- Up-to-date: /home/ubuntu/ros2_ws/src/install/rob599_msgs/include/rob599_msgs/rob599_msgs/srv/detail
[1.968s] -- Installing: /home/ubuntu/ros2_ws/src/install/rob599_msgs/include/rob599_msgs/rob599_msgs/srv/detail/brakes__type_support.cpp
[1.968s] -- Installing: /home/ubuntu/ros2_ws/src/install/rob599_msgs/include/rob599_msgs/rob599_msgs/srv/detail/brakes__rosidl_typesupport_introspection_cpp.hpp
[1.968s] -- Installing: /home/ubuntu/ros2_ws/src/install/rob599_msgs/lib/librob599_msgs__rosidl_typesupport_introspection_cpp.so
[1.969s] -- Set runtime path of "/home/ubuntu/ros2_ws/src/install/rob599_msgs/lib/librob599_msgs__rosidl_typesupport_introspection_cpp.so" to ""
[1.969s] -- Installing: /home/ubuntu/ros2_ws/src/install/rob599_msgs/lib/librob599_msgs__rosidl_typesupport_cpp.so
[1.969s] -- Set runtime path of "/home/ubuntu/ros2_ws/src/install/rob599_msgs/lib/librob599_msgs__rosidl_typesupport_cpp.so" to ""
[1.969s] -- Installing: /home/ubuntu/ros2_ws/src/install/rob599_msgs/share/rob599_msgs/environment/pythonpath.sh
[1.969s] -- Installing: /home/ubuntu/ros2_ws/src/install/rob599_msgs/share/rob599_msgs/environment/pythonpath.dsv
[1.969s] -- Installing: /home/ubuntu/ros2_ws/src/install/rob599_msgs/local/lib/python3.10/dist-packages/rob599_msgs-0.0.0-py3.10.egg-info
[1.969s] -- Installing: /home/ubuntu/ros2_ws/src/install/rob599_msgs/local/lib/python3.10/dist-packages/rob599_msgs-0.0.0-py3.10.egg-info/SOURCES.txt
[1.969s] -- Installing: /home/ubuntu/ros2_ws/src/install/rob599_msgs/local/lib/python3.10/dist-packages/rob599_msgs-0.0.0-py3.10.egg-info/top_level.txt
[1.969s] -- Installing: /home/ubuntu/ros2_ws/src/install/rob599_msgs/local/lib/python3.10/dist-packages/rob599_msgs-0.0.0-py3.10.egg-info/dependency_links.txt
[1.969s] -- Installing: /home/ubuntu/ros2_ws/src/install/rob599_msgs/local/lib/python3.10/dist-packages/rob599_msgs-0.0.0-py3.10.egg-info/PKG-INFO
[1.969s] -- Installing: /home/ubuntu/ros2_ws/src/install/rob599_msgs/local/lib/python3.10/dist-packages/rob599_msgs
[1.969s] -- Installing: /home/ubuntu/ros2_ws/src/install/rob599_msgs/local/lib/python3.10/dist-packages/rob599_msgs/rob599_msgs_s__rosidl_typesupport_fastrtps_c.cpython-310-x86_64-linux-gnu.so
[1.969s] -- Installing: /home/ubuntu/ros2_ws/src/install/rob599_msgs/local/lib/python3.10/dist-packages/rob599_msgs/__init__.py
[1.969s] -- Installing: /home/ubuntu/ros2_ws/src/install/rob599_msgs/local/lib/python3.10/dist-packages/rob599_msgs/_rob599_msgs_s.ep.rosidl_typesupport_c.c
[1.969s] -- Installing: /home/ubuntu/ros2_ws/src/install/rob599_msgs/local/lib/python3.10/dist-packages/rob599_msgs/rob599_msgs_s__rosidl_typesupport_c.cpython-310-x86_64-linux-gnu.so
[1.969s] -- Installing: /home/ubuntu/ros2_ws/src/install/rob599_msgs/local/lib/python3.10/dist-packages/rob599_msgs/srv
[1.969s] -- Installing: /home/ubuntu/ros2_ws/src/install/rob599_msgs/local/lib/python3.10/dist-packages/rob599_msgs/srv/_brakes_s.c
[1.970s] -- Installing: /home/ubuntu/ros2_ws/src/install/rob599_msgs/local/lib/python3.10/dist-packages/rob599_msgs/srv/__init__.py
[1.970s] -- Installing: /home/ubuntu/ros2_ws/src/install/rob599_msgs/local/lib/python3.10/dist-packages/rob599_msgs/srv/_brakes.py
[1.970s] -- Installing: /home/ubuntu/ros2_ws/src/install/rob599_msgs/local/lib/python3.10/dist-packages/rob599_msgs/rob599_msgs_s__rosidl_typesupport_introspection_c.cpython-310-x86_64-linux-gnu.so
[1.970s] -- Installing: /home/ubuntu/ros2_ws/src/install/rob599_msgs/local/lib/python3.10/dist-packages/rob599_msgs/_rob599_msgs_s.ep.rosidl_typesupport_fastrtps_c.c
[1.970s] -- Installing: /home/ubuntu/ros2_ws/src/install/rob599_msgs/local/lib/python3.10/dist-packages/rob599_msgs/_rob599_msgs_s.ep.rosidl_typesupport_introspection_c.c
[1.970s] -- Installing: /home/ubuntu/ros2_ws/src/install/rob599_msgs/local/lib/python3.10/dist-packages/rob599_msgs/librob599_msgs__rosidl_generator_py.so
[1.988s] Listing '/home/ubuntu/ros2_ws/src/install/rob599_msgs/local/lib/python3.10/dist-packages/rob599_msgs'...
[1.988s] Compiling '/home/ubuntu/ros2_ws/src/install/rob599_msgs/local/lib/python3.10/dist-packages/rob599_msgs/__init__.py'...
[1.988s] Listing '/home/ubuntu/ros2_ws/src/install/rob599_msgs/local/lib/python3.10/dist-packages/rob599_msgs/srv'...
[1.988s] Compiling '/home/ubuntu/ros2_ws/src/install/rob599_msgs/local/lib/python3.10/dist-packages/rob599_msgs/srv/__init__.py'...
[1.988s] Compiling '/home/ubuntu/ros2_ws/src/install/rob599_msgs/local/lib/python3.10/dist-packages/rob599_msgs/srv/_brakes.py'...
[1.991s] -- Installing: /home/ubuntu/ros2_ws/src/install/rob599_msgs/local/lib/python3.10/dist-packages/rob599_msgs/rob599_msgs_s__rosidl_typesupport_fastrtps_c.cpython-310-x86_64-linux-gnu.so
[1.991s] -- Set runtime path of "/home/ubuntu/ros2_ws/src/install/rob599_msgs/local/lib/python3.10/dist-packages/rob599_msgs/rob599_msgs_s__rosidl_typesupport_fastrtps_c.cpython-310-x86_64-linux-gnu.so" to ""
[1.991s] -- Installing: /home/ubuntu/ros2_ws/src/install/rob599_msgs/local/lib/python3.10/dist-packages/rob599_msgs/rob599_msgs_s__rosidl_typesupport_introspection_c.cpython-310-x86_64-linux-gnu.so
[1.991s] -- Set runtime path of "/home/ubuntu/ros2_ws/src/install/rob599_msgs/local/lib/python3.10/dist-packages/rob599_msgs/rob599_msgs_s__rosidl_typesupport_introspection_c.cpython-310-x86_64-linux-gnu.so" to ""
[1.991s] -- Installing: /home/ubuntu/ros2_ws/src/install/rob599_msgs/local/lib/python3.10/dist-packages/rob599_msgs/rob599_msgs_s__rosidl_typesupport_c.cpython-310-x86_64-linux-gnu.so
[1.991s] -- Set runtime path of "/home/ubuntu/ros2_ws/src/install/rob599_msgs/local/lib/python3.10/dist-packages/rob599_msgs/rob599_msgs_s__rosidl_typesupport_c.cpython-310-x86_64-linux-gnu.so" to ""
[1.991s] -- Installing: /home/ubuntu/ros2_ws/src/install/rob599_msgs/lib/librob599_msgs__rosidl_generator_py.so
[1.991s] -- Set runtime path of "/home/ubuntu/ros2_ws/src/install/rob599_msgs/lib/librob599_msgs__rosidl_generator_py.so" to ""
[1.991s] -- Installing: /home/ubuntu/ros2_ws/src/install/rob599_msgs/share/rob599_msgs/srv/Brakes.idl
[1.991s] -- Installing: /home/ubuntu/ros2_ws/src/install/rob599_msgs/share/rob599_msgs/srv/Brakes.srv
[1.991s] -- Installing: /home/ubuntu/ros2_ws/src/install/rob599_msgs/share/rob599_msgs/srv/Brakes_Request.msg
[1.991s] -- Installing: /home/ubuntu/ros2_ws/src/install/rob599_msgs/share/rob599_msgs/srv/Brakes_Response.msg
[1.991s] -- Installing: /home/ubuntu/ros2_ws/src/install/rob599_msgs/share/ament_index/resource_index/package_run_dependencies/rob599_msgs
[1.991s] -- Installing: /home/ubuntu/ros2_ws/src/install/rob599_msgs/share/ament_index/resource_index/parent_prefix_path/rob599_msgs
[1.991s] -- Up-to-date: /home/ubuntu/ros2_ws/src/install/rob599_msgs/share/rob599_msgs/environment/ament_prefix_path.sh
[1.991s] -- Installing: /home/ubuntu/ros2_ws/src/install/rob599_msgs/share/rob599_msgs/environment/ament_prefix_path.dsv
[1.992s] -- Up-to-date: /home/ubuntu/ros2_ws/src/install/rob599_msgs/share/rob599_msgs/environment/path.sh
[1.992s] -- Installing: /home/ubuntu/ros2_ws/src/install/rob599_msgs/share/rob599_msgs/environment/path.dsv
[1.992s] -- Up-to-date: /home/ubuntu/ros2_ws/src/install/rob599_msgs/share/rob599_msgs/local_setup.bash
[1.992s] -- Installing: /home/ubuntu/ros2_ws/src/install/rob599_msgs/share/rob599_msgs/local_setup.sh
[1.992s] -- Up-to-date: /home/ubuntu/ros2_ws/src/install/rob599_msgs/share/rob599_msgs/local_setup.zsh
[1.992s] -- Installing: /home/ubuntu/ros2_ws/src/install/rob599_msgs/share/rob599_msgs/local_setup.dsv
[1.992s] -- Installing: /home/ubuntu/ros2_ws/src/install/rob599_msgs/share/rob599_msgs/package.dsv
[1.992s] -- Up-to-date: /home/ubuntu/ros2_ws/src/install/rob599_msgs/share/ament_index/resource_index/packages/rob599_msgs
[1.992s] -- Installing: /home/ubuntu/ros2_ws/src/install/rob599_msgs/share/rob599_msgs/cmake/export_rob599_msgs__rosidl_generator_cExport.cmake
[1.992s] -- Installing: /home/ubuntu/ros2_ws/src/install/rob599_msgs/share/rob599_msgs/cmake/export_rob599_msgs__rosidl_generator_cExport-noconfig.cmake
[1.992s] -- Installing: /home/ubuntu/ros2_ws/src/install/rob599_msgs/share/rob599_msgs/cmake/export_rob599_msgs__rosidl_typesupport_fastrtps_cExport.cmake
[1.992s] -- Installing: /home/ubuntu/ros2_ws/src/install/rob599_msgs/share/rob599_msgs/cmake/export_rob599_msgs__rosidl_typesupport_fastrtps_cExport-noconfig.cmake
[1.992s] -- Installing: /home/ubuntu/ros2_ws/src/install/rob599_msgs/share/rob599_msgs/cmake/rob599_msgs__rosidl_typesupport_introspection_cExport.cmake
[1.992s] -- Installing: /home/ubuntu/ros2_ws/src/install/rob599_msgs/share/rob599_msgs/cmake/rob599_msgs__rosidl_typesupport_introspection_cExport-noconfig.cmake
[1.992s] -- Installing: /home/ubuntu/ros2_ws/src/install/rob599_msgs/share/rob599_msgs/cmake/rob599_msgs__rosidl_typesupport_cExport.cmake
[1.992s] -- Installing: /home/ubuntu/ros2_ws/src/install/rob599_msgs/share/rob599_msgs/cmake/rob599_msgs__rosidl_typesupport_cExport-noconfig.cmake
[1.992s] -- Installing: /home/ubuntu/ros2_ws/src/install/rob599_msgs/share/rob599_msgs/cmake/export_rob599_msgs__rosidl_generator_cppExport.cmake
[1.992s] -- Installing: /home/ubuntu/ros2_ws/src/install/rob599_msgs/share/rob599_msgs/cmake/export_rob599_msgs__rosidl_typesupport_fastrtps_cppExport.cmake
[1.992s] -- Installing: /home/ubuntu/ros2_ws/src/install/rob599_msgs/share/rob599_msgs/cmake/export_rob599_msgs__rosidl_typesupport_fastrtps_cppExport-noconfig.cmake
[1.992s] -- Installing: /home/ubuntu/ros2_ws/src/install/rob599_msgs/share/rob599_msgs/cmake/rob599_msgs__rosidl_typesupport_introspection_cppExport.cmake
[1.993s] -- Installing: /home/ubuntu/ros2_ws/src/install/rob599_msgs/share/rob599_msgs/cmake/rob599_msgs__rosidl_typesupport_introspection_cppExport-noconfig.cmake
[1.993s] -- Installing: /home/ubuntu/ros2_ws/src/install/rob599_msgs/share/rob599_msgs/cmake/rob599_msgs__rosidl_typesupport_cppExport.cmake
[1.993s] -- Installing: /home/ubuntu/ros2_ws/src/install/rob599_msgs/share/rob599_msgs/cmake/rob599_msgs__rosidl_typesupport_cppExport-noconfig.cmake
[1.993s] -- Installing: /home/ubuntu/ros2_ws/src/install/rob599_msgs/share/rob599_msgs/cmake/export_rob599_msgs__rosidl_generator_pyExport.cmake
[1.993s] -- Installing: /home/ubuntu/ros2_ws/src/install/rob599_msgs/share/rob599_msgs/cmake/export_rob599_msgs__rosidl_generator_pyExport-noconfig.cmake
[1.993s] -- Installing: /home/ubuntu/ros2_ws/src/install/rob599_msgs/share/rob599_msgs/cmake/rosidl_cmake-extras.cmake
[1.993s] -- Installing: /home/ubuntu/ros2_ws/src/install/rob599_msgs/share/rob599_msgs/cmake/ament_cmake_export_include_directories-extras.cmake
[1.993s] -- Installing: /home/ubuntu/ros2_ws/src/install/rob599_msgs/share/rob599_msgs/cmake/ament_cmake_export_libraries-extras.cmake
[1.993s] -- Installing: /home/ubuntu/ros2_ws/src/install/rob599_msgs/share/rob599_msgs/cmake/ament_cmake_export_targets-extras.cmake
[1.993s] -- Installing: /home/ubuntu/ros2_ws/src/install/rob599_msgs/share/rob599_msgs/cmake/rosidl_cmake_export_typesupport_targets-extras.cmake
[1.993s] -- Installing: /home/ubuntu/ros2_ws/src/install/rob599_msgs/share/rob599_msgs/cmake/ament_cmake_export_dependencies-extras.cmake
[1.993s] -- Installing: /home/ubuntu/ros2_ws/src/install/rob599_msgs/share/rob599_msgs/cmake/rosidl_cmake_export_typesupport_libraries-extras.cmake
[1.993s] -- Installing: /home/ubuntu/ros2_ws/src/install/rob599_msgs/share/rob599_msgs/cmake/rob599_msgsConfig.cmake
[1.993s] -- Up-to-date: /home/ubuntu/ros2_ws/src/install/rob599_msgs/share/rob599_msgs/cmake/rob599_msgsConfig-version.cmake
[1.993s] -- Installing: /home/ubuntu/ros2_ws/src/install/rob599_msgs/share/rob599_msgs/package.xml
[1.995s] Invoked command in '/home/ubuntu/ros2_ws/src/build/rob599_msgs' returned '0': CMAKE_PREFIX_PATH=${CMAKE_PREFIX_PATH}:/home/ubuntu/ros2_ws/src/install/rob599hw_2:/opt/ros/humble /usr/bin/cmake --install /home/ubuntu/ros2_ws/src/build/rob599_msgs
