[0.031s] Invoking command in '/home/ubuntu/ros2_ws/src/build/turtlesim': CMAKE_PREFIX_PATH=${CMAKE_PREFIX_PATH}:/home/ubuntu/ros2_ws/src/install/rob599hw_2:/opt/ros/humble /usr/bin/cmake --build /home/ubuntu/ros2_ws/src/build/turtlesim -- -j16 -l16
[0.061s] [  1%] Built target turtlesim__cpp
[0.061s] [ 11%] Built target turtlesim__rosidl_generator_c
[0.069s] [ 11%] Built target ament_cmake_python_copy_turtlesim
[0.078s] [ 30%] Built target turtlesim__rosidl_typesupport_cpp
[0.078s] [ 33%] Built target turtlesim__rosidl_typesupport_introspection_cpp
[0.078s] [ 41%] Built target turtlesim__rosidl_typesupport_introspection_c
[0.083s] [ 51%] Built target turtlesim__rosidl_typesupport_c
[0.084s] [ 61%] Built target turtlesim__rosidl_typesupport_fastrtps_c
[0.088s] [ 71%] Built target turtlesim__rosidl_typesupport_fastrtps_cpp
[0.097s] [ 79%] Built target draw_square
[0.097s] [ 79%] Built target turtlesim_node
[0.098s] [ 81%] Built target mimic
[0.101s] [ 83%] Built target turtle_teleop_key
[0.102s] [ 83%] Built target turtlesim
[0.115s] [ 84%] Built target turtlesim__py
[0.129s] [ 93%] Built target turtlesim__rosidl_generator_py
[0.142s] [ 96%] Built target turtlesim__rosidl_typesupport_introspection_c__pyext
[0.142s] [ 97%] Built target turtlesim__rosidl_typesupport_fastrtps_c__pyext
[0.147s] [100%] Built target turtlesim__rosidl_typesupport_c__pyext
[0.205s] running egg_info
[0.206s] writing turtlesim.egg-info/PKG-INFO
[0.206s] writing dependency_links to turtlesim.egg-info/dependency_links.txt
[0.206s] writing top-level names to turtlesim.egg-info/top_level.txt
[0.207s] reading manifest file 'turtlesim.egg-info/SOURCES.txt'
[0.207s] writing manifest file 'turtlesim.egg-info/SOURCES.txt'
[0.223s] [100%] Built target ament_cmake_python_build_turtlesim_egg
[0.231s] Invoked command in '/home/ubuntu/ros2_ws/src/build/turtlesim' returned '0': CMAKE_PREFIX_PATH=${CMAKE_PREFIX_PATH}:/home/ubuntu/ros2_ws/src/install/rob599hw_2:/opt/ros/humble /usr/bin/cmake --build /home/ubuntu/ros2_ws/src/build/turtlesim -- -j16 -l16
