[0.072s] Invoking command in '/home/ubuntu/ros2_ws/src/build/rob599_msgs': CMAKE_PREFIX_PATH=/opt/ros/humble /usr/bin/cmake /home/ubuntu/ros2_ws/src/rob599_msgs -DCMAKE_INSTALL_PREFIX=/home/ubuntu/ros2_ws/src/install/rob599_msgs
[0.454s] -- The C compiler identification is GNU 11.4.0
[0.754s] -- The CXX compiler identification is GNU 11.4.0
[0.767s] -- Detecting C compiler ABI info
[0.812s] -- Detecting C compiler ABI info - done
[0.816s] -- Check for working C compiler: /usr/bin/cc - skipped
[0.817s] -- Detecting C compile features
[0.817s] -- Detecting C compile features - done
[0.820s] -- Detecting CXX compiler ABI info
[0.870s] -- Detecting CXX compiler ABI info - done
[0.874s] -- Check for working CXX compiler: /usr/bin/c++ - skipped
[0.874s] -- Detecting CXX compile features
[0.874s] -- Detecting CXX compile features - done
[0.879s] -- Found ament_cmake: 1.3.7 (/opt/ros/humble/share/ament_cmake/cmake)
[0.996s] -- Found Python3: /usr/bin/python3.10 (found version "3.10.12") found components: Interpreter 
[1.066s] -- Found ament_lint_auto: 0.12.10 (/opt/ros/humble/share/ament_lint_auto/cmake)
[1.117s] -- Added test 'lint_cmake' to check CMake code style
[1.119s] -- Added test 'xmllint' to check XML markup files
[1.120s] -- Configuring done
[1.122s] -- Generating done
[1.122s] -- Build files have been written to: /home/ubuntu/ros2_ws/src/build/rob599_msgs
[1.125s] Invoked command in '/home/ubuntu/ros2_ws/src/build/rob599_msgs' returned '0': CMAKE_PREFIX_PATH=/opt/ros/humble /usr/bin/cmake /home/ubuntu/ros2_ws/src/rob599_msgs -DCMAKE_INSTALL_PREFIX=/home/ubuntu/ros2_ws/src/install/rob599_msgs
[1.125s] Invoking command in '/home/ubuntu/ros2_ws/src/build/rob599_msgs': CMAKE_PREFIX_PATH=/opt/ros/humble /usr/bin/cmake --build /home/ubuntu/ros2_ws/src/build/rob599_msgs -- -j16 -l16
[1.146s] Invoked command in '/home/ubuntu/ros2_ws/src/build/rob599_msgs' returned '0': CMAKE_PREFIX_PATH=/opt/ros/humble /usr/bin/cmake --build /home/ubuntu/ros2_ws/src/build/rob599_msgs -- -j16 -l16
[1.158s] Invoking command in '/home/ubuntu/ros2_ws/src/build/rob599_msgs': CMAKE_PREFIX_PATH=/opt/ros/humble /usr/bin/cmake --install /home/ubuntu/ros2_ws/src/build/rob599_msgs
[1.161s] -- Install configuration: ""
[1.161s] -- Installing: /home/ubuntu/ros2_ws/src/install/rob599_msgs/share/ament_index/resource_index/package_run_dependencies/rob599_msgs
[1.161s] -- Installing: /home/ubuntu/ros2_ws/src/install/rob599_msgs/share/ament_index/resource_index/parent_prefix_path/rob599_msgs
[1.161s] -- Installing: /home/ubuntu/ros2_ws/src/install/rob599_msgs/share/rob599_msgs/environment/ament_prefix_path.sh
[1.161s] -- Installing: /home/ubuntu/ros2_ws/src/install/rob599_msgs/share/rob599_msgs/environment/ament_prefix_path.dsv
[1.161s] -- Installing: /home/ubuntu/ros2_ws/src/install/rob599_msgs/share/rob599_msgs/environment/path.sh
[1.161s] -- Installing: /home/ubuntu/ros2_ws/src/install/rob599_msgs/share/rob599_msgs/environment/path.dsv
[1.161s] -- Installing: /home/ubuntu/ros2_ws/src/install/rob599_msgs/share/rob599_msgs/local_setup.bash
[1.161s] -- Installing: /home/ubuntu/ros2_ws/src/install/rob599_msgs/share/rob599_msgs/local_setup.sh
[1.161s] -- Installing: /home/ubuntu/ros2_ws/src/install/rob599_msgs/share/rob599_msgs/local_setup.zsh
[1.161s] -- Installing: /home/ubuntu/ros2_ws/src/install/rob599_msgs/share/rob599_msgs/local_setup.dsv
[1.161s] -- Installing: /home/ubuntu/ros2_ws/src/install/rob599_msgs/share/rob599_msgs/package.dsv
[1.161s] -- Installing: /home/ubuntu/ros2_ws/src/install/rob599_msgs/share/ament_index/resource_index/packages/rob599_msgs
[1.161s] -- Installing: /home/ubuntu/ros2_ws/src/install/rob599_msgs/share/rob599_msgs/cmake/rob599_msgsConfig.cmake
[1.162s] -- Installing: /home/ubuntu/ros2_ws/src/install/rob599_msgs/share/rob599_msgs/cmake/rob599_msgsConfig-version.cmake
[1.162s] -- Installing: /home/ubuntu/ros2_ws/src/install/rob599_msgs/share/rob599_msgs/package.xml
[1.162s] Invoked command in '/home/ubuntu/ros2_ws/src/build/rob599_msgs' returned '0': CMAKE_PREFIX_PATH=/opt/ros/humble /usr/bin/cmake --install /home/ubuntu/ros2_ws/src/build/rob599_msgs
