running egg_info
creating ../../build/rob599hw_2/rob599hw_2.egg-info
writing ../../build/rob599hw_2/rob599hw_2.egg-info/PKG-INFO
writing dependency_links to ../../build/rob599hw_2/rob599hw_2.egg-info/dependency_links.txt
writing entry points to ../../build/rob599hw_2/rob599hw_2.egg-info/entry_points.txt
writing requirements to ../../build/rob599hw_2/rob599hw_2.egg-info/requires.txt
writing top-level names to ../../build/rob599hw_2/rob599hw_2.egg-info/top_level.txt
writing manifest file '../../build/rob599hw_2/rob599hw_2.egg-info/SOURCES.txt'
reading manifest file '../../build/rob599hw_2/rob599hw_2.egg-info/SOURCES.txt'
adding license file 'LICENSE'
writing manifest file '../../build/rob599hw_2/rob599hw_2.egg-info/SOURCES.txt'
running build
running build_py
creating /home/ubuntu/ros2_ws/build/rob599hw_2/build
creating /home/ubuntu/ros2_ws/build/rob599hw_2/build/lib
creating /home/ubuntu/ros2_ws/build/rob599hw_2/build/lib/rob599hw_2
copying rob599hw_2/check_twist.py -> /home/ubuntu/ros2_ws/build/rob599hw_2/build/lib/rob599hw_2
copying rob599hw_2/rotation_limiter.py -> /home/ubuntu/ros2_ws/build/rob599hw_2/build/lib/rob599hw_2
copying rob599hw_2/__init__.py -> /home/ubuntu/ros2_ws/build/rob599hw_2/build/lib/rob599hw_2
copying rob599hw_2/twist_generator.py -> /home/ubuntu/ros2_ws/build/rob599hw_2/build/lib/rob599hw_2
running install
running install_lib
creating /home/ubuntu/ros2_ws/install/rob599hw_2/lib/python3.10/site-packages/rob599hw_2
copying /home/ubuntu/ros2_ws/build/rob599hw_2/build/lib/rob599hw_2/check_twist.py -> /home/ubuntu/ros2_ws/install/rob599hw_2/lib/python3.10/site-packages/rob599hw_2
copying /home/ubuntu/ros2_ws/build/rob599hw_2/build/lib/rob599hw_2/rotation_limiter.py -> /home/ubuntu/ros2_ws/install/rob599hw_2/lib/python3.10/site-packages/rob599hw_2
copying /home/ubuntu/ros2_ws/build/rob599hw_2/build/lib/rob599hw_2/__init__.py -> /home/ubuntu/ros2_ws/install/rob599hw_2/lib/python3.10/site-packages/rob599hw_2
copying /home/ubuntu/ros2_ws/build/rob599hw_2/build/lib/rob599hw_2/twist_generator.py -> /home/ubuntu/ros2_ws/install/rob599hw_2/lib/python3.10/site-packages/rob599hw_2
byte-compiling /home/ubuntu/ros2_ws/install/rob599hw_2/lib/python3.10/site-packages/rob599hw_2/check_twist.py to check_twist.cpython-310.pyc
byte-compiling /home/ubuntu/ros2_ws/install/rob599hw_2/lib/python3.10/site-packages/rob599hw_2/rotation_limiter.py to rotation_limiter.cpython-310.pyc
byte-compiling /home/ubuntu/ros2_ws/install/rob599hw_2/lib/python3.10/site-packages/rob599hw_2/__init__.py to __init__.cpython-310.pyc
byte-compiling /home/ubuntu/ros2_ws/install/rob599hw_2/lib/python3.10/site-packages/rob599hw_2/twist_generator.py to twist_generator.cpython-310.pyc
running install_data
creating /home/ubuntu/ros2_ws/install/rob599hw_2/share/ament_index
creating /home/ubuntu/ros2_ws/install/rob599hw_2/share/ament_index/resource_index
creating /home/ubuntu/ros2_ws/install/rob599hw_2/share/ament_index/resource_index/packages
copying resource/rob599hw_2 -> /home/ubuntu/ros2_ws/install/rob599hw_2/share/ament_index/resource_index/packages
copying package.xml -> /home/ubuntu/ros2_ws/install/rob599hw_2/share/rob599hw_2
running install_egg_info
Copying ../../build/rob599hw_2/rob599hw_2.egg-info to /home/ubuntu/ros2_ws/install/rob599hw_2/lib/python3.10/site-packages/rob599hw_2-0.0.0-py3.10.egg-info
running install_scripts
writing list of installed files to '/home/ubuntu/ros2_ws/build/rob599hw_2/install.log'
