[0.394s] Invoking command in '/home/ubuntu/ros2_ws/src/rob599hw_2': AMENT_PREFIX_PATH=/home/ubuntu/ros2_ws/install/rob599_msgs:${AMENT_PREFIX_PATH} CMAKE_PREFIX_PATH=/home/ubuntu/ros2_ws/install/rob599_msgs:${CMAKE_PREFIX_PATH} LD_LIBRARY_PATH=/home/ubuntu/ros2_ws/install/rob599_msgs/lib:${LD_LIBRARY_PATH} PYTHONPATH=/home/ubuntu/ros2_ws/build/rob599hw_2/prefix_override:/home/ubuntu/ros2_ws/install/rob599hw_2/lib/python3.10/site-packages:/home/ubuntu/ros2_ws/install/rob599_msgs/local/lib/python3.10/dist-packages:${PYTHONPATH} /usr/bin/python3 setup.py egg_info --egg-base ../../build/rob599hw_2 build --build-base /home/ubuntu/ros2_ws/build/rob599hw_2/build install --record /home/ubuntu/ros2_ws/build/rob599hw_2/install.log --single-version-externally-managed
[0.517s] running egg_info
[0.517s] writing ../../build/rob599hw_2/rob599hw_2.egg-info/PKG-INFO
[0.518s] writing dependency_links to ../../build/rob599hw_2/rob599hw_2.egg-info/dependency_links.txt
[0.518s] writing entry points to ../../build/rob599hw_2/rob599hw_2.egg-info/entry_points.txt
[0.518s] writing requirements to ../../build/rob599hw_2/rob599hw_2.egg-info/requires.txt
[0.518s] writing top-level names to ../../build/rob599hw_2/rob599hw_2.egg-info/top_level.txt
[0.519s] reading manifest file '../../build/rob599hw_2/rob599hw_2.egg-info/SOURCES.txt'
[0.519s] adding license file 'LICENSE'
[0.520s] writing manifest file '../../build/rob599hw_2/rob599hw_2.egg-info/SOURCES.txt'
[0.520s] running build
[0.520s] running build_py
[0.521s] copying rob599hw_2/rotation_limiter.py -> /home/ubuntu/ros2_ws/build/rob599hw_2/build/lib/rob599hw_2
[0.521s] running install
[0.521s] /usr/lib/python3/dist-packages/setuptools/command/install.py:34: SetuptoolsDeprecationWarning: setup.py install is deprecated. Use build and pip and other standards-based tools.
[0.521s]   warnings.warn(
[0.521s] running install_lib
[0.522s] copying /home/ubuntu/ros2_ws/build/rob599hw_2/build/lib/rob599hw_2/rotation_limiter.py -> /home/ubuntu/ros2_ws/install/rob599hw_2/lib/python3.10/site-packages/rob599hw_2
[0.523s] byte-compiling /home/ubuntu/ros2_ws/install/rob599hw_2/lib/python3.10/site-packages/rob599hw_2/rotation_limiter.py to rotation_limiter.cpython-310.pyc
[0.523s] running install_data
[0.524s] copying package.xml -> /home/ubuntu/ros2_ws/install/rob599hw_2/share/rob599hw_2
[0.525s] creating /home/ubuntu/ros2_ws/install/rob599hw_2/share/rob599hw_2/launch
[0.525s] copying launch/speed_limit_launch.py -> /home/ubuntu/ros2_ws/install/rob599hw_2/share/rob599hw_2/launch
[0.525s] running install_egg_info
[0.526s] removing '/home/ubuntu/ros2_ws/install/rob599hw_2/lib/python3.10/site-packages/rob599hw_2-0.0.0-py3.10.egg-info' (and everything under it)
[0.526s] Copying ../../build/rob599hw_2/rob599hw_2.egg-info to /home/ubuntu/ros2_ws/install/rob599hw_2/lib/python3.10/site-packages/rob599hw_2-0.0.0-py3.10.egg-info
[0.527s] running install_scripts
[0.539s] Installing check_twist script to /home/ubuntu/ros2_ws/install/rob599hw_2/lib/rob599hw_2
[0.540s] Installing rotation_limiter script to /home/ubuntu/ros2_ws/install/rob599hw_2/lib/rob599hw_2
[0.540s] Installing twist_generator script to /home/ubuntu/ros2_ws/install/rob599hw_2/lib/rob599hw_2
[0.540s] writing list of installed files to '/home/ubuntu/ros2_ws/build/rob599hw_2/install.log'
[0.554s] Invoked command in '/home/ubuntu/ros2_ws/src/rob599hw_2' returned '0': AMENT_PREFIX_PATH=/home/ubuntu/ros2_ws/install/rob599_msgs:${AMENT_PREFIX_PATH} CMAKE_PREFIX_PATH=/home/ubuntu/ros2_ws/install/rob599_msgs:${CMAKE_PREFIX_PATH} LD_LIBRARY_PATH=/home/ubuntu/ros2_ws/install/rob599_msgs/lib:${LD_LIBRARY_PATH} PYTHONPATH=/home/ubuntu/ros2_ws/build/rob599hw_2/prefix_override:/home/ubuntu/ros2_ws/install/rob599hw_2/lib/python3.10/site-packages:/home/ubuntu/ros2_ws/install/rob599_msgs/local/lib/python3.10/dist-packages:${PYTHONPATH} /usr/bin/python3 setup.py egg_info --egg-base ../../build/rob599hw_2 build --build-base /home/ubuntu/ros2_ws/build/rob599hw_2/build install --record /home/ubuntu/ros2_ws/build/rob599hw_2/install.log --single-version-externally-managed
