[0.059s] Invoking command in '/home/ubuntu/ros2_ws/build/rob599_msgs': CMAKE_PREFIX_PATH=${CMAKE_PREFIX_PATH}:/home/ubuntu/ros2_ws/src/install/rob599hw_2:/opt/ros/humble /usr/bin/cmake /home/ubuntu/ros2_ws/src/rob599_msgs -DCMAKE_INSTALL_PREFIX=/home/ubuntu/ros2_ws/install/rob599_msgs
[0.092s] -- The C compiler identification is GNU 11.4.0
[0.123s] -- The CXX compiler identification is GNU 11.4.0
[0.128s] -- Detecting C compiler ABI info
[0.178s] -- Detecting C compiler ABI info - done
[0.182s] -- Check for working C compiler: /usr/bin/cc - skipped
[0.182s] -- Detecting C compile features
[0.183s] -- Detecting C compile features - done
[0.184s] -- Detecting CXX compiler ABI info
[0.227s] -- Detecting CXX compiler ABI info - done
[0.233s] -- Check for working CXX compiler: /usr/bin/c++ - skipped
[0.234s] -- Detecting CXX compile features
[0.234s] -- Detecting CXX compile features - done
[0.236s] -- Found ament_cmake: 1.3.7 (/opt/ros/humble/share/ament_cmake/cmake)
[0.341s] -- Found Python3: /usr/bin/python3.10 (found version "3.10.12") found components: Interpreter 
[0.390s] -- Found rosidl_default_generators: 1.2.0 (/opt/ros/humble/share/rosidl_default_generators/cmake)
[0.391s] -- Using all available rosidl_typesupport_c: rosidl_typesupport_fastrtps_c;rosidl_typesupport_introspection_c
[0.395s] -- Found rosidl_adapter: 3.1.5 (/opt/ros/humble/share/rosidl_adapter/cmake)
[0.420s] -- Using all available rosidl_typesupport_cpp: rosidl_typesupport_fastrtps_cpp;rosidl_typesupport_introspection_cpp
[0.587s] -- Found ament_cmake_ros: 0.10.0 (/opt/ros/humble/share/ament_cmake_ros/cmake)
[0.693s] -- Using all available rosidl_typesupport_c: rosidl_typesupport_fastrtps_c;rosidl_typesupport_introspection_c
[0.845s] -- Using all available rosidl_typesupport_cpp: rosidl_typesupport_fastrtps_cpp;rosidl_typesupport_introspection_cpp
[0.861s] -- Found PythonInterp: /usr/bin/python3 (found suitable version "3.10.12", minimum required is "3.6") 
[0.862s] -- Found python_cmake_module: 0.10.0 (/opt/ros/humble/share/python_cmake_module/cmake)
[0.889s] -- Found PythonLibs: /usr/lib/x86_64-linux-gnu/libpython3.10.so (found suitable version "3.10.12", minimum required is "3.5") 
[0.889s] -- Using PYTHON_EXECUTABLE: /usr/bin/python3
[0.889s] -- Using PYTHON_INCLUDE_DIRS: /usr/include/python3.10
[0.889s] -- Using PYTHON_LIBRARIES: /usr/lib/x86_64-linux-gnu/libpython3.10.so
[0.903s] -- Found PythonExtra: .so  
[0.927s] -- Found ament_lint_auto: 0.12.10 (/opt/ros/humble/share/ament_lint_auto/cmake)
[0.939s] -- Added test 'lint_cmake' to check CMake code style
[0.939s] -- Added test 'xmllint' to check XML markup files
[0.940s] -- Configuring done
[0.954s] -- Generating done
[0.956s] -- Build files have been written to: /home/ubuntu/ros2_ws/build/rob599_msgs
[0.960s] Invoked command in '/home/ubuntu/ros2_ws/build/rob599_msgs' returned '0': CMAKE_PREFIX_PATH=${CMAKE_PREFIX_PATH}:/home/ubuntu/ros2_ws/src/install/rob599hw_2:/opt/ros/humble /usr/bin/cmake /home/ubuntu/ros2_ws/src/rob599_msgs -DCMAKE_INSTALL_PREFIX=/home/ubuntu/ros2_ws/install/rob599_msgs
[0.960s] Invoking command in '/home/ubuntu/ros2_ws/build/rob599_msgs': CMAKE_PREFIX_PATH=${CMAKE_PREFIX_PATH}:/home/ubuntu/ros2_ws/src/install/rob599hw_2:/opt/ros/humble /usr/bin/cmake --build /home/ubuntu/ros2_ws/build/rob599_msgs -- -j16 -l16
[1.000s] [  3%] [34m[1mGenerating C code for ROS interfaces[0m
[1.008s] [  6%] [34m[1mGenerating C++ code for ROS interfaces[0m
[1.013s] [  6%] Built target ament_cmake_python_copy_rob599_msgs
[1.156s] [  6%] Built target rob599_msgs__cpp
[1.156s] [  9%] [32mBuilding C object CMakeFiles/rob599_msgs__rosidl_generator_c.dir/rosidl_generator_c/rob599_msgs/srv/detail/brakes__functions.c.o[0m
[1.156s] running egg_info
[1.157s] creating rob599_msgs.egg-info
[1.157s] writing rob599_msgs.egg-info/PKG-INFO
[1.157s] writing dependency_links to rob599_msgs.egg-info/dependency_links.txt
[1.157s] writing top-level names to rob599_msgs.egg-info/top_level.txt
[1.157s] writing manifest file 'rob599_msgs.egg-info/SOURCES.txt'
[1.158s] reading manifest file 'rob599_msgs.egg-info/SOURCES.txt'
[1.158s] writing manifest file 'rob599_msgs.egg-info/SOURCES.txt'
[1.162s] [ 16%] [34m[1mGenerating C++ type support for eProsima Fast-RTPS[0m
[1.162s] [ 16%] [34m[1mGenerating C++ type support dispatch for ROS interfaces[0m
[1.165s] [ 19%] [34m[1mGenerating C++ introspection for ROS interfaces[0m
[1.177s] [ 19%] Built target ament_cmake_python_build_rob599_msgs_egg
[1.188s] [ 22%] [32m[1mLinking C shared library librob599_msgs__rosidl_generator_c.so[0m
[1.209s] [ 22%] Built target rob599_msgs__rosidl_generator_c
[1.215s] [ 25%] [34m[1mGenerating C type support for eProsima Fast-RTPS[0m
[1.217s] [ 32%] [34m[1mGenerating C introspection for ROS interfaces[0m
[1.217s] [ 32%] [34m[1mGenerating C type support dispatch for ROS interfaces[0m
[1.320s] [ 35%] [32mBuilding CXX object CMakeFiles/rob599_msgs__rosidl_typesupport_cpp.dir/rosidl_typesupport_cpp/rob599_msgs/srv/brakes__type_support.cpp.o[0m
[1.327s] [ 38%] [32mBuilding CXX object CMakeFiles/rob599_msgs__rosidl_typesupport_introspection_cpp.dir/rosidl_typesupport_introspection_cpp/rob599_msgs/srv/detail/brakes__type_support.cpp.o[0m
[1.331s] [ 41%] [32mBuilding CXX object CMakeFiles/rob599_msgs__rosidl_typesupport_fastrtps_cpp.dir/rosidl_typesupport_fastrtps_cpp/rob599_msgs/srv/detail/dds_fastrtps/brakes__type_support.cpp.o[0m
[1.387s] [ 45%] [32mBuilding CXX object CMakeFiles/rob599_msgs__rosidl_typesupport_fastrtps_c.dir/rosidl_typesupport_fastrtps_c/rob599_msgs/srv/detail/brakes__type_support_c.cpp.o[0m
[1.440s] [ 48%] [32mBuilding C object CMakeFiles/rob599_msgs__rosidl_typesupport_introspection_c.dir/rosidl_typesupport_introspection_c/rob599_msgs/srv/detail/brakes__type_support.c.o[0m
[1.457s] [ 51%] [32m[1mLinking CXX shared library librob599_msgs__rosidl_typesupport_cpp.so[0m
[1.458s] [ 54%] [32mBuilding CXX object CMakeFiles/rob599_msgs__rosidl_typesupport_c.dir/rosidl_typesupport_c/rob599_msgs/srv/brakes__type_support.cpp.o[0m
[1.460s] [ 58%] [32m[1mLinking C shared library librob599_msgs__rosidl_typesupport_introspection_c.so[0m
[1.477s] [ 58%] Built target rob599_msgs__rosidl_typesupport_introspection_c
[1.482s] [ 61%] [32m[1mLinking CXX shared library librob599_msgs__rosidl_typesupport_c.so[0m
[1.483s] [ 61%] Built target rob599_msgs__rosidl_typesupport_cpp
[1.506s] [ 61%] Built target rob599_msgs__rosidl_typesupport_c
[1.522s] [ 64%] [32m[1mLinking CXX shared library librob599_msgs__rosidl_typesupport_introspection_cpp.so[0m
[1.541s] [ 67%] [32m[1mLinking CXX shared library librob599_msgs__rosidl_typesupport_fastrtps_cpp.so[0m
[1.545s] [ 67%] Built target rob599_msgs__rosidl_typesupport_introspection_cpp
[1.582s] [ 67%] Built target rob599_msgs__rosidl_typesupport_fastrtps_cpp
[1.600s] [ 70%] [32m[1mLinking CXX shared library librob599_msgs__rosidl_typesupport_fastrtps_c.so[0m
[1.642s] [ 70%] Built target rob599_msgs__rosidl_typesupport_fastrtps_c
[1.660s] [ 70%] Built target rob599_msgs
[1.686s] [ 74%] [34m[1mGenerating Python code for ROS interfaces[0m
[1.868s] [ 74%] Built target rob599_msgs__py
[1.880s] [ 77%] [32mBuilding C object CMakeFiles/rob599_msgs__rosidl_generator_py.dir/rosidl_generator_py/rob599_msgs/srv/_brakes_s.c.o[0m
[1.929s] [ 80%] [32m[1mLinking C shared library rosidl_generator_py/rob599_msgs/librob599_msgs__rosidl_generator_py.so[0m
[1.959s] [ 80%] Built target rob599_msgs__rosidl_generator_py
[1.979s] [ 90%] [32mBuilding C object CMakeFiles/rob599_msgs__rosidl_typesupport_fastrtps_c__pyext.dir/rosidl_generator_py/rob599_msgs/_rob599_msgs_s.ep.rosidl_typesupport_fastrtps_c.c.o[0m
[1.979s] [ 90%] [32mBuilding C object CMakeFiles/rob599_msgs__rosidl_typesupport_introspection_c__pyext.dir/rosidl_generator_py/rob599_msgs/_rob599_msgs_s.ep.rosidl_typesupport_introspection_c.c.o[0m
[1.979s] [ 90%] [32mBuilding C object CMakeFiles/rob599_msgs__rosidl_typesupport_c__pyext.dir/rosidl_generator_py/rob599_msgs/_rob599_msgs_s.ep.rosidl_typesupport_c.c.o[0m
[2.029s] [ 96%] [32m[1mLinking C shared library rosidl_generator_py/rob599_msgs/rob599_msgs_s__rosidl_typesupport_c.cpython-310-x86_64-linux-gnu.so[0m
[2.029s] [ 96%] [32m[1mLinking C shared library rosidl_generator_py/rob599_msgs/rob599_msgs_s__rosidl_typesupport_introspection_c.cpython-310-x86_64-linux-gnu.so[0m
[2.029s] [100%] [32m[1mLinking C shared library rosidl_generator_py/rob599_msgs/rob599_msgs_s__rosidl_typesupport_fastrtps_c.cpython-310-x86_64-linux-gnu.so[0m
[2.049s] [100%] Built target rob599_msgs__rosidl_typesupport_fastrtps_c__pyext
[2.049s] [100%] Built target rob599_msgs__rosidl_typesupport_c__pyext
[2.049s] [100%] Built target rob599_msgs__rosidl_typesupport_introspection_c__pyext
[2.056s] Invoked command in '/home/ubuntu/ros2_ws/build/rob599_msgs' returned '0': CMAKE_PREFIX_PATH=${CMAKE_PREFIX_PATH}:/home/ubuntu/ros2_ws/src/install/rob599hw_2:/opt/ros/humble /usr/bin/cmake --build /home/ubuntu/ros2_ws/build/rob599_msgs -- -j16 -l16
[2.084s] Invoking command in '/home/ubuntu/ros2_ws/build/rob599_msgs': CMAKE_PREFIX_PATH=${CMAKE_PREFIX_PATH}:/home/ubuntu/ros2_ws/src/install/rob599hw_2:/opt/ros/humble /usr/bin/cmake --install /home/ubuntu/ros2_ws/build/rob599_msgs
[2.088s] -- Install configuration: ""
[2.088s] -- Installing: /home/ubuntu/ros2_ws/install/rob599_msgs/share/ament_index/resource_index/rosidl_interfaces/rob599_msgs
[2.088s] -- Installing: /home/ubuntu/ros2_ws/install/rob599_msgs/include/rob599_msgs/rob599_msgs
[2.088s] -- Installing: /home/ubuntu/ros2_ws/install/rob599_msgs/include/rob599_msgs/rob599_msgs/msg
[2.088s] -- Installing: /home/ubuntu/ros2_ws/install/rob599_msgs/include/rob599_msgs/rob599_msgs/msg/rosidl_generator_c__visibility_control.h
[2.088s] -- Installing: /home/ubuntu/ros2_ws/install/rob599_msgs/include/rob599_msgs/rob599_msgs/srv
[2.088s] -- Installing: /home/ubuntu/ros2_ws/install/rob599_msgs/include/rob599_msgs/rob599_msgs/srv/brakes.h
[2.088s] -- Installing: /home/ubuntu/ros2_ws/install/rob599_msgs/include/rob599_msgs/rob599_msgs/srv/detail
[2.088s] -- Installing: /home/ubuntu/ros2_ws/install/rob599_msgs/include/rob599_msgs/rob599_msgs/srv/detail/brakes__functions.h
[2.088s] -- Installing: /home/ubuntu/ros2_ws/install/rob599_msgs/include/rob599_msgs/rob599_msgs/srv/detail/brakes__type_support.h
[2.088s] -- Installing: /home/ubuntu/ros2_ws/install/rob599_msgs/include/rob599_msgs/rob599_msgs/srv/detail/brakes__functions.c
[2.088s] -- Installing: /home/ubuntu/ros2_ws/install/rob599_msgs/include/rob599_msgs/rob599_msgs/srv/detail/brakes__struct.h
[2.089s] -- Installing: /home/ubuntu/ros2_ws/install/rob599_msgs/share/rob599_msgs/environment/library_path.sh
[2.089s] -- Installing: /home/ubuntu/ros2_ws/install/rob599_msgs/share/rob599_msgs/environment/library_path.dsv
[2.089s] -- Installing: /home/ubuntu/ros2_ws/install/rob599_msgs/lib/librob599_msgs__rosidl_generator_c.so
[2.089s] -- Set runtime path of "/home/ubuntu/ros2_ws/install/rob599_msgs/lib/librob599_msgs__rosidl_generator_c.so" to ""
[2.089s] -- Up-to-date: /home/ubuntu/ros2_ws/install/rob599_msgs/include/rob599_msgs/rob599_msgs
[2.089s] -- Up-to-date: /home/ubuntu/ros2_ws/install/rob599_msgs/include/rob599_msgs/rob599_msgs/msg
[2.089s] -- Installing: /home/ubuntu/ros2_ws/install/rob599_msgs/include/rob599_msgs/rob599_msgs/msg/rosidl_typesupport_fastrtps_c__visibility_control.h
[2.089s] -- Up-to-date: /home/ubuntu/ros2_ws/install/rob599_msgs/include/rob599_msgs/rob599_msgs/srv
[2.089s] -- Up-to-date: /home/ubuntu/ros2_ws/install/rob599_msgs/include/rob599_msgs/rob599_msgs/srv/detail
[2.089s] -- Installing: /home/ubuntu/ros2_ws/install/rob599_msgs/include/rob599_msgs/rob599_msgs/srv/detail/brakes__rosidl_typesupport_fastrtps_c.h
[2.089s] -- Installing: /home/ubuntu/ros2_ws/install/rob599_msgs/lib/librob599_msgs__rosidl_typesupport_fastrtps_c.so
[2.089s] -- Set runtime path of "/home/ubuntu/ros2_ws/install/rob599_msgs/lib/librob599_msgs__rosidl_typesupport_fastrtps_c.so" to ""
[2.089s] -- Up-to-date: /home/ubuntu/ros2_ws/install/rob599_msgs/include/rob599_msgs/rob599_msgs
[2.089s] -- Up-to-date: /home/ubuntu/ros2_ws/install/rob599_msgs/include/rob599_msgs/rob599_msgs/msg
[2.090s] -- Installing: /home/ubuntu/ros2_ws/install/rob599_msgs/include/rob599_msgs/rob599_msgs/msg/rosidl_typesupport_introspection_c__visibility_control.h
[2.090s] -- Up-to-date: /home/ubuntu/ros2_ws/install/rob599_msgs/include/rob599_msgs/rob599_msgs/srv
[2.090s] -- Up-to-date: /home/ubuntu/ros2_ws/install/rob599_msgs/include/rob599_msgs/rob599_msgs/srv/detail
[2.090s] -- Installing: /home/ubuntu/ros2_ws/install/rob599_msgs/include/rob599_msgs/rob599_msgs/srv/detail/brakes__rosidl_typesupport_introspection_c.h
[2.090s] -- Installing: /home/ubuntu/ros2_ws/install/rob599_msgs/include/rob599_msgs/rob599_msgs/srv/detail/brakes__type_support.c
[2.090s] -- Installing: /home/ubuntu/ros2_ws/install/rob599_msgs/lib/librob599_msgs__rosidl_typesupport_introspection_c.so
[2.090s] -- Set runtime path of "/home/ubuntu/ros2_ws/install/rob599_msgs/lib/librob599_msgs__rosidl_typesupport_introspection_c.so" to ""
[2.090s] -- Installing: /home/ubuntu/ros2_ws/install/rob599_msgs/lib/librob599_msgs__rosidl_typesupport_c.so
[2.090s] -- Set runtime path of "/home/ubuntu/ros2_ws/install/rob599_msgs/lib/librob599_msgs__rosidl_typesupport_c.so" to ""
[2.090s] -- Up-to-date: /home/ubuntu/ros2_ws/install/rob599_msgs/include/rob599_msgs/rob599_msgs
[2.090s] -- Up-to-date: /home/ubuntu/ros2_ws/install/rob599_msgs/include/rob599_msgs/rob599_msgs/srv
[2.090s] -- Installing: /home/ubuntu/ros2_ws/install/rob599_msgs/include/rob599_msgs/rob599_msgs/srv/brakes.hpp
[2.090s] -- Up-to-date: /home/ubuntu/ros2_ws/install/rob599_msgs/include/rob599_msgs/rob599_msgs/srv/detail
[2.090s] -- Installing: /home/ubuntu/ros2_ws/install/rob599_msgs/include/rob599_msgs/rob599_msgs/srv/detail/brakes__struct.hpp
[2.091s] -- Installing: /home/ubuntu/ros2_ws/install/rob599_msgs/include/rob599_msgs/rob599_msgs/srv/detail/brakes__builder.hpp
[2.091s] -- Installing: /home/ubuntu/ros2_ws/install/rob599_msgs/include/rob599_msgs/rob599_msgs/srv/detail/brakes__traits.hpp
[2.091s] -- Up-to-date: /home/ubuntu/ros2_ws/install/rob599_msgs/include/rob599_msgs/rob599_msgs
[2.091s] -- Up-to-date: /home/ubuntu/ros2_ws/install/rob599_msgs/include/rob599_msgs/rob599_msgs/msg
[2.091s] -- Installing: /home/ubuntu/ros2_ws/install/rob599_msgs/include/rob599_msgs/rob599_msgs/msg/rosidl_typesupport_fastrtps_cpp__visibility_control.h
[2.091s] -- Up-to-date: /home/ubuntu/ros2_ws/install/rob599_msgs/include/rob599_msgs/rob599_msgs/srv
[2.091s] -- Up-to-date: /home/ubuntu/ros2_ws/install/rob599_msgs/include/rob599_msgs/rob599_msgs/srv/detail
[2.091s] -- Installing: /home/ubuntu/ros2_ws/install/rob599_msgs/include/rob599_msgs/rob599_msgs/srv/detail/dds_fastrtps
[2.091s] -- Installing: /home/ubuntu/ros2_ws/install/rob599_msgs/include/rob599_msgs/rob599_msgs/srv/detail/brakes__rosidl_typesupport_fastrtps_cpp.hpp
[2.091s] -- Installing: /home/ubuntu/ros2_ws/install/rob599_msgs/lib/librob599_msgs__rosidl_typesupport_fastrtps_cpp.so
[2.091s] -- Set runtime path of "/home/ubuntu/ros2_ws/install/rob599_msgs/lib/librob599_msgs__rosidl_typesupport_fastrtps_cpp.so" to ""
[2.092s] -- Up-to-date: /home/ubuntu/ros2_ws/install/rob599_msgs/include/rob599_msgs/rob599_msgs
[2.092s] -- Up-to-date: /home/ubuntu/ros2_ws/install/rob599_msgs/include/rob599_msgs/rob599_msgs/srv
[2.092s] -- Up-to-date: /home/ubuntu/ros2_ws/install/rob599_msgs/include/rob599_msgs/rob599_msgs/srv/detail
[2.092s] -- Installing: /home/ubuntu/ros2_ws/install/rob599_msgs/include/rob599_msgs/rob599_msgs/srv/detail/brakes__type_support.cpp
[2.092s] -- Installing: /home/ubuntu/ros2_ws/install/rob599_msgs/include/rob599_msgs/rob599_msgs/srv/detail/brakes__rosidl_typesupport_introspection_cpp.hpp
[2.092s] -- Installing: /home/ubuntu/ros2_ws/install/rob599_msgs/lib/librob599_msgs__rosidl_typesupport_introspection_cpp.so
[2.092s] -- Set runtime path of "/home/ubuntu/ros2_ws/install/rob599_msgs/lib/librob599_msgs__rosidl_typesupport_introspection_cpp.so" to ""
[2.092s] -- Installing: /home/ubuntu/ros2_ws/install/rob599_msgs/lib/librob599_msgs__rosidl_typesupport_cpp.so
[2.092s] -- Set runtime path of "/home/ubuntu/ros2_ws/install/rob599_msgs/lib/librob599_msgs__rosidl_typesupport_cpp.so" to ""
[2.092s] -- Installing: /home/ubuntu/ros2_ws/install/rob599_msgs/share/rob599_msgs/environment/pythonpath.sh
[2.092s] -- Installing: /home/ubuntu/ros2_ws/install/rob599_msgs/share/rob599_msgs/environment/pythonpath.dsv
[2.092s] -- Installing: /home/ubuntu/ros2_ws/install/rob599_msgs/local/lib/python3.10/dist-packages/rob599_msgs-0.0.0-py3.10.egg-info
[2.092s] -- Installing: /home/ubuntu/ros2_ws/install/rob599_msgs/local/lib/python3.10/dist-packages/rob599_msgs-0.0.0-py3.10.egg-info/SOURCES.txt
[2.092s] -- Installing: /home/ubuntu/ros2_ws/install/rob599_msgs/local/lib/python3.10/dist-packages/rob599_msgs-0.0.0-py3.10.egg-info/top_level.txt
[2.092s] -- Installing: /home/ubuntu/ros2_ws/install/rob599_msgs/local/lib/python3.10/dist-packages/rob599_msgs-0.0.0-py3.10.egg-info/dependency_links.txt
[2.092s] -- Installing: /home/ubuntu/ros2_ws/install/rob599_msgs/local/lib/python3.10/dist-packages/rob599_msgs-0.0.0-py3.10.egg-info/PKG-INFO
[2.092s] -- Installing: /home/ubuntu/ros2_ws/install/rob599_msgs/local/lib/python3.10/dist-packages/rob599_msgs
[2.092s] -- Installing: /home/ubuntu/ros2_ws/install/rob599_msgs/local/lib/python3.10/dist-packages/rob599_msgs/rob599_msgs_s__rosidl_typesupport_fastrtps_c.cpython-310-x86_64-linux-gnu.so
[2.092s] -- Installing: /home/ubuntu/ros2_ws/install/rob599_msgs/local/lib/python3.10/dist-packages/rob599_msgs/__init__.py
[2.092s] -- Installing: /home/ubuntu/ros2_ws/install/rob599_msgs/local/lib/python3.10/dist-packages/rob599_msgs/_rob599_msgs_s.ep.rosidl_typesupport_c.c
[2.093s] -- Installing: /home/ubuntu/ros2_ws/install/rob599_msgs/local/lib/python3.10/dist-packages/rob599_msgs/rob599_msgs_s__rosidl_typesupport_c.cpython-310-x86_64-linux-gnu.so
[2.093s] -- Installing: /home/ubuntu/ros2_ws/install/rob599_msgs/local/lib/python3.10/dist-packages/rob599_msgs/srv
[2.093s] -- Installing: /home/ubuntu/ros2_ws/install/rob599_msgs/local/lib/python3.10/dist-packages/rob599_msgs/srv/_brakes_s.c
[2.093s] -- Installing: /home/ubuntu/ros2_ws/install/rob599_msgs/local/lib/python3.10/dist-packages/rob599_msgs/srv/__init__.py
[2.093s] -- Installing: /home/ubuntu/ros2_ws/install/rob599_msgs/local/lib/python3.10/dist-packages/rob599_msgs/srv/_brakes.py
[2.093s] -- Installing: /home/ubuntu/ros2_ws/install/rob599_msgs/local/lib/python3.10/dist-packages/rob599_msgs/rob599_msgs_s__rosidl_typesupport_introspection_c.cpython-310-x86_64-linux-gnu.so
[2.093s] -- Installing: /home/ubuntu/ros2_ws/install/rob599_msgs/local/lib/python3.10/dist-packages/rob599_msgs/_rob599_msgs_s.ep.rosidl_typesupport_fastrtps_c.c
[2.093s] -- Installing: /home/ubuntu/ros2_ws/install/rob599_msgs/local/lib/python3.10/dist-packages/rob599_msgs/_rob599_msgs_s.ep.rosidl_typesupport_introspection_c.c
[2.093s] -- Installing: /home/ubuntu/ros2_ws/install/rob599_msgs/local/lib/python3.10/dist-packages/rob599_msgs/librob599_msgs__rosidl_generator_py.so
[2.111s] Listing '/home/ubuntu/ros2_ws/install/rob599_msgs/local/lib/python3.10/dist-packages/rob599_msgs'...
[2.111s] Compiling '/home/ubuntu/ros2_ws/install/rob599_msgs/local/lib/python3.10/dist-packages/rob599_msgs/__init__.py'...
[2.111s] Listing '/home/ubuntu/ros2_ws/install/rob599_msgs/local/lib/python3.10/dist-packages/rob599_msgs/srv'...
[2.111s] Compiling '/home/ubuntu/ros2_ws/install/rob599_msgs/local/lib/python3.10/dist-packages/rob599_msgs/srv/__init__.py'...
[2.111s] Compiling '/home/ubuntu/ros2_ws/install/rob599_msgs/local/lib/python3.10/dist-packages/rob599_msgs/srv/_brakes.py'...
[2.114s] -- Installing: /home/ubuntu/ros2_ws/install/rob599_msgs/local/lib/python3.10/dist-packages/rob599_msgs/rob599_msgs_s__rosidl_typesupport_fastrtps_c.cpython-310-x86_64-linux-gnu.so
[2.114s] -- Set runtime path of "/home/ubuntu/ros2_ws/install/rob599_msgs/local/lib/python3.10/dist-packages/rob599_msgs/rob599_msgs_s__rosidl_typesupport_fastrtps_c.cpython-310-x86_64-linux-gnu.so" to ""
[2.114s] -- Installing: /home/ubuntu/ros2_ws/install/rob599_msgs/local/lib/python3.10/dist-packages/rob599_msgs/rob599_msgs_s__rosidl_typesupport_introspection_c.cpython-310-x86_64-linux-gnu.so
[2.114s] -- Set runtime path of "/home/ubuntu/ros2_ws/install/rob599_msgs/local/lib/python3.10/dist-packages/rob599_msgs/rob599_msgs_s__rosidl_typesupport_introspection_c.cpython-310-x86_64-linux-gnu.so" to ""
[2.114s] -- Installing: /home/ubuntu/ros2_ws/install/rob599_msgs/local/lib/python3.10/dist-packages/rob599_msgs/rob599_msgs_s__rosidl_typesupport_c.cpython-310-x86_64-linux-gnu.so
[2.114s] -- Set runtime path of "/home/ubuntu/ros2_ws/install/rob599_msgs/local/lib/python3.10/dist-packages/rob599_msgs/rob599_msgs_s__rosidl_typesupport_c.cpython-310-x86_64-linux-gnu.so" to ""
[2.114s] -- Installing: /home/ubuntu/ros2_ws/install/rob599_msgs/lib/librob599_msgs__rosidl_generator_py.so
[2.114s] -- Set runtime path of "/home/ubuntu/ros2_ws/install/rob599_msgs/lib/librob599_msgs__rosidl_generator_py.so" to ""
[2.114s] -- Installing: /home/ubuntu/ros2_ws/install/rob599_msgs/share/rob599_msgs/srv/Brakes.idl
[2.114s] -- Installing: /home/ubuntu/ros2_ws/install/rob599_msgs/share/rob599_msgs/srv/Brakes.srv
[2.114s] -- Installing: /home/ubuntu/ros2_ws/install/rob599_msgs/share/rob599_msgs/srv/Brakes_Request.msg
[2.114s] -- Installing: /home/ubuntu/ros2_ws/install/rob599_msgs/share/rob599_msgs/srv/Brakes_Response.msg
[2.114s] -- Installing: /home/ubuntu/ros2_ws/install/rob599_msgs/share/ament_index/resource_index/package_run_dependencies/rob599_msgs
[2.114s] -- Installing: /home/ubuntu/ros2_ws/install/rob599_msgs/share/ament_index/resource_index/parent_prefix_path/rob599_msgs
[2.115s] -- Installing: /home/ubuntu/ros2_ws/install/rob599_msgs/share/rob599_msgs/environment/ament_prefix_path.sh
[2.115s] -- Installing: /home/ubuntu/ros2_ws/install/rob599_msgs/share/rob599_msgs/environment/ament_prefix_path.dsv
[2.115s] -- Installing: /home/ubuntu/ros2_ws/install/rob599_msgs/share/rob599_msgs/environment/path.sh
[2.115s] -- Installing: /home/ubuntu/ros2_ws/install/rob599_msgs/share/rob599_msgs/environment/path.dsv
[2.115s] -- Installing: /home/ubuntu/ros2_ws/install/rob599_msgs/share/rob599_msgs/local_setup.bash
[2.115s] -- Installing: /home/ubuntu/ros2_ws/install/rob599_msgs/share/rob599_msgs/local_setup.sh
[2.115s] -- Installing: /home/ubuntu/ros2_ws/install/rob599_msgs/share/rob599_msgs/local_setup.zsh
[2.115s] -- Installing: /home/ubuntu/ros2_ws/install/rob599_msgs/share/rob599_msgs/local_setup.dsv
[2.115s] -- Installing: /home/ubuntu/ros2_ws/install/rob599_msgs/share/rob599_msgs/package.dsv
[2.115s] -- Installing: /home/ubuntu/ros2_ws/install/rob599_msgs/share/ament_index/resource_index/packages/rob599_msgs
[2.115s] -- Installing: /home/ubuntu/ros2_ws/install/rob599_msgs/share/rob599_msgs/cmake/export_rob599_msgs__rosidl_generator_cExport.cmake
[2.115s] -- Installing: /home/ubuntu/ros2_ws/install/rob599_msgs/share/rob599_msgs/cmake/export_rob599_msgs__rosidl_generator_cExport-noconfig.cmake
[2.115s] -- Installing: /home/ubuntu/ros2_ws/install/rob599_msgs/share/rob599_msgs/cmake/export_rob599_msgs__rosidl_typesupport_fastrtps_cExport.cmake
[2.115s] -- Installing: /home/ubuntu/ros2_ws/install/rob599_msgs/share/rob599_msgs/cmake/export_rob599_msgs__rosidl_typesupport_fastrtps_cExport-noconfig.cmake
[2.115s] -- Installing: /home/ubuntu/ros2_ws/install/rob599_msgs/share/rob599_msgs/cmake/rob599_msgs__rosidl_typesupport_introspection_cExport.cmake
[2.115s] -- Installing: /home/ubuntu/ros2_ws/install/rob599_msgs/share/rob599_msgs/cmake/rob599_msgs__rosidl_typesupport_introspection_cExport-noconfig.cmake
[2.115s] -- Installing: /home/ubuntu/ros2_ws/install/rob599_msgs/share/rob599_msgs/cmake/rob599_msgs__rosidl_typesupport_cExport.cmake
[2.115s] -- Installing: /home/ubuntu/ros2_ws/install/rob599_msgs/share/rob599_msgs/cmake/rob599_msgs__rosidl_typesupport_cExport-noconfig.cmake
[2.116s] -- Installing: /home/ubuntu/ros2_ws/install/rob599_msgs/share/rob599_msgs/cmake/export_rob599_msgs__rosidl_generator_cppExport.cmake
[2.116s] -- Installing: /home/ubuntu/ros2_ws/install/rob599_msgs/share/rob599_msgs/cmake/export_rob599_msgs__rosidl_typesupport_fastrtps_cppExport.cmake
[2.116s] -- Installing: /home/ubuntu/ros2_ws/install/rob599_msgs/share/rob599_msgs/cmake/export_rob599_msgs__rosidl_typesupport_fastrtps_cppExport-noconfig.cmake
[2.116s] -- Installing: /home/ubuntu/ros2_ws/install/rob599_msgs/share/rob599_msgs/cmake/rob599_msgs__rosidl_typesupport_introspection_cppExport.cmake
[2.116s] -- Installing: /home/ubuntu/ros2_ws/install/rob599_msgs/share/rob599_msgs/cmake/rob599_msgs__rosidl_typesupport_introspection_cppExport-noconfig.cmake
[2.116s] -- Installing: /home/ubuntu/ros2_ws/install/rob599_msgs/share/rob599_msgs/cmake/rob599_msgs__rosidl_typesupport_cppExport.cmake
[2.116s] -- Installing: /home/ubuntu/ros2_ws/install/rob599_msgs/share/rob599_msgs/cmake/rob599_msgs__rosidl_typesupport_cppExport-noconfig.cmake
[2.116s] -- Installing: /home/ubuntu/ros2_ws/install/rob599_msgs/share/rob599_msgs/cmake/export_rob599_msgs__rosidl_generator_pyExport.cmake
[2.116s] -- Installing: /home/ubuntu/ros2_ws/install/rob599_msgs/share/rob599_msgs/cmake/export_rob599_msgs__rosidl_generator_pyExport-noconfig.cmake
[2.116s] -- Installing: /home/ubuntu/ros2_ws/install/rob599_msgs/share/rob599_msgs/cmake/rosidl_cmake-extras.cmake
[2.116s] -- Installing: /home/ubuntu/ros2_ws/install/rob599_msgs/share/rob599_msgs/cmake/ament_cmake_export_include_directories-extras.cmake
[2.116s] -- Installing: /home/ubuntu/ros2_ws/install/rob599_msgs/share/rob599_msgs/cmake/ament_cmake_export_libraries-extras.cmake
[2.116s] -- Installing: /home/ubuntu/ros2_ws/install/rob599_msgs/share/rob599_msgs/cmake/ament_cmake_export_targets-extras.cmake
[2.116s] -- Installing: /home/ubuntu/ros2_ws/install/rob599_msgs/share/rob599_msgs/cmake/rosidl_cmake_export_typesupport_targets-extras.cmake
[2.116s] -- Installing: /home/ubuntu/ros2_ws/install/rob599_msgs/share/rob599_msgs/cmake/ament_cmake_export_dependencies-extras.cmake
[2.116s] -- Installing: /home/ubuntu/ros2_ws/install/rob599_msgs/share/rob599_msgs/cmake/rosidl_cmake_export_typesupport_libraries-extras.cmake
[2.116s] -- Installing: /home/ubuntu/ros2_ws/install/rob599_msgs/share/rob599_msgs/cmake/rob599_msgsConfig.cmake
[2.116s] -- Installing: /home/ubuntu/ros2_ws/install/rob599_msgs/share/rob599_msgs/cmake/rob599_msgsConfig-version.cmake
[2.117s] -- Installing: /home/ubuntu/ros2_ws/install/rob599_msgs/share/rob599_msgs/package.xml
[2.118s] Invoked command in '/home/ubuntu/ros2_ws/build/rob599_msgs' returned '0': CMAKE_PREFIX_PATH=${CMAKE_PREFIX_PATH}:/home/ubuntu/ros2_ws/src/install/rob599hw_2:/opt/ros/humble /usr/bin/cmake --install /home/ubuntu/ros2_ws/build/rob599_msgs
