[0.413s] Invoking command in '/home/ubuntu/ros2_ws/src/rob599hw_2': PYTHONPATH=/home/ubuntu/ros2_ws/src/build/rob599hw_2/prefix_override:/home/ubuntu/ros2_ws/src/install/rob599hw_2/lib/python3.10/site-packages:${PYTHONPATH} /usr/bin/python3 setup.py egg_info --egg-base ../build/rob599hw_2 build --build-base /home/ubuntu/ros2_ws/src/build/rob599hw_2/build install --record /home/ubuntu/ros2_ws/src/build/rob599hw_2/install.log --single-version-externally-managed
[0.544s] running egg_info
[0.545s] writing ../build/rob599hw_2/rob599hw_2.egg-info/PKG-INFO
[0.545s] writing dependency_links to ../build/rob599hw_2/rob599hw_2.egg-info/dependency_links.txt
[0.545s] writing entry points to ../build/rob599hw_2/rob599hw_2.egg-info/entry_points.txt
[0.545s] writing requirements to ../build/rob599hw_2/rob599hw_2.egg-info/requires.txt
[0.545s] writing top-level names to ../build/rob599hw_2/rob599hw_2.egg-info/top_level.txt
[0.548s] reading manifest file '../build/rob599hw_2/rob599hw_2.egg-info/SOURCES.txt'
[0.548s] adding license file 'LICENSE'
[0.548s] writing manifest file '../build/rob599hw_2/rob599hw_2.egg-info/SOURCES.txt'
[0.548s] running build
[0.548s] running build_py
[0.549s] running install
[0.550s] /usr/lib/python3/dist-packages/setuptools/command/install.py:34: SetuptoolsDeprecationWarning: setup.py install is deprecated. Use build and pip and other standards-based tools.
[0.550s]   warnings.warn(
[0.550s] running install_lib
[0.551s] running install_data
[0.551s] creating /home/ubuntu/ros2_ws/src/install/rob599hw_2/share/rob599hw_2/launch
[0.551s] running install_egg_info
[0.551s] removing '/home/ubuntu/ros2_ws/src/install/rob599hw_2/lib/python3.10/site-packages/rob599hw_2-0.0.0-py3.10.egg-info' (and everything under it)
[0.551s] Copying ../build/rob599hw_2/rob599hw_2.egg-info to /home/ubuntu/ros2_ws/src/install/rob599hw_2/lib/python3.10/site-packages/rob599hw_2-0.0.0-py3.10.egg-info
[0.551s] running install_scripts
[0.562s] Installing speed_checker script to /home/ubuntu/ros2_ws/src/install/rob599hw_2/lib/rob599hw_2
[0.562s] Installing speed_limiter script to /home/ubuntu/ros2_ws/src/install/rob599hw_2/lib/rob599hw_2
[0.562s] Installing twist_publisher script to /home/ubuntu/ros2_ws/src/install/rob599hw_2/lib/rob599hw_2
[0.562s] writing list of installed files to '/home/ubuntu/ros2_ws/src/build/rob599hw_2/install.log'
[0.594s] Invoked command in '/home/ubuntu/ros2_ws/src/rob599hw_2' returned '0': PYTHONPATH=/home/ubuntu/ros2_ws/src/build/rob599hw_2/prefix_override:/home/ubuntu/ros2_ws/src/install/rob599hw_2/lib/python3.10/site-packages:${PYTHONPATH} /usr/bin/python3 setup.py egg_info --egg-base ../build/rob599hw_2 build --build-base /home/ubuntu/ros2_ws/src/build/rob599hw_2/build install --record /home/ubuntu/ros2_ws/src/build/rob599hw_2/install.log --single-version-externally-managed
