[0.385s] Invoking command in '/home/ubuntu/ros2_ws/src/rob599hw_2': PYTHONPATH=/home/ubuntu/ros2_ws/build/rob599hw_2/prefix_override:/home/ubuntu/ros2_ws/install/rob599hw_2/lib/python3.10/site-packages:${PYTHONPATH} /usr/bin/python3 setup.py egg_info --egg-base ../../build/rob599hw_2 build --build-base /home/ubuntu/ros2_ws/build/rob599hw_2/build install --record /home/ubuntu/ros2_ws/build/rob599hw_2/install.log --single-version-externally-managed
[0.506s] running egg_info
[0.506s] writing ../../build/rob599hw_2/rob599hw_2.egg-info/PKG-INFO
[0.506s] writing dependency_links to ../../build/rob599hw_2/rob599hw_2.egg-info/dependency_links.txt
[0.506s] writing entry points to ../../build/rob599hw_2/rob599hw_2.egg-info/entry_points.txt
[0.506s] writing requirements to ../../build/rob599hw_2/rob599hw_2.egg-info/requires.txt
[0.506s] writing top-level names to ../../build/rob599hw_2/rob599hw_2.egg-info/top_level.txt
[0.507s] reading manifest file '../../build/rob599hw_2/rob599hw_2.egg-info/SOURCES.txt'
[0.507s] adding license file 'LICENSE'
[0.508s] writing manifest file '../../build/rob599hw_2/rob599hw_2.egg-info/SOURCES.txt'
[0.508s] running build
[0.508s] running build_py
[0.508s] copying rob599hw_2/check_twist.py -> /home/ubuntu/ros2_ws/build/rob599hw_2/build/lib/rob599hw_2
[0.508s] running install
[0.508s] /usr/lib/python3/dist-packages/setuptools/command/install.py:34: SetuptoolsDeprecationWarning: setup.py install is deprecated. Use build and pip and other standards-based tools.
[0.508s]   warnings.warn(
[0.508s] running install_lib
[0.509s] copying /home/ubuntu/ros2_ws/build/rob599hw_2/build/lib/rob599hw_2/check_twist.py -> /home/ubuntu/ros2_ws/install/rob599hw_2/lib/python3.10/site-packages/rob599hw_2
[0.509s] byte-compiling /home/ubuntu/ros2_ws/install/rob599hw_2/lib/python3.10/site-packages/rob599hw_2/check_twist.py to check_twist.cpython-310.pyc
[0.509s] running install_data
[0.510s] running install_egg_info
[0.511s] removing '/home/ubuntu/ros2_ws/install/rob599hw_2/lib/python3.10/site-packages/rob599hw_2-0.0.0-py3.10.egg-info' (and everything under it)
[0.511s] Copying ../../build/rob599hw_2/rob599hw_2.egg-info to /home/ubuntu/ros2_ws/install/rob599hw_2/lib/python3.10/site-packages/rob599hw_2-0.0.0-py3.10.egg-info
[0.511s] running install_scripts
[0.522s] writing list of installed files to '/home/ubuntu/ros2_ws/build/rob599hw_2/install.log'
[0.537s] Invoked command in '/home/ubuntu/ros2_ws/src/rob599hw_2' returned '0': PYTHONPATH=/home/ubuntu/ros2_ws/build/rob599hw_2/prefix_override:/home/ubuntu/ros2_ws/install/rob599hw_2/lib/python3.10/site-packages:${PYTHONPATH} /usr/bin/python3 setup.py egg_info --egg-base ../../build/rob599hw_2 build --build-base /home/ubuntu/ros2_ws/build/rob599hw_2/build install --record /home/ubuntu/ros2_ws/build/rob599hw_2/install.log --single-version-externally-managed
