[0.628s] Invoking command in '/home/ubuntu/ros2_ws/src/rob599hw_2': PYTHONPATH=/home/ubuntu/ros2_ws/src/build/rob599hw_2/prefix_override:/home/ubuntu/ros2_ws/src/install/rob599hw_2/lib/python3.10/site-packages:${PYTHONPATH} /usr/bin/python3 setup.py egg_info --egg-base ../build/rob599hw_2 build --build-base /home/ubuntu/ros2_ws/src/build/rob599hw_2/build install --record /home/ubuntu/ros2_ws/src/build/rob599hw_2/install.log --single-version-externally-managed
[0.751s] running egg_info
[0.751s] writing ../build/rob599hw_2/rob599hw_2.egg-info/PKG-INFO
[0.751s] writing dependency_links to ../build/rob599hw_2/rob599hw_2.egg-info/dependency_links.txt
[0.752s] writing entry points to ../build/rob599hw_2/rob599hw_2.egg-info/entry_points.txt
[0.752s] writing requirements to ../build/rob599hw_2/rob599hw_2.egg-info/requires.txt
[0.752s] writing top-level names to ../build/rob599hw_2/rob599hw_2.egg-info/top_level.txt
[0.752s] reading manifest file '../build/rob599hw_2/rob599hw_2.egg-info/SOURCES.txt'
[0.753s] adding license file 'LICENSE'
[0.753s] writing manifest file '../build/rob599hw_2/rob599hw_2.egg-info/SOURCES.txt'
[0.753s] running build
[0.754s] running build_py
[0.754s] copying rob599hw_2/rotation_limiter.py -> /home/ubuntu/ros2_ws/src/build/rob599hw_2/build/lib/rob599hw_2
[0.754s] running install
[0.754s] /usr/lib/python3/dist-packages/setuptools/command/install.py:34: SetuptoolsDeprecationWarning: setup.py install is deprecated. Use build and pip and other standards-based tools.
[0.754s]   warnings.warn(
[0.754s] running install_lib
[0.755s] copying /home/ubuntu/ros2_ws/src/build/rob599hw_2/build/lib/rob599hw_2/rotation_limiter.py -> /home/ubuntu/ros2_ws/src/install/rob599hw_2/lib/python3.10/site-packages/rob599hw_2
[0.755s] byte-compiling /home/ubuntu/ros2_ws/src/install/rob599hw_2/lib/python3.10/site-packages/rob599hw_2/rotation_limiter.py to rotation_limiter.cpython-310.pyc
[0.756s] running install_data
[0.756s] running install_egg_info
[0.757s] removing '/home/ubuntu/ros2_ws/src/install/rob599hw_2/lib/python3.10/site-packages/rob599hw_2-0.0.0-py3.10.egg-info' (and everything under it)
[0.757s] Copying ../build/rob599hw_2/rob599hw_2.egg-info to /home/ubuntu/ros2_ws/src/install/rob599hw_2/lib/python3.10/site-packages/rob599hw_2-0.0.0-py3.10.egg-info
[0.758s] running install_scripts
[0.770s] Installing check_twist script to /home/ubuntu/ros2_ws/src/install/rob599hw_2/lib/rob599hw_2
[0.770s] Installing rotation_limiter script to /home/ubuntu/ros2_ws/src/install/rob599hw_2/lib/rob599hw_2
[0.770s] Installing twist_generator script to /home/ubuntu/ros2_ws/src/install/rob599hw_2/lib/rob599hw_2
[0.770s] writing list of installed files to '/home/ubuntu/ros2_ws/src/build/rob599hw_2/install.log'
[0.805s] Invoked command in '/home/ubuntu/ros2_ws/src/rob599hw_2' returned '0': PYTHONPATH=/home/ubuntu/ros2_ws/src/build/rob599hw_2/prefix_override:/home/ubuntu/ros2_ws/src/install/rob599hw_2/lib/python3.10/site-packages:${PYTHONPATH} /usr/bin/python3 setup.py egg_info --egg-base ../build/rob599hw_2 build --build-base /home/ubuntu/ros2_ws/src/build/rob599hw_2/build install --record /home/ubuntu/ros2_ws/src/build/rob599hw_2/install.log --single-version-externally-managed
