[0.075s] Invoking command in '/home/ubuntu/ros2_ws/build/turtlebot3_gazebo': CMAKE_PREFIX_PATH=/opt/ros/humble /usr/bin/cmake /home/ubuntu/ros2_ws/src/turtlebot3_simulations/turtlebot3_gazebo -DAMENT_CMAKE_SYMLINK_INSTALL=1 -DCMAKE_INSTALL_PREFIX=/home/ubuntu/ros2_ws/install/turtlebot3_gazebo
[0.245s] -- Found ament_cmake: 1.3.7 (/opt/ros/humble/share/ament_cmake/cmake)
[0.245s] -- Override CMake install command with custom implementation using symlinks instead of copying resources
[0.245s] -- Found PkgConfig: /usr/bin/pkg-config (found version "0.29.2") 
[0.245s] -- Checking for module 'bullet>=2.82'
[0.245s] --   Found bullet, version 3.05
[0.245s] -- Found fcl: /usr/include (found suitable version "0.7.0", minimum required is "0.5.0") 
[0.245s] [33mCMake Warning (dev) at /usr/share/cmake-3.22/Modules/FindPackageHandleStandardArgs.cmake:438 (message):
[0.245s]   The package name passed to `find_package_handle_standard_args` (PkgConfig)
[0.245s]   does not match the name of the calling package (gazebo).  This can lead to
[0.245s]   problems in calling code that expects `find_package` result variables
[0.245s]   (e.g., `_FOUND`) to follow a certain pattern.
[0.245s] Call Stack (most recent call first):
[0.245s]   /usr/share/cmake-3.22/Modules/FindPkgConfig.cmake:99 (find_package_handle_standard_args)
[0.245s]   /usr/lib/x86_64-linux-gnu/cmake/gazebo/gazebo-config.cmake:72 (include)
[0.245s]   CMakeLists.txt:23 (find_package)
[0.245s] This warning is for project developers.  Use -Wno-dev to suppress it.
[0.245s] [0m
[0.264s] -- Found assimp: /usr/include (found version "5.2.0") 
[0.307s] -- Found DART: /usr/include (Required is at least version "6.6") found components: dart 
[0.421s] -- Found Boost: /usr/lib/x86_64-linux-gnu/cmake/Boost-1.74.0/BoostConfig.cmake (found suitable version "1.74.0", minimum required is "1.40.0") found components: thread system filesystem program_options regex iostreams date_time 
[0.435s] -- Found Protobuf: /usr/lib/x86_64-linux-gnu/libprotobuf.so (found version "3.12.4") 
[0.440s] -- Looking for ignition-math6 -- found version 6.15.1
[0.467s] -- Searching for dependencies of ignition-math6
[0.469s] -- Looking for OGRE...
[0.469s] -- OGRE_PREFIX_WATCH changed.
[0.472s] -- Checking for module 'OGRE'
[0.477s] --   Found OGRE, version 1.9.0
[0.491s] -- Found Ogre Ghadamon (1.9.0)
[0.499s] -- Found OGRE: optimized;/usr/lib/x86_64-linux-gnu/libOgreMain.so;debug;/usr/lib/x86_64-linux-gnu/libOgreMain.so
[0.505s] -- Looking for OGRE_Paging...
[0.507s] -- Found OGRE_Paging: optimized;/usr/lib/x86_64-linux-gnu/libOgrePaging.so;debug;/usr/lib/x86_64-linux-gnu/libOgrePaging.so
[0.507s] -- Looking for OGRE_Terrain...
[0.509s] -- Found OGRE_Terrain: optimized;/usr/lib/x86_64-linux-gnu/libOgreTerrain.so;debug;/usr/lib/x86_64-linux-gnu/libOgreTerrain.so
[0.509s] -- Looking for OGRE_Property...
[0.511s] -- Found OGRE_Property: optimized;/usr/lib/x86_64-linux-gnu/libOgreProperty.so;debug;/usr/lib/x86_64-linux-gnu/libOgreProperty.so
[0.512s] -- Looking for OGRE_RTShaderSystem...
[0.514s] -- Found OGRE_RTShaderSystem: optimized;/usr/lib/x86_64-linux-gnu/libOgreRTShaderSystem.so;debug;/usr/lib/x86_64-linux-gnu/libOgreRTShaderSystem.so
[0.514s] -- Looking for OGRE_Volume...
[0.516s] -- Found OGRE_Volume: optimized;/usr/lib/x86_64-linux-gnu/libOgreVolume.so;debug;/usr/lib/x86_64-linux-gnu/libOgreVolume.so
[0.516s] -- Looking for OGRE_Overlay...
[0.518s] -- Found OGRE_Overlay: optimized;/usr/lib/x86_64-linux-gnu/libOgreOverlay.so;debug;/usr/lib/x86_64-linux-gnu/libOgreOverlay.so
[0.574s] -- Looking for ignition-math6 -- found version 6.15.1
[0.575s] -- Looking for ignition-transport8 -- found version 8.2.1
[0.575s] -- Searching for dependencies of ignition-transport8
[0.592s] -- Found Protobuf: /usr/lib/x86_64-linux-gnu/libprotobuf.so (found suitable version "3.12.4", minimum required is "3") 
[0.604s] -- Config-file not installed for ZeroMQ -- checking for pkg-config
[0.607s] -- Checking for module 'libzmq >= 4'
[0.613s] --   Found libzmq , version 4.3.4
[0.628s] -- Found ZeroMQ: TRUE (Required is at least version "4") 
[0.633s] -- Checking for module 'uuid'
[0.639s] --   Found uuid, version 2.37.2
[0.652s] -- Found UUID: TRUE  
[0.654s] -- Looking for ignition-msgs5 -- found version 5.8.1
[0.654s] -- Searching for dependencies of ignition-msgs5
[0.670s] -- Looking for ignition-math6 -- found version 6.15.1
[0.674s] -- Checking for module 'tinyxml2'
[0.682s] --   Found tinyxml2, version 9.0.0
[0.701s] -- Looking for ignition-msgs5 -- found version 5.8.1
[0.702s] -- Looking for ignition-common3 -- found version 3.14.0
[0.702s] -- Searching for dependencies of ignition-common3
[0.704s] -- Looking for dlfcn.h - found
[0.704s] -- Looking for libdl - found
[0.705s] -- Found DL: TRUE  
[0.712s] -- Found tinyobjloader: /usr/lib/x86_64-linux-gnu/cmake/tinyobjloader/tinyobjloader-config.cmake (found version "2.0.0") 
[0.712s] -- Searching for <ignition-common3> component [graphics]
[0.713s] -- Looking for ignition-common3-graphics -- found version 3.14.0
[0.713s] -- Searching for dependencies of ignition-common3-graphics
[0.713s] -- Looking for ignition-math6 -- found version 6.15.1
[0.715s] -- Looking for ignition-fuel_tools4 -- found version 4.4.0
[0.715s] -- Searching for dependencies of ignition-fuel_tools4
[0.761s] -- Found CURL: /usr/lib/x86_64-linux-gnu/libcurl.so (found version "7.81.0")  
[0.769s] -- Checking for module 'jsoncpp'
[0.776s] --   Found jsoncpp, version 1.9.5
[0.790s] -- Found JSONCPP: TRUE  
[0.794s] -- Checking for module 'libzip'
[0.799s] --   Found libzip, version 1.7.3
[0.813s] -- Found ZIP: TRUE  
[0.813s] -- Looking for ignition-common3 -- found version 3.14.0
[0.813s] -- Looking for ignition-math6 -- found version 6.15.1
[0.814s] -- Looking for ignition-msgs5 -- found version 5.8.1
[0.818s] -- Found gazebo_ros_pkgs: 3.7.0 (/opt/ros/humble/share/gazebo_ros_pkgs/cmake)
[0.818s] -- Found geometry_msgs: 4.2.3 (/opt/ros/humble/share/geometry_msgs/cmake)
[0.834s] -- Found rosidl_generator_c: 3.1.5 (/opt/ros/humble/share/rosidl_generator_c/cmake)
[0.837s] -- Found rosidl_adapter: 3.1.5 (/opt/ros/humble/share/rosidl_adapter/cmake)
[0.841s] -- Found rosidl_generator_cpp: 3.1.5 (/opt/ros/humble/share/rosidl_generator_cpp/cmake)
[0.848s] -- Using all available rosidl_typesupport_c: rosidl_typesupport_fastrtps_c;rosidl_typesupport_introspection_c
[0.858s] -- Using all available rosidl_typesupport_cpp: rosidl_typesupport_fastrtps_cpp;rosidl_typesupport_introspection_cpp
[0.919s] -- Found nav_msgs: 4.2.3 (/opt/ros/humble/share/nav_msgs/cmake)
[0.963s] -- Found rclcpp: 16.0.8 (/opt/ros/humble/share/rclcpp/cmake)
[0.993s] -- Found rmw_implementation_cmake: 6.1.1 (/opt/ros/humble/share/rmw_implementation_cmake/cmake)
[0.994s] -- Found rmw_fastrtps_cpp: 6.2.6 (/opt/ros/humble/share/rmw_fastrtps_cpp/cmake)
[1.049s] -- Found OpenSSL: /usr/lib/x86_64-linux-gnu/libcrypto.so (found version "3.0.2")  
[1.069s] -- Found FastRTPS: /opt/ros/humble/include  
[1.108s] -- Using RMW implementation 'rmw_fastrtps_cpp' as default
[1.114s] -- Found Threads: TRUE  
[1.180s] -- Found sensor_msgs: 4.2.3 (/opt/ros/humble/share/sensor_msgs/cmake)
[1.224s] -- Found tf2: 0.25.5 (/opt/ros/humble/share/tf2/cmake)
[1.273s] -- Configuring done
[1.308s] -- Generating done
[1.309s] -- Build files have been written to: /home/ubuntu/ros2_ws/build/turtlebot3_gazebo
