/home/ubuntu/ros2_ws/install/rob599hw_2/lib/python3.10/site-packages/rob599hw_2/action_client.py
/home/ubuntu/ros2_ws/install/rob599hw_2/lib/python3.10/site-packages/rob599hw_2/check_twist.py
/home/ubuntu/ros2_ws/install/rob599hw_2/lib/python3.10/site-packages/rob599hw_2/rotation_limiter.py
/home/ubuntu/ros2_ws/install/rob599hw_2/lib/python3.10/site-packages/rob599hw_2/__init__.py
/home/ubuntu/ros2_ws/install/rob599hw_2/lib/python3.10/site-packages/rob599hw_2/action_server.py
/home/ubuntu/ros2_ws/install/rob599hw_2/lib/python3.10/site-packages/rob599hw_2/twist_generator.py
/home/ubuntu/ros2_ws/install/rob599hw_2/lib/python3.10/site-packages/rob599hw_2/__pycache__/action_client.cpython-310.pyc
/home/ubuntu/ros2_ws/install/rob599hw_2/lib/python3.10/site-packages/rob599hw_2/__pycache__/check_twist.cpython-310.pyc
/home/ubuntu/ros2_ws/install/rob599hw_2/lib/python3.10/site-packages/rob599hw_2/__pycache__/rotation_limiter.cpython-310.pyc
/home/ubuntu/ros2_ws/install/rob599hw_2/lib/python3.10/site-packages/rob599hw_2/__pycache__/__init__.cpython-310.pyc
/home/ubuntu/ros2_ws/install/rob599hw_2/lib/python3.10/site-packages/rob599hw_2/__pycache__/action_server.cpython-310.pyc
/home/ubuntu/ros2_ws/install/rob599hw_2/lib/python3.10/site-packages/rob599hw_2/__pycache__/twist_generator.cpython-310.pyc
/home/ubuntu/ros2_ws/install/rob599hw_2/share/ament_index/resource_index/packages/rob599hw_2
/home/ubuntu/ros2_ws/install/rob599hw_2/share/rob599hw_2/package.xml
/home/ubuntu/ros2_ws/install/rob599hw_2/share/rob599hw_2/launch/speed_limit_launch.py
/home/ubuntu/ros2_ws/install/rob599hw_2/lib/python3.10/site-packages/rob599hw_2-0.0.0-py3.10.egg-info/entry_points.txt
/home/ubuntu/ros2_ws/install/rob599hw_2/lib/python3.10/site-packages/rob599hw_2-0.0.0-py3.10.egg-info/requires.txt
/home/ubuntu/ros2_ws/install/rob599hw_2/lib/python3.10/site-packages/rob599hw_2-0.0.0-py3.10.egg-info/SOURCES.txt
/home/ubuntu/ros2_ws/install/rob599hw_2/lib/python3.10/site-packages/rob599hw_2-0.0.0-py3.10.egg-info/top_level.txt
/home/ubuntu/ros2_ws/install/rob599hw_2/lib/python3.10/site-packages/rob599hw_2-0.0.0-py3.10.egg-info/dependency_links.txt
/home/ubuntu/ros2_ws/install/rob599hw_2/lib/python3.10/site-packages/rob599hw_2-0.0.0-py3.10.egg-info/zip-safe
/home/ubuntu/ros2_ws/install/rob599hw_2/lib/python3.10/site-packages/rob599hw_2-0.0.0-py3.10.egg-info/PKG-INFO
/home/ubuntu/ros2_ws/install/rob599hw_2/lib/rob599hw_2/action_client
/home/ubuntu/ros2_ws/install/rob599hw_2/lib/rob599hw_2/action_server
/home/ubuntu/ros2_ws/install/rob599hw_2/lib/rob599hw_2/check_twist
/home/ubuntu/ros2_ws/install/rob599hw_2/lib/rob599hw_2/rotation_limiter
/home/ubuntu/ros2_ws/install/rob599hw_2/lib/rob599hw_2/twist_generator
