[0.074s] Invoking command in '/home/ubuntu/ros2_ws/build/turtlebot3_gazebo': CMAKE_PREFIX_PATH=/opt/ros/humble /usr/bin/cmake /home/ubuntu/ros2_ws/src/turtlebot3_simulations/turtlebot3_gazebo -DAMENT_CMAKE_SYMLINK_INSTALL=1 -DCMAKE_INSTALL_PREFIX=/home/ubuntu/ros2_ws/install/turtlebot3_gazebo
[0.406s] -- The C compiler identification is GNU 11.4.0
[0.745s] -- The CXX compiler identification is GNU 11.4.0
[0.752s] -- Detecting C compiler ABI info
[0.803s] -- Detecting C compiler ABI info - done
[0.810s] -- Check for working C compiler: /usr/bin/cc - skipped
[0.810s] -- Detecting C compile features
[0.813s] -- Detecting C compile features - done
[0.815s] -- Detecting CXX compiler ABI info
[0.867s] -- Detecting CXX compiler ABI info - done
[0.874s] -- Check for working CXX compiler: /usr/bin/c++ - skipped
[0.874s] -- Detecting CXX compile features
[0.874s] -- Detecting CXX compile features - done
[0.879s] -- Found ament_cmake: 1.3.7 (/opt/ros/humble/share/ament_cmake/cmake)
[0.987s] -- Found Python3: /usr/bin/python3.10 (found version "3.10.12") found components: Interpreter 
[1.024s] -- Override CMake install command with custom implementation using symlinks instead of copying resources
[1.053s] [31mCMake Error at CMakeLists.txt:23 (find_package):
[1.053s]   By not providing "Findgazebo.cmake" in CMAKE_MODULE_PATH this project has
[1.053s]   asked CMake to find a package configuration file provided by "gazebo", but
[1.054s]   CMake did not find one.
[1.054s] 
[1.054s]   Could not find a package configuration file provided by "gazebo" with any
[1.054s]   of the following names:
[1.054s] 
[1.054s]     gazeboConfig.cmake
[1.054s]     gazebo-config.cmake
[1.054s] 
[1.054s]   Add the installation prefix of "gazebo" to CMAKE_PREFIX_PATH or set
[1.054s]   "gazebo_DIR" to a directory containing one of the above files.  If "gazebo"
[1.054s]   provides a separate development package or SDK, be sure it has been
[1.054s]   installed.
[1.054s] 
[1.054s] [0m
[1.054s] -- Configuring incomplete, errors occurred!
[1.054s] See also "/home/ubuntu/ros2_ws/build/turtlebot3_gazebo/CMakeFiles/CMakeOutput.log".
[1.056s] Invoked command in '/home/ubuntu/ros2_ws/build/turtlebot3_gazebo' returned '1': CMAKE_PREFIX_PATH=/opt/ros/humble /usr/bin/cmake /home/ubuntu/ros2_ws/src/turtlebot3_simulations/turtlebot3_gazebo -DAMENT_CMAKE_SYMLINK_INSTALL=1 -DCMAKE_INSTALL_PREFIX=/home/ubuntu/ros2_ws/install/turtlebot3_gazebo
